[2025-11-24T03:08:47.484+0000] {local_task_job_runner.py:123} INFO - ::group::Pre task execution logs
[2025-11-24T03:08:47.605+0000] {taskinstance.py:2612} INFO - Dependencies all met for dep_context=non-requeueable deps ti=<TaskInstance: stock_elt_dbt.wait_for_etl scheduled__2025-11-23T02:45:00+00:00 [queued]>
[2025-11-24T03:08:47.633+0000] {taskinstance.py:2612} INFO - Dependencies all met for dep_context=requeueable deps ti=<TaskInstance: stock_elt_dbt.wait_for_etl scheduled__2025-11-23T02:45:00+00:00 [queued]>
[2025-11-24T03:08:47.635+0000] {taskinstance.py:2865} INFO - Starting attempt 1 of 2
[2025-11-24T03:08:47.705+0000] {taskinstance.py:2888} INFO - Executing <Task(ExternalTaskSensor): wait_for_etl> on 2025-11-23 02:45:00+00:00
[2025-11-24T03:08:47.742+0000] {logging_mixin.py:190} WARNING - /home/***/.local/lib/python3.12/site-packages/***/task/task_runner/standard_task_runner.py:70 DeprecationWarning: This process (pid=6041) is multi-threaded, use of fork() may lead to deadlocks in the child.
[2025-11-24T03:08:47.740+0000] {standard_task_runner.py:104} INFO - Running: ['***', 'tasks', 'run', 'stock_elt_dbt', 'wait_for_etl', 'scheduled__2025-11-23T02:45:00+00:00', '--job-id', '35', '--raw', '--subdir', 'DAGS_FOLDER/stock_elt_dbt.py', '--cfg-path', '/tmp/tmp3dj0lgyr']
[2025-11-24T03:08:47.755+0000] {standard_task_runner.py:105} INFO - Job 35: Subtask wait_for_etl
[2025-11-24T03:08:47.754+0000] {standard_task_runner.py:72} INFO - Started process 6044 to run task
[2025-11-24T03:08:47.971+0000] {task_command.py:467} INFO - Running <TaskInstance: stock_elt_dbt.wait_for_etl scheduled__2025-11-23T02:45:00+00:00 [running]> on host dc467a0567ff
[2025-11-24T03:08:48.789+0000] {taskinstance.py:3131} INFO - Exporting env vars: AIRFLOW_CTX_DAG_OWNER='lab2' AIRFLOW_CTX_DAG_ID='stock_elt_dbt' AIRFLOW_CTX_TASK_ID='wait_for_etl' AIRFLOW_CTX_EXECUTION_DATE='2025-11-23T02:45:00+00:00' AIRFLOW_CTX_TRY_NUMBER='1' AIRFLOW_CTX_DAG_RUN_ID='scheduled__2025-11-23T02:45:00+00:00'
[2025-11-24T03:08:48.794+0000] {taskinstance.py:731} INFO - ::endgroup::
[2025-11-24T03:08:49.040+0000] {baseoperator.py:405} WARNING - ExternalTaskSensor.execute cannot be called outside TaskInstance!
[2025-11-24T03:08:49.099+0000] {external_task.py:258} INFO - Poking for tasks ['end'] in dag stock_etl_yfinance on 2025-11-23T02:45:00+00:00 ... 
[2025-11-24T03:08:49.111+0000] {logging_mixin.py:190} WARNING - /home/***/.local/lib/python3.12/site-packages/***/utils/session.py:97 DeprecationWarning: This method is deprecated and will be removed in future.
[2025-11-24T03:08:49.224+0000] {taskinstance.py:309} INFO - Rescheduling task, marking task as UP_FOR_RESCHEDULE
[2025-11-24T03:08:49.225+0000] {taskinstance.py:340} INFO - ::group::Post task execution logs
[2025-11-24T03:08:49.271+0000] {local_task_job_runner.py:266} INFO - Task exited with return code 0
[2025-11-24T03:08:49.376+0000] {taskinstance.py:3900} INFO - 0 downstream tasks scheduled from follow-on schedule check
[2025-11-24T03:08:49.379+0000] {local_task_job_runner.py:245} INFO - ::endgroup::
[2025-11-24T03:09:49.917+0000] {local_task_job_runner.py:123} INFO - ::group::Pre task execution logs
[2025-11-24T03:09:49.950+0000] {taskinstance.py:2612} INFO - Dependencies all met for dep_context=non-requeueable deps ti=<TaskInstance: stock_elt_dbt.wait_for_etl scheduled__2025-11-23T02:45:00+00:00 [queued]>
[2025-11-24T03:09:49.967+0000] {taskinstance.py:2612} INFO - Dependencies all met for dep_context=requeueable deps ti=<TaskInstance: stock_elt_dbt.wait_for_etl scheduled__2025-11-23T02:45:00+00:00 [queued]>
[2025-11-24T03:09:49.968+0000] {taskinstance.py:2865} INFO - Starting attempt 1 of 2
[2025-11-24T03:09:49.995+0000] {taskinstance.py:2888} INFO - Executing <Task(ExternalTaskSensor): wait_for_etl> on 2025-11-23 02:45:00+00:00
[2025-11-24T03:09:50.014+0000] {logging_mixin.py:190} WARNING - /home/***/.local/lib/python3.12/site-packages/***/task/task_runner/standard_task_runner.py:70 DeprecationWarning: This process (pid=6125) is multi-threaded, use of fork() may lead to deadlocks in the child.
[2025-11-24T03:09:50.011+0000] {standard_task_runner.py:104} INFO - Running: ['***', 'tasks', 'run', 'stock_elt_dbt', 'wait_for_etl', 'scheduled__2025-11-23T02:45:00+00:00', '--job-id', '36', '--raw', '--subdir', 'DAGS_FOLDER/stock_elt_dbt.py', '--cfg-path', '/tmp/tmpdusr4la2']
[2025-11-24T03:09:50.016+0000] {standard_task_runner.py:72} INFO - Started process 6126 to run task
[2025-11-24T03:09:50.016+0000] {standard_task_runner.py:105} INFO - Job 36: Subtask wait_for_etl
[2025-11-24T03:09:50.138+0000] {task_command.py:467} INFO - Running <TaskInstance: stock_elt_dbt.wait_for_etl scheduled__2025-11-23T02:45:00+00:00 [running]> on host dc467a0567ff
[2025-11-24T03:09:50.305+0000] {taskinstance.py:3131} INFO - Exporting env vars: AIRFLOW_CTX_DAG_OWNER='lab2' AIRFLOW_CTX_DAG_ID='stock_elt_dbt' AIRFLOW_CTX_TASK_ID='wait_for_etl' AIRFLOW_CTX_EXECUTION_DATE='2025-11-23T02:45:00+00:00' AIRFLOW_CTX_TRY_NUMBER='1' AIRFLOW_CTX_DAG_RUN_ID='scheduled__2025-11-23T02:45:00+00:00'
[2025-11-24T03:09:50.307+0000] {taskinstance.py:731} INFO - ::endgroup::
[2025-11-24T03:09:50.336+0000] {baseoperator.py:405} WARNING - ExternalTaskSensor.execute cannot be called outside TaskInstance!
[2025-11-24T03:09:50.351+0000] {external_task.py:258} INFO - Poking for tasks ['end'] in dag stock_etl_yfinance on 2025-11-23T02:45:00+00:00 ... 
[2025-11-24T03:09:50.355+0000] {logging_mixin.py:190} WARNING - /home/***/.local/lib/python3.12/site-packages/***/utils/session.py:97 DeprecationWarning: This method is deprecated and will be removed in future.
[2025-11-24T03:09:50.404+0000] {taskinstance.py:309} INFO - Rescheduling task, marking task as UP_FOR_RESCHEDULE
[2025-11-24T03:09:50.406+0000] {taskinstance.py:340} INFO - ::group::Post task execution logs
[2025-11-24T03:09:50.456+0000] {local_task_job_runner.py:266} INFO - Task exited with return code 0
[2025-11-24T03:09:50.512+0000] {taskinstance.py:3900} INFO - 0 downstream tasks scheduled from follow-on schedule check
[2025-11-24T03:09:50.516+0000] {local_task_job_runner.py:245} INFO - ::endgroup::
[2025-11-24T03:10:52.812+0000] {local_task_job_runner.py:123} INFO - ::group::Pre task execution logs
[2025-11-24T03:10:52.890+0000] {taskinstance.py:2612} INFO - Dependencies all met for dep_context=non-requeueable deps ti=<TaskInstance: stock_elt_dbt.wait_for_etl scheduled__2025-11-23T02:45:00+00:00 [queued]>
[2025-11-24T03:10:53.259+0000] {taskinstance.py:2612} INFO - Dependencies all met for dep_context=requeueable deps ti=<TaskInstance: stock_elt_dbt.wait_for_etl scheduled__2025-11-23T02:45:00+00:00 [queued]>
[2025-11-24T03:10:53.274+0000] {taskinstance.py:2865} INFO - Starting attempt 1 of 2
[2025-11-24T03:10:53.475+0000] {taskinstance.py:2888} INFO - Executing <Task(ExternalTaskSensor): wait_for_etl> on 2025-11-23 02:45:00+00:00
[2025-11-24T03:10:53.532+0000] {logging_mixin.py:190} WARNING - /home/***/.local/lib/python3.12/site-packages/***/task/task_runner/standard_task_runner.py:70 DeprecationWarning: This process (pid=6208) is multi-threaded, use of fork() may lead to deadlocks in the child.
[2025-11-24T03:10:53.536+0000] {standard_task_runner.py:72} INFO - Started process 6209 to run task
[2025-11-24T03:10:53.523+0000] {standard_task_runner.py:104} INFO - Running: ['***', 'tasks', 'run', 'stock_elt_dbt', 'wait_for_etl', 'scheduled__2025-11-23T02:45:00+00:00', '--job-id', '37', '--raw', '--subdir', 'DAGS_FOLDER/stock_elt_dbt.py', '--cfg-path', '/tmp/tmpcs2ctspc']
[2025-11-24T03:10:53.622+0000] {standard_task_runner.py:105} INFO - Job 37: Subtask wait_for_etl
[2025-11-24T03:10:53.796+0000] {task_command.py:467} INFO - Running <TaskInstance: stock_elt_dbt.wait_for_etl scheduled__2025-11-23T02:45:00+00:00 [running]> on host dc467a0567ff
[2025-11-24T03:10:54.208+0000] {taskinstance.py:3131} INFO - Exporting env vars: AIRFLOW_CTX_DAG_OWNER='lab2' AIRFLOW_CTX_DAG_ID='stock_elt_dbt' AIRFLOW_CTX_TASK_ID='wait_for_etl' AIRFLOW_CTX_EXECUTION_DATE='2025-11-23T02:45:00+00:00' AIRFLOW_CTX_TRY_NUMBER='1' AIRFLOW_CTX_DAG_RUN_ID='scheduled__2025-11-23T02:45:00+00:00'
[2025-11-24T03:10:54.210+0000] {taskinstance.py:731} INFO - ::endgroup::
[2025-11-24T03:10:54.273+0000] {baseoperator.py:405} WARNING - ExternalTaskSensor.execute cannot be called outside TaskInstance!
[2025-11-24T03:10:54.321+0000] {external_task.py:258} INFO - Poking for tasks ['end'] in dag stock_etl_yfinance on 2025-11-23T02:45:00+00:00 ... 
[2025-11-24T03:10:54.325+0000] {logging_mixin.py:190} WARNING - /home/***/.local/lib/python3.12/site-packages/***/utils/session.py:97 DeprecationWarning: This method is deprecated and will be removed in future.
[2025-11-24T03:10:54.423+0000] {taskinstance.py:309} INFO - Rescheduling task, marking task as UP_FOR_RESCHEDULE
[2025-11-24T03:10:54.425+0000] {taskinstance.py:340} INFO - ::group::Post task execution logs
[2025-11-24T03:10:54.475+0000] {local_task_job_runner.py:266} INFO - Task exited with return code 0
[2025-11-24T03:10:54.562+0000] {taskinstance.py:3900} INFO - 0 downstream tasks scheduled from follow-on schedule check
[2025-11-24T03:10:54.566+0000] {local_task_job_runner.py:245} INFO - ::endgroup::
[2025-11-24T03:11:54.994+0000] {local_task_job_runner.py:123} INFO - ::group::Pre task execution logs
[2025-11-24T03:11:55.033+0000] {taskinstance.py:2612} INFO - Dependencies all met for dep_context=non-requeueable deps ti=<TaskInstance: stock_elt_dbt.wait_for_etl scheduled__2025-11-23T02:45:00+00:00 [queued]>
[2025-11-24T03:11:55.059+0000] {taskinstance.py:2612} INFO - Dependencies all met for dep_context=requeueable deps ti=<TaskInstance: stock_elt_dbt.wait_for_etl scheduled__2025-11-23T02:45:00+00:00 [queued]>
[2025-11-24T03:11:55.060+0000] {taskinstance.py:2865} INFO - Starting attempt 1 of 2
[2025-11-24T03:11:55.104+0000] {taskinstance.py:2888} INFO - Executing <Task(ExternalTaskSensor): wait_for_etl> on 2025-11-23 02:45:00+00:00
[2025-11-24T03:11:55.127+0000] {logging_mixin.py:190} WARNING - /home/***/.local/lib/python3.12/site-packages/***/task/task_runner/standard_task_runner.py:70 DeprecationWarning: This process (pid=6290) is multi-threaded, use of fork() may lead to deadlocks in the child.
[2025-11-24T03:11:55.122+0000] {standard_task_runner.py:104} INFO - Running: ['***', 'tasks', 'run', 'stock_elt_dbt', 'wait_for_etl', 'scheduled__2025-11-23T02:45:00+00:00', '--job-id', '38', '--raw', '--subdir', 'DAGS_FOLDER/stock_elt_dbt.py', '--cfg-path', '/tmp/tmpd14du8s8']
[2025-11-24T03:11:55.130+0000] {standard_task_runner.py:72} INFO - Started process 6291 to run task
[2025-11-24T03:11:55.131+0000] {standard_task_runner.py:105} INFO - Job 38: Subtask wait_for_etl
[2025-11-24T03:11:55.238+0000] {task_command.py:467} INFO - Running <TaskInstance: stock_elt_dbt.wait_for_etl scheduled__2025-11-23T02:45:00+00:00 [running]> on host dc467a0567ff
[2025-11-24T03:11:55.479+0000] {taskinstance.py:3131} INFO - Exporting env vars: AIRFLOW_CTX_DAG_OWNER='lab2' AIRFLOW_CTX_DAG_ID='stock_elt_dbt' AIRFLOW_CTX_TASK_ID='wait_for_etl' AIRFLOW_CTX_EXECUTION_DATE='2025-11-23T02:45:00+00:00' AIRFLOW_CTX_TRY_NUMBER='1' AIRFLOW_CTX_DAG_RUN_ID='scheduled__2025-11-23T02:45:00+00:00'
[2025-11-24T03:11:55.482+0000] {taskinstance.py:731} INFO - ::endgroup::
[2025-11-24T03:11:55.535+0000] {baseoperator.py:405} WARNING - ExternalTaskSensor.execute cannot be called outside TaskInstance!
[2025-11-24T03:11:55.669+0000] {external_task.py:258} INFO - Poking for tasks ['end'] in dag stock_etl_yfinance on 2025-11-23T02:45:00+00:00 ... 
[2025-11-24T03:11:55.676+0000] {logging_mixin.py:190} WARNING - /home/***/.local/lib/python3.12/site-packages/***/utils/session.py:97 DeprecationWarning: This method is deprecated and will be removed in future.
[2025-11-24T03:11:55.753+0000] {taskinstance.py:309} INFO - Rescheduling task, marking task as UP_FOR_RESCHEDULE
[2025-11-24T03:11:55.754+0000] {taskinstance.py:340} INFO - ::group::Post task execution logs
[2025-11-24T03:11:55.789+0000] {local_task_job_runner.py:266} INFO - Task exited with return code 0
[2025-11-24T03:11:55.856+0000] {taskinstance.py:3900} INFO - 0 downstream tasks scheduled from follow-on schedule check
[2025-11-24T03:11:55.860+0000] {local_task_job_runner.py:245} INFO - ::endgroup::
[2025-11-24T03:12:57.150+0000] {local_task_job_runner.py:123} INFO - ::group::Pre task execution logs
[2025-11-24T03:12:57.209+0000] {taskinstance.py:2612} INFO - Dependencies all met for dep_context=non-requeueable deps ti=<TaskInstance: stock_elt_dbt.wait_for_etl scheduled__2025-11-23T02:45:00+00:00 [queued]>
[2025-11-24T03:12:57.238+0000] {taskinstance.py:2612} INFO - Dependencies all met for dep_context=requeueable deps ti=<TaskInstance: stock_elt_dbt.wait_for_etl scheduled__2025-11-23T02:45:00+00:00 [queued]>
[2025-11-24T03:12:57.242+0000] {taskinstance.py:2865} INFO - Starting attempt 1 of 2
[2025-11-24T03:12:57.284+0000] {taskinstance.py:2888} INFO - Executing <Task(ExternalTaskSensor): wait_for_etl> on 2025-11-23 02:45:00+00:00
[2025-11-24T03:12:57.307+0000] {standard_task_runner.py:104} INFO - Running: ['***', 'tasks', 'run', 'stock_elt_dbt', 'wait_for_etl', 'scheduled__2025-11-23T02:45:00+00:00', '--job-id', '39', '--raw', '--subdir', 'DAGS_FOLDER/stock_elt_dbt.py', '--cfg-path', '/tmp/tmpg4b504kk']
[2025-11-24T03:12:57.314+0000] {standard_task_runner.py:105} INFO - Job 39: Subtask wait_for_etl
[2025-11-24T03:12:57.314+0000] {logging_mixin.py:190} WARNING - /home/***/.local/lib/python3.12/site-packages/***/task/task_runner/standard_task_runner.py:70 DeprecationWarning: This process (pid=6377) is multi-threaded, use of fork() may lead to deadlocks in the child.
[2025-11-24T03:12:57.318+0000] {standard_task_runner.py:72} INFO - Started process 6384 to run task
[2025-11-24T03:12:57.398+0000] {task_command.py:467} INFO - Running <TaskInstance: stock_elt_dbt.wait_for_etl scheduled__2025-11-23T02:45:00+00:00 [running]> on host dc467a0567ff
[2025-11-24T03:12:57.563+0000] {taskinstance.py:3131} INFO - Exporting env vars: AIRFLOW_CTX_DAG_OWNER='lab2' AIRFLOW_CTX_DAG_ID='stock_elt_dbt' AIRFLOW_CTX_TASK_ID='wait_for_etl' AIRFLOW_CTX_EXECUTION_DATE='2025-11-23T02:45:00+00:00' AIRFLOW_CTX_TRY_NUMBER='1' AIRFLOW_CTX_DAG_RUN_ID='scheduled__2025-11-23T02:45:00+00:00'
[2025-11-24T03:12:57.564+0000] {taskinstance.py:731} INFO - ::endgroup::
[2025-11-24T03:12:57.593+0000] {baseoperator.py:405} WARNING - ExternalTaskSensor.execute cannot be called outside TaskInstance!
[2025-11-24T03:12:57.608+0000] {external_task.py:258} INFO - Poking for tasks ['end'] in dag stock_etl_yfinance on 2025-11-23T02:45:00+00:00 ... 
[2025-11-24T03:12:57.613+0000] {logging_mixin.py:190} WARNING - /home/***/.local/lib/python3.12/site-packages/***/utils/session.py:97 DeprecationWarning: This method is deprecated and will be removed in future.
[2025-11-24T03:12:57.663+0000] {taskinstance.py:309} INFO - Rescheduling task, marking task as UP_FOR_RESCHEDULE
[2025-11-24T03:12:57.664+0000] {taskinstance.py:340} INFO - ::group::Post task execution logs
[2025-11-24T03:12:57.707+0000] {local_task_job_runner.py:266} INFO - Task exited with return code 0
[2025-11-24T03:12:57.762+0000] {taskinstance.py:3900} INFO - 0 downstream tasks scheduled from follow-on schedule check
[2025-11-24T03:12:57.766+0000] {local_task_job_runner.py:245} INFO - ::endgroup::
[2025-11-24T03:13:59.188+0000] {local_task_job_runner.py:123} INFO - ::group::Pre task execution logs
[2025-11-24T03:13:59.217+0000] {taskinstance.py:2612} INFO - Dependencies all met for dep_context=non-requeueable deps ti=<TaskInstance: stock_elt_dbt.wait_for_etl scheduled__2025-11-23T02:45:00+00:00 [queued]>
[2025-11-24T03:13:59.233+0000] {taskinstance.py:2612} INFO - Dependencies all met for dep_context=requeueable deps ti=<TaskInstance: stock_elt_dbt.wait_for_etl scheduled__2025-11-23T02:45:00+00:00 [queued]>
[2025-11-24T03:13:59.234+0000] {taskinstance.py:2865} INFO - Starting attempt 1 of 2
[2025-11-24T03:13:59.259+0000] {taskinstance.py:2888} INFO - Executing <Task(ExternalTaskSensor): wait_for_etl> on 2025-11-23 02:45:00+00:00
[2025-11-24T03:13:59.270+0000] {standard_task_runner.py:104} INFO - Running: ['***', 'tasks', 'run', 'stock_elt_dbt', 'wait_for_etl', 'scheduled__2025-11-23T02:45:00+00:00', '--job-id', '40', '--raw', '--subdir', 'DAGS_FOLDER/stock_elt_dbt.py', '--cfg-path', '/tmp/tmpiu1fgef5']
[2025-11-24T03:13:59.275+0000] {logging_mixin.py:190} WARNING - /home/***/.local/lib/python3.12/site-packages/***/task/task_runner/standard_task_runner.py:70 DeprecationWarning: This process (pid=6468) is multi-threaded, use of fork() may lead to deadlocks in the child.
[2025-11-24T03:13:59.275+0000] {standard_task_runner.py:105} INFO - Job 40: Subtask wait_for_etl
[2025-11-24T03:13:59.276+0000] {standard_task_runner.py:72} INFO - Started process 6469 to run task
[2025-11-24T03:13:59.365+0000] {task_command.py:467} INFO - Running <TaskInstance: stock_elt_dbt.wait_for_etl scheduled__2025-11-23T02:45:00+00:00 [running]> on host dc467a0567ff
[2025-11-24T03:13:59.565+0000] {taskinstance.py:3131} INFO - Exporting env vars: AIRFLOW_CTX_DAG_OWNER='lab2' AIRFLOW_CTX_DAG_ID='stock_elt_dbt' AIRFLOW_CTX_TASK_ID='wait_for_etl' AIRFLOW_CTX_EXECUTION_DATE='2025-11-23T02:45:00+00:00' AIRFLOW_CTX_TRY_NUMBER='1' AIRFLOW_CTX_DAG_RUN_ID='scheduled__2025-11-23T02:45:00+00:00'
[2025-11-24T03:13:59.566+0000] {taskinstance.py:731} INFO - ::endgroup::
[2025-11-24T03:13:59.596+0000] {baseoperator.py:405} WARNING - ExternalTaskSensor.execute cannot be called outside TaskInstance!
[2025-11-24T03:13:59.612+0000] {external_task.py:258} INFO - Poking for tasks ['end'] in dag stock_etl_yfinance on 2025-11-23T02:45:00+00:00 ... 
[2025-11-24T03:13:59.617+0000] {logging_mixin.py:190} WARNING - /home/***/.local/lib/python3.12/site-packages/***/utils/session.py:97 DeprecationWarning: This method is deprecated and will be removed in future.
[2025-11-24T03:13:59.669+0000] {taskinstance.py:309} INFO - Rescheduling task, marking task as UP_FOR_RESCHEDULE
[2025-11-24T03:13:59.670+0000] {taskinstance.py:340} INFO - ::group::Post task execution logs
[2025-11-24T03:13:59.714+0000] {local_task_job_runner.py:266} INFO - Task exited with return code 0
[2025-11-24T03:13:59.766+0000] {taskinstance.py:3900} INFO - 0 downstream tasks scheduled from follow-on schedule check
[2025-11-24T03:13:59.770+0000] {local_task_job_runner.py:245} INFO - ::endgroup::
[2025-11-24T03:15:00.562+0000] {local_task_job_runner.py:123} INFO - ::group::Pre task execution logs
[2025-11-24T03:15:00.614+0000] {taskinstance.py:2612} INFO - Dependencies all met for dep_context=non-requeueable deps ti=<TaskInstance: stock_elt_dbt.wait_for_etl scheduled__2025-11-23T02:45:00+00:00 [queued]>
[2025-11-24T03:15:00.661+0000] {taskinstance.py:2612} INFO - Dependencies all met for dep_context=requeueable deps ti=<TaskInstance: stock_elt_dbt.wait_for_etl scheduled__2025-11-23T02:45:00+00:00 [queued]>
[2025-11-24T03:15:00.662+0000] {taskinstance.py:2865} INFO - Starting attempt 1 of 2
[2025-11-24T03:15:00.691+0000] {taskinstance.py:2888} INFO - Executing <Task(ExternalTaskSensor): wait_for_etl> on 2025-11-23 02:45:00+00:00
[2025-11-24T03:15:00.710+0000] {logging_mixin.py:190} WARNING - /home/***/.local/lib/python3.12/site-packages/***/task/task_runner/standard_task_runner.py:70 DeprecationWarning: This process (pid=6553) is multi-threaded, use of fork() may lead to deadlocks in the child.
[2025-11-24T03:15:00.706+0000] {standard_task_runner.py:104} INFO - Running: ['***', 'tasks', 'run', 'stock_elt_dbt', 'wait_for_etl', 'scheduled__2025-11-23T02:45:00+00:00', '--job-id', '41', '--raw', '--subdir', 'DAGS_FOLDER/stock_elt_dbt.py', '--cfg-path', '/tmp/tmp4pwqiloz']
[2025-11-24T03:15:00.714+0000] {standard_task_runner.py:105} INFO - Job 41: Subtask wait_for_etl
[2025-11-24T03:15:00.716+0000] {standard_task_runner.py:72} INFO - Started process 6554 to run task
[2025-11-24T03:15:00.821+0000] {task_command.py:467} INFO - Running <TaskInstance: stock_elt_dbt.wait_for_etl scheduled__2025-11-23T02:45:00+00:00 [running]> on host dc467a0567ff
[2025-11-24T03:15:01.023+0000] {taskinstance.py:3131} INFO - Exporting env vars: AIRFLOW_CTX_DAG_OWNER='lab2' AIRFLOW_CTX_DAG_ID='stock_elt_dbt' AIRFLOW_CTX_TASK_ID='wait_for_etl' AIRFLOW_CTX_EXECUTION_DATE='2025-11-23T02:45:00+00:00' AIRFLOW_CTX_TRY_NUMBER='1' AIRFLOW_CTX_DAG_RUN_ID='scheduled__2025-11-23T02:45:00+00:00'
[2025-11-24T03:15:01.027+0000] {taskinstance.py:731} INFO - ::endgroup::
[2025-11-24T03:15:01.055+0000] {baseoperator.py:405} WARNING - ExternalTaskSensor.execute cannot be called outside TaskInstance!
[2025-11-24T03:15:01.076+0000] {external_task.py:258} INFO - Poking for tasks ['end'] in dag stock_etl_yfinance on 2025-11-23T02:45:00+00:00 ... 
[2025-11-24T03:15:01.082+0000] {logging_mixin.py:190} WARNING - /home/***/.local/lib/python3.12/site-packages/***/utils/session.py:97 DeprecationWarning: This method is deprecated and will be removed in future.
[2025-11-24T03:15:01.143+0000] {taskinstance.py:309} INFO - Rescheduling task, marking task as UP_FOR_RESCHEDULE
[2025-11-24T03:15:01.146+0000] {taskinstance.py:340} INFO - ::group::Post task execution logs
[2025-11-24T03:15:01.198+0000] {local_task_job_runner.py:266} INFO - Task exited with return code 0
[2025-11-24T03:15:01.249+0000] {taskinstance.py:3900} INFO - 0 downstream tasks scheduled from follow-on schedule check
[2025-11-24T03:15:01.252+0000] {local_task_job_runner.py:245} INFO - ::endgroup::
[2025-11-24T03:16:02.356+0000] {local_task_job_runner.py:123} INFO - ::group::Pre task execution logs
[2025-11-24T03:16:02.394+0000] {taskinstance.py:2612} INFO - Dependencies all met for dep_context=non-requeueable deps ti=<TaskInstance: stock_elt_dbt.wait_for_etl scheduled__2025-11-23T02:45:00+00:00 [queued]>
[2025-11-24T03:16:02.417+0000] {taskinstance.py:2612} INFO - Dependencies all met for dep_context=requeueable deps ti=<TaskInstance: stock_elt_dbt.wait_for_etl scheduled__2025-11-23T02:45:00+00:00 [queued]>
[2025-11-24T03:16:02.418+0000] {taskinstance.py:2865} INFO - Starting attempt 1 of 2
[2025-11-24T03:16:02.444+0000] {taskinstance.py:2888} INFO - Executing <Task(ExternalTaskSensor): wait_for_etl> on 2025-11-23 02:45:00+00:00
[2025-11-24T03:16:02.458+0000] {logging_mixin.py:190} WARNING - /home/***/.local/lib/python3.12/site-packages/***/task/task_runner/standard_task_runner.py:70 DeprecationWarning: This process (pid=6638) is multi-threaded, use of fork() may lead to deadlocks in the child.
[2025-11-24T03:16:02.457+0000] {standard_task_runner.py:104} INFO - Running: ['***', 'tasks', 'run', 'stock_elt_dbt', 'wait_for_etl', 'scheduled__2025-11-23T02:45:00+00:00', '--job-id', '42', '--raw', '--subdir', 'DAGS_FOLDER/stock_elt_dbt.py', '--cfg-path', '/tmp/tmpimwo7ti0']
[2025-11-24T03:16:02.460+0000] {standard_task_runner.py:72} INFO - Started process 6639 to run task
[2025-11-24T03:16:02.461+0000] {standard_task_runner.py:105} INFO - Job 42: Subtask wait_for_etl
[2025-11-24T03:16:02.544+0000] {task_command.py:467} INFO - Running <TaskInstance: stock_elt_dbt.wait_for_etl scheduled__2025-11-23T02:45:00+00:00 [running]> on host dc467a0567ff
[2025-11-24T03:16:02.705+0000] {taskinstance.py:3131} INFO - Exporting env vars: AIRFLOW_CTX_DAG_OWNER='lab2' AIRFLOW_CTX_DAG_ID='stock_elt_dbt' AIRFLOW_CTX_TASK_ID='wait_for_etl' AIRFLOW_CTX_EXECUTION_DATE='2025-11-23T02:45:00+00:00' AIRFLOW_CTX_TRY_NUMBER='1' AIRFLOW_CTX_DAG_RUN_ID='scheduled__2025-11-23T02:45:00+00:00'
[2025-11-24T03:16:02.707+0000] {taskinstance.py:731} INFO - ::endgroup::
[2025-11-24T03:16:02.746+0000] {baseoperator.py:405} WARNING - ExternalTaskSensor.execute cannot be called outside TaskInstance!
[2025-11-24T03:16:02.761+0000] {external_task.py:258} INFO - Poking for tasks ['end'] in dag stock_etl_yfinance on 2025-11-23T02:45:00+00:00 ... 
[2025-11-24T03:16:02.766+0000] {logging_mixin.py:190} WARNING - /home/***/.local/lib/python3.12/site-packages/***/utils/session.py:97 DeprecationWarning: This method is deprecated and will be removed in future.
[2025-11-24T03:16:02.818+0000] {taskinstance.py:309} INFO - Rescheduling task, marking task as UP_FOR_RESCHEDULE
[2025-11-24T03:16:02.819+0000] {taskinstance.py:340} INFO - ::group::Post task execution logs
[2025-11-24T03:16:02.850+0000] {local_task_job_runner.py:266} INFO - Task exited with return code 0
[2025-11-24T03:16:02.903+0000] {taskinstance.py:3900} INFO - 0 downstream tasks scheduled from follow-on schedule check
[2025-11-24T03:16:02.908+0000] {local_task_job_runner.py:245} INFO - ::endgroup::
[2025-11-24T03:17:03.648+0000] {local_task_job_runner.py:123} INFO - ::group::Pre task execution logs
[2025-11-24T03:17:03.689+0000] {taskinstance.py:2612} INFO - Dependencies all met for dep_context=non-requeueable deps ti=<TaskInstance: stock_elt_dbt.wait_for_etl scheduled__2025-11-23T02:45:00+00:00 [queued]>
[2025-11-24T03:17:03.726+0000] {taskinstance.py:2612} INFO - Dependencies all met for dep_context=requeueable deps ti=<TaskInstance: stock_elt_dbt.wait_for_etl scheduled__2025-11-23T02:45:00+00:00 [queued]>
[2025-11-24T03:17:03.764+0000] {taskinstance.py:2865} INFO - Starting attempt 1 of 2
[2025-11-24T03:17:03.826+0000] {taskinstance.py:2888} INFO - Executing <Task(ExternalTaskSensor): wait_for_etl> on 2025-11-23 02:45:00+00:00
[2025-11-24T03:17:03.857+0000] {standard_task_runner.py:104} INFO - Running: ['***', 'tasks', 'run', 'stock_elt_dbt', 'wait_for_etl', 'scheduled__2025-11-23T02:45:00+00:00', '--job-id', '43', '--raw', '--subdir', 'DAGS_FOLDER/stock_elt_dbt.py', '--cfg-path', '/tmp/tmppjsl94wo']
[2025-11-24T03:17:03.863+0000] {standard_task_runner.py:105} INFO - Job 43: Subtask wait_for_etl
[2025-11-24T03:17:03.862+0000] {logging_mixin.py:190} WARNING - /home/***/.local/lib/python3.12/site-packages/***/task/task_runner/standard_task_runner.py:70 DeprecationWarning: This process (pid=6722) is multi-threaded, use of fork() may lead to deadlocks in the child.
[2025-11-24T03:17:03.866+0000] {standard_task_runner.py:72} INFO - Started process 6723 to run task
[2025-11-24T03:17:03.995+0000] {task_command.py:467} INFO - Running <TaskInstance: stock_elt_dbt.wait_for_etl scheduled__2025-11-23T02:45:00+00:00 [running]> on host dc467a0567ff
[2025-11-24T03:17:04.275+0000] {taskinstance.py:3131} INFO - Exporting env vars: AIRFLOW_CTX_DAG_OWNER='lab2' AIRFLOW_CTX_DAG_ID='stock_elt_dbt' AIRFLOW_CTX_TASK_ID='wait_for_etl' AIRFLOW_CTX_EXECUTION_DATE='2025-11-23T02:45:00+00:00' AIRFLOW_CTX_TRY_NUMBER='1' AIRFLOW_CTX_DAG_RUN_ID='scheduled__2025-11-23T02:45:00+00:00'
[2025-11-24T03:17:04.276+0000] {taskinstance.py:731} INFO - ::endgroup::
[2025-11-24T03:17:04.308+0000] {baseoperator.py:405} WARNING - ExternalTaskSensor.execute cannot be called outside TaskInstance!
[2025-11-24T03:17:04.327+0000] {external_task.py:258} INFO - Poking for tasks ['end'] in dag stock_etl_yfinance on 2025-11-23T02:45:00+00:00 ... 
[2025-11-24T03:17:04.332+0000] {logging_mixin.py:190} WARNING - /home/***/.local/lib/python3.12/site-packages/***/utils/session.py:97 DeprecationWarning: This method is deprecated and will be removed in future.
[2025-11-24T03:17:04.435+0000] {taskinstance.py:309} INFO - Rescheduling task, marking task as UP_FOR_RESCHEDULE
[2025-11-24T03:17:04.439+0000] {taskinstance.py:340} INFO - ::group::Post task execution logs
[2025-11-24T03:17:04.476+0000] {local_task_job_runner.py:266} INFO - Task exited with return code 0
[2025-11-24T03:17:04.534+0000] {taskinstance.py:3900} INFO - 0 downstream tasks scheduled from follow-on schedule check
[2025-11-24T03:17:04.542+0000] {local_task_job_runner.py:245} INFO - ::endgroup::
[2025-11-24T03:18:04.959+0000] {local_task_job_runner.py:123} INFO - ::group::Pre task execution logs
[2025-11-24T03:18:04.996+0000] {taskinstance.py:2612} INFO - Dependencies all met for dep_context=non-requeueable deps ti=<TaskInstance: stock_elt_dbt.wait_for_etl scheduled__2025-11-23T02:45:00+00:00 [queued]>
[2025-11-24T03:18:05.019+0000] {taskinstance.py:2612} INFO - Dependencies all met for dep_context=requeueable deps ti=<TaskInstance: stock_elt_dbt.wait_for_etl scheduled__2025-11-23T02:45:00+00:00 [queued]>
[2025-11-24T03:18:05.020+0000] {taskinstance.py:2865} INFO - Starting attempt 1 of 2
[2025-11-24T03:18:05.055+0000] {taskinstance.py:2888} INFO - Executing <Task(ExternalTaskSensor): wait_for_etl> on 2025-11-23 02:45:00+00:00
[2025-11-24T03:18:05.068+0000] {standard_task_runner.py:104} INFO - Running: ['***', 'tasks', 'run', 'stock_elt_dbt', 'wait_for_etl', 'scheduled__2025-11-23T02:45:00+00:00', '--job-id', '44', '--raw', '--subdir', 'DAGS_FOLDER/stock_elt_dbt.py', '--cfg-path', '/tmp/tmpbg7xg582']
[2025-11-24T03:18:05.075+0000] {standard_task_runner.py:105} INFO - Job 44: Subtask wait_for_etl
[2025-11-24T03:18:05.076+0000] {logging_mixin.py:190} WARNING - /home/***/.local/lib/python3.12/site-packages/***/task/task_runner/standard_task_runner.py:70 DeprecationWarning: This process (pid=6807) is multi-threaded, use of fork() may lead to deadlocks in the child.
[2025-11-24T03:18:05.079+0000] {standard_task_runner.py:72} INFO - Started process 6808 to run task
[2025-11-24T03:18:05.166+0000] {task_command.py:467} INFO - Running <TaskInstance: stock_elt_dbt.wait_for_etl scheduled__2025-11-23T02:45:00+00:00 [running]> on host dc467a0567ff
[2025-11-24T03:18:05.343+0000] {taskinstance.py:3131} INFO - Exporting env vars: AIRFLOW_CTX_DAG_OWNER='lab2' AIRFLOW_CTX_DAG_ID='stock_elt_dbt' AIRFLOW_CTX_TASK_ID='wait_for_etl' AIRFLOW_CTX_EXECUTION_DATE='2025-11-23T02:45:00+00:00' AIRFLOW_CTX_TRY_NUMBER='1' AIRFLOW_CTX_DAG_RUN_ID='scheduled__2025-11-23T02:45:00+00:00'
[2025-11-24T03:18:05.346+0000] {taskinstance.py:731} INFO - ::endgroup::
[2025-11-24T03:18:05.377+0000] {baseoperator.py:405} WARNING - ExternalTaskSensor.execute cannot be called outside TaskInstance!
[2025-11-24T03:18:05.393+0000] {external_task.py:258} INFO - Poking for tasks ['end'] in dag stock_etl_yfinance on 2025-11-23T02:45:00+00:00 ... 
[2025-11-24T03:18:05.398+0000] {logging_mixin.py:190} WARNING - /home/***/.local/lib/python3.12/site-packages/***/utils/session.py:97 DeprecationWarning: This method is deprecated and will be removed in future.
[2025-11-24T03:18:05.448+0000] {taskinstance.py:309} INFO - Rescheduling task, marking task as UP_FOR_RESCHEDULE
[2025-11-24T03:18:05.448+0000] {taskinstance.py:340} INFO - ::group::Post task execution logs
[2025-11-24T03:18:05.469+0000] {local_task_job_runner.py:266} INFO - Task exited with return code 0
[2025-11-24T03:18:05.520+0000] {taskinstance.py:3900} INFO - 0 downstream tasks scheduled from follow-on schedule check
[2025-11-24T03:18:05.523+0000] {local_task_job_runner.py:245} INFO - ::endgroup::
[2025-11-24T03:19:06.518+0000] {local_task_job_runner.py:123} INFO - ::group::Pre task execution logs
[2025-11-24T03:19:06.560+0000] {taskinstance.py:2612} INFO - Dependencies all met for dep_context=non-requeueable deps ti=<TaskInstance: stock_elt_dbt.wait_for_etl scheduled__2025-11-23T02:45:00+00:00 [queued]>
[2025-11-24T03:19:06.587+0000] {taskinstance.py:2612} INFO - Dependencies all met for dep_context=requeueable deps ti=<TaskInstance: stock_elt_dbt.wait_for_etl scheduled__2025-11-23T02:45:00+00:00 [queued]>
[2025-11-24T03:19:06.588+0000] {taskinstance.py:2865} INFO - Starting attempt 1 of 2
[2025-11-24T03:19:06.625+0000] {taskinstance.py:2888} INFO - Executing <Task(ExternalTaskSensor): wait_for_etl> on 2025-11-23 02:45:00+00:00
[2025-11-24T03:19:06.639+0000] {standard_task_runner.py:104} INFO - Running: ['***', 'tasks', 'run', 'stock_elt_dbt', 'wait_for_etl', 'scheduled__2025-11-23T02:45:00+00:00', '--job-id', '45', '--raw', '--subdir', 'DAGS_FOLDER/stock_elt_dbt.py', '--cfg-path', '/tmp/tmp43rscbug']
[2025-11-24T03:19:06.644+0000] {logging_mixin.py:190} WARNING - /home/***/.local/lib/python3.12/site-packages/***/task/task_runner/standard_task_runner.py:70 DeprecationWarning: This process (pid=6892) is multi-threaded, use of fork() may lead to deadlocks in the child.
[2025-11-24T03:19:06.646+0000] {standard_task_runner.py:72} INFO - Started process 6893 to run task
[2025-11-24T03:19:06.645+0000] {standard_task_runner.py:105} INFO - Job 45: Subtask wait_for_etl
[2025-11-24T03:19:06.768+0000] {task_command.py:467} INFO - Running <TaskInstance: stock_elt_dbt.wait_for_etl scheduled__2025-11-23T02:45:00+00:00 [running]> on host dc467a0567ff
[2025-11-24T03:19:06.971+0000] {taskinstance.py:3131} INFO - Exporting env vars: AIRFLOW_CTX_DAG_OWNER='lab2' AIRFLOW_CTX_DAG_ID='stock_elt_dbt' AIRFLOW_CTX_TASK_ID='wait_for_etl' AIRFLOW_CTX_EXECUTION_DATE='2025-11-23T02:45:00+00:00' AIRFLOW_CTX_TRY_NUMBER='1' AIRFLOW_CTX_DAG_RUN_ID='scheduled__2025-11-23T02:45:00+00:00'
[2025-11-24T03:19:06.973+0000] {taskinstance.py:731} INFO - ::endgroup::
[2025-11-24T03:19:07.012+0000] {baseoperator.py:405} WARNING - ExternalTaskSensor.execute cannot be called outside TaskInstance!
[2025-11-24T03:19:07.029+0000] {external_task.py:258} INFO - Poking for tasks ['end'] in dag stock_etl_yfinance on 2025-11-23T02:45:00+00:00 ... 
[2025-11-24T03:19:07.036+0000] {logging_mixin.py:190} WARNING - /home/***/.local/lib/python3.12/site-packages/***/utils/session.py:97 DeprecationWarning: This method is deprecated and will be removed in future.
[2025-11-24T03:19:07.100+0000] {taskinstance.py:309} INFO - Rescheduling task, marking task as UP_FOR_RESCHEDULE
[2025-11-24T03:19:07.102+0000] {taskinstance.py:340} INFO - ::group::Post task execution logs
[2025-11-24T03:19:07.125+0000] {local_task_job_runner.py:266} INFO - Task exited with return code 0
[2025-11-24T03:19:07.176+0000] {taskinstance.py:3900} INFO - 0 downstream tasks scheduled from follow-on schedule check
[2025-11-24T03:19:07.179+0000] {local_task_job_runner.py:245} INFO - ::endgroup::
[2025-11-24T03:20:07.934+0000] {local_task_job_runner.py:123} INFO - ::group::Pre task execution logs
[2025-11-24T03:20:07.968+0000] {taskinstance.py:2612} INFO - Dependencies all met for dep_context=non-requeueable deps ti=<TaskInstance: stock_elt_dbt.wait_for_etl scheduled__2025-11-23T02:45:00+00:00 [queued]>
[2025-11-24T03:20:07.989+0000] {taskinstance.py:2612} INFO - Dependencies all met for dep_context=requeueable deps ti=<TaskInstance: stock_elt_dbt.wait_for_etl scheduled__2025-11-23T02:45:00+00:00 [queued]>
[2025-11-24T03:20:07.990+0000] {taskinstance.py:2865} INFO - Starting attempt 1 of 2
[2025-11-24T03:20:08.023+0000] {taskinstance.py:2888} INFO - Executing <Task(ExternalTaskSensor): wait_for_etl> on 2025-11-23 02:45:00+00:00
[2025-11-24T03:20:08.037+0000] {standard_task_runner.py:104} INFO - Running: ['***', 'tasks', 'run', 'stock_elt_dbt', 'wait_for_etl', 'scheduled__2025-11-23T02:45:00+00:00', '--job-id', '46', '--raw', '--subdir', 'DAGS_FOLDER/stock_elt_dbt.py', '--cfg-path', '/tmp/tmp3renlwvz']
[2025-11-24T03:20:08.043+0000] {standard_task_runner.py:105} INFO - Job 46: Subtask wait_for_etl
[2025-11-24T03:20:08.043+0000] {logging_mixin.py:190} WARNING - /home/***/.local/lib/python3.12/site-packages/***/task/task_runner/standard_task_runner.py:70 DeprecationWarning: This process (pid=6973) is multi-threaded, use of fork() may lead to deadlocks in the child.
[2025-11-24T03:20:08.044+0000] {standard_task_runner.py:72} INFO - Started process 6974 to run task
[2025-11-24T03:20:08.141+0000] {task_command.py:467} INFO - Running <TaskInstance: stock_elt_dbt.wait_for_etl scheduled__2025-11-23T02:45:00+00:00 [running]> on host dc467a0567ff
[2025-11-24T03:20:08.367+0000] {taskinstance.py:3131} INFO - Exporting env vars: AIRFLOW_CTX_DAG_OWNER='lab2' AIRFLOW_CTX_DAG_ID='stock_elt_dbt' AIRFLOW_CTX_TASK_ID='wait_for_etl' AIRFLOW_CTX_EXECUTION_DATE='2025-11-23T02:45:00+00:00' AIRFLOW_CTX_TRY_NUMBER='1' AIRFLOW_CTX_DAG_RUN_ID='scheduled__2025-11-23T02:45:00+00:00'
[2025-11-24T03:20:08.369+0000] {taskinstance.py:731} INFO - ::endgroup::
[2025-11-24T03:20:08.402+0000] {baseoperator.py:405} WARNING - ExternalTaskSensor.execute cannot be called outside TaskInstance!
[2025-11-24T03:20:08.419+0000] {external_task.py:258} INFO - Poking for tasks ['end'] in dag stock_etl_yfinance on 2025-11-23T02:45:00+00:00 ... 
[2025-11-24T03:20:08.423+0000] {logging_mixin.py:190} WARNING - /home/***/.local/lib/python3.12/site-packages/***/utils/session.py:97 DeprecationWarning: This method is deprecated and will be removed in future.
[2025-11-24T03:20:08.482+0000] {taskinstance.py:309} INFO - Rescheduling task, marking task as UP_FOR_RESCHEDULE
[2025-11-24T03:20:08.483+0000] {taskinstance.py:340} INFO - ::group::Post task execution logs
[2025-11-24T03:20:08.519+0000] {local_task_job_runner.py:266} INFO - Task exited with return code 0
[2025-11-24T03:20:08.541+0000] {local_task_job_runner.py:245} INFO - ::endgroup::
[2025-11-24T03:21:09.793+0000] {local_task_job_runner.py:123} INFO - ::group::Pre task execution logs
[2025-11-24T03:21:09.832+0000] {taskinstance.py:2612} INFO - Dependencies all met for dep_context=non-requeueable deps ti=<TaskInstance: stock_elt_dbt.wait_for_etl scheduled__2025-11-23T02:45:00+00:00 [queued]>
[2025-11-24T03:21:09.855+0000] {taskinstance.py:2612} INFO - Dependencies all met for dep_context=requeueable deps ti=<TaskInstance: stock_elt_dbt.wait_for_etl scheduled__2025-11-23T02:45:00+00:00 [queued]>
[2025-11-24T03:21:09.856+0000] {taskinstance.py:2865} INFO - Starting attempt 1 of 2
[2025-11-24T03:21:09.885+0000] {taskinstance.py:2888} INFO - Executing <Task(ExternalTaskSensor): wait_for_etl> on 2025-11-23 02:45:00+00:00
[2025-11-24T03:21:09.904+0000] {standard_task_runner.py:104} INFO - Running: ['***', 'tasks', 'run', 'stock_elt_dbt', 'wait_for_etl', 'scheduled__2025-11-23T02:45:00+00:00', '--job-id', '47', '--raw', '--subdir', 'DAGS_FOLDER/stock_elt_dbt.py', '--cfg-path', '/tmp/tmpgawvd0hd']
[2025-11-24T03:21:09.907+0000] {logging_mixin.py:190} WARNING - /home/***/.local/lib/python3.12/site-packages/***/task/task_runner/standard_task_runner.py:70 DeprecationWarning: This process (pid=7055) is multi-threaded, use of fork() may lead to deadlocks in the child.
[2025-11-24T03:21:09.910+0000] {standard_task_runner.py:105} INFO - Job 47: Subtask wait_for_etl
[2025-11-24T03:21:09.912+0000] {standard_task_runner.py:72} INFO - Started process 7056 to run task
[2025-11-24T03:21:10.094+0000] {task_command.py:467} INFO - Running <TaskInstance: stock_elt_dbt.wait_for_etl scheduled__2025-11-23T02:45:00+00:00 [running]> on host dc467a0567ff
[2025-11-24T03:21:10.407+0000] {taskinstance.py:3131} INFO - Exporting env vars: AIRFLOW_CTX_DAG_OWNER='lab2' AIRFLOW_CTX_DAG_ID='stock_elt_dbt' AIRFLOW_CTX_TASK_ID='wait_for_etl' AIRFLOW_CTX_EXECUTION_DATE='2025-11-23T02:45:00+00:00' AIRFLOW_CTX_TRY_NUMBER='1' AIRFLOW_CTX_DAG_RUN_ID='scheduled__2025-11-23T02:45:00+00:00'
[2025-11-24T03:21:10.409+0000] {taskinstance.py:731} INFO - ::endgroup::
[2025-11-24T03:21:10.446+0000] {baseoperator.py:405} WARNING - ExternalTaskSensor.execute cannot be called outside TaskInstance!
[2025-11-24T03:21:10.461+0000] {external_task.py:258} INFO - Poking for tasks ['end'] in dag stock_etl_yfinance on 2025-11-23T02:45:00+00:00 ... 
[2025-11-24T03:21:10.467+0000] {logging_mixin.py:190} WARNING - /home/***/.local/lib/python3.12/site-packages/***/utils/session.py:97 DeprecationWarning: This method is deprecated and will be removed in future.
[2025-11-24T03:21:10.546+0000] {taskinstance.py:309} INFO - Rescheduling task, marking task as UP_FOR_RESCHEDULE
[2025-11-24T03:21:10.547+0000] {taskinstance.py:340} INFO - ::group::Post task execution logs
[2025-11-24T03:21:10.565+0000] {local_task_job_runner.py:266} INFO - Task exited with return code 0
[2025-11-24T03:21:10.620+0000] {taskinstance.py:3900} INFO - 0 downstream tasks scheduled from follow-on schedule check
[2025-11-24T03:21:10.623+0000] {local_task_job_runner.py:245} INFO - ::endgroup::
[2025-11-24T03:27:07.115+0000] {local_task_job_runner.py:123} INFO - ::group::Pre task execution logs
[2025-11-24T03:27:07.161+0000] {taskinstance.py:2612} INFO - Dependencies all met for dep_context=non-requeueable deps ti=<TaskInstance: stock_elt_dbt.wait_for_etl scheduled__2025-11-23T02:45:00+00:00 [queued]>
[2025-11-24T03:27:07.197+0000] {taskinstance.py:2612} INFO - Dependencies all met for dep_context=requeueable deps ti=<TaskInstance: stock_elt_dbt.wait_for_etl scheduled__2025-11-23T02:45:00+00:00 [queued]>
[2025-11-24T03:27:07.199+0000] {taskinstance.py:2865} INFO - Starting attempt 1 of 2
[2025-11-24T03:27:07.247+0000] {taskinstance.py:2888} INFO - Executing <Task(ExternalTaskSensor): wait_for_etl> on 2025-11-23 02:45:00+00:00
[2025-11-24T03:27:07.270+0000] {standard_task_runner.py:104} INFO - Running: ['***', 'tasks', 'run', 'stock_elt_dbt', 'wait_for_etl', 'scheduled__2025-11-23T02:45:00+00:00', '--job-id', '48', '--raw', '--subdir', 'DAGS_FOLDER/stock_elt_dbt.py', '--cfg-path', '/tmp/tmpesninq88']
[2025-11-24T03:27:07.277+0000] {standard_task_runner.py:105} INFO - Job 48: Subtask wait_for_etl
[2025-11-24T03:27:07.279+0000] {logging_mixin.py:190} WARNING - /home/***/.local/lib/python3.12/site-packages/***/task/task_runner/standard_task_runner.py:70 DeprecationWarning: This process (pid=7081) is multi-threaded, use of fork() may lead to deadlocks in the child.
[2025-11-24T03:27:07.282+0000] {standard_task_runner.py:72} INFO - Started process 7082 to run task
[2025-11-24T03:27:07.462+0000] {task_command.py:467} INFO - Running <TaskInstance: stock_elt_dbt.wait_for_etl scheduled__2025-11-23T02:45:00+00:00 [running]> on host dc467a0567ff
[2025-11-24T03:27:07.937+0000] {taskinstance.py:3131} INFO - Exporting env vars: AIRFLOW_CTX_DAG_OWNER='lab2' AIRFLOW_CTX_DAG_ID='stock_elt_dbt' AIRFLOW_CTX_TASK_ID='wait_for_etl' AIRFLOW_CTX_EXECUTION_DATE='2025-11-23T02:45:00+00:00' AIRFLOW_CTX_TRY_NUMBER='1' AIRFLOW_CTX_DAG_RUN_ID='scheduled__2025-11-23T02:45:00+00:00'
[2025-11-24T03:27:07.945+0000] {taskinstance.py:731} INFO - ::endgroup::
[2025-11-24T03:27:08.010+0000] {baseoperator.py:405} WARNING - ExternalTaskSensor.execute cannot be called outside TaskInstance!
[2025-11-24T03:27:08.165+0000] {external_task.py:258} INFO - Poking for tasks ['end'] in dag stock_etl_yfinance on 2025-11-23T02:45:00+00:00 ... 
[2025-11-24T03:27:08.492+0000] {logging_mixin.py:190} WARNING - /home/***/.local/lib/python3.12/site-packages/***/utils/session.py:97 DeprecationWarning: This method is deprecated and will be removed in future.
[2025-11-24T03:27:08.704+0000] {taskinstance.py:309} INFO - Rescheduling task, marking task as UP_FOR_RESCHEDULE
[2025-11-24T03:27:08.706+0000] {taskinstance.py:340} INFO - ::group::Post task execution logs
[2025-11-24T03:27:08.740+0000] {local_task_job_runner.py:266} INFO - Task exited with return code 0
[2025-11-24T03:27:08.950+0000] {taskinstance.py:3900} INFO - 0 downstream tasks scheduled from follow-on schedule check
[2025-11-24T03:27:09.003+0000] {local_task_job_runner.py:245} INFO - ::endgroup::
[2025-11-24T03:28:10.395+0000] {local_task_job_runner.py:123} INFO - ::group::Pre task execution logs
[2025-11-24T03:28:10.427+0000] {taskinstance.py:2612} INFO - Dependencies all met for dep_context=non-requeueable deps ti=<TaskInstance: stock_elt_dbt.wait_for_etl scheduled__2025-11-23T02:45:00+00:00 [queued]>
[2025-11-24T03:28:10.444+0000] {taskinstance.py:2612} INFO - Dependencies all met for dep_context=requeueable deps ti=<TaskInstance: stock_elt_dbt.wait_for_etl scheduled__2025-11-23T02:45:00+00:00 [queued]>
[2025-11-24T03:28:10.445+0000] {taskinstance.py:2865} INFO - Starting attempt 1 of 2
[2025-11-24T03:28:10.473+0000] {taskinstance.py:2888} INFO - Executing <Task(ExternalTaskSensor): wait_for_etl> on 2025-11-23 02:45:00+00:00
[2025-11-24T03:28:10.487+0000] {standard_task_runner.py:104} INFO - Running: ['***', 'tasks', 'run', 'stock_elt_dbt', 'wait_for_etl', 'scheduled__2025-11-23T02:45:00+00:00', '--job-id', '49', '--raw', '--subdir', 'DAGS_FOLDER/stock_elt_dbt.py', '--cfg-path', '/tmp/tmpxgkwl7ly']
[2025-11-24T03:28:10.494+0000] {standard_task_runner.py:105} INFO - Job 49: Subtask wait_for_etl
[2025-11-24T03:28:10.500+0000] {logging_mixin.py:190} WARNING - /home/***/.local/lib/python3.12/site-packages/***/task/task_runner/standard_task_runner.py:70 DeprecationWarning: This process (pid=7173) is multi-threaded, use of fork() may lead to deadlocks in the child.
[2025-11-24T03:28:10.507+0000] {standard_task_runner.py:72} INFO - Started process 7174 to run task
[2025-11-24T03:28:10.721+0000] {task_command.py:467} INFO - Running <TaskInstance: stock_elt_dbt.wait_for_etl scheduled__2025-11-23T02:45:00+00:00 [running]> on host dc467a0567ff
[2025-11-24T03:28:11.009+0000] {taskinstance.py:3131} INFO - Exporting env vars: AIRFLOW_CTX_DAG_OWNER='lab2' AIRFLOW_CTX_DAG_ID='stock_elt_dbt' AIRFLOW_CTX_TASK_ID='wait_for_etl' AIRFLOW_CTX_EXECUTION_DATE='2025-11-23T02:45:00+00:00' AIRFLOW_CTX_TRY_NUMBER='1' AIRFLOW_CTX_DAG_RUN_ID='scheduled__2025-11-23T02:45:00+00:00'
[2025-11-24T03:28:11.012+0000] {taskinstance.py:731} INFO - ::endgroup::
[2025-11-24T03:28:11.056+0000] {baseoperator.py:405} WARNING - ExternalTaskSensor.execute cannot be called outside TaskInstance!
[2025-11-24T03:28:11.086+0000] {external_task.py:258} INFO - Poking for tasks ['end'] in dag stock_etl_yfinance on 2025-11-23T02:45:00+00:00 ... 
[2025-11-24T03:28:11.096+0000] {logging_mixin.py:190} WARNING - /home/***/.local/lib/python3.12/site-packages/***/utils/session.py:97 DeprecationWarning: This method is deprecated and will be removed in future.
[2025-11-24T03:28:11.164+0000] {taskinstance.py:309} INFO - Rescheduling task, marking task as UP_FOR_RESCHEDULE
[2025-11-24T03:28:11.166+0000] {taskinstance.py:340} INFO - ::group::Post task execution logs
[2025-11-24T03:28:11.196+0000] {local_task_job_runner.py:266} INFO - Task exited with return code 0
[2025-11-24T03:28:11.279+0000] {taskinstance.py:3900} INFO - 0 downstream tasks scheduled from follow-on schedule check
[2025-11-24T03:28:11.290+0000] {local_task_job_runner.py:245} INFO - ::endgroup::
[2025-11-24T03:29:11.933+0000] {local_task_job_runner.py:123} INFO - ::group::Pre task execution logs
[2025-11-24T03:29:11.972+0000] {taskinstance.py:2612} INFO - Dependencies all met for dep_context=non-requeueable deps ti=<TaskInstance: stock_elt_dbt.wait_for_etl scheduled__2025-11-23T02:45:00+00:00 [queued]>
[2025-11-24T03:29:11.991+0000] {taskinstance.py:2612} INFO - Dependencies all met for dep_context=requeueable deps ti=<TaskInstance: stock_elt_dbt.wait_for_etl scheduled__2025-11-23T02:45:00+00:00 [queued]>
[2025-11-24T03:29:11.992+0000] {taskinstance.py:2865} INFO - Starting attempt 1 of 2
[2025-11-24T03:29:12.018+0000] {taskinstance.py:2888} INFO - Executing <Task(ExternalTaskSensor): wait_for_etl> on 2025-11-23 02:45:00+00:00
[2025-11-24T03:29:12.032+0000] {standard_task_runner.py:104} INFO - Running: ['***', 'tasks', 'run', 'stock_elt_dbt', 'wait_for_etl', 'scheduled__2025-11-23T02:45:00+00:00', '--job-id', '50', '--raw', '--subdir', 'DAGS_FOLDER/stock_elt_dbt.py', '--cfg-path', '/tmp/tmph_lbqbqc']
[2025-11-24T03:29:12.037+0000] {standard_task_runner.py:105} INFO - Job 50: Subtask wait_for_etl
[2025-11-24T03:29:12.040+0000] {logging_mixin.py:190} WARNING - /home/***/.local/lib/python3.12/site-packages/***/task/task_runner/standard_task_runner.py:70 DeprecationWarning: This process (pid=7263) is multi-threaded, use of fork() may lead to deadlocks in the child.
[2025-11-24T03:29:12.042+0000] {standard_task_runner.py:72} INFO - Started process 7264 to run task
[2025-11-24T03:29:12.161+0000] {task_command.py:467} INFO - Running <TaskInstance: stock_elt_dbt.wait_for_etl scheduled__2025-11-23T02:45:00+00:00 [running]> on host dc467a0567ff
[2025-11-24T03:29:12.390+0000] {taskinstance.py:3131} INFO - Exporting env vars: AIRFLOW_CTX_DAG_OWNER='lab2' AIRFLOW_CTX_DAG_ID='stock_elt_dbt' AIRFLOW_CTX_TASK_ID='wait_for_etl' AIRFLOW_CTX_EXECUTION_DATE='2025-11-23T02:45:00+00:00' AIRFLOW_CTX_TRY_NUMBER='1' AIRFLOW_CTX_DAG_RUN_ID='scheduled__2025-11-23T02:45:00+00:00'
[2025-11-24T03:29:12.392+0000] {taskinstance.py:731} INFO - ::endgroup::
[2025-11-24T03:29:12.421+0000] {baseoperator.py:405} WARNING - ExternalTaskSensor.execute cannot be called outside TaskInstance!
[2025-11-24T03:29:12.436+0000] {external_task.py:258} INFO - Poking for tasks ['end'] in dag stock_etl_yfinance on 2025-11-23T02:45:00+00:00 ... 
[2025-11-24T03:29:12.440+0000] {logging_mixin.py:190} WARNING - /home/***/.local/lib/python3.12/site-packages/***/utils/session.py:97 DeprecationWarning: This method is deprecated and will be removed in future.
[2025-11-24T03:29:12.495+0000] {taskinstance.py:309} INFO - Rescheduling task, marking task as UP_FOR_RESCHEDULE
[2025-11-24T03:29:12.496+0000] {taskinstance.py:340} INFO - ::group::Post task execution logs
[2025-11-24T03:29:12.517+0000] {local_task_job_runner.py:266} INFO - Task exited with return code 0
[2025-11-24T03:29:12.565+0000] {taskinstance.py:3900} INFO - 0 downstream tasks scheduled from follow-on schedule check
[2025-11-24T03:29:12.570+0000] {local_task_job_runner.py:245} INFO - ::endgroup::
[2025-11-24T03:30:14.195+0000] {local_task_job_runner.py:123} INFO - ::group::Pre task execution logs
[2025-11-24T03:30:14.285+0000] {taskinstance.py:2612} INFO - Dependencies all met for dep_context=non-requeueable deps ti=<TaskInstance: stock_elt_dbt.wait_for_etl scheduled__2025-11-23T02:45:00+00:00 [queued]>
[2025-11-24T03:30:14.316+0000] {taskinstance.py:2612} INFO - Dependencies all met for dep_context=requeueable deps ti=<TaskInstance: stock_elt_dbt.wait_for_etl scheduled__2025-11-23T02:45:00+00:00 [queued]>
[2025-11-24T03:30:14.317+0000] {taskinstance.py:2865} INFO - Starting attempt 1 of 2
[2025-11-24T03:30:14.354+0000] {taskinstance.py:2888} INFO - Executing <Task(ExternalTaskSensor): wait_for_etl> on 2025-11-23 02:45:00+00:00
[2025-11-24T03:30:14.370+0000] {standard_task_runner.py:104} INFO - Running: ['***', 'tasks', 'run', 'stock_elt_dbt', 'wait_for_etl', 'scheduled__2025-11-23T02:45:00+00:00', '--job-id', '51', '--raw', '--subdir', 'DAGS_FOLDER/stock_elt_dbt.py', '--cfg-path', '/tmp/tmp8m1cmsj5']
[2025-11-24T03:30:14.376+0000] {standard_task_runner.py:105} INFO - Job 51: Subtask wait_for_etl
[2025-11-24T03:30:14.383+0000] {logging_mixin.py:190} WARNING - /home/***/.local/lib/python3.12/site-packages/***/task/task_runner/standard_task_runner.py:70 DeprecationWarning: This process (pid=7347) is multi-threaded, use of fork() may lead to deadlocks in the child.
[2025-11-24T03:30:14.386+0000] {standard_task_runner.py:72} INFO - Started process 7348 to run task
[2025-11-24T03:30:14.554+0000] {task_command.py:467} INFO - Running <TaskInstance: stock_elt_dbt.wait_for_etl scheduled__2025-11-23T02:45:00+00:00 [running]> on host dc467a0567ff
[2025-11-24T03:30:15.090+0000] {taskinstance.py:3131} INFO - Exporting env vars: AIRFLOW_CTX_DAG_OWNER='lab2' AIRFLOW_CTX_DAG_ID='stock_elt_dbt' AIRFLOW_CTX_TASK_ID='wait_for_etl' AIRFLOW_CTX_EXECUTION_DATE='2025-11-23T02:45:00+00:00' AIRFLOW_CTX_TRY_NUMBER='1' AIRFLOW_CTX_DAG_RUN_ID='scheduled__2025-11-23T02:45:00+00:00'
[2025-11-24T03:30:15.092+0000] {taskinstance.py:731} INFO - ::endgroup::
[2025-11-24T03:30:15.142+0000] {baseoperator.py:405} WARNING - ExternalTaskSensor.execute cannot be called outside TaskInstance!
[2025-11-24T03:30:15.172+0000] {external_task.py:258} INFO - Poking for tasks ['end'] in dag stock_etl_yfinance on 2025-11-23T02:45:00+00:00 ... 
[2025-11-24T03:30:15.179+0000] {logging_mixin.py:190} WARNING - /home/***/.local/lib/python3.12/site-packages/***/utils/session.py:97 DeprecationWarning: This method is deprecated and will be removed in future.
[2025-11-24T03:30:15.247+0000] {taskinstance.py:309} INFO - Rescheduling task, marking task as UP_FOR_RESCHEDULE
[2025-11-24T03:30:15.249+0000] {taskinstance.py:340} INFO - ::group::Post task execution logs
[2025-11-24T03:30:15.273+0000] {local_task_job_runner.py:266} INFO - Task exited with return code 0
[2025-11-24T03:30:15.327+0000] {taskinstance.py:3900} INFO - 0 downstream tasks scheduled from follow-on schedule check
[2025-11-24T03:30:15.331+0000] {local_task_job_runner.py:245} INFO - ::endgroup::
[2025-11-24T03:31:16.936+0000] {local_task_job_runner.py:123} INFO - ::group::Pre task execution logs
[2025-11-24T03:31:16.966+0000] {taskinstance.py:2612} INFO - Dependencies all met for dep_context=non-requeueable deps ti=<TaskInstance: stock_elt_dbt.wait_for_etl scheduled__2025-11-23T02:45:00+00:00 [queued]>
[2025-11-24T03:31:16.983+0000] {taskinstance.py:2612} INFO - Dependencies all met for dep_context=requeueable deps ti=<TaskInstance: stock_elt_dbt.wait_for_etl scheduled__2025-11-23T02:45:00+00:00 [queued]>
[2025-11-24T03:31:16.985+0000] {taskinstance.py:2865} INFO - Starting attempt 1 of 2
[2025-11-24T03:31:17.009+0000] {taskinstance.py:2888} INFO - Executing <Task(ExternalTaskSensor): wait_for_etl> on 2025-11-23 02:45:00+00:00
[2025-11-24T03:31:17.022+0000] {standard_task_runner.py:104} INFO - Running: ['***', 'tasks', 'run', 'stock_elt_dbt', 'wait_for_etl', 'scheduled__2025-11-23T02:45:00+00:00', '--job-id', '52', '--raw', '--subdir', 'DAGS_FOLDER/stock_elt_dbt.py', '--cfg-path', '/tmp/tmpu8dx3s4y']
[2025-11-24T03:31:17.027+0000] {standard_task_runner.py:105} INFO - Job 52: Subtask wait_for_etl
[2025-11-24T03:31:17.034+0000] {logging_mixin.py:190} WARNING - /home/***/.local/lib/python3.12/site-packages/***/task/task_runner/standard_task_runner.py:70 DeprecationWarning: This process (pid=7433) is multi-threaded, use of fork() may lead to deadlocks in the child.
[2025-11-24T03:31:17.038+0000] {standard_task_runner.py:72} INFO - Started process 7434 to run task
[2025-11-24T03:31:17.109+0000] {task_command.py:467} INFO - Running <TaskInstance: stock_elt_dbt.wait_for_etl scheduled__2025-11-23T02:45:00+00:00 [running]> on host dc467a0567ff
[2025-11-24T03:31:17.285+0000] {taskinstance.py:3131} INFO - Exporting env vars: AIRFLOW_CTX_DAG_OWNER='lab2' AIRFLOW_CTX_DAG_ID='stock_elt_dbt' AIRFLOW_CTX_TASK_ID='wait_for_etl' AIRFLOW_CTX_EXECUTION_DATE='2025-11-23T02:45:00+00:00' AIRFLOW_CTX_TRY_NUMBER='1' AIRFLOW_CTX_DAG_RUN_ID='scheduled__2025-11-23T02:45:00+00:00'
[2025-11-24T03:31:17.287+0000] {taskinstance.py:731} INFO - ::endgroup::
[2025-11-24T03:31:17.328+0000] {baseoperator.py:405} WARNING - ExternalTaskSensor.execute cannot be called outside TaskInstance!
[2025-11-24T03:31:17.343+0000] {external_task.py:258} INFO - Poking for tasks ['end'] in dag stock_etl_yfinance on 2025-11-23T02:45:00+00:00 ... 
[2025-11-24T03:31:17.348+0000] {logging_mixin.py:190} WARNING - /home/***/.local/lib/python3.12/site-packages/***/utils/session.py:97 DeprecationWarning: This method is deprecated and will be removed in future.
[2025-11-24T03:31:17.398+0000] {taskinstance.py:309} INFO - Rescheduling task, marking task as UP_FOR_RESCHEDULE
[2025-11-24T03:31:17.399+0000] {taskinstance.py:340} INFO - ::group::Post task execution logs
[2025-11-24T03:31:17.431+0000] {local_task_job_runner.py:266} INFO - Task exited with return code 0
[2025-11-24T03:31:17.448+0000] {local_task_job_runner.py:245} INFO - ::endgroup::
[2025-11-24T03:32:19.092+0000] {local_task_job_runner.py:123} INFO - ::group::Pre task execution logs
[2025-11-24T03:32:19.157+0000] {taskinstance.py:2612} INFO - Dependencies all met for dep_context=non-requeueable deps ti=<TaskInstance: stock_elt_dbt.wait_for_etl scheduled__2025-11-23T02:45:00+00:00 [queued]>
[2025-11-24T03:32:19.187+0000] {taskinstance.py:2612} INFO - Dependencies all met for dep_context=requeueable deps ti=<TaskInstance: stock_elt_dbt.wait_for_etl scheduled__2025-11-23T02:45:00+00:00 [queued]>
[2025-11-24T03:32:19.188+0000] {taskinstance.py:2865} INFO - Starting attempt 1 of 2
[2025-11-24T03:32:19.283+0000] {taskinstance.py:2888} INFO - Executing <Task(ExternalTaskSensor): wait_for_etl> on 2025-11-23 02:45:00+00:00
[2025-11-24T03:32:19.310+0000] {standard_task_runner.py:104} INFO - Running: ['***', 'tasks', 'run', 'stock_elt_dbt', 'wait_for_etl', 'scheduled__2025-11-23T02:45:00+00:00', '--job-id', '53', '--raw', '--subdir', 'DAGS_FOLDER/stock_elt_dbt.py', '--cfg-path', '/tmp/tmp2dj25xvs']
[2025-11-24T03:32:19.318+0000] {standard_task_runner.py:105} INFO - Job 53: Subtask wait_for_etl
[2025-11-24T03:32:19.319+0000] {logging_mixin.py:190} WARNING - /home/***/.local/lib/python3.12/site-packages/***/task/task_runner/standard_task_runner.py:70 DeprecationWarning: This process (pid=7518) is multi-threaded, use of fork() may lead to deadlocks in the child.
[2025-11-24T03:32:19.321+0000] {standard_task_runner.py:72} INFO - Started process 7519 to run task
[2025-11-24T03:32:19.442+0000] {task_command.py:467} INFO - Running <TaskInstance: stock_elt_dbt.wait_for_etl scheduled__2025-11-23T02:45:00+00:00 [running]> on host dc467a0567ff
[2025-11-24T03:32:19.739+0000] {taskinstance.py:3131} INFO - Exporting env vars: AIRFLOW_CTX_DAG_OWNER='lab2' AIRFLOW_CTX_DAG_ID='stock_elt_dbt' AIRFLOW_CTX_TASK_ID='wait_for_etl' AIRFLOW_CTX_EXECUTION_DATE='2025-11-23T02:45:00+00:00' AIRFLOW_CTX_TRY_NUMBER='1' AIRFLOW_CTX_DAG_RUN_ID='scheduled__2025-11-23T02:45:00+00:00'
[2025-11-24T03:32:19.773+0000] {taskinstance.py:731} INFO - ::endgroup::
[2025-11-24T03:32:19.874+0000] {baseoperator.py:405} WARNING - ExternalTaskSensor.execute cannot be called outside TaskInstance!
[2025-11-24T03:32:19.927+0000] {external_task.py:258} INFO - Poking for tasks ['end'] in dag stock_etl_yfinance on 2025-11-23T02:45:00+00:00 ... 
[2025-11-24T03:32:19.941+0000] {logging_mixin.py:190} WARNING - /home/***/.local/lib/python3.12/site-packages/***/utils/session.py:97 DeprecationWarning: This method is deprecated and will be removed in future.
[2025-11-24T03:32:20.059+0000] {taskinstance.py:309} INFO - Rescheduling task, marking task as UP_FOR_RESCHEDULE
[2025-11-24T03:32:20.062+0000] {taskinstance.py:340} INFO - ::group::Post task execution logs
[2025-11-24T03:32:20.097+0000] {local_task_job_runner.py:266} INFO - Task exited with return code 0
[2025-11-24T03:32:20.184+0000] {taskinstance.py:3900} INFO - 0 downstream tasks scheduled from follow-on schedule check
[2025-11-24T03:32:20.187+0000] {local_task_job_runner.py:245} INFO - ::endgroup::
[2025-11-24T03:33:21.963+0000] {local_task_job_runner.py:123} INFO - ::group::Pre task execution logs
[2025-11-24T03:33:21.995+0000] {taskinstance.py:2612} INFO - Dependencies all met for dep_context=non-requeueable deps ti=<TaskInstance: stock_elt_dbt.wait_for_etl scheduled__2025-11-23T02:45:00+00:00 [queued]>
[2025-11-24T03:33:22.014+0000] {taskinstance.py:2612} INFO - Dependencies all met for dep_context=requeueable deps ti=<TaskInstance: stock_elt_dbt.wait_for_etl scheduled__2025-11-23T02:45:00+00:00 [queued]>
[2025-11-24T03:33:22.015+0000] {taskinstance.py:2865} INFO - Starting attempt 1 of 2
[2025-11-24T03:33:22.043+0000] {taskinstance.py:2888} INFO - Executing <Task(ExternalTaskSensor): wait_for_etl> on 2025-11-23 02:45:00+00:00
[2025-11-24T03:33:22.055+0000] {standard_task_runner.py:104} INFO - Running: ['***', 'tasks', 'run', 'stock_elt_dbt', 'wait_for_etl', 'scheduled__2025-11-23T02:45:00+00:00', '--job-id', '54', '--raw', '--subdir', 'DAGS_FOLDER/stock_elt_dbt.py', '--cfg-path', '/tmp/tmp779e30q4']
[2025-11-24T03:33:22.060+0000] {standard_task_runner.py:105} INFO - Job 54: Subtask wait_for_etl
[2025-11-24T03:33:22.077+0000] {logging_mixin.py:190} WARNING - /home/***/.local/lib/python3.12/site-packages/***/task/task_runner/standard_task_runner.py:70 DeprecationWarning: This process (pid=7601) is multi-threaded, use of fork() may lead to deadlocks in the child.
[2025-11-24T03:33:22.079+0000] {standard_task_runner.py:72} INFO - Started process 7604 to run task
[2025-11-24T03:33:22.149+0000] {task_command.py:467} INFO - Running <TaskInstance: stock_elt_dbt.wait_for_etl scheduled__2025-11-23T02:45:00+00:00 [running]> on host dc467a0567ff
[2025-11-24T03:33:22.307+0000] {taskinstance.py:3131} INFO - Exporting env vars: AIRFLOW_CTX_DAG_OWNER='lab2' AIRFLOW_CTX_DAG_ID='stock_elt_dbt' AIRFLOW_CTX_TASK_ID='wait_for_etl' AIRFLOW_CTX_EXECUTION_DATE='2025-11-23T02:45:00+00:00' AIRFLOW_CTX_TRY_NUMBER='1' AIRFLOW_CTX_DAG_RUN_ID='scheduled__2025-11-23T02:45:00+00:00'
[2025-11-24T03:33:22.308+0000] {taskinstance.py:731} INFO - ::endgroup::
[2025-11-24T03:33:22.337+0000] {baseoperator.py:405} WARNING - ExternalTaskSensor.execute cannot be called outside TaskInstance!
[2025-11-24T03:33:22.354+0000] {external_task.py:258} INFO - Poking for tasks ['end'] in dag stock_etl_yfinance on 2025-11-23T02:45:00+00:00 ... 
[2025-11-24T03:33:22.360+0000] {logging_mixin.py:190} WARNING - /home/***/.local/lib/python3.12/site-packages/***/utils/session.py:97 DeprecationWarning: This method is deprecated and will be removed in future.
[2025-11-24T03:33:22.417+0000] {taskinstance.py:309} INFO - Rescheduling task, marking task as UP_FOR_RESCHEDULE
[2025-11-24T03:33:22.420+0000] {taskinstance.py:340} INFO - ::group::Post task execution logs
[2025-11-24T03:33:22.471+0000] {local_task_job_runner.py:266} INFO - Task exited with return code 0
[2025-11-24T03:33:22.581+0000] {taskinstance.py:3900} INFO - 0 downstream tasks scheduled from follow-on schedule check
[2025-11-24T03:33:22.584+0000] {local_task_job_runner.py:245} INFO - ::endgroup::
[2025-11-24T03:34:23.228+0000] {local_task_job_runner.py:123} INFO - ::group::Pre task execution logs
[2025-11-24T03:34:23.258+0000] {taskinstance.py:2612} INFO - Dependencies all met for dep_context=non-requeueable deps ti=<TaskInstance: stock_elt_dbt.wait_for_etl scheduled__2025-11-23T02:45:00+00:00 [queued]>
[2025-11-24T03:34:23.273+0000] {taskinstance.py:2612} INFO - Dependencies all met for dep_context=requeueable deps ti=<TaskInstance: stock_elt_dbt.wait_for_etl scheduled__2025-11-23T02:45:00+00:00 [queued]>
[2025-11-24T03:34:23.275+0000] {taskinstance.py:2865} INFO - Starting attempt 1 of 2
[2025-11-24T03:34:23.299+0000] {taskinstance.py:2888} INFO - Executing <Task(ExternalTaskSensor): wait_for_etl> on 2025-11-23 02:45:00+00:00
[2025-11-24T03:34:23.312+0000] {standard_task_runner.py:104} INFO - Running: ['***', 'tasks', 'run', 'stock_elt_dbt', 'wait_for_etl', 'scheduled__2025-11-23T02:45:00+00:00', '--job-id', '55', '--raw', '--subdir', 'DAGS_FOLDER/stock_elt_dbt.py', '--cfg-path', '/tmp/tmpt1s1ud54']
[2025-11-24T03:34:23.317+0000] {standard_task_runner.py:105} INFO - Job 55: Subtask wait_for_etl
[2025-11-24T03:34:23.333+0000] {logging_mixin.py:190} WARNING - /home/***/.local/lib/python3.12/site-packages/***/task/task_runner/standard_task_runner.py:70 DeprecationWarning: This process (pid=7682) is multi-threaded, use of fork() may lead to deadlocks in the child.
[2025-11-24T03:34:23.337+0000] {standard_task_runner.py:72} INFO - Started process 7683 to run task
[2025-11-24T03:34:23.411+0000] {task_command.py:467} INFO - Running <TaskInstance: stock_elt_dbt.wait_for_etl scheduled__2025-11-23T02:45:00+00:00 [running]> on host dc467a0567ff
[2025-11-24T03:34:23.592+0000] {taskinstance.py:3131} INFO - Exporting env vars: AIRFLOW_CTX_DAG_OWNER='lab2' AIRFLOW_CTX_DAG_ID='stock_elt_dbt' AIRFLOW_CTX_TASK_ID='wait_for_etl' AIRFLOW_CTX_EXECUTION_DATE='2025-11-23T02:45:00+00:00' AIRFLOW_CTX_TRY_NUMBER='1' AIRFLOW_CTX_DAG_RUN_ID='scheduled__2025-11-23T02:45:00+00:00'
[2025-11-24T03:34:23.595+0000] {taskinstance.py:731} INFO - ::endgroup::
[2025-11-24T03:34:23.635+0000] {baseoperator.py:405} WARNING - ExternalTaskSensor.execute cannot be called outside TaskInstance!
[2025-11-24T03:34:23.662+0000] {external_task.py:258} INFO - Poking for tasks ['end'] in dag stock_etl_yfinance on 2025-11-23T02:45:00+00:00 ... 
[2025-11-24T03:34:23.668+0000] {logging_mixin.py:190} WARNING - /home/***/.local/lib/python3.12/site-packages/***/utils/session.py:97 DeprecationWarning: This method is deprecated and will be removed in future.
[2025-11-24T03:34:23.789+0000] {taskinstance.py:309} INFO - Rescheduling task, marking task as UP_FOR_RESCHEDULE
[2025-11-24T03:34:23.793+0000] {taskinstance.py:340} INFO - ::group::Post task execution logs
[2025-11-24T03:34:23.823+0000] {local_task_job_runner.py:266} INFO - Task exited with return code 0
[2025-11-24T03:34:23.872+0000] {taskinstance.py:3900} INFO - 0 downstream tasks scheduled from follow-on schedule check
[2025-11-24T03:34:23.876+0000] {local_task_job_runner.py:245} INFO - ::endgroup::
[2025-11-24T03:35:24.524+0000] {local_task_job_runner.py:123} INFO - ::group::Pre task execution logs
[2025-11-24T03:35:24.554+0000] {taskinstance.py:2612} INFO - Dependencies all met for dep_context=non-requeueable deps ti=<TaskInstance: stock_elt_dbt.wait_for_etl scheduled__2025-11-23T02:45:00+00:00 [queued]>
[2025-11-24T03:35:24.577+0000] {taskinstance.py:2612} INFO - Dependencies all met for dep_context=requeueable deps ti=<TaskInstance: stock_elt_dbt.wait_for_etl scheduled__2025-11-23T02:45:00+00:00 [queued]>
[2025-11-24T03:35:24.578+0000] {taskinstance.py:2865} INFO - Starting attempt 1 of 2
[2025-11-24T03:35:24.608+0000] {taskinstance.py:2888} INFO - Executing <Task(ExternalTaskSensor): wait_for_etl> on 2025-11-23 02:45:00+00:00
[2025-11-24T03:35:24.621+0000] {standard_task_runner.py:104} INFO - Running: ['***', 'tasks', 'run', 'stock_elt_dbt', 'wait_for_etl', 'scheduled__2025-11-23T02:45:00+00:00', '--job-id', '56', '--raw', '--subdir', 'DAGS_FOLDER/stock_elt_dbt.py', '--cfg-path', '/tmp/tmpr2c9uvqg']
[2025-11-24T03:35:24.626+0000] {standard_task_runner.py:105} INFO - Job 56: Subtask wait_for_etl
[2025-11-24T03:35:24.642+0000] {logging_mixin.py:190} WARNING - /home/***/.local/lib/python3.12/site-packages/***/task/task_runner/standard_task_runner.py:70 DeprecationWarning: This process (pid=7767) is multi-threaded, use of fork() may lead to deadlocks in the child.
[2025-11-24T03:35:24.644+0000] {standard_task_runner.py:72} INFO - Started process 7768 to run task
[2025-11-24T03:35:24.710+0000] {task_command.py:467} INFO - Running <TaskInstance: stock_elt_dbt.wait_for_etl scheduled__2025-11-23T02:45:00+00:00 [running]> on host dc467a0567ff
[2025-11-24T03:35:24.889+0000] {taskinstance.py:3131} INFO - Exporting env vars: AIRFLOW_CTX_DAG_OWNER='lab2' AIRFLOW_CTX_DAG_ID='stock_elt_dbt' AIRFLOW_CTX_TASK_ID='wait_for_etl' AIRFLOW_CTX_EXECUTION_DATE='2025-11-23T02:45:00+00:00' AIRFLOW_CTX_TRY_NUMBER='1' AIRFLOW_CTX_DAG_RUN_ID='scheduled__2025-11-23T02:45:00+00:00'
[2025-11-24T03:35:24.891+0000] {taskinstance.py:731} INFO - ::endgroup::
[2025-11-24T03:35:24.922+0000] {baseoperator.py:405} WARNING - ExternalTaskSensor.execute cannot be called outside TaskInstance!
[2025-11-24T03:35:24.935+0000] {external_task.py:258} INFO - Poking for tasks ['end'] in dag stock_etl_yfinance on 2025-11-23T02:45:00+00:00 ... 
[2025-11-24T03:35:24.940+0000] {logging_mixin.py:190} WARNING - /home/***/.local/lib/python3.12/site-packages/***/utils/session.py:97 DeprecationWarning: This method is deprecated and will be removed in future.
[2025-11-24T03:35:24.989+0000] {taskinstance.py:309} INFO - Rescheduling task, marking task as UP_FOR_RESCHEDULE
[2025-11-24T03:35:24.991+0000] {taskinstance.py:340} INFO - ::group::Post task execution logs
[2025-11-24T03:35:25.036+0000] {local_task_job_runner.py:266} INFO - Task exited with return code 0
[2025-11-24T03:35:25.087+0000] {taskinstance.py:3900} INFO - 0 downstream tasks scheduled from follow-on schedule check
[2025-11-24T03:35:25.091+0000] {local_task_job_runner.py:245} INFO - ::endgroup::
[2025-11-24T03:36:25.556+0000] {local_task_job_runner.py:123} INFO - ::group::Pre task execution logs
[2025-11-24T03:36:25.589+0000] {taskinstance.py:2612} INFO - Dependencies all met for dep_context=non-requeueable deps ti=<TaskInstance: stock_elt_dbt.wait_for_etl scheduled__2025-11-23T02:45:00+00:00 [queued]>
[2025-11-24T03:36:25.604+0000] {taskinstance.py:2612} INFO - Dependencies all met for dep_context=requeueable deps ti=<TaskInstance: stock_elt_dbt.wait_for_etl scheduled__2025-11-23T02:45:00+00:00 [queued]>
[2025-11-24T03:36:25.605+0000] {taskinstance.py:2865} INFO - Starting attempt 1 of 2
[2025-11-24T03:36:25.629+0000] {taskinstance.py:2888} INFO - Executing <Task(ExternalTaskSensor): wait_for_etl> on 2025-11-23 02:45:00+00:00
[2025-11-24T03:36:25.642+0000] {standard_task_runner.py:104} INFO - Running: ['***', 'tasks', 'run', 'stock_elt_dbt', 'wait_for_etl', 'scheduled__2025-11-23T02:45:00+00:00', '--job-id', '57', '--raw', '--subdir', 'DAGS_FOLDER/stock_elt_dbt.py', '--cfg-path', '/tmp/tmpevm5g62n']
[2025-11-24T03:36:25.646+0000] {standard_task_runner.py:105} INFO - Job 57: Subtask wait_for_etl
[2025-11-24T03:36:25.652+0000] {logging_mixin.py:190} WARNING - /home/***/.local/lib/python3.12/site-packages/***/task/task_runner/standard_task_runner.py:70 DeprecationWarning: This process (pid=7852) is multi-threaded, use of fork() may lead to deadlocks in the child.
[2025-11-24T03:36:25.654+0000] {standard_task_runner.py:72} INFO - Started process 7853 to run task
[2025-11-24T03:36:25.727+0000] {task_command.py:467} INFO - Running <TaskInstance: stock_elt_dbt.wait_for_etl scheduled__2025-11-23T02:45:00+00:00 [running]> on host dc467a0567ff
[2025-11-24T03:36:25.879+0000] {taskinstance.py:3131} INFO - Exporting env vars: AIRFLOW_CTX_DAG_OWNER='lab2' AIRFLOW_CTX_DAG_ID='stock_elt_dbt' AIRFLOW_CTX_TASK_ID='wait_for_etl' AIRFLOW_CTX_EXECUTION_DATE='2025-11-23T02:45:00+00:00' AIRFLOW_CTX_TRY_NUMBER='1' AIRFLOW_CTX_DAG_RUN_ID='scheduled__2025-11-23T02:45:00+00:00'
[2025-11-24T03:36:25.881+0000] {taskinstance.py:731} INFO - ::endgroup::
[2025-11-24T03:36:25.905+0000] {baseoperator.py:405} WARNING - ExternalTaskSensor.execute cannot be called outside TaskInstance!
[2025-11-24T03:36:25.919+0000] {external_task.py:258} INFO - Poking for tasks ['end'] in dag stock_etl_yfinance on 2025-11-23T02:45:00+00:00 ... 
[2025-11-24T03:36:25.923+0000] {logging_mixin.py:190} WARNING - /home/***/.local/lib/python3.12/site-packages/***/utils/session.py:97 DeprecationWarning: This method is deprecated and will be removed in future.
[2025-11-24T03:36:25.969+0000] {taskinstance.py:309} INFO - Rescheduling task, marking task as UP_FOR_RESCHEDULE
[2025-11-24T03:36:25.971+0000] {taskinstance.py:340} INFO - ::group::Post task execution logs
[2025-11-24T03:36:26.005+0000] {local_task_job_runner.py:266} INFO - Task exited with return code 0
[2025-11-24T03:36:26.055+0000] {taskinstance.py:3900} INFO - 0 downstream tasks scheduled from follow-on schedule check
[2025-11-24T03:36:26.058+0000] {local_task_job_runner.py:245} INFO - ::endgroup::
[2025-11-24T03:37:26.756+0000] {local_task_job_runner.py:123} INFO - ::group::Pre task execution logs
[2025-11-24T03:37:26.788+0000] {taskinstance.py:2612} INFO - Dependencies all met for dep_context=non-requeueable deps ti=<TaskInstance: stock_elt_dbt.wait_for_etl scheduled__2025-11-23T02:45:00+00:00 [queued]>
[2025-11-24T03:37:26.803+0000] {taskinstance.py:2612} INFO - Dependencies all met for dep_context=requeueable deps ti=<TaskInstance: stock_elt_dbt.wait_for_etl scheduled__2025-11-23T02:45:00+00:00 [queued]>
[2025-11-24T03:37:26.805+0000] {taskinstance.py:2865} INFO - Starting attempt 1 of 2
[2025-11-24T03:37:26.827+0000] {taskinstance.py:2888} INFO - Executing <Task(ExternalTaskSensor): wait_for_etl> on 2025-11-23 02:45:00+00:00
[2025-11-24T03:37:26.838+0000] {standard_task_runner.py:104} INFO - Running: ['***', 'tasks', 'run', 'stock_elt_dbt', 'wait_for_etl', 'scheduled__2025-11-23T02:45:00+00:00', '--job-id', '58', '--raw', '--subdir', 'DAGS_FOLDER/stock_elt_dbt.py', '--cfg-path', '/tmp/tmpjdi96q2u']
[2025-11-24T03:37:26.843+0000] {standard_task_runner.py:105} INFO - Job 58: Subtask wait_for_etl
[2025-11-24T03:37:26.848+0000] {logging_mixin.py:190} WARNING - /home/***/.local/lib/python3.12/site-packages/***/task/task_runner/standard_task_runner.py:70 DeprecationWarning: This process (pid=7937) is multi-threaded, use of fork() may lead to deadlocks in the child.
[2025-11-24T03:37:26.851+0000] {standard_task_runner.py:72} INFO - Started process 7938 to run task
[2025-11-24T03:37:26.923+0000] {task_command.py:467} INFO - Running <TaskInstance: stock_elt_dbt.wait_for_etl scheduled__2025-11-23T02:45:00+00:00 [running]> on host dc467a0567ff
[2025-11-24T03:37:27.114+0000] {taskinstance.py:3131} INFO - Exporting env vars: AIRFLOW_CTX_DAG_OWNER='lab2' AIRFLOW_CTX_DAG_ID='stock_elt_dbt' AIRFLOW_CTX_TASK_ID='wait_for_etl' AIRFLOW_CTX_EXECUTION_DATE='2025-11-23T02:45:00+00:00' AIRFLOW_CTX_TRY_NUMBER='1' AIRFLOW_CTX_DAG_RUN_ID='scheduled__2025-11-23T02:45:00+00:00'
[2025-11-24T03:37:27.116+0000] {taskinstance.py:731} INFO - ::endgroup::
[2025-11-24T03:37:27.146+0000] {baseoperator.py:405} WARNING - ExternalTaskSensor.execute cannot be called outside TaskInstance!
[2025-11-24T03:37:27.164+0000] {external_task.py:258} INFO - Poking for tasks ['end'] in dag stock_etl_yfinance on 2025-11-23T02:45:00+00:00 ... 
[2025-11-24T03:37:27.169+0000] {logging_mixin.py:190} WARNING - /home/***/.local/lib/python3.12/site-packages/***/utils/session.py:97 DeprecationWarning: This method is deprecated and will be removed in future.
[2025-11-24T03:37:27.232+0000] {taskinstance.py:309} INFO - Rescheduling task, marking task as UP_FOR_RESCHEDULE
[2025-11-24T03:37:27.233+0000] {taskinstance.py:340} INFO - ::group::Post task execution logs
[2025-11-24T03:37:27.287+0000] {local_task_job_runner.py:266} INFO - Task exited with return code 0
[2025-11-24T03:37:27.356+0000] {taskinstance.py:3900} INFO - 0 downstream tasks scheduled from follow-on schedule check
[2025-11-24T03:37:27.359+0000] {local_task_job_runner.py:245} INFO - ::endgroup::
[2025-11-24T03:38:29.276+0000] {local_task_job_runner.py:123} INFO - ::group::Pre task execution logs
[2025-11-24T03:38:29.339+0000] {taskinstance.py:2612} INFO - Dependencies all met for dep_context=non-requeueable deps ti=<TaskInstance: stock_elt_dbt.wait_for_etl scheduled__2025-11-23T02:45:00+00:00 [queued]>
[2025-11-24T03:38:29.377+0000] {taskinstance.py:2612} INFO - Dependencies all met for dep_context=requeueable deps ti=<TaskInstance: stock_elt_dbt.wait_for_etl scheduled__2025-11-23T02:45:00+00:00 [queued]>
[2025-11-24T03:38:29.378+0000] {taskinstance.py:2865} INFO - Starting attempt 1 of 2
[2025-11-24T03:38:29.433+0000] {taskinstance.py:2888} INFO - Executing <Task(ExternalTaskSensor): wait_for_etl> on 2025-11-23 02:45:00+00:00
[2025-11-24T03:38:29.460+0000] {standard_task_runner.py:104} INFO - Running: ['***', 'tasks', 'run', 'stock_elt_dbt', 'wait_for_etl', 'scheduled__2025-11-23T02:45:00+00:00', '--job-id', '59', '--raw', '--subdir', 'DAGS_FOLDER/stock_elt_dbt.py', '--cfg-path', '/tmp/tmpu6e4pc7q']
[2025-11-24T03:38:29.470+0000] {standard_task_runner.py:105} INFO - Job 59: Subtask wait_for_etl
[2025-11-24T03:38:29.468+0000] {logging_mixin.py:190} WARNING - /home/***/.local/lib/python3.12/site-packages/***/task/task_runner/standard_task_runner.py:70 DeprecationWarning: This process (pid=8022) is multi-threaded, use of fork() may lead to deadlocks in the child.
[2025-11-24T03:38:29.473+0000] {standard_task_runner.py:72} INFO - Started process 8028 to run task
[2025-11-24T03:38:29.671+0000] {task_command.py:467} INFO - Running <TaskInstance: stock_elt_dbt.wait_for_etl scheduled__2025-11-23T02:45:00+00:00 [running]> on host dc467a0567ff
[2025-11-24T03:38:29.947+0000] {taskinstance.py:3131} INFO - Exporting env vars: AIRFLOW_CTX_DAG_OWNER='lab2' AIRFLOW_CTX_DAG_ID='stock_elt_dbt' AIRFLOW_CTX_TASK_ID='wait_for_etl' AIRFLOW_CTX_EXECUTION_DATE='2025-11-23T02:45:00+00:00' AIRFLOW_CTX_TRY_NUMBER='1' AIRFLOW_CTX_DAG_RUN_ID='scheduled__2025-11-23T02:45:00+00:00'
[2025-11-24T03:38:29.951+0000] {taskinstance.py:731} INFO - ::endgroup::
[2025-11-24T03:38:30.074+0000] {baseoperator.py:405} WARNING - ExternalTaskSensor.execute cannot be called outside TaskInstance!
[2025-11-24T03:38:30.123+0000] {external_task.py:258} INFO - Poking for tasks ['end'] in dag stock_etl_yfinance on 2025-11-23T02:45:00+00:00 ... 
[2025-11-24T03:38:30.128+0000] {logging_mixin.py:190} WARNING - /home/***/.local/lib/python3.12/site-packages/***/utils/session.py:97 DeprecationWarning: This method is deprecated and will be removed in future.
[2025-11-24T03:38:30.219+0000] {taskinstance.py:309} INFO - Rescheduling task, marking task as UP_FOR_RESCHEDULE
[2025-11-24T03:38:30.221+0000] {taskinstance.py:340} INFO - ::group::Post task execution logs
[2025-11-24T03:38:30.260+0000] {local_task_job_runner.py:266} INFO - Task exited with return code 0
[2025-11-24T03:38:30.479+0000] {taskinstance.py:3900} INFO - 0 downstream tasks scheduled from follow-on schedule check
[2025-11-24T03:38:30.483+0000] {local_task_job_runner.py:245} INFO - ::endgroup::
