[2025-11-24T21:21:47.661+0000] {local_task_job_runner.py:123} INFO - ::group::Pre task execution logs
[2025-11-24T21:21:47.689+0000] {taskinstance.py:2612} INFO - Dependencies all met for dep_context=non-requeueable deps ti=<TaskInstance: stock_elt_dbt.dbt_deps manual__2025-11-24T21:21:46.006444+00:00 [queued]>
[2025-11-24T21:21:47.704+0000] {taskinstance.py:2612} INFO - Dependencies all met for dep_context=requeueable deps ti=<TaskInstance: stock_elt_dbt.dbt_deps manual__2025-11-24T21:21:46.006444+00:00 [queued]>
[2025-11-24T21:21:47.705+0000] {taskinstance.py:2865} INFO - Starting attempt 1 of 1
[2025-11-24T21:21:47.731+0000] {taskinstance.py:2888} INFO - Executing <Task(BashOperator): dbt_deps> on 2025-11-24 21:21:46.006444+00:00
[2025-11-24T21:21:47.743+0000] {standard_task_runner.py:104} INFO - Running: ['***', 'tasks', 'run', 'stock_elt_dbt', 'dbt_deps', 'manual__2025-11-24T21:21:46.006444+00:00', '--job-id', '114', '--raw', '--subdir', 'DAGS_FOLDER/stock_elt_dbt.py', '--cfg-path', '/tmp/tmphae5_95i']
[2025-11-24T21:21:47.748+0000] {standard_task_runner.py:105} INFO - Job 114: Subtask dbt_deps
[2025-11-24T21:21:47.751+0000] {logging_mixin.py:190} WARNING - /home/***/.local/lib/python3.12/site-packages/***/task/task_runner/standard_task_runner.py:70 DeprecationWarning: This process (pid=3848) is multi-threaded, use of fork() may lead to deadlocks in the child.
[2025-11-24T21:21:47.753+0000] {standard_task_runner.py:72} INFO - Started process 3849 to run task
[2025-11-24T21:21:47.827+0000] {task_command.py:467} INFO - Running <TaskInstance: stock_elt_dbt.dbt_deps manual__2025-11-24T21:21:46.006444+00:00 [running]> on host 638b31fa7dcc
[2025-11-24T21:21:47.985+0000] {taskinstance.py:3131} INFO - Exporting env vars: AIRFLOW_CTX_DAG_OWNER='***' AIRFLOW_CTX_DAG_ID='stock_elt_dbt' AIRFLOW_CTX_TASK_ID='dbt_deps' AIRFLOW_CTX_EXECUTION_DATE='2025-11-24T21:21:46.006444+00:00' AIRFLOW_CTX_TRY_NUMBER='1' AIRFLOW_CTX_DAG_RUN_ID='manual__2025-11-24T21:21:46.006444+00:00'
[2025-11-24T21:21:47.986+0000] {taskinstance.py:731} INFO - ::endgroup::
[2025-11-24T21:21:48.017+0000] {subprocess.py:63} INFO - Tmp dir root location: /tmp
[2025-11-24T21:21:48.019+0000] {subprocess.py:75} INFO - Running command: ['/usr/bin/bash', '-c', 'cd /opt/***/dbt/stock_analytics && if [ -x /home/***/.local/bin/dbt ]; then DBT_BIN=/home/***/.local/bin/dbt; elif command -v dbt >/dev/null 2>&1; then DBT_BIN="$(command -v dbt)"; else DBT_BIN="python -m dbt.cli.main"; fi; $DBT_BIN deps --profiles-dir "$DBT_PROFILES_DIR"']
[2025-11-24T21:21:48.053+0000] {subprocess.py:86} INFO - Output:
[2025-11-24T21:21:52.809+0000] {subprocess.py:93} INFO - [0m21:21:52  Running with dbt=1.8.8
[2025-11-24T21:21:53.120+0000] {subprocess.py:93} INFO - [0m21:21:53  Warning: No packages were found in packages.yml
[2025-11-24T21:21:53.130+0000] {subprocess.py:93} INFO - [0m21:21:53  Warning: No packages were found in packages.yml
[2025-11-24T21:21:54.103+0000] {subprocess.py:97} INFO - Command exited with return code 0
[2025-11-24T21:21:54.168+0000] {taskinstance.py:340} INFO - ::group::Post task execution logs
[2025-11-24T21:21:54.169+0000] {taskinstance.py:352} INFO - Marking task as SUCCESS. dag_id=stock_elt_dbt, task_id=dbt_deps, run_id=manual__2025-11-24T21:21:46.006444+00:00, execution_date=20251124T212146, start_date=20251124T212147, end_date=20251124T212154
[2025-11-24T21:21:54.248+0000] {local_task_job_runner.py:266} INFO - Task exited with return code 0
[2025-11-24T21:21:54.317+0000] {taskinstance.py:3900} INFO - 1 downstream tasks scheduled from follow-on schedule check
[2025-11-24T21:21:54.323+0000] {local_task_job_runner.py:245} INFO - ::endgroup::
