[2025-10-06T08:13:25.725+0000] {local_task_job_runner.py:123} INFO - ::group::Pre task execution logs
[2025-10-06T08:13:25.750+0000] {taskinstance.py:2612} INFO - Dependencies all met for dep_context=non-requeueable deps ti=<TaskInstance: ETL_DAG.load_to_snowflake manual__2025-10-06T08:13:03.308800+00:00 [queued]>
[2025-10-06T08:13:25.765+0000] {taskinstance.py:2612} INFO - Dependencies all met for dep_context=requeueable deps ti=<TaskInstance: ETL_DAG.load_to_snowflake manual__2025-10-06T08:13:03.308800+00:00 [queued]>
[2025-10-06T08:13:25.766+0000] {taskinstance.py:2865} INFO - Starting attempt 1 of 1
[2025-10-06T08:13:25.787+0000] {taskinstance.py:2888} INFO - Executing <Task(_PythonDecoratedOperator): load_to_snowflake> on 2025-10-06 08:13:03.308800+00:00
[2025-10-06T08:13:25.804+0000] {logging_mixin.py:190} WARNING - /home/***/.local/lib/python3.12/site-packages/***/task/task_runner/standard_task_runner.py:70 DeprecationWarning: This process (pid=378) is multi-threaded, use of fork() may lead to deadlocks in the child.
[2025-10-06T08:13:25.804+0000] {standard_task_runner.py:104} INFO - Running: ['***', 'tasks', 'run', 'ETL_DAG', 'load_to_snowflake', 'manual__2025-10-06T08:13:03.308800+00:00', '--job-id', '32', '--raw', '--subdir', 'DAGS_FOLDER/lab1.py', '--cfg-path', '/tmp/tmp1lvnvs76']
[2025-10-06T08:13:25.806+0000] {standard_task_runner.py:105} INFO - Job 32: Subtask load_to_snowflake
[2025-10-06T08:13:25.806+0000] {standard_task_runner.py:72} INFO - Started process 381 to run task
[2025-10-06T08:13:25.900+0000] {task_command.py:467} INFO - Running <TaskInstance: ETL_DAG.load_to_snowflake manual__2025-10-06T08:13:03.308800+00:00 [running]> on host 9687909d01a5
[2025-10-06T08:13:26.199+0000] {taskinstance.py:3131} INFO - Exporting env vars: AIRFLOW_CTX_DAG_OWNER='***' AIRFLOW_CTX_DAG_ID='ETL_DAG' AIRFLOW_CTX_TASK_ID='load_to_snowflake' AIRFLOW_CTX_EXECUTION_DATE='2025-10-06T08:13:03.308800+00:00' AIRFLOW_CTX_TRY_NUMBER='1' AIRFLOW_CTX_DAG_RUN_ID='manual__2025-10-06T08:13:03.308800+00:00'
[2025-10-06T08:13:26.201+0000] {taskinstance.py:731} INFO - ::endgroup::
[2025-10-06T08:13:26.612+0000] {cursor.py:1156} INFO - Number of results in first chunk: 1
[2025-10-06T08:13:26.791+0000] {cursor.py:1156} INFO - Number of results in first chunk: 1
[2025-10-06T08:13:27.034+0000] {cursor.py:1156} INFO - Number of results in first chunk: 1
[2025-10-06T08:13:27.181+0000] {cursor.py:1156} INFO - Number of results in first chunk: 1
[2025-10-06T08:18:43.895+0000] {cursor.py:1156} INFO - Number of results in first chunk: 1
[2025-10-06T08:18:43.904+0000] {python.py:240} INFO - Done. Returned value was: None
[2025-10-06T08:18:43.967+0000] {taskinstance.py:340} INFO - ::group::Post task execution logs
[2025-10-06T08:18:43.970+0000] {taskinstance.py:352} INFO - Marking task as SUCCESS. dag_id=ETL_DAG, task_id=load_to_snowflake, run_id=manual__2025-10-06T08:13:03.308800+00:00, execution_date=20251006T081303, start_date=20251006T081325, end_date=20251006T081843
[2025-10-06T08:18:44.043+0000] {local_task_job_runner.py:266} INFO - Task exited with return code 0
[2025-10-06T08:18:44.104+0000] {taskinstance.py:3900} INFO - 0 downstream tasks scheduled from follow-on schedule check
[2025-10-06T08:18:44.108+0000] {local_task_job_runner.py:245} INFO - ::endgroup::
