[2025-10-28T19:30:19.786+0000] {local_task_job_runner.py:123} INFO - ::group::Pre task execution logs
[2025-10-28T19:30:19.828+0000] {taskinstance.py:2612} INFO - Dependencies all met for dep_context=non-requeueable deps ti=<TaskInstance: Stock_Forecasting_DAG.predict scheduled__2025-10-07T03:00:00+00:00 [queued]>
[2025-10-28T19:30:19.853+0000] {taskinstance.py:2612} INFO - Dependencies all met for dep_context=requeueable deps ti=<TaskInstance: Stock_Forecasting_DAG.predict scheduled__2025-10-07T03:00:00+00:00 [queued]>
[2025-10-28T19:30:19.855+0000] {taskinstance.py:2865} INFO - Starting attempt 1 of 1
[2025-10-28T19:30:19.915+0000] {taskinstance.py:2888} INFO - Executing <Task(_PythonDecoratedOperator): predict> on 2025-10-07 03:00:00+00:00
[2025-10-28T19:30:20.008+0000] {standard_task_runner.py:104} INFO - Running: ['***', 'tasks', 'run', 'Stock_Forecasting_DAG', 'predict', 'scheduled__2025-10-07T03:00:00+00:00', '--job-id', '170', '--raw', '--subdir', 'DAGS_FOLDER/lab1.py', '--cfg-path', '/tmp/tmpodc_afg4']
[2025-10-28T19:30:20.006+0000] {logging_mixin.py:190} WARNING - /home/***/.local/lib/python3.12/site-packages/***/task/task_runner/standard_task_runner.py:70 DeprecationWarning: This process (pid=500) is multi-threaded, use of fork() may lead to deadlocks in the child.
[2025-10-28T19:30:20.012+0000] {standard_task_runner.py:105} INFO - Job 170: Subtask predict
[2025-10-28T19:30:20.014+0000] {standard_task_runner.py:72} INFO - Started process 518 to run task
[2025-10-28T19:30:20.592+0000] {task_command.py:467} INFO - Running <TaskInstance: Stock_Forecasting_DAG.predict scheduled__2025-10-07T03:00:00+00:00 [running]> on host f515708a0f95
[2025-10-28T19:30:21.363+0000] {taskinstance.py:3131} INFO - Exporting env vars: AIRFLOW_CTX_DAG_OWNER='***' AIRFLOW_CTX_DAG_ID='Stock_Forecasting_DAG' AIRFLOW_CTX_TASK_ID='predict' AIRFLOW_CTX_EXECUTION_DATE='2025-10-07T03:00:00+00:00' AIRFLOW_CTX_TRY_NUMBER='1' AIRFLOW_CTX_DAG_RUN_ID='scheduled__2025-10-07T03:00:00+00:00'
[2025-10-28T19:30:21.381+0000] {taskinstance.py:731} INFO - ::endgroup::
[2025-10-28T19:30:49.956+0000] {cursor.py:1156} INFO - Number of results in first chunk: 1
[2025-10-28T19:30:50.328+0000] {cursor.py:1156} INFO - Number of results in first chunk: 1
[2025-10-28T19:30:51.424+0000] {cursor.py:1156} INFO - Number of results in first chunk: 1
[2025-10-28T19:30:51.436+0000] {python.py:240} INFO - Done. Returned value was: None
[2025-10-28T19:30:51.689+0000] {taskinstance.py:340} INFO - ::group::Post task execution logs
[2025-10-28T19:30:51.696+0000] {taskinstance.py:352} INFO - Marking task as SUCCESS. dag_id=Stock_Forecasting_DAG, task_id=predict, run_id=scheduled__2025-10-07T03:00:00+00:00, execution_date=20251007T030000, start_date=20251028T193019, end_date=20251028T193051
[2025-10-28T19:30:52.543+0000] {local_task_job_runner.py:266} INFO - Task exited with return code 0
[2025-10-28T19:30:52.994+0000] {taskinstance.py:3900} INFO - 0 downstream tasks scheduled from follow-on schedule check
[2025-10-28T19:30:53.005+0000] {local_task_job_runner.py:245} INFO - ::endgroup::
