[2025-11-25T02:30:55.189+0000] {local_task_job_runner.py:123} INFO - ::group::Pre task execution logs
[2025-11-25T02:30:55.216+0000] {taskinstance.py:2612} INFO - Dependencies all met for dep_context=non-requeueable deps ti=<TaskInstance: stock_elt_dbt.dbt_snapshot manual__2025-11-25T02:30:15.727870+00:00 [queued]>
[2025-11-25T02:30:55.233+0000] {taskinstance.py:2612} INFO - Dependencies all met for dep_context=requeueable deps ti=<TaskInstance: stock_elt_dbt.dbt_snapshot manual__2025-11-25T02:30:15.727870+00:00 [queued]>
[2025-11-25T02:30:55.234+0000] {taskinstance.py:2865} INFO - Starting attempt 1 of 1
[2025-11-25T02:30:55.268+0000] {taskinstance.py:2888} INFO - Executing <Task(BashOperator): dbt_snapshot> on 2025-11-25 02:30:15.727870+00:00
[2025-11-25T02:30:55.283+0000] {standard_task_runner.py:104} INFO - Running: ['***', 'tasks', 'run', 'stock_elt_dbt', 'dbt_snapshot', 'manual__2025-11-25T02:30:15.727870+00:00', '--job-id', '135', '--raw', '--subdir', 'DAGS_FOLDER/stock_elt_dbt.py', '--cfg-path', '/tmp/tmpo6ap6pr8']
[2025-11-25T02:30:55.291+0000] {standard_task_runner.py:105} INFO - Job 135: Subtask dbt_snapshot
[2025-11-25T02:30:55.312+0000] {logging_mixin.py:190} WARNING - /home/***/.local/lib/python3.12/site-packages/***/task/task_runner/standard_task_runner.py:70 DeprecationWarning: This process (pid=17117) is multi-threaded, use of fork() may lead to deadlocks in the child.
[2025-11-25T02:30:55.314+0000] {standard_task_runner.py:72} INFO - Started process 17118 to run task
[2025-11-25T02:30:55.399+0000] {task_command.py:467} INFO - Running <TaskInstance: stock_elt_dbt.dbt_snapshot manual__2025-11-25T02:30:15.727870+00:00 [running]> on host 638b31fa7dcc
[2025-11-25T02:30:55.560+0000] {taskinstance.py:3131} INFO - Exporting env vars: AIRFLOW_CTX_DAG_OWNER='***' AIRFLOW_CTX_DAG_ID='stock_elt_dbt' AIRFLOW_CTX_TASK_ID='dbt_snapshot' AIRFLOW_CTX_EXECUTION_DATE='2025-11-25T02:30:15.727870+00:00' AIRFLOW_CTX_TRY_NUMBER='1' AIRFLOW_CTX_DAG_RUN_ID='manual__2025-11-25T02:30:15.727870+00:00'
[2025-11-25T02:30:55.561+0000] {taskinstance.py:731} INFO - ::endgroup::
[2025-11-25T02:30:55.589+0000] {subprocess.py:63} INFO - Tmp dir root location: /tmp
[2025-11-25T02:30:55.592+0000] {subprocess.py:75} INFO - Running command: ['/usr/bin/bash', '-c', 'cd /opt/***/dbt/stock_analytics && if [ -x /home/***/.local/bin/dbt ]; then DBT_BIN=/home/***/.local/bin/dbt; elif command -v dbt >/dev/null 2>&1; then DBT_BIN="$(command -v dbt)"; else DBT_BIN="python -m dbt.cli.main"; fi; $DBT_BIN snapshot --target prod --profiles-dir "$DBT_PROFILES_DIR"']
[2025-11-25T02:30:55.606+0000] {subprocess.py:86} INFO - Output:
[2025-11-25T02:30:58.752+0000] {subprocess.py:93} INFO - [0m02:30:58  Running with dbt=1.8.8
[2025-11-25T02:31:00.319+0000] {subprocess.py:93} INFO - [0m02:31:00  Registered adapter: snowflake=1.8.4
[2025-11-25T02:31:01.164+0000] {subprocess.py:93} INFO - [0m02:31:01  Found 4 models, 1 snapshot, 6 data tests, 1 source, 454 macros
[2025-11-25T02:31:01.173+0000] {subprocess.py:93} INFO - [0m02:31:01
[2025-11-25T02:31:03.446+0000] {subprocess.py:93} INFO - [0m02:31:03  Concurrency: 1 threads (target='prod')
[2025-11-25T02:31:03.448+0000] {subprocess.py:93} INFO - [0m02:31:03
[2025-11-25T02:31:03.469+0000] {subprocess.py:93} INFO - [0m02:31:03  1 of 1 START snapshot ANALYTICS.snap_market_data ............................... [RUN]
[2025-11-25T02:31:05.175+0000] {subprocess.py:93} INFO - [0m02:31:05  1 of 1 ERROR snapshotting ANALYTICS.snap_market_data ........................... [[31mERROR[0m in 1.70s]
[2025-11-25T02:31:05.184+0000] {subprocess.py:93} INFO - [0m02:31:05
[2025-11-25T02:31:05.185+0000] {subprocess.py:93} INFO - [0m02:31:05  Finished running 1 snapshot in 0 hours 0 minutes and 4.01 seconds (4.01s).
[2025-11-25T02:31:05.319+0000] {subprocess.py:93} INFO - [0m02:31:05
[2025-11-25T02:31:05.322+0000] {subprocess.py:93} INFO - [0m02:31:05  [31mCompleted with 1 error and 0 warnings:[0m
[2025-11-25T02:31:05.325+0000] {subprocess.py:93} INFO - [0m02:31:05
[2025-11-25T02:31:05.328+0000] {subprocess.py:93} INFO - [0m02:31:05    Database Error in snapshot snap_market_data (snapshots/snap_market_data.sql)
[2025-11-25T02:31:05.329+0000] {subprocess.py:93} INFO -   000904 (42000): SQL compilation error: error line 26 at position 12
[2025-11-25T02:31:05.331+0000] {subprocess.py:93} INFO -   invalid identifier 'SNAPSHOT_KEY'
[2025-11-25T02:31:05.333+0000] {subprocess.py:93} INFO - [0m02:31:05
[2025-11-25T02:31:05.334+0000] {subprocess.py:93} INFO - [0m02:31:05  Done. PASS=0 WARN=0 ERROR=1 SKIP=0 TOTAL=1
[2025-11-25T02:31:06.361+0000] {subprocess.py:97} INFO - Command exited with return code 1
[2025-11-25T02:31:06.378+0000] {taskinstance.py:3310} ERROR - Task failed with exception
Traceback (most recent call last):
  File "/home/airflow/.local/lib/python3.12/site-packages/airflow/models/taskinstance.py", line 767, in _execute_task
    result = _execute_callable(context=context, **execute_callable_kwargs)
             ^^^^^^^^^^^^^^^^^^^^^^^^^^^^^^^^^^^^^^^^^^^^^^^^^^^^^^^^^^^^^
  File "/home/airflow/.local/lib/python3.12/site-packages/airflow/models/taskinstance.py", line 733, in _execute_callable
    return ExecutionCallableRunner(
           ^^^^^^^^^^^^^^^^^^^^^^^^
  File "/home/airflow/.local/lib/python3.12/site-packages/airflow/utils/operator_helpers.py", line 252, in run
    return self.func(*args, **kwargs)
           ^^^^^^^^^^^^^^^^^^^^^^^^^^
  File "/home/airflow/.local/lib/python3.12/site-packages/airflow/models/baseoperator.py", line 406, in wrapper
    return func(self, *args, **kwargs)
           ^^^^^^^^^^^^^^^^^^^^^^^^^^^
  File "/home/airflow/.local/lib/python3.12/site-packages/airflow/operators/bash.py", line 249, in execute
    raise AirflowException(
airflow.exceptions.AirflowException: Bash command failed. The command returned a non-zero exit code 1.
[2025-11-25T02:31:06.389+0000] {taskinstance.py:1225} INFO - Marking task as FAILED. dag_id=stock_elt_dbt, task_id=dbt_snapshot, run_id=manual__2025-11-25T02:30:15.727870+00:00, execution_date=20251125T023015, start_date=20251125T023055, end_date=20251125T023106
[2025-11-25T02:31:06.415+0000] {taskinstance.py:340} INFO - ::group::Post task execution logs
[2025-11-25T02:31:06.416+0000] {standard_task_runner.py:124} ERROR - Failed to execute job 135 for task dbt_snapshot (Bash command failed. The command returned a non-zero exit code 1.; 17118)
Traceback (most recent call last):
  File "/home/airflow/.local/lib/python3.12/site-packages/airflow/task/task_runner/standard_task_runner.py", line 117, in _start_by_fork
    ret = args.func(args, dag=self.dag)
          ^^^^^^^^^^^^^^^^^^^^^^^^^^^^^
  File "/home/airflow/.local/lib/python3.12/site-packages/airflow/cli/cli_config.py", line 49, in command
    return func(*args, **kwargs)
           ^^^^^^^^^^^^^^^^^^^^^
  File "/home/airflow/.local/lib/python3.12/site-packages/airflow/utils/cli.py", line 115, in wrapper
    return f(*args, **kwargs)
           ^^^^^^^^^^^^^^^^^^
  File "/home/airflow/.local/lib/python3.12/site-packages/airflow/cli/commands/task_command.py", line 483, in task_run
    task_return_code = _run_task_by_selected_method(args, _dag, ti)
                       ^^^^^^^^^^^^^^^^^^^^^^^^^^^^^^^^^^^^^^^^^^^^
  File "/home/airflow/.local/lib/python3.12/site-packages/airflow/cli/commands/task_command.py", line 256, in _run_task_by_selected_method
    return _run_raw_task(args, ti)
           ^^^^^^^^^^^^^^^^^^^^^^^
  File "/home/airflow/.local/lib/python3.12/site-packages/airflow/cli/commands/task_command.py", line 341, in _run_raw_task
    return ti._run_raw_task(
           ^^^^^^^^^^^^^^^^^
  File "/home/airflow/.local/lib/python3.12/site-packages/airflow/utils/session.py", line 97, in wrapper
    return func(*args, session=session, **kwargs)
           ^^^^^^^^^^^^^^^^^^^^^^^^^^^^^^^^^^^^^^
  File "/home/airflow/.local/lib/python3.12/site-packages/airflow/models/taskinstance.py", line 3004, in _run_raw_task
    return _run_raw_task(
           ^^^^^^^^^^^^^^
  File "/home/airflow/.local/lib/python3.12/site-packages/airflow/models/taskinstance.py", line 273, in _run_raw_task
    TaskInstance._execute_task_with_callbacks(
  File "/home/airflow/.local/lib/python3.12/site-packages/airflow/models/taskinstance.py", line 3158, in _execute_task_with_callbacks
    result = self._execute_task(context, task_orig)
             ^^^^^^^^^^^^^^^^^^^^^^^^^^^^^^^^^^^^^^
  File "/home/airflow/.local/lib/python3.12/site-packages/airflow/models/taskinstance.py", line 3182, in _execute_task
    return _execute_task(self, context, task_orig)
           ^^^^^^^^^^^^^^^^^^^^^^^^^^^^^^^^^^^^^^^
  File "/home/airflow/.local/lib/python3.12/site-packages/airflow/models/taskinstance.py", line 767, in _execute_task
    result = _execute_callable(context=context, **execute_callable_kwargs)
             ^^^^^^^^^^^^^^^^^^^^^^^^^^^^^^^^^^^^^^^^^^^^^^^^^^^^^^^^^^^^^
  File "/home/airflow/.local/lib/python3.12/site-packages/airflow/models/taskinstance.py", line 733, in _execute_callable
    return ExecutionCallableRunner(
           ^^^^^^^^^^^^^^^^^^^^^^^^
  File "/home/airflow/.local/lib/python3.12/site-packages/airflow/utils/operator_helpers.py", line 252, in run
    return self.func(*args, **kwargs)
           ^^^^^^^^^^^^^^^^^^^^^^^^^^
  File "/home/airflow/.local/lib/python3.12/site-packages/airflow/models/baseoperator.py", line 406, in wrapper
    return func(self, *args, **kwargs)
           ^^^^^^^^^^^^^^^^^^^^^^^^^^^
  File "/home/airflow/.local/lib/python3.12/site-packages/airflow/operators/bash.py", line 249, in execute
    raise AirflowException(
airflow.exceptions.AirflowException: Bash command failed. The command returned a non-zero exit code 1.
[2025-11-25T02:31:06.437+0000] {local_task_job_runner.py:266} INFO - Task exited with return code 1
[2025-11-25T02:31:06.470+0000] {taskinstance.py:3900} INFO - 0 downstream tasks scheduled from follow-on schedule check
[2025-11-25T02:31:06.473+0000] {local_task_job_runner.py:245} INFO - ::endgroup::
