[2025-11-24T08:32:41.336+0000] {local_task_job_runner.py:123} INFO - ::group::Pre task execution logs
[2025-11-24T08:32:41.369+0000] {taskinstance.py:2612} INFO - Dependencies all met for dep_context=non-requeueable deps ti=<TaskInstance: stock_elt_dbt.dbt_deps manual__2025-11-24T08:32:23.170716+00:00 [queued]>
[2025-11-24T08:32:41.385+0000] {taskinstance.py:2612} INFO - Dependencies all met for dep_context=requeueable deps ti=<TaskInstance: stock_elt_dbt.dbt_deps manual__2025-11-24T08:32:23.170716+00:00 [queued]>
[2025-11-24T08:32:41.386+0000] {taskinstance.py:2865} INFO - Starting attempt 1 of 1
[2025-11-24T08:32:41.417+0000] {taskinstance.py:2888} INFO - Executing <Task(BashOperator): dbt_deps> on 2025-11-24 08:32:23.170716+00:00
[2025-11-24T08:32:41.428+0000] {standard_task_runner.py:104} INFO - Running: ['***', 'tasks', 'run', 'stock_elt_dbt', 'dbt_deps', 'manual__2025-11-24T08:32:23.170716+00:00', '--job-id', '82', '--raw', '--subdir', 'DAGS_FOLDER/stock_elt_dbt.py', '--cfg-path', '/tmp/tmp89_umiav']
[2025-11-24T08:32:41.432+0000] {standard_task_runner.py:105} INFO - Job 82: Subtask dbt_deps
[2025-11-24T08:32:41.435+0000] {logging_mixin.py:190} WARNING - /home/***/.local/lib/python3.12/site-packages/***/task/task_runner/standard_task_runner.py:70 DeprecationWarning: This process (pid=612) is multi-threaded, use of fork() may lead to deadlocks in the child.
[2025-11-24T08:32:41.438+0000] {standard_task_runner.py:72} INFO - Started process 613 to run task
[2025-11-24T08:32:41.511+0000] {task_command.py:467} INFO - Running <TaskInstance: stock_elt_dbt.dbt_deps manual__2025-11-24T08:32:23.170716+00:00 [running]> on host c8099c57df18
[2025-11-24T08:32:41.688+0000] {taskinstance.py:3131} INFO - Exporting env vars: AIRFLOW_CTX_DAG_OWNER='***' AIRFLOW_CTX_DAG_ID='stock_elt_dbt' AIRFLOW_CTX_TASK_ID='dbt_deps' AIRFLOW_CTX_EXECUTION_DATE='2025-11-24T08:32:23.170716+00:00' AIRFLOW_CTX_TRY_NUMBER='1' AIRFLOW_CTX_DAG_RUN_ID='manual__2025-11-24T08:32:23.170716+00:00'
[2025-11-24T08:32:41.690+0000] {taskinstance.py:731} INFO - ::endgroup::
[2025-11-24T08:32:41.716+0000] {subprocess.py:63} INFO - Tmp dir root location: /tmp
[2025-11-24T08:32:41.717+0000] {subprocess.py:75} INFO - Running command: ['/usr/bin/bash', '-c', 'cd /opt/***/dbt/stock_analytics && if [ -x /home/***/.local/bin/dbt ]; then DBT_BIN=/home/***/.local/bin/dbt; elif command -v dbt >/dev/null 2>&1; then DBT_BIN="$(command -v dbt)"; else DBT_BIN="python -m dbt.cli.main"; fi; $DBT_BIN deps']
[2025-11-24T08:32:41.731+0000] {subprocess.py:86} INFO - Output:
[2025-11-24T08:32:45.441+0000] {subprocess.py:93} INFO - [0m08:32:45  Running with dbt=1.8.8
[2025-11-24T08:32:45.717+0000] {subprocess.py:93} INFO - [0m08:32:45  Warning: No packages were found in packages.yml
[2025-11-24T08:32:45.723+0000] {subprocess.py:93} INFO - [0m08:32:45  Warning: No packages were found in packages.yml
[2025-11-24T08:32:46.446+0000] {subprocess.py:97} INFO - Command exited with return code 0
[2025-11-24T08:32:46.503+0000] {taskinstance.py:340} INFO - ::group::Post task execution logs
[2025-11-24T08:32:46.505+0000] {taskinstance.py:352} INFO - Marking task as SUCCESS. dag_id=stock_elt_dbt, task_id=dbt_deps, run_id=manual__2025-11-24T08:32:23.170716+00:00, execution_date=20251124T083223, start_date=20251124T083241, end_date=20251124T083246
[2025-11-24T08:32:46.536+0000] {local_task_job_runner.py:266} INFO - Task exited with return code 0
[2025-11-24T08:32:46.579+0000] {taskinstance.py:3900} INFO - 1 downstream tasks scheduled from follow-on schedule check
[2025-11-24T08:32:46.583+0000] {local_task_job_runner.py:245} INFO - ::endgroup::
