[2025-11-24T02:14:24.409+0000] {local_task_job_runner.py:123} INFO - ::group::Pre task execution logs
[2025-11-24T02:14:24.981+0000] {taskinstance.py:2612} INFO - Dependencies all met for dep_context=non-requeueable deps ti=<TaskInstance: stock_elt_dbt.wait_for_etl scheduled__2025-11-22T02:45:00+00:00 [queued]>
[2025-11-24T02:14:25.088+0000] {taskinstance.py:2612} INFO - Dependencies all met for dep_context=requeueable deps ti=<TaskInstance: stock_elt_dbt.wait_for_etl scheduled__2025-11-22T02:45:00+00:00 [queued]>
[2025-11-24T02:14:25.090+0000] {taskinstance.py:2865} INFO - Starting attempt 1 of 2
[2025-11-24T02:14:25.364+0000] {taskinstance.py:2888} INFO - Executing <Task(ExternalTaskSensor): wait_for_etl> on 2025-11-22 02:45:00+00:00
[2025-11-24T02:14:25.445+0000] {logging_mixin.py:190} WARNING - /home/***/.local/lib/python3.12/site-packages/***/task/task_runner/standard_task_runner.py:70 DeprecationWarning: This process (pid=3957) is multi-threaded, use of fork() may lead to deadlocks in the child.
[2025-11-24T02:14:25.449+0000] {standard_task_runner.py:72} INFO - Started process 3971 to run task
[2025-11-24T02:14:25.501+0000] {standard_task_runner.py:104} INFO - Running: ['***', 'tasks', 'run', 'stock_elt_dbt', 'wait_for_etl', 'scheduled__2025-11-22T02:45:00+00:00', '--job-id', '2', '--raw', '--subdir', 'DAGS_FOLDER/stock_elt_dbt.py', '--cfg-path', '/tmp/tmplfv0e3xr']
[2025-11-24T02:14:25.522+0000] {standard_task_runner.py:105} INFO - Job 2: Subtask wait_for_etl
[2025-11-24T02:14:25.956+0000] {task_command.py:467} INFO - Running <TaskInstance: stock_elt_dbt.wait_for_etl scheduled__2025-11-22T02:45:00+00:00 [running]> on host dc467a0567ff
[2025-11-24T02:14:27.383+0000] {taskinstance.py:3131} INFO - Exporting env vars: AIRFLOW_CTX_DAG_OWNER='lab2' AIRFLOW_CTX_DAG_ID='stock_elt_dbt' AIRFLOW_CTX_TASK_ID='wait_for_etl' AIRFLOW_CTX_EXECUTION_DATE='2025-11-22T02:45:00+00:00' AIRFLOW_CTX_TRY_NUMBER='1' AIRFLOW_CTX_DAG_RUN_ID='scheduled__2025-11-22T02:45:00+00:00'
[2025-11-24T02:14:27.398+0000] {taskinstance.py:731} INFO - ::endgroup::
[2025-11-24T02:14:27.522+0000] {baseoperator.py:405} WARNING - ExternalTaskSensor.execute cannot be called outside TaskInstance!
[2025-11-24T02:14:27.601+0000] {external_task.py:258} INFO - Poking for tasks ['end'] in dag stock_etl_yfinance on 2025-11-22T02:45:00+00:00 ... 
[2025-11-24T02:14:27.648+0000] {logging_mixin.py:190} WARNING - /home/***/.local/lib/python3.12/site-packages/***/utils/session.py:97 DeprecationWarning: This method is deprecated and will be removed in future.
[2025-11-24T02:14:27.819+0000] {taskinstance.py:309} INFO - Rescheduling task, marking task as UP_FOR_RESCHEDULE
[2025-11-24T02:14:27.826+0000] {taskinstance.py:340} INFO - ::group::Post task execution logs
[2025-11-24T02:14:27.917+0000] {local_task_job_runner.py:266} INFO - Task exited with return code 0
[2025-11-24T02:14:28.079+0000] {taskinstance.py:3900} INFO - 0 downstream tasks scheduled from follow-on schedule check
[2025-11-24T02:14:28.093+0000] {local_task_job_runner.py:245} INFO - ::endgroup::
[2025-11-24T02:15:29.049+0000] {local_task_job_runner.py:123} INFO - ::group::Pre task execution logs
[2025-11-24T02:15:29.121+0000] {taskinstance.py:2612} INFO - Dependencies all met for dep_context=non-requeueable deps ti=<TaskInstance: stock_elt_dbt.wait_for_etl scheduled__2025-11-22T02:45:00+00:00 [queued]>
[2025-11-24T02:15:29.147+0000] {taskinstance.py:2612} INFO - Dependencies all met for dep_context=requeueable deps ti=<TaskInstance: stock_elt_dbt.wait_for_etl scheduled__2025-11-22T02:45:00+00:00 [queued]>
[2025-11-24T02:15:29.149+0000] {taskinstance.py:2865} INFO - Starting attempt 1 of 2
[2025-11-24T02:15:29.182+0000] {taskinstance.py:2888} INFO - Executing <Task(ExternalTaskSensor): wait_for_etl> on 2025-11-22 02:45:00+00:00
[2025-11-24T02:15:29.224+0000] {standard_task_runner.py:104} INFO - Running: ['***', 'tasks', 'run', 'stock_elt_dbt', 'wait_for_etl', 'scheduled__2025-11-22T02:45:00+00:00', '--job-id', '9', '--raw', '--subdir', 'DAGS_FOLDER/stock_elt_dbt.py', '--cfg-path', '/tmp/tmp_b4z2m6k']
[2025-11-24T02:15:29.236+0000] {standard_task_runner.py:105} INFO - Job 9: Subtask wait_for_etl
[2025-11-24T02:15:29.241+0000] {logging_mixin.py:190} WARNING - /home/***/.local/lib/python3.12/site-packages/***/task/task_runner/standard_task_runner.py:70 DeprecationWarning: This process (pid=4087) is multi-threaded, use of fork() may lead to deadlocks in the child.
[2025-11-24T02:15:29.243+0000] {standard_task_runner.py:72} INFO - Started process 4094 to run task
[2025-11-24T02:15:29.396+0000] {task_command.py:467} INFO - Running <TaskInstance: stock_elt_dbt.wait_for_etl scheduled__2025-11-22T02:45:00+00:00 [running]> on host dc467a0567ff
[2025-11-24T02:15:29.576+0000] {taskinstance.py:3131} INFO - Exporting env vars: AIRFLOW_CTX_DAG_OWNER='lab2' AIRFLOW_CTX_DAG_ID='stock_elt_dbt' AIRFLOW_CTX_TASK_ID='wait_for_etl' AIRFLOW_CTX_EXECUTION_DATE='2025-11-22T02:45:00+00:00' AIRFLOW_CTX_TRY_NUMBER='1' AIRFLOW_CTX_DAG_RUN_ID='scheduled__2025-11-22T02:45:00+00:00'
[2025-11-24T02:15:29.579+0000] {taskinstance.py:731} INFO - ::endgroup::
[2025-11-24T02:15:29.621+0000] {baseoperator.py:405} WARNING - ExternalTaskSensor.execute cannot be called outside TaskInstance!
[2025-11-24T02:15:29.642+0000] {external_task.py:258} INFO - Poking for tasks ['end'] in dag stock_etl_yfinance on 2025-11-22T02:45:00+00:00 ... 
[2025-11-24T02:15:29.656+0000] {logging_mixin.py:190} WARNING - /home/***/.local/lib/python3.12/site-packages/***/utils/session.py:97 DeprecationWarning: This method is deprecated and will be removed in future.
[2025-11-24T02:15:29.718+0000] {taskinstance.py:309} INFO - Rescheduling task, marking task as UP_FOR_RESCHEDULE
[2025-11-24T02:15:29.719+0000] {taskinstance.py:340} INFO - ::group::Post task execution logs
[2025-11-24T02:15:29.765+0000] {local_task_job_runner.py:266} INFO - Task exited with return code 0
[2025-11-24T02:15:29.821+0000] {taskinstance.py:3900} INFO - 0 downstream tasks scheduled from follow-on schedule check
[2025-11-24T02:15:29.826+0000] {local_task_job_runner.py:245} INFO - ::endgroup::
[2025-11-24T02:16:30.811+0000] {local_task_job_runner.py:123} INFO - ::group::Pre task execution logs
[2025-11-24T02:16:30.873+0000] {taskinstance.py:2612} INFO - Dependencies all met for dep_context=non-requeueable deps ti=<TaskInstance: stock_elt_dbt.wait_for_etl scheduled__2025-11-22T02:45:00+00:00 [queued]>
[2025-11-24T02:16:30.902+0000] {taskinstance.py:2612} INFO - Dependencies all met for dep_context=requeueable deps ti=<TaskInstance: stock_elt_dbt.wait_for_etl scheduled__2025-11-22T02:45:00+00:00 [queued]>
[2025-11-24T02:16:30.903+0000] {taskinstance.py:2865} INFO - Starting attempt 1 of 2
[2025-11-24T02:16:30.941+0000] {taskinstance.py:2888} INFO - Executing <Task(ExternalTaskSensor): wait_for_etl> on 2025-11-22 02:45:00+00:00
[2025-11-24T02:16:30.959+0000] {standard_task_runner.py:104} INFO - Running: ['***', 'tasks', 'run', 'stock_elt_dbt', 'wait_for_etl', 'scheduled__2025-11-22T02:45:00+00:00', '--job-id', '10', '--raw', '--subdir', 'DAGS_FOLDER/stock_elt_dbt.py', '--cfg-path', '/tmp/tmpyjmmwlah']
[2025-11-24T02:16:30.977+0000] {standard_task_runner.py:105} INFO - Job 10: Subtask wait_for_etl
[2025-11-24T02:16:30.986+0000] {logging_mixin.py:190} WARNING - /home/***/.local/lib/python3.12/site-packages/***/task/task_runner/standard_task_runner.py:70 DeprecationWarning: This process (pid=4176) is multi-threaded, use of fork() may lead to deadlocks in the child.
[2025-11-24T02:16:30.994+0000] {standard_task_runner.py:72} INFO - Started process 4187 to run task
[2025-11-24T02:16:31.182+0000] {task_command.py:467} INFO - Running <TaskInstance: stock_elt_dbt.wait_for_etl scheduled__2025-11-22T02:45:00+00:00 [running]> on host dc467a0567ff
[2025-11-24T02:16:31.412+0000] {taskinstance.py:3131} INFO - Exporting env vars: AIRFLOW_CTX_DAG_OWNER='lab2' AIRFLOW_CTX_DAG_ID='stock_elt_dbt' AIRFLOW_CTX_TASK_ID='wait_for_etl' AIRFLOW_CTX_EXECUTION_DATE='2025-11-22T02:45:00+00:00' AIRFLOW_CTX_TRY_NUMBER='1' AIRFLOW_CTX_DAG_RUN_ID='scheduled__2025-11-22T02:45:00+00:00'
[2025-11-24T02:16:31.413+0000] {taskinstance.py:731} INFO - ::endgroup::
[2025-11-24T02:16:31.442+0000] {baseoperator.py:405} WARNING - ExternalTaskSensor.execute cannot be called outside TaskInstance!
[2025-11-24T02:16:31.456+0000] {external_task.py:258} INFO - Poking for tasks ['end'] in dag stock_etl_yfinance on 2025-11-22T02:45:00+00:00 ... 
[2025-11-24T02:16:31.467+0000] {logging_mixin.py:190} WARNING - /home/***/.local/lib/python3.12/site-packages/***/utils/session.py:97 DeprecationWarning: This method is deprecated and will be removed in future.
[2025-11-24T02:16:31.513+0000] {taskinstance.py:309} INFO - Rescheduling task, marking task as UP_FOR_RESCHEDULE
[2025-11-24T02:16:31.514+0000] {taskinstance.py:340} INFO - ::group::Post task execution logs
[2025-11-24T02:16:31.526+0000] {local_task_job_runner.py:266} INFO - Task exited with return code 0
[2025-11-24T02:16:31.576+0000] {taskinstance.py:3900} INFO - 0 downstream tasks scheduled from follow-on schedule check
[2025-11-24T02:16:31.579+0000] {local_task_job_runner.py:245} INFO - ::endgroup::
[2025-11-24T02:17:33.159+0000] {local_task_job_runner.py:123} INFO - ::group::Pre task execution logs
[2025-11-24T02:17:33.196+0000] {taskinstance.py:2612} INFO - Dependencies all met for dep_context=non-requeueable deps ti=<TaskInstance: stock_elt_dbt.wait_for_etl scheduled__2025-11-22T02:45:00+00:00 [queued]>
[2025-11-24T02:17:33.214+0000] {taskinstance.py:2612} INFO - Dependencies all met for dep_context=requeueable deps ti=<TaskInstance: stock_elt_dbt.wait_for_etl scheduled__2025-11-22T02:45:00+00:00 [queued]>
[2025-11-24T02:17:33.215+0000] {taskinstance.py:2865} INFO - Starting attempt 1 of 2
[2025-11-24T02:17:33.246+0000] {taskinstance.py:2888} INFO - Executing <Task(ExternalTaskSensor): wait_for_etl> on 2025-11-22 02:45:00+00:00
[2025-11-24T02:17:33.260+0000] {standard_task_runner.py:104} INFO - Running: ['***', 'tasks', 'run', 'stock_elt_dbt', 'wait_for_etl', 'scheduled__2025-11-22T02:45:00+00:00', '--job-id', '11', '--raw', '--subdir', 'DAGS_FOLDER/stock_elt_dbt.py', '--cfg-path', '/tmp/tmpsruzatvw']
[2025-11-24T02:17:33.267+0000] {standard_task_runner.py:105} INFO - Job 11: Subtask wait_for_etl
[2025-11-24T02:17:33.273+0000] {logging_mixin.py:190} WARNING - /home/***/.local/lib/python3.12/site-packages/***/task/task_runner/standard_task_runner.py:70 DeprecationWarning: This process (pid=4265) is multi-threaded, use of fork() may lead to deadlocks in the child.
[2025-11-24T02:17:33.275+0000] {standard_task_runner.py:72} INFO - Started process 4271 to run task
[2025-11-24T02:17:33.416+0000] {task_command.py:467} INFO - Running <TaskInstance: stock_elt_dbt.wait_for_etl scheduled__2025-11-22T02:45:00+00:00 [running]> on host dc467a0567ff
[2025-11-24T02:17:33.576+0000] {taskinstance.py:3131} INFO - Exporting env vars: AIRFLOW_CTX_DAG_OWNER='lab2' AIRFLOW_CTX_DAG_ID='stock_elt_dbt' AIRFLOW_CTX_TASK_ID='wait_for_etl' AIRFLOW_CTX_EXECUTION_DATE='2025-11-22T02:45:00+00:00' AIRFLOW_CTX_TRY_NUMBER='1' AIRFLOW_CTX_DAG_RUN_ID='scheduled__2025-11-22T02:45:00+00:00'
[2025-11-24T02:17:33.578+0000] {taskinstance.py:731} INFO - ::endgroup::
[2025-11-24T02:17:33.606+0000] {baseoperator.py:405} WARNING - ExternalTaskSensor.execute cannot be called outside TaskInstance!
[2025-11-24T02:17:33.620+0000] {external_task.py:258} INFO - Poking for tasks ['end'] in dag stock_etl_yfinance on 2025-11-22T02:45:00+00:00 ... 
[2025-11-24T02:17:33.630+0000] {logging_mixin.py:190} WARNING - /home/***/.local/lib/python3.12/site-packages/***/utils/session.py:97 DeprecationWarning: This method is deprecated and will be removed in future.
[2025-11-24T02:17:33.677+0000] {taskinstance.py:309} INFO - Rescheduling task, marking task as UP_FOR_RESCHEDULE
[2025-11-24T02:17:33.678+0000] {taskinstance.py:340} INFO - ::group::Post task execution logs
[2025-11-24T02:17:33.724+0000] {local_task_job_runner.py:266} INFO - Task exited with return code 0
[2025-11-24T02:17:33.776+0000] {taskinstance.py:3900} INFO - 0 downstream tasks scheduled from follow-on schedule check
[2025-11-24T02:17:33.779+0000] {local_task_job_runner.py:245} INFO - ::endgroup::
[2025-11-24T02:18:34.525+0000] {local_task_job_runner.py:123} INFO - ::group::Pre task execution logs
[2025-11-24T02:18:34.579+0000] {taskinstance.py:2612} INFO - Dependencies all met for dep_context=non-requeueable deps ti=<TaskInstance: stock_elt_dbt.wait_for_etl scheduled__2025-11-22T02:45:00+00:00 [queued]>
[2025-11-24T02:18:34.601+0000] {taskinstance.py:2612} INFO - Dependencies all met for dep_context=requeueable deps ti=<TaskInstance: stock_elt_dbt.wait_for_etl scheduled__2025-11-22T02:45:00+00:00 [queued]>
[2025-11-24T02:18:34.602+0000] {taskinstance.py:2865} INFO - Starting attempt 1 of 2
[2025-11-24T02:18:34.634+0000] {taskinstance.py:2888} INFO - Executing <Task(ExternalTaskSensor): wait_for_etl> on 2025-11-22 02:45:00+00:00
[2025-11-24T02:18:34.648+0000] {standard_task_runner.py:104} INFO - Running: ['***', 'tasks', 'run', 'stock_elt_dbt', 'wait_for_etl', 'scheduled__2025-11-22T02:45:00+00:00', '--job-id', '12', '--raw', '--subdir', 'DAGS_FOLDER/stock_elt_dbt.py', '--cfg-path', '/tmp/tmpqoqe1wso']
[2025-11-24T02:18:34.653+0000] {standard_task_runner.py:105} INFO - Job 12: Subtask wait_for_etl
[2025-11-24T02:18:34.663+0000] {logging_mixin.py:190} WARNING - /home/***/.local/lib/python3.12/site-packages/***/task/task_runner/standard_task_runner.py:70 DeprecationWarning: This process (pid=4347) is multi-threaded, use of fork() may lead to deadlocks in the child.
[2025-11-24T02:18:34.665+0000] {standard_task_runner.py:72} INFO - Started process 4356 to run task
[2025-11-24T02:18:34.855+0000] {task_command.py:467} INFO - Running <TaskInstance: stock_elt_dbt.wait_for_etl scheduled__2025-11-22T02:45:00+00:00 [running]> on host dc467a0567ff
[2025-11-24T02:18:35.019+0000] {taskinstance.py:3131} INFO - Exporting env vars: AIRFLOW_CTX_DAG_OWNER='lab2' AIRFLOW_CTX_DAG_ID='stock_elt_dbt' AIRFLOW_CTX_TASK_ID='wait_for_etl' AIRFLOW_CTX_EXECUTION_DATE='2025-11-22T02:45:00+00:00' AIRFLOW_CTX_TRY_NUMBER='1' AIRFLOW_CTX_DAG_RUN_ID='scheduled__2025-11-22T02:45:00+00:00'
[2025-11-24T02:18:35.020+0000] {taskinstance.py:731} INFO - ::endgroup::
[2025-11-24T02:18:35.050+0000] {baseoperator.py:405} WARNING - ExternalTaskSensor.execute cannot be called outside TaskInstance!
[2025-11-24T02:18:35.064+0000] {external_task.py:258} INFO - Poking for tasks ['end'] in dag stock_etl_yfinance on 2025-11-22T02:45:00+00:00 ... 
[2025-11-24T02:18:35.074+0000] {logging_mixin.py:190} WARNING - /home/***/.local/lib/python3.12/site-packages/***/utils/session.py:97 DeprecationWarning: This method is deprecated and will be removed in future.
[2025-11-24T02:18:35.121+0000] {taskinstance.py:309} INFO - Rescheduling task, marking task as UP_FOR_RESCHEDULE
[2025-11-24T02:18:35.122+0000] {taskinstance.py:340} INFO - ::group::Post task execution logs
[2025-11-24T02:18:35.143+0000] {local_task_job_runner.py:266} INFO - Task exited with return code 0
[2025-11-24T02:18:35.189+0000] {taskinstance.py:3900} INFO - 0 downstream tasks scheduled from follow-on schedule check
[2025-11-24T02:18:35.192+0000] {local_task_job_runner.py:245} INFO - ::endgroup::
[2025-11-24T02:19:36.106+0000] {local_task_job_runner.py:123} INFO - ::group::Pre task execution logs
[2025-11-24T02:19:36.168+0000] {taskinstance.py:2612} INFO - Dependencies all met for dep_context=non-requeueable deps ti=<TaskInstance: stock_elt_dbt.wait_for_etl scheduled__2025-11-22T02:45:00+00:00 [queued]>
[2025-11-24T02:19:36.192+0000] {taskinstance.py:2612} INFO - Dependencies all met for dep_context=requeueable deps ti=<TaskInstance: stock_elt_dbt.wait_for_etl scheduled__2025-11-22T02:45:00+00:00 [queued]>
[2025-11-24T02:19:36.194+0000] {taskinstance.py:2865} INFO - Starting attempt 1 of 2
[2025-11-24T02:19:36.237+0000] {taskinstance.py:2888} INFO - Executing <Task(ExternalTaskSensor): wait_for_etl> on 2025-11-22 02:45:00+00:00
[2025-11-24T02:19:36.265+0000] {standard_task_runner.py:104} INFO - Running: ['***', 'tasks', 'run', 'stock_elt_dbt', 'wait_for_etl', 'scheduled__2025-11-22T02:45:00+00:00', '--job-id', '13', '--raw', '--subdir', 'DAGS_FOLDER/stock_elt_dbt.py', '--cfg-path', '/tmp/tmpwnykmcsr']
[2025-11-24T02:19:36.270+0000] {standard_task_runner.py:105} INFO - Job 13: Subtask wait_for_etl
[2025-11-24T02:19:36.277+0000] {logging_mixin.py:190} WARNING - /home/***/.local/lib/python3.12/site-packages/***/task/task_runner/standard_task_runner.py:70 DeprecationWarning: This process (pid=4440) is multi-threaded, use of fork() may lead to deadlocks in the child.
[2025-11-24T02:19:36.280+0000] {standard_task_runner.py:72} INFO - Started process 4443 to run task
[2025-11-24T02:19:36.390+0000] {task_command.py:467} INFO - Running <TaskInstance: stock_elt_dbt.wait_for_etl scheduled__2025-11-22T02:45:00+00:00 [running]> on host dc467a0567ff
[2025-11-24T02:19:36.602+0000] {taskinstance.py:3131} INFO - Exporting env vars: AIRFLOW_CTX_DAG_OWNER='lab2' AIRFLOW_CTX_DAG_ID='stock_elt_dbt' AIRFLOW_CTX_TASK_ID='wait_for_etl' AIRFLOW_CTX_EXECUTION_DATE='2025-11-22T02:45:00+00:00' AIRFLOW_CTX_TRY_NUMBER='1' AIRFLOW_CTX_DAG_RUN_ID='scheduled__2025-11-22T02:45:00+00:00'
[2025-11-24T02:19:36.604+0000] {taskinstance.py:731} INFO - ::endgroup::
[2025-11-24T02:19:36.646+0000] {baseoperator.py:405} WARNING - ExternalTaskSensor.execute cannot be called outside TaskInstance!
[2025-11-24T02:19:36.666+0000] {external_task.py:258} INFO - Poking for tasks ['end'] in dag stock_etl_yfinance on 2025-11-22T02:45:00+00:00 ... 
[2025-11-24T02:19:36.680+0000] {logging_mixin.py:190} WARNING - /home/***/.local/lib/python3.12/site-packages/***/utils/session.py:97 DeprecationWarning: This method is deprecated and will be removed in future.
[2025-11-24T02:19:36.756+0000] {taskinstance.py:309} INFO - Rescheduling task, marking task as UP_FOR_RESCHEDULE
[2025-11-24T02:19:36.761+0000] {taskinstance.py:340} INFO - ::group::Post task execution logs
[2025-11-24T02:19:36.797+0000] {local_task_job_runner.py:266} INFO - Task exited with return code 0
[2025-11-24T02:19:36.893+0000] {taskinstance.py:3900} INFO - 0 downstream tasks scheduled from follow-on schedule check
[2025-11-24T02:19:36.897+0000] {local_task_job_runner.py:245} INFO - ::endgroup::
[2025-11-24T02:20:37.516+0000] {local_task_job_runner.py:123} INFO - ::group::Pre task execution logs
[2025-11-24T02:20:37.553+0000] {taskinstance.py:2612} INFO - Dependencies all met for dep_context=non-requeueable deps ti=<TaskInstance: stock_elt_dbt.wait_for_etl scheduled__2025-11-22T02:45:00+00:00 [queued]>
[2025-11-24T02:20:37.573+0000] {taskinstance.py:2612} INFO - Dependencies all met for dep_context=requeueable deps ti=<TaskInstance: stock_elt_dbt.wait_for_etl scheduled__2025-11-22T02:45:00+00:00 [queued]>
[2025-11-24T02:20:37.574+0000] {taskinstance.py:2865} INFO - Starting attempt 1 of 2
[2025-11-24T02:20:37.613+0000] {taskinstance.py:2888} INFO - Executing <Task(ExternalTaskSensor): wait_for_etl> on 2025-11-22 02:45:00+00:00
[2025-11-24T02:20:37.635+0000] {standard_task_runner.py:104} INFO - Running: ['***', 'tasks', 'run', 'stock_elt_dbt', 'wait_for_etl', 'scheduled__2025-11-22T02:45:00+00:00', '--job-id', '14', '--raw', '--subdir', 'DAGS_FOLDER/stock_elt_dbt.py', '--cfg-path', '/tmp/tmpakyseuhq']
[2025-11-24T02:20:37.641+0000] {standard_task_runner.py:105} INFO - Job 14: Subtask wait_for_etl
[2025-11-24T02:20:37.644+0000] {logging_mixin.py:190} WARNING - /home/***/.local/lib/python3.12/site-packages/***/task/task_runner/standard_task_runner.py:70 DeprecationWarning: This process (pid=4525) is multi-threaded, use of fork() may lead to deadlocks in the child.
[2025-11-24T02:20:37.647+0000] {standard_task_runner.py:72} INFO - Started process 4528 to run task
[2025-11-24T02:20:37.808+0000] {task_command.py:467} INFO - Running <TaskInstance: stock_elt_dbt.wait_for_etl scheduled__2025-11-22T02:45:00+00:00 [running]> on host dc467a0567ff
[2025-11-24T02:20:37.950+0000] {taskinstance.py:3131} INFO - Exporting env vars: AIRFLOW_CTX_DAG_OWNER='lab2' AIRFLOW_CTX_DAG_ID='stock_elt_dbt' AIRFLOW_CTX_TASK_ID='wait_for_etl' AIRFLOW_CTX_EXECUTION_DATE='2025-11-22T02:45:00+00:00' AIRFLOW_CTX_TRY_NUMBER='1' AIRFLOW_CTX_DAG_RUN_ID='scheduled__2025-11-22T02:45:00+00:00'
[2025-11-24T02:20:37.951+0000] {taskinstance.py:731} INFO - ::endgroup::
[2025-11-24T02:20:37.980+0000] {baseoperator.py:405} WARNING - ExternalTaskSensor.execute cannot be called outside TaskInstance!
[2025-11-24T02:20:37.997+0000] {external_task.py:258} INFO - Poking for tasks ['end'] in dag stock_etl_yfinance on 2025-11-22T02:45:00+00:00 ... 
[2025-11-24T02:20:38.008+0000] {logging_mixin.py:190} WARNING - /home/***/.local/lib/python3.12/site-packages/***/utils/session.py:97 DeprecationWarning: This method is deprecated and will be removed in future.
[2025-11-24T02:20:38.058+0000] {taskinstance.py:309} INFO - Rescheduling task, marking task as UP_FOR_RESCHEDULE
[2025-11-24T02:20:38.059+0000] {taskinstance.py:340} INFO - ::group::Post task execution logs
[2025-11-24T02:20:38.124+0000] {local_task_job_runner.py:266} INFO - Task exited with return code 0
[2025-11-24T02:20:38.176+0000] {taskinstance.py:3900} INFO - 0 downstream tasks scheduled from follow-on schedule check
[2025-11-24T02:20:38.180+0000] {local_task_job_runner.py:245} INFO - ::endgroup::
[2025-11-24T02:21:38.976+0000] {local_task_job_runner.py:123} INFO - ::group::Pre task execution logs
[2025-11-24T02:21:39.012+0000] {taskinstance.py:2612} INFO - Dependencies all met for dep_context=non-requeueable deps ti=<TaskInstance: stock_elt_dbt.wait_for_etl scheduled__2025-11-22T02:45:00+00:00 [queued]>
[2025-11-24T02:21:39.028+0000] {taskinstance.py:2612} INFO - Dependencies all met for dep_context=requeueable deps ti=<TaskInstance: stock_elt_dbt.wait_for_etl scheduled__2025-11-22T02:45:00+00:00 [queued]>
[2025-11-24T02:21:39.030+0000] {taskinstance.py:2865} INFO - Starting attempt 1 of 2
[2025-11-24T02:21:39.053+0000] {taskinstance.py:2888} INFO - Executing <Task(ExternalTaskSensor): wait_for_etl> on 2025-11-22 02:45:00+00:00
[2025-11-24T02:21:39.067+0000] {standard_task_runner.py:104} INFO - Running: ['***', 'tasks', 'run', 'stock_elt_dbt', 'wait_for_etl', 'scheduled__2025-11-22T02:45:00+00:00', '--job-id', '15', '--raw', '--subdir', 'DAGS_FOLDER/stock_elt_dbt.py', '--cfg-path', '/tmp/tmpkb1uh5w8']
[2025-11-24T02:21:39.071+0000] {standard_task_runner.py:105} INFO - Job 15: Subtask wait_for_etl
[2025-11-24T02:21:39.074+0000] {logging_mixin.py:190} WARNING - /home/***/.local/lib/python3.12/site-packages/***/task/task_runner/standard_task_runner.py:70 DeprecationWarning: This process (pid=4607) is multi-threaded, use of fork() may lead to deadlocks in the child.
[2025-11-24T02:21:39.075+0000] {standard_task_runner.py:72} INFO - Started process 4608 to run task
[2025-11-24T02:21:39.156+0000] {task_command.py:467} INFO - Running <TaskInstance: stock_elt_dbt.wait_for_etl scheduled__2025-11-22T02:45:00+00:00 [running]> on host dc467a0567ff
[2025-11-24T02:21:39.314+0000] {taskinstance.py:3131} INFO - Exporting env vars: AIRFLOW_CTX_DAG_OWNER='lab2' AIRFLOW_CTX_DAG_ID='stock_elt_dbt' AIRFLOW_CTX_TASK_ID='wait_for_etl' AIRFLOW_CTX_EXECUTION_DATE='2025-11-22T02:45:00+00:00' AIRFLOW_CTX_TRY_NUMBER='1' AIRFLOW_CTX_DAG_RUN_ID='scheduled__2025-11-22T02:45:00+00:00'
[2025-11-24T02:21:39.315+0000] {taskinstance.py:731} INFO - ::endgroup::
[2025-11-24T02:21:39.348+0000] {baseoperator.py:405} WARNING - ExternalTaskSensor.execute cannot be called outside TaskInstance!
[2025-11-24T02:21:39.362+0000] {external_task.py:258} INFO - Poking for tasks ['end'] in dag stock_etl_yfinance on 2025-11-22T02:45:00+00:00 ... 
[2025-11-24T02:21:39.372+0000] {logging_mixin.py:190} WARNING - /home/***/.local/lib/python3.12/site-packages/***/utils/session.py:97 DeprecationWarning: This method is deprecated and will be removed in future.
[2025-11-24T02:21:39.427+0000] {taskinstance.py:309} INFO - Rescheduling task, marking task as UP_FOR_RESCHEDULE
[2025-11-24T02:21:39.428+0000] {taskinstance.py:340} INFO - ::group::Post task execution logs
[2025-11-24T02:21:39.468+0000] {local_task_job_runner.py:266} INFO - Task exited with return code 0
[2025-11-24T02:21:39.520+0000] {taskinstance.py:3900} INFO - 0 downstream tasks scheduled from follow-on schedule check
[2025-11-24T02:21:39.523+0000] {local_task_job_runner.py:245} INFO - ::endgroup::
[2025-11-24T02:22:40.767+0000] {local_task_job_runner.py:123} INFO - ::group::Pre task execution logs
[2025-11-24T02:22:40.804+0000] {taskinstance.py:2612} INFO - Dependencies all met for dep_context=non-requeueable deps ti=<TaskInstance: stock_elt_dbt.wait_for_etl scheduled__2025-11-22T02:45:00+00:00 [queued]>
[2025-11-24T02:22:40.821+0000] {taskinstance.py:2612} INFO - Dependencies all met for dep_context=requeueable deps ti=<TaskInstance: stock_elt_dbt.wait_for_etl scheduled__2025-11-22T02:45:00+00:00 [queued]>
[2025-11-24T02:22:40.822+0000] {taskinstance.py:2865} INFO - Starting attempt 1 of 2
[2025-11-24T02:22:40.851+0000] {taskinstance.py:2888} INFO - Executing <Task(ExternalTaskSensor): wait_for_etl> on 2025-11-22 02:45:00+00:00
[2025-11-24T02:22:40.864+0000] {standard_task_runner.py:104} INFO - Running: ['***', 'tasks', 'run', 'stock_elt_dbt', 'wait_for_etl', 'scheduled__2025-11-22T02:45:00+00:00', '--job-id', '16', '--raw', '--subdir', 'DAGS_FOLDER/stock_elt_dbt.py', '--cfg-path', '/tmp/tmp5k4_t45z']
[2025-11-24T02:22:40.869+0000] {standard_task_runner.py:105} INFO - Job 16: Subtask wait_for_etl
[2025-11-24T02:22:40.872+0000] {logging_mixin.py:190} WARNING - /home/***/.local/lib/python3.12/site-packages/***/task/task_runner/standard_task_runner.py:70 DeprecationWarning: This process (pid=4691) is multi-threaded, use of fork() may lead to deadlocks in the child.
[2025-11-24T02:22:40.874+0000] {standard_task_runner.py:72} INFO - Started process 4692 to run task
[2025-11-24T02:22:40.963+0000] {task_command.py:467} INFO - Running <TaskInstance: stock_elt_dbt.wait_for_etl scheduled__2025-11-22T02:45:00+00:00 [running]> on host dc467a0567ff
[2025-11-24T02:22:41.137+0000] {taskinstance.py:3131} INFO - Exporting env vars: AIRFLOW_CTX_DAG_OWNER='lab2' AIRFLOW_CTX_DAG_ID='stock_elt_dbt' AIRFLOW_CTX_TASK_ID='wait_for_etl' AIRFLOW_CTX_EXECUTION_DATE='2025-11-22T02:45:00+00:00' AIRFLOW_CTX_TRY_NUMBER='1' AIRFLOW_CTX_DAG_RUN_ID='scheduled__2025-11-22T02:45:00+00:00'
[2025-11-24T02:22:41.139+0000] {taskinstance.py:731} INFO - ::endgroup::
[2025-11-24T02:22:41.178+0000] {baseoperator.py:405} WARNING - ExternalTaskSensor.execute cannot be called outside TaskInstance!
[2025-11-24T02:22:41.194+0000] {external_task.py:258} INFO - Poking for tasks ['end'] in dag stock_etl_yfinance on 2025-11-22T02:45:00+00:00 ... 
[2025-11-24T02:22:41.206+0000] {logging_mixin.py:190} WARNING - /home/***/.local/lib/python3.12/site-packages/***/utils/session.py:97 DeprecationWarning: This method is deprecated and will be removed in future.
[2025-11-24T02:22:41.282+0000] {taskinstance.py:309} INFO - Rescheduling task, marking task as UP_FOR_RESCHEDULE
[2025-11-24T02:22:41.284+0000] {taskinstance.py:340} INFO - ::group::Post task execution logs
[2025-11-24T02:22:41.368+0000] {local_task_job_runner.py:266} INFO - Task exited with return code 0
[2025-11-24T02:22:41.460+0000] {taskinstance.py:3900} INFO - 0 downstream tasks scheduled from follow-on schedule check
[2025-11-24T02:22:41.466+0000] {local_task_job_runner.py:245} INFO - ::endgroup::
[2025-11-24T02:23:42.432+0000] {local_task_job_runner.py:123} INFO - ::group::Pre task execution logs
[2025-11-24T02:23:42.468+0000] {taskinstance.py:2612} INFO - Dependencies all met for dep_context=non-requeueable deps ti=<TaskInstance: stock_elt_dbt.wait_for_etl scheduled__2025-11-22T02:45:00+00:00 [queued]>
[2025-11-24T02:23:42.484+0000] {taskinstance.py:2612} INFO - Dependencies all met for dep_context=requeueable deps ti=<TaskInstance: stock_elt_dbt.wait_for_etl scheduled__2025-11-22T02:45:00+00:00 [queued]>
[2025-11-24T02:23:42.485+0000] {taskinstance.py:2865} INFO - Starting attempt 1 of 2
[2025-11-24T02:23:42.514+0000] {taskinstance.py:2888} INFO - Executing <Task(ExternalTaskSensor): wait_for_etl> on 2025-11-22 02:45:00+00:00
[2025-11-24T02:23:42.530+0000] {standard_task_runner.py:104} INFO - Running: ['***', 'tasks', 'run', 'stock_elt_dbt', 'wait_for_etl', 'scheduled__2025-11-22T02:45:00+00:00', '--job-id', '17', '--raw', '--subdir', 'DAGS_FOLDER/stock_elt_dbt.py', '--cfg-path', '/tmp/tmp2c4xy4ht']
[2025-11-24T02:23:42.535+0000] {standard_task_runner.py:105} INFO - Job 17: Subtask wait_for_etl
[2025-11-24T02:23:42.538+0000] {logging_mixin.py:190} WARNING - /home/***/.local/lib/python3.12/site-packages/***/task/task_runner/standard_task_runner.py:70 DeprecationWarning: This process (pid=4776) is multi-threaded, use of fork() may lead to deadlocks in the child.
[2025-11-24T02:23:42.540+0000] {standard_task_runner.py:72} INFO - Started process 4777 to run task
[2025-11-24T02:23:42.619+0000] {task_command.py:467} INFO - Running <TaskInstance: stock_elt_dbt.wait_for_etl scheduled__2025-11-22T02:45:00+00:00 [running]> on host dc467a0567ff
[2025-11-24T02:23:42.759+0000] {taskinstance.py:3131} INFO - Exporting env vars: AIRFLOW_CTX_DAG_OWNER='lab2' AIRFLOW_CTX_DAG_ID='stock_elt_dbt' AIRFLOW_CTX_TASK_ID='wait_for_etl' AIRFLOW_CTX_EXECUTION_DATE='2025-11-22T02:45:00+00:00' AIRFLOW_CTX_TRY_NUMBER='1' AIRFLOW_CTX_DAG_RUN_ID='scheduled__2025-11-22T02:45:00+00:00'
[2025-11-24T02:23:42.760+0000] {taskinstance.py:731} INFO - ::endgroup::
[2025-11-24T02:23:42.786+0000] {baseoperator.py:405} WARNING - ExternalTaskSensor.execute cannot be called outside TaskInstance!
[2025-11-24T02:23:42.800+0000] {external_task.py:258} INFO - Poking for tasks ['end'] in dag stock_etl_yfinance on 2025-11-22T02:45:00+00:00 ... 
[2025-11-24T02:23:42.810+0000] {logging_mixin.py:190} WARNING - /home/***/.local/lib/python3.12/site-packages/***/utils/session.py:97 DeprecationWarning: This method is deprecated and will be removed in future.
[2025-11-24T02:23:42.857+0000] {taskinstance.py:309} INFO - Rescheduling task, marking task as UP_FOR_RESCHEDULE
[2025-11-24T02:23:42.858+0000] {taskinstance.py:340} INFO - ::group::Post task execution logs
[2025-11-24T02:23:42.892+0000] {local_task_job_runner.py:266} INFO - Task exited with return code 0
[2025-11-24T02:23:42.942+0000] {taskinstance.py:3900} INFO - 0 downstream tasks scheduled from follow-on schedule check
[2025-11-24T02:23:42.945+0000] {local_task_job_runner.py:245} INFO - ::endgroup::
[2025-11-24T02:24:44.194+0000] {local_task_job_runner.py:123} INFO - ::group::Pre task execution logs
[2025-11-24T02:24:44.251+0000] {taskinstance.py:2612} INFO - Dependencies all met for dep_context=non-requeueable deps ti=<TaskInstance: stock_elt_dbt.wait_for_etl scheduled__2025-11-22T02:45:00+00:00 [queued]>
[2025-11-24T02:24:44.275+0000] {taskinstance.py:2612} INFO - Dependencies all met for dep_context=requeueable deps ti=<TaskInstance: stock_elt_dbt.wait_for_etl scheduled__2025-11-22T02:45:00+00:00 [queued]>
[2025-11-24T02:24:44.276+0000] {taskinstance.py:2865} INFO - Starting attempt 1 of 2
[2025-11-24T02:24:44.309+0000] {taskinstance.py:2888} INFO - Executing <Task(ExternalTaskSensor): wait_for_etl> on 2025-11-22 02:45:00+00:00
[2025-11-24T02:24:44.325+0000] {standard_task_runner.py:104} INFO - Running: ['***', 'tasks', 'run', 'stock_elt_dbt', 'wait_for_etl', 'scheduled__2025-11-22T02:45:00+00:00', '--job-id', '18', '--raw', '--subdir', 'DAGS_FOLDER/stock_elt_dbt.py', '--cfg-path', '/tmp/tmpx73j9jxp']
[2025-11-24T02:24:44.332+0000] {standard_task_runner.py:105} INFO - Job 18: Subtask wait_for_etl
[2025-11-24T02:24:44.342+0000] {logging_mixin.py:190} WARNING - /home/***/.local/lib/python3.12/site-packages/***/task/task_runner/standard_task_runner.py:70 DeprecationWarning: This process (pid=4860) is multi-threaded, use of fork() may lead to deadlocks in the child.
[2025-11-24T02:24:44.344+0000] {standard_task_runner.py:72} INFO - Started process 4864 to run task
[2025-11-24T02:24:44.474+0000] {task_command.py:467} INFO - Running <TaskInstance: stock_elt_dbt.wait_for_etl scheduled__2025-11-22T02:45:00+00:00 [running]> on host dc467a0567ff
[2025-11-24T02:24:44.723+0000] {taskinstance.py:3131} INFO - Exporting env vars: AIRFLOW_CTX_DAG_OWNER='lab2' AIRFLOW_CTX_DAG_ID='stock_elt_dbt' AIRFLOW_CTX_TASK_ID='wait_for_etl' AIRFLOW_CTX_EXECUTION_DATE='2025-11-22T02:45:00+00:00' AIRFLOW_CTX_TRY_NUMBER='1' AIRFLOW_CTX_DAG_RUN_ID='scheduled__2025-11-22T02:45:00+00:00'
[2025-11-24T02:24:44.725+0000] {taskinstance.py:731} INFO - ::endgroup::
[2025-11-24T02:24:44.779+0000] {baseoperator.py:405} WARNING - ExternalTaskSensor.execute cannot be called outside TaskInstance!
[2025-11-24T02:24:44.804+0000] {external_task.py:258} INFO - Poking for tasks ['end'] in dag stock_etl_yfinance on 2025-11-22T02:45:00+00:00 ... 
[2025-11-24T02:24:44.824+0000] {logging_mixin.py:190} WARNING - /home/***/.local/lib/python3.12/site-packages/***/utils/session.py:97 DeprecationWarning: This method is deprecated and will be removed in future.
[2025-11-24T02:24:44.943+0000] {taskinstance.py:309} INFO - Rescheduling task, marking task as UP_FOR_RESCHEDULE
[2025-11-24T02:24:44.944+0000] {taskinstance.py:340} INFO - ::group::Post task execution logs
[2025-11-24T02:24:44.990+0000] {local_task_job_runner.py:266} INFO - Task exited with return code 0
[2025-11-24T02:24:45.086+0000] {taskinstance.py:3900} INFO - 0 downstream tasks scheduled from follow-on schedule check
[2025-11-24T02:24:45.089+0000] {local_task_job_runner.py:245} INFO - ::endgroup::
[2025-11-24T02:25:45.472+0000] {local_task_job_runner.py:123} INFO - ::group::Pre task execution logs
[2025-11-24T02:25:45.510+0000] {taskinstance.py:2612} INFO - Dependencies all met for dep_context=non-requeueable deps ti=<TaskInstance: stock_elt_dbt.wait_for_etl scheduled__2025-11-22T02:45:00+00:00 [queued]>
[2025-11-24T02:25:45.528+0000] {taskinstance.py:2612} INFO - Dependencies all met for dep_context=requeueable deps ti=<TaskInstance: stock_elt_dbt.wait_for_etl scheduled__2025-11-22T02:45:00+00:00 [queued]>
[2025-11-24T02:25:45.529+0000] {taskinstance.py:2865} INFO - Starting attempt 1 of 2
[2025-11-24T02:25:45.557+0000] {taskinstance.py:2888} INFO - Executing <Task(ExternalTaskSensor): wait_for_etl> on 2025-11-22 02:45:00+00:00
[2025-11-24T02:25:45.571+0000] {standard_task_runner.py:104} INFO - Running: ['***', 'tasks', 'run', 'stock_elt_dbt', 'wait_for_etl', 'scheduled__2025-11-22T02:45:00+00:00', '--job-id', '19', '--raw', '--subdir', 'DAGS_FOLDER/stock_elt_dbt.py', '--cfg-path', '/tmp/tmpa9cu6vl4']
[2025-11-24T02:25:45.576+0000] {standard_task_runner.py:105} INFO - Job 19: Subtask wait_for_etl
[2025-11-24T02:25:45.579+0000] {logging_mixin.py:190} WARNING - /home/***/.local/lib/python3.12/site-packages/***/task/task_runner/standard_task_runner.py:70 DeprecationWarning: This process (pid=4945) is multi-threaded, use of fork() may lead to deadlocks in the child.
[2025-11-24T02:25:45.583+0000] {standard_task_runner.py:72} INFO - Started process 4946 to run task
[2025-11-24T02:25:45.737+0000] {task_command.py:467} INFO - Running <TaskInstance: stock_elt_dbt.wait_for_etl scheduled__2025-11-22T02:45:00+00:00 [running]> on host dc467a0567ff
[2025-11-24T02:25:45.928+0000] {taskinstance.py:3131} INFO - Exporting env vars: AIRFLOW_CTX_DAG_OWNER='lab2' AIRFLOW_CTX_DAG_ID='stock_elt_dbt' AIRFLOW_CTX_TASK_ID='wait_for_etl' AIRFLOW_CTX_EXECUTION_DATE='2025-11-22T02:45:00+00:00' AIRFLOW_CTX_TRY_NUMBER='1' AIRFLOW_CTX_DAG_RUN_ID='scheduled__2025-11-22T02:45:00+00:00'
[2025-11-24T02:25:45.930+0000] {taskinstance.py:731} INFO - ::endgroup::
[2025-11-24T02:25:45.962+0000] {baseoperator.py:405} WARNING - ExternalTaskSensor.execute cannot be called outside TaskInstance!
[2025-11-24T02:25:45.981+0000] {external_task.py:258} INFO - Poking for tasks ['end'] in dag stock_etl_yfinance on 2025-11-22T02:45:00+00:00 ... 
[2025-11-24T02:25:45.993+0000] {logging_mixin.py:190} WARNING - /home/***/.local/lib/python3.12/site-packages/***/utils/session.py:97 DeprecationWarning: This method is deprecated and will be removed in future.
[2025-11-24T02:25:46.055+0000] {taskinstance.py:309} INFO - Rescheduling task, marking task as UP_FOR_RESCHEDULE
[2025-11-24T02:25:46.056+0000] {taskinstance.py:340} INFO - ::group::Post task execution logs
[2025-11-24T02:25:46.108+0000] {local_task_job_runner.py:266} INFO - Task exited with return code 0
[2025-11-24T02:25:46.178+0000] {taskinstance.py:3900} INFO - 0 downstream tasks scheduled from follow-on schedule check
[2025-11-24T02:25:46.181+0000] {local_task_job_runner.py:245} INFO - ::endgroup::
[2025-11-24T02:56:47.139+0000] {local_task_job_runner.py:123} INFO - ::group::Pre task execution logs
[2025-11-24T02:56:47.241+0000] {taskinstance.py:2612} INFO - Dependencies all met for dep_context=non-requeueable deps ti=<TaskInstance: stock_elt_dbt.wait_for_etl scheduled__2025-11-22T02:45:00+00:00 [queued]>
[2025-11-24T02:56:47.294+0000] {taskinstance.py:2612} INFO - Dependencies all met for dep_context=requeueable deps ti=<TaskInstance: stock_elt_dbt.wait_for_etl scheduled__2025-11-22T02:45:00+00:00 [queued]>
[2025-11-24T02:56:47.295+0000] {taskinstance.py:2865} INFO - Starting attempt 1 of 2
[2025-11-24T02:56:47.428+0000] {taskinstance.py:2888} INFO - Executing <Task(ExternalTaskSensor): wait_for_etl> on 2025-11-22 02:45:00+00:00
[2025-11-24T02:56:47.523+0000] {standard_task_runner.py:104} INFO - Running: ['***', 'tasks', 'run', 'stock_elt_dbt', 'wait_for_etl', 'scheduled__2025-11-22T02:45:00+00:00', '--job-id', '20', '--raw', '--subdir', 'DAGS_FOLDER/stock_elt_dbt.py', '--cfg-path', '/tmp/tmp89n1l1k7']
[2025-11-24T02:56:47.545+0000] {standard_task_runner.py:105} INFO - Job 20: Subtask wait_for_etl
[2025-11-24T02:56:47.659+0000] {logging_mixin.py:190} WARNING - /home/***/.local/lib/python3.12/site-packages/***/task/task_runner/standard_task_runner.py:70 DeprecationWarning: This process (pid=5044) is multi-threaded, use of fork() may lead to deadlocks in the child.
[2025-11-24T02:56:47.724+0000] {standard_task_runner.py:72} INFO - Started process 5058 to run task
[2025-11-24T02:56:48.076+0000] {task_command.py:467} INFO - Running <TaskInstance: stock_elt_dbt.wait_for_etl scheduled__2025-11-22T02:45:00+00:00 [running]> on host dc467a0567ff
[2025-11-24T02:56:48.724+0000] {taskinstance.py:3131} INFO - Exporting env vars: AIRFLOW_CTX_DAG_OWNER='lab2' AIRFLOW_CTX_DAG_ID='stock_elt_dbt' AIRFLOW_CTX_TASK_ID='wait_for_etl' AIRFLOW_CTX_EXECUTION_DATE='2025-11-22T02:45:00+00:00' AIRFLOW_CTX_TRY_NUMBER='1' AIRFLOW_CTX_DAG_RUN_ID='scheduled__2025-11-22T02:45:00+00:00'
[2025-11-24T02:56:48.752+0000] {taskinstance.py:731} INFO - ::endgroup::
[2025-11-24T02:56:48.878+0000] {baseoperator.py:405} WARNING - ExternalTaskSensor.execute cannot be called outside TaskInstance!
[2025-11-24T02:56:48.949+0000] {external_task.py:258} INFO - Poking for tasks ['end'] in dag stock_etl_yfinance on 2025-11-22T02:45:00+00:00 ... 
[2025-11-24T02:56:49.003+0000] {logging_mixin.py:190} WARNING - /home/***/.local/lib/python3.12/site-packages/***/utils/session.py:97 DeprecationWarning: This method is deprecated and will be removed in future.
[2025-11-24T02:56:49.602+0000] {taskinstance.py:309} INFO - Rescheduling task, marking task as UP_FOR_RESCHEDULE
[2025-11-24T02:56:49.607+0000] {taskinstance.py:340} INFO - ::group::Post task execution logs
[2025-11-24T02:56:49.640+0000] {local_task_job_runner.py:266} INFO - Task exited with return code 0
[2025-11-24T02:56:49.983+0000] {taskinstance.py:3900} INFO - 0 downstream tasks scheduled from follow-on schedule check
[2025-11-24T02:56:50.019+0000] {local_task_job_runner.py:245} INFO - ::endgroup::
[2025-11-24T02:57:52.738+0000] {local_task_job_runner.py:123} INFO - ::group::Pre task execution logs
[2025-11-24T02:57:53.065+0000] {taskinstance.py:2612} INFO - Dependencies all met for dep_context=non-requeueable deps ti=<TaskInstance: stock_elt_dbt.wait_for_etl scheduled__2025-11-22T02:45:00+00:00 [queued]>
[2025-11-24T02:57:53.168+0000] {taskinstance.py:2612} INFO - Dependencies all met for dep_context=requeueable deps ti=<TaskInstance: stock_elt_dbt.wait_for_etl scheduled__2025-11-22T02:45:00+00:00 [queued]>
[2025-11-24T02:57:53.170+0000] {taskinstance.py:2865} INFO - Starting attempt 1 of 2
[2025-11-24T02:57:53.343+0000] {taskinstance.py:2888} INFO - Executing <Task(ExternalTaskSensor): wait_for_etl> on 2025-11-22 02:45:00+00:00
[2025-11-24T02:57:53.413+0000] {standard_task_runner.py:104} INFO - Running: ['***', 'tasks', 'run', 'stock_elt_dbt', 'wait_for_etl', 'scheduled__2025-11-22T02:45:00+00:00', '--job-id', '24', '--raw', '--subdir', 'DAGS_FOLDER/stock_elt_dbt.py', '--cfg-path', '/tmp/tmpl81tx08h']
[2025-11-24T02:57:53.464+0000] {standard_task_runner.py:105} INFO - Job 24: Subtask wait_for_etl
[2025-11-24T02:57:53.564+0000] {logging_mixin.py:190} WARNING - /home/***/.local/lib/python3.12/site-packages/***/task/task_runner/standard_task_runner.py:70 DeprecationWarning: This process (pid=5146) is multi-threaded, use of fork() may lead to deadlocks in the child.
[2025-11-24T02:57:53.578+0000] {standard_task_runner.py:72} INFO - Started process 5154 to run task
[2025-11-24T02:57:54.607+0000] {task_command.py:467} INFO - Running <TaskInstance: stock_elt_dbt.wait_for_etl scheduled__2025-11-22T02:45:00+00:00 [running]> on host dc467a0567ff
[2025-11-24T02:57:56.220+0000] {taskinstance.py:3131} INFO - Exporting env vars: AIRFLOW_CTX_DAG_OWNER='lab2' AIRFLOW_CTX_DAG_ID='stock_elt_dbt' AIRFLOW_CTX_TASK_ID='wait_for_etl' AIRFLOW_CTX_EXECUTION_DATE='2025-11-22T02:45:00+00:00' AIRFLOW_CTX_TRY_NUMBER='1' AIRFLOW_CTX_DAG_RUN_ID='scheduled__2025-11-22T02:45:00+00:00'
[2025-11-24T02:57:56.256+0000] {taskinstance.py:731} INFO - ::endgroup::
[2025-11-24T02:57:56.916+0000] {baseoperator.py:405} WARNING - ExternalTaskSensor.execute cannot be called outside TaskInstance!
[2025-11-24T02:57:57.469+0000] {external_task.py:258} INFO - Poking for tasks ['end'] in dag stock_etl_yfinance on 2025-11-22T02:45:00+00:00 ... 
[2025-11-24T02:57:57.726+0000] {logging_mixin.py:190} WARNING - /home/***/.local/lib/python3.12/site-packages/***/utils/session.py:97 DeprecationWarning: This method is deprecated and will be removed in future.
[2025-11-24T02:57:58.308+0000] {taskinstance.py:309} INFO - Rescheduling task, marking task as UP_FOR_RESCHEDULE
[2025-11-24T02:57:58.317+0000] {taskinstance.py:340} INFO - ::group::Post task execution logs
[2025-11-24T02:57:58.929+0000] {local_task_job_runner.py:266} INFO - Task exited with return code 0
[2025-11-24T02:57:59.195+0000] {taskinstance.py:3900} INFO - 0 downstream tasks scheduled from follow-on schedule check
[2025-11-24T02:57:59.206+0000] {local_task_job_runner.py:245} INFO - ::endgroup::
[2025-11-24T02:59:00.052+0000] {local_task_job_runner.py:123} INFO - ::group::Pre task execution logs
[2025-11-24T02:59:00.201+0000] {taskinstance.py:2612} INFO - Dependencies all met for dep_context=non-requeueable deps ti=<TaskInstance: stock_elt_dbt.wait_for_etl scheduled__2025-11-22T02:45:00+00:00 [queued]>
[2025-11-24T02:59:00.257+0000] {taskinstance.py:2612} INFO - Dependencies all met for dep_context=requeueable deps ti=<TaskInstance: stock_elt_dbt.wait_for_etl scheduled__2025-11-22T02:45:00+00:00 [queued]>
[2025-11-24T02:59:00.260+0000] {taskinstance.py:2865} INFO - Starting attempt 1 of 2
[2025-11-24T02:59:00.341+0000] {taskinstance.py:2888} INFO - Executing <Task(ExternalTaskSensor): wait_for_etl> on 2025-11-22 02:45:00+00:00
[2025-11-24T02:59:00.383+0000] {standard_task_runner.py:104} INFO - Running: ['***', 'tasks', 'run', 'stock_elt_dbt', 'wait_for_etl', 'scheduled__2025-11-22T02:45:00+00:00', '--job-id', '25', '--raw', '--subdir', 'DAGS_FOLDER/stock_elt_dbt.py', '--cfg-path', '/tmp/tmp4_mmhg8u']
[2025-11-24T02:59:00.399+0000] {standard_task_runner.py:105} INFO - Job 25: Subtask wait_for_etl
[2025-11-24T02:59:00.417+0000] {logging_mixin.py:190} WARNING - /home/***/.local/lib/python3.12/site-packages/***/task/task_runner/standard_task_runner.py:70 DeprecationWarning: This process (pid=5238) is multi-threaded, use of fork() may lead to deadlocks in the child.
[2025-11-24T02:59:00.423+0000] {standard_task_runner.py:72} INFO - Started process 5244 to run task
[2025-11-24T02:59:00.719+0000] {task_command.py:467} INFO - Running <TaskInstance: stock_elt_dbt.wait_for_etl scheduled__2025-11-22T02:45:00+00:00 [running]> on host dc467a0567ff
[2025-11-24T02:59:01.341+0000] {taskinstance.py:3131} INFO - Exporting env vars: AIRFLOW_CTX_DAG_OWNER='lab2' AIRFLOW_CTX_DAG_ID='stock_elt_dbt' AIRFLOW_CTX_TASK_ID='wait_for_etl' AIRFLOW_CTX_EXECUTION_DATE='2025-11-22T02:45:00+00:00' AIRFLOW_CTX_TRY_NUMBER='1' AIRFLOW_CTX_DAG_RUN_ID='scheduled__2025-11-22T02:45:00+00:00'
[2025-11-24T02:59:01.345+0000] {taskinstance.py:731} INFO - ::endgroup::
[2025-11-24T02:59:01.469+0000] {baseoperator.py:405} WARNING - ExternalTaskSensor.execute cannot be called outside TaskInstance!
[2025-11-24T02:59:01.524+0000] {external_task.py:258} INFO - Poking for tasks ['end'] in dag stock_etl_yfinance on 2025-11-22T02:45:00+00:00 ... 
[2025-11-24T02:59:01.570+0000] {logging_mixin.py:190} WARNING - /home/***/.local/lib/python3.12/site-packages/***/utils/session.py:97 DeprecationWarning: This method is deprecated and will be removed in future.
[2025-11-24T02:59:01.748+0000] {taskinstance.py:309} INFO - Rescheduling task, marking task as UP_FOR_RESCHEDULE
[2025-11-24T02:59:01.751+0000] {taskinstance.py:340} INFO - ::group::Post task execution logs
[2025-11-24T02:59:01.784+0000] {local_task_job_runner.py:266} INFO - Task exited with return code 0
[2025-11-24T02:59:01.968+0000] {taskinstance.py:3900} INFO - 0 downstream tasks scheduled from follow-on schedule check
[2025-11-24T02:59:01.975+0000] {local_task_job_runner.py:245} INFO - ::endgroup::
[2025-11-24T03:00:04.228+0000] {local_task_job_runner.py:123} INFO - ::group::Pre task execution logs
[2025-11-24T03:00:04.364+0000] {taskinstance.py:2612} INFO - Dependencies all met for dep_context=non-requeueable deps ti=<TaskInstance: stock_elt_dbt.wait_for_etl scheduled__2025-11-22T02:45:00+00:00 [queued]>
[2025-11-24T03:00:04.410+0000] {taskinstance.py:2612} INFO - Dependencies all met for dep_context=requeueable deps ti=<TaskInstance: stock_elt_dbt.wait_for_etl scheduled__2025-11-22T02:45:00+00:00 [queued]>
[2025-11-24T03:00:04.412+0000] {taskinstance.py:2865} INFO - Starting attempt 1 of 2
[2025-11-24T03:00:04.487+0000] {taskinstance.py:2888} INFO - Executing <Task(ExternalTaskSensor): wait_for_etl> on 2025-11-22 02:45:00+00:00
[2025-11-24T03:00:04.532+0000] {standard_task_runner.py:104} INFO - Running: ['***', 'tasks', 'run', 'stock_elt_dbt', 'wait_for_etl', 'scheduled__2025-11-22T02:45:00+00:00', '--job-id', '26', '--raw', '--subdir', 'DAGS_FOLDER/stock_elt_dbt.py', '--cfg-path', '/tmp/tmpf3e9_nn3']
[2025-11-24T03:00:04.548+0000] {standard_task_runner.py:105} INFO - Job 26: Subtask wait_for_etl
[2025-11-24T03:00:04.566+0000] {logging_mixin.py:190} WARNING - /home/***/.local/lib/python3.12/site-packages/***/task/task_runner/standard_task_runner.py:70 DeprecationWarning: This process (pid=5328) is multi-threaded, use of fork() may lead to deadlocks in the child.
[2025-11-24T03:00:04.570+0000] {standard_task_runner.py:72} INFO - Started process 5329 to run task
[2025-11-24T03:00:04.831+0000] {task_command.py:467} INFO - Running <TaskInstance: stock_elt_dbt.wait_for_etl scheduled__2025-11-22T02:45:00+00:00 [running]> on host dc467a0567ff
[2025-11-24T03:00:05.337+0000] {taskinstance.py:3131} INFO - Exporting env vars: AIRFLOW_CTX_DAG_OWNER='lab2' AIRFLOW_CTX_DAG_ID='stock_elt_dbt' AIRFLOW_CTX_TASK_ID='wait_for_etl' AIRFLOW_CTX_EXECUTION_DATE='2025-11-22T02:45:00+00:00' AIRFLOW_CTX_TRY_NUMBER='1' AIRFLOW_CTX_DAG_RUN_ID='scheduled__2025-11-22T02:45:00+00:00'
[2025-11-24T03:00:05.340+0000] {taskinstance.py:731} INFO - ::endgroup::
[2025-11-24T03:00:05.439+0000] {baseoperator.py:405} WARNING - ExternalTaskSensor.execute cannot be called outside TaskInstance!
[2025-11-24T03:00:05.486+0000] {external_task.py:258} INFO - Poking for tasks ['end'] in dag stock_etl_yfinance on 2025-11-22T02:45:00+00:00 ... 
[2025-11-24T03:00:05.525+0000] {logging_mixin.py:190} WARNING - /home/***/.local/lib/python3.12/site-packages/***/utils/session.py:97 DeprecationWarning: This method is deprecated and will be removed in future.
[2025-11-24T03:00:05.671+0000] {taskinstance.py:309} INFO - Rescheduling task, marking task as UP_FOR_RESCHEDULE
[2025-11-24T03:00:05.674+0000] {taskinstance.py:340} INFO - ::group::Post task execution logs
[2025-11-24T03:00:05.720+0000] {local_task_job_runner.py:266} INFO - Task exited with return code 0
[2025-11-24T03:00:05.866+0000] {taskinstance.py:3900} INFO - 0 downstream tasks scheduled from follow-on schedule check
[2025-11-24T03:00:05.875+0000] {local_task_job_runner.py:245} INFO - ::endgroup::
[2025-11-24T03:01:07.743+0000] {local_task_job_runner.py:123} INFO - ::group::Pre task execution logs
[2025-11-24T03:01:07.852+0000] {taskinstance.py:2612} INFO - Dependencies all met for dep_context=non-requeueable deps ti=<TaskInstance: stock_elt_dbt.wait_for_etl scheduled__2025-11-22T02:45:00+00:00 [queued]>
[2025-11-24T03:01:07.902+0000] {taskinstance.py:2612} INFO - Dependencies all met for dep_context=requeueable deps ti=<TaskInstance: stock_elt_dbt.wait_for_etl scheduled__2025-11-22T02:45:00+00:00 [queued]>
[2025-11-24T03:01:07.905+0000] {taskinstance.py:2865} INFO - Starting attempt 1 of 2
[2025-11-24T03:01:07.987+0000] {taskinstance.py:2888} INFO - Executing <Task(ExternalTaskSensor): wait_for_etl> on 2025-11-22 02:45:00+00:00
[2025-11-24T03:01:08.030+0000] {standard_task_runner.py:104} INFO - Running: ['***', 'tasks', 'run', 'stock_elt_dbt', 'wait_for_etl', 'scheduled__2025-11-22T02:45:00+00:00', '--job-id', '27', '--raw', '--subdir', 'DAGS_FOLDER/stock_elt_dbt.py', '--cfg-path', '/tmp/tmph3qw6uak']
[2025-11-24T03:01:08.046+0000] {standard_task_runner.py:105} INFO - Job 27: Subtask wait_for_etl
[2025-11-24T03:01:08.070+0000] {logging_mixin.py:190} WARNING - /home/***/.local/lib/python3.12/site-packages/***/task/task_runner/standard_task_runner.py:70 DeprecationWarning: This process (pid=5413) is multi-threaded, use of fork() may lead to deadlocks in the child.
[2025-11-24T03:01:08.075+0000] {standard_task_runner.py:72} INFO - Started process 5414 to run task
[2025-11-24T03:01:08.341+0000] {task_command.py:467} INFO - Running <TaskInstance: stock_elt_dbt.wait_for_etl scheduled__2025-11-22T02:45:00+00:00 [running]> on host dc467a0567ff
[2025-11-24T03:01:08.749+0000] {taskinstance.py:3131} INFO - Exporting env vars: AIRFLOW_CTX_DAG_OWNER='lab2' AIRFLOW_CTX_DAG_ID='stock_elt_dbt' AIRFLOW_CTX_TASK_ID='wait_for_etl' AIRFLOW_CTX_EXECUTION_DATE='2025-11-22T02:45:00+00:00' AIRFLOW_CTX_TRY_NUMBER='1' AIRFLOW_CTX_DAG_RUN_ID='scheduled__2025-11-22T02:45:00+00:00'
[2025-11-24T03:01:08.753+0000] {taskinstance.py:731} INFO - ::endgroup::
[2025-11-24T03:01:08.830+0000] {baseoperator.py:405} WARNING - ExternalTaskSensor.execute cannot be called outside TaskInstance!
[2025-11-24T03:01:08.869+0000] {external_task.py:258} INFO - Poking for tasks ['end'] in dag stock_etl_yfinance on 2025-11-22T02:45:00+00:00 ... 
[2025-11-24T03:01:08.896+0000] {logging_mixin.py:190} WARNING - /home/***/.local/lib/python3.12/site-packages/***/utils/session.py:97 DeprecationWarning: This method is deprecated and will be removed in future.
[2025-11-24T03:01:09.026+0000] {taskinstance.py:309} INFO - Rescheduling task, marking task as UP_FOR_RESCHEDULE
[2025-11-24T03:01:09.028+0000] {taskinstance.py:340} INFO - ::group::Post task execution logs
[2025-11-24T03:01:09.063+0000] {local_task_job_runner.py:266} INFO - Task exited with return code 0
[2025-11-24T03:01:09.192+0000] {taskinstance.py:3900} INFO - 0 downstream tasks scheduled from follow-on schedule check
[2025-11-24T03:01:09.198+0000] {local_task_job_runner.py:245} INFO - ::endgroup::
[2025-11-24T03:02:11.449+0000] {local_task_job_runner.py:123} INFO - ::group::Pre task execution logs
[2025-11-24T03:02:11.570+0000] {taskinstance.py:2612} INFO - Dependencies all met for dep_context=non-requeueable deps ti=<TaskInstance: stock_elt_dbt.wait_for_etl scheduled__2025-11-22T02:45:00+00:00 [queued]>
[2025-11-24T03:02:11.607+0000] {taskinstance.py:2612} INFO - Dependencies all met for dep_context=requeueable deps ti=<TaskInstance: stock_elt_dbt.wait_for_etl scheduled__2025-11-22T02:45:00+00:00 [queued]>
[2025-11-24T03:02:11.609+0000] {taskinstance.py:2865} INFO - Starting attempt 1 of 2
[2025-11-24T03:02:11.663+0000] {taskinstance.py:2888} INFO - Executing <Task(ExternalTaskSensor): wait_for_etl> on 2025-11-22 02:45:00+00:00
[2025-11-24T03:02:11.687+0000] {standard_task_runner.py:104} INFO - Running: ['***', 'tasks', 'run', 'stock_elt_dbt', 'wait_for_etl', 'scheduled__2025-11-22T02:45:00+00:00', '--job-id', '28', '--raw', '--subdir', 'DAGS_FOLDER/stock_elt_dbt.py', '--cfg-path', '/tmp/tmpkxxv2xw6']
[2025-11-24T03:02:11.698+0000] {standard_task_runner.py:105} INFO - Job 28: Subtask wait_for_etl
[2025-11-24T03:02:11.713+0000] {logging_mixin.py:190} WARNING - /home/***/.local/lib/python3.12/site-packages/***/task/task_runner/standard_task_runner.py:70 DeprecationWarning: This process (pid=5499) is multi-threaded, use of fork() may lead to deadlocks in the child.
[2025-11-24T03:02:11.718+0000] {standard_task_runner.py:72} INFO - Started process 5500 to run task
[2025-11-24T03:02:11.936+0000] {task_command.py:467} INFO - Running <TaskInstance: stock_elt_dbt.wait_for_etl scheduled__2025-11-22T02:45:00+00:00 [running]> on host dc467a0567ff
[2025-11-24T03:02:12.338+0000] {taskinstance.py:3131} INFO - Exporting env vars: AIRFLOW_CTX_DAG_OWNER='lab2' AIRFLOW_CTX_DAG_ID='stock_elt_dbt' AIRFLOW_CTX_TASK_ID='wait_for_etl' AIRFLOW_CTX_EXECUTION_DATE='2025-11-22T02:45:00+00:00' AIRFLOW_CTX_TRY_NUMBER='1' AIRFLOW_CTX_DAG_RUN_ID='scheduled__2025-11-22T02:45:00+00:00'
[2025-11-24T03:02:12.341+0000] {taskinstance.py:731} INFO - ::endgroup::
[2025-11-24T03:02:12.408+0000] {baseoperator.py:405} WARNING - ExternalTaskSensor.execute cannot be called outside TaskInstance!
[2025-11-24T03:02:12.438+0000] {external_task.py:258} INFO - Poking for tasks ['end'] in dag stock_etl_yfinance on 2025-11-22T02:45:00+00:00 ... 
[2025-11-24T03:02:12.469+0000] {logging_mixin.py:190} WARNING - /home/***/.local/lib/python3.12/site-packages/***/utils/session.py:97 DeprecationWarning: This method is deprecated and will be removed in future.
[2025-11-24T03:02:12.589+0000] {taskinstance.py:309} INFO - Rescheduling task, marking task as UP_FOR_RESCHEDULE
[2025-11-24T03:02:12.592+0000] {taskinstance.py:340} INFO - ::group::Post task execution logs
[2025-11-24T03:02:12.626+0000] {local_task_job_runner.py:266} INFO - Task exited with return code 0
[2025-11-24T03:02:12.749+0000] {taskinstance.py:3900} INFO - 0 downstream tasks scheduled from follow-on schedule check
[2025-11-24T03:02:12.761+0000] {local_task_job_runner.py:245} INFO - ::endgroup::
[2025-11-24T03:03:15.264+0000] {local_task_job_runner.py:123} INFO - ::group::Pre task execution logs
[2025-11-24T03:03:15.364+0000] {taskinstance.py:2612} INFO - Dependencies all met for dep_context=non-requeueable deps ti=<TaskInstance: stock_elt_dbt.wait_for_etl scheduled__2025-11-22T02:45:00+00:00 [queued]>
[2025-11-24T03:03:15.400+0000] {taskinstance.py:2612} INFO - Dependencies all met for dep_context=requeueable deps ti=<TaskInstance: stock_elt_dbt.wait_for_etl scheduled__2025-11-22T02:45:00+00:00 [queued]>
[2025-11-24T03:03:15.402+0000] {taskinstance.py:2865} INFO - Starting attempt 1 of 2
[2025-11-24T03:03:15.472+0000] {taskinstance.py:2888} INFO - Executing <Task(ExternalTaskSensor): wait_for_etl> on 2025-11-22 02:45:00+00:00
[2025-11-24T03:03:15.500+0000] {standard_task_runner.py:104} INFO - Running: ['***', 'tasks', 'run', 'stock_elt_dbt', 'wait_for_etl', 'scheduled__2025-11-22T02:45:00+00:00', '--job-id', '29', '--raw', '--subdir', 'DAGS_FOLDER/stock_elt_dbt.py', '--cfg-path', '/tmp/tmpswmtaieo']
[2025-11-24T03:03:15.511+0000] {standard_task_runner.py:105} INFO - Job 29: Subtask wait_for_etl
[2025-11-24T03:03:15.536+0000] {logging_mixin.py:190} WARNING - /home/***/.local/lib/python3.12/site-packages/***/task/task_runner/standard_task_runner.py:70 DeprecationWarning: This process (pid=5585) is multi-threaded, use of fork() may lead to deadlocks in the child.
[2025-11-24T03:03:15.540+0000] {standard_task_runner.py:72} INFO - Started process 5586 to run task
[2025-11-24T03:03:15.736+0000] {task_command.py:467} INFO - Running <TaskInstance: stock_elt_dbt.wait_for_etl scheduled__2025-11-22T02:45:00+00:00 [running]> on host dc467a0567ff
[2025-11-24T03:03:16.334+0000] {taskinstance.py:3131} INFO - Exporting env vars: AIRFLOW_CTX_DAG_OWNER='lab2' AIRFLOW_CTX_DAG_ID='stock_elt_dbt' AIRFLOW_CTX_TASK_ID='wait_for_etl' AIRFLOW_CTX_EXECUTION_DATE='2025-11-22T02:45:00+00:00' AIRFLOW_CTX_TRY_NUMBER='1' AIRFLOW_CTX_DAG_RUN_ID='scheduled__2025-11-22T02:45:00+00:00'
[2025-11-24T03:03:16.342+0000] {taskinstance.py:731} INFO - ::endgroup::
[2025-11-24T03:03:16.508+0000] {baseoperator.py:405} WARNING - ExternalTaskSensor.execute cannot be called outside TaskInstance!
[2025-11-24T03:03:16.543+0000] {external_task.py:258} INFO - Poking for tasks ['end'] in dag stock_etl_yfinance on 2025-11-22T02:45:00+00:00 ... 
[2025-11-24T03:03:16.571+0000] {logging_mixin.py:190} WARNING - /home/***/.local/lib/python3.12/site-packages/***/utils/session.py:97 DeprecationWarning: This method is deprecated and will be removed in future.
[2025-11-24T03:03:16.694+0000] {taskinstance.py:309} INFO - Rescheduling task, marking task as UP_FOR_RESCHEDULE
[2025-11-24T03:03:16.697+0000] {taskinstance.py:340} INFO - ::group::Post task execution logs
[2025-11-24T03:03:16.753+0000] {local_task_job_runner.py:266} INFO - Task exited with return code 0
[2025-11-24T03:03:16.881+0000] {taskinstance.py:3900} INFO - 0 downstream tasks scheduled from follow-on schedule check
[2025-11-24T03:03:16.887+0000] {local_task_job_runner.py:245} INFO - ::endgroup::
[2025-11-24T03:04:18.630+0000] {local_task_job_runner.py:123} INFO - ::group::Pre task execution logs
[2025-11-24T03:04:18.742+0000] {taskinstance.py:2612} INFO - Dependencies all met for dep_context=non-requeueable deps ti=<TaskInstance: stock_elt_dbt.wait_for_etl scheduled__2025-11-22T02:45:00+00:00 [queued]>
[2025-11-24T03:04:18.792+0000] {taskinstance.py:2612} INFO - Dependencies all met for dep_context=requeueable deps ti=<TaskInstance: stock_elt_dbt.wait_for_etl scheduled__2025-11-22T02:45:00+00:00 [queued]>
[2025-11-24T03:04:18.795+0000] {taskinstance.py:2865} INFO - Starting attempt 1 of 2
[2025-11-24T03:04:18.872+0000] {taskinstance.py:2888} INFO - Executing <Task(ExternalTaskSensor): wait_for_etl> on 2025-11-22 02:45:00+00:00
[2025-11-24T03:04:18.899+0000] {standard_task_runner.py:104} INFO - Running: ['***', 'tasks', 'run', 'stock_elt_dbt', 'wait_for_etl', 'scheduled__2025-11-22T02:45:00+00:00', '--job-id', '30', '--raw', '--subdir', 'DAGS_FOLDER/stock_elt_dbt.py', '--cfg-path', '/tmp/tmpvr2o3e8c']
[2025-11-24T03:04:18.918+0000] {standard_task_runner.py:105} INFO - Job 30: Subtask wait_for_etl
[2025-11-24T03:04:18.933+0000] {logging_mixin.py:190} WARNING - /home/***/.local/lib/python3.12/site-packages/***/task/task_runner/standard_task_runner.py:70 DeprecationWarning: This process (pid=5668) is multi-threaded, use of fork() may lead to deadlocks in the child.
[2025-11-24T03:04:18.937+0000] {standard_task_runner.py:72} INFO - Started process 5669 to run task
[2025-11-24T03:04:19.222+0000] {task_command.py:467} INFO - Running <TaskInstance: stock_elt_dbt.wait_for_etl scheduled__2025-11-22T02:45:00+00:00 [running]> on host dc467a0567ff
[2025-11-24T03:04:19.622+0000] {taskinstance.py:3131} INFO - Exporting env vars: AIRFLOW_CTX_DAG_OWNER='lab2' AIRFLOW_CTX_DAG_ID='stock_elt_dbt' AIRFLOW_CTX_TASK_ID='wait_for_etl' AIRFLOW_CTX_EXECUTION_DATE='2025-11-22T02:45:00+00:00' AIRFLOW_CTX_TRY_NUMBER='1' AIRFLOW_CTX_DAG_RUN_ID='scheduled__2025-11-22T02:45:00+00:00'
[2025-11-24T03:04:19.625+0000] {taskinstance.py:731} INFO - ::endgroup::
[2025-11-24T03:04:19.709+0000] {baseoperator.py:405} WARNING - ExternalTaskSensor.execute cannot be called outside TaskInstance!
[2025-11-24T03:04:19.756+0000] {external_task.py:258} INFO - Poking for tasks ['end'] in dag stock_etl_yfinance on 2025-11-22T02:45:00+00:00 ... 
[2025-11-24T03:04:19.780+0000] {logging_mixin.py:190} WARNING - /home/***/.local/lib/python3.12/site-packages/***/utils/session.py:97 DeprecationWarning: This method is deprecated and will be removed in future.
[2025-11-24T03:04:19.895+0000] {taskinstance.py:309} INFO - Rescheduling task, marking task as UP_FOR_RESCHEDULE
[2025-11-24T03:04:19.898+0000] {taskinstance.py:340} INFO - ::group::Post task execution logs
[2025-11-24T03:04:19.965+0000] {local_task_job_runner.py:266} INFO - Task exited with return code 0
[2025-11-24T03:04:20.165+0000] {taskinstance.py:3900} INFO - 0 downstream tasks scheduled from follow-on schedule check
[2025-11-24T03:04:20.173+0000] {local_task_job_runner.py:245} INFO - ::endgroup::
[2025-11-24T03:05:21.272+0000] {local_task_job_runner.py:123} INFO - ::group::Pre task execution logs
[2025-11-24T03:05:21.376+0000] {taskinstance.py:2612} INFO - Dependencies all met for dep_context=non-requeueable deps ti=<TaskInstance: stock_elt_dbt.wait_for_etl scheduled__2025-11-22T02:45:00+00:00 [queued]>
[2025-11-24T03:05:21.441+0000] {taskinstance.py:2612} INFO - Dependencies all met for dep_context=requeueable deps ti=<TaskInstance: stock_elt_dbt.wait_for_etl scheduled__2025-11-22T02:45:00+00:00 [queued]>
[2025-11-24T03:05:21.443+0000] {taskinstance.py:2865} INFO - Starting attempt 1 of 2
[2025-11-24T03:05:21.519+0000] {taskinstance.py:2888} INFO - Executing <Task(ExternalTaskSensor): wait_for_etl> on 2025-11-22 02:45:00+00:00
[2025-11-24T03:05:21.555+0000] {standard_task_runner.py:104} INFO - Running: ['***', 'tasks', 'run', 'stock_elt_dbt', 'wait_for_etl', 'scheduled__2025-11-22T02:45:00+00:00', '--job-id', '31', '--raw', '--subdir', 'DAGS_FOLDER/stock_elt_dbt.py', '--cfg-path', '/tmp/tmprcz_0c_6']
[2025-11-24T03:05:21.571+0000] {standard_task_runner.py:105} INFO - Job 31: Subtask wait_for_etl
[2025-11-24T03:05:21.623+0000] {logging_mixin.py:190} WARNING - /home/***/.local/lib/python3.12/site-packages/***/task/task_runner/standard_task_runner.py:70 DeprecationWarning: This process (pid=5750) is multi-threaded, use of fork() may lead to deadlocks in the child.
[2025-11-24T03:05:21.634+0000] {standard_task_runner.py:72} INFO - Started process 5751 to run task
[2025-11-24T03:05:21.828+0000] {task_command.py:467} INFO - Running <TaskInstance: stock_elt_dbt.wait_for_etl scheduled__2025-11-22T02:45:00+00:00 [running]> on host dc467a0567ff
[2025-11-24T03:05:22.280+0000] {taskinstance.py:3131} INFO - Exporting env vars: AIRFLOW_CTX_DAG_OWNER='lab2' AIRFLOW_CTX_DAG_ID='stock_elt_dbt' AIRFLOW_CTX_TASK_ID='wait_for_etl' AIRFLOW_CTX_EXECUTION_DATE='2025-11-22T02:45:00+00:00' AIRFLOW_CTX_TRY_NUMBER='1' AIRFLOW_CTX_DAG_RUN_ID='scheduled__2025-11-22T02:45:00+00:00'
[2025-11-24T03:05:22.283+0000] {taskinstance.py:731} INFO - ::endgroup::
[2025-11-24T03:05:22.355+0000] {baseoperator.py:405} WARNING - ExternalTaskSensor.execute cannot be called outside TaskInstance!
[2025-11-24T03:05:22.385+0000] {external_task.py:258} INFO - Poking for tasks ['end'] in dag stock_etl_yfinance on 2025-11-22T02:45:00+00:00 ... 
[2025-11-24T03:05:22.412+0000] {logging_mixin.py:190} WARNING - /home/***/.local/lib/python3.12/site-packages/***/utils/session.py:97 DeprecationWarning: This method is deprecated and will be removed in future.
[2025-11-24T03:05:22.522+0000] {taskinstance.py:309} INFO - Rescheduling task, marking task as UP_FOR_RESCHEDULE
[2025-11-24T03:05:22.524+0000] {taskinstance.py:340} INFO - ::group::Post task execution logs
[2025-11-24T03:05:22.580+0000] {local_task_job_runner.py:266} INFO - Task exited with return code 0
[2025-11-24T03:05:22.709+0000] {taskinstance.py:3900} INFO - 0 downstream tasks scheduled from follow-on schedule check
[2025-11-24T03:05:22.718+0000] {local_task_job_runner.py:245} INFO - ::endgroup::
[2025-11-24T03:06:23.405+0000] {local_task_job_runner.py:123} INFO - ::group::Pre task execution logs
[2025-11-24T03:06:23.486+0000] {taskinstance.py:2612} INFO - Dependencies all met for dep_context=non-requeueable deps ti=<TaskInstance: stock_elt_dbt.wait_for_etl scheduled__2025-11-22T02:45:00+00:00 [queued]>
[2025-11-24T03:06:23.521+0000] {taskinstance.py:2612} INFO - Dependencies all met for dep_context=requeueable deps ti=<TaskInstance: stock_elt_dbt.wait_for_etl scheduled__2025-11-22T02:45:00+00:00 [queued]>
[2025-11-24T03:06:23.522+0000] {taskinstance.py:2865} INFO - Starting attempt 1 of 2
[2025-11-24T03:06:23.680+0000] {taskinstance.py:2888} INFO - Executing <Task(ExternalTaskSensor): wait_for_etl> on 2025-11-22 02:45:00+00:00
[2025-11-24T03:06:23.718+0000] {standard_task_runner.py:104} INFO - Running: ['***', 'tasks', 'run', 'stock_elt_dbt', 'wait_for_etl', 'scheduled__2025-11-22T02:45:00+00:00', '--job-id', '32', '--raw', '--subdir', 'DAGS_FOLDER/stock_elt_dbt.py', '--cfg-path', '/tmp/tmpo2oiyg_b']
[2025-11-24T03:06:23.740+0000] {standard_task_runner.py:105} INFO - Job 32: Subtask wait_for_etl
[2025-11-24T03:06:23.765+0000] {logging_mixin.py:190} WARNING - /home/***/.local/lib/python3.12/site-packages/***/task/task_runner/standard_task_runner.py:70 DeprecationWarning: This process (pid=5835) is multi-threaded, use of fork() may lead to deadlocks in the child.
[2025-11-24T03:06:23.775+0000] {standard_task_runner.py:72} INFO - Started process 5841 to run task
[2025-11-24T03:06:24.205+0000] {task_command.py:467} INFO - Running <TaskInstance: stock_elt_dbt.wait_for_etl scheduled__2025-11-22T02:45:00+00:00 [running]> on host dc467a0567ff
[2025-11-24T03:06:24.645+0000] {taskinstance.py:3131} INFO - Exporting env vars: AIRFLOW_CTX_DAG_OWNER='lab2' AIRFLOW_CTX_DAG_ID='stock_elt_dbt' AIRFLOW_CTX_TASK_ID='wait_for_etl' AIRFLOW_CTX_EXECUTION_DATE='2025-11-22T02:45:00+00:00' AIRFLOW_CTX_TRY_NUMBER='1' AIRFLOW_CTX_DAG_RUN_ID='scheduled__2025-11-22T02:45:00+00:00'
[2025-11-24T03:06:24.648+0000] {taskinstance.py:731} INFO - ::endgroup::
[2025-11-24T03:06:24.713+0000] {baseoperator.py:405} WARNING - ExternalTaskSensor.execute cannot be called outside TaskInstance!
[2025-11-24T03:06:24.755+0000] {external_task.py:258} INFO - Poking for tasks ['end'] in dag stock_etl_yfinance on 2025-11-22T02:45:00+00:00 ... 
[2025-11-24T03:06:24.776+0000] {logging_mixin.py:190} WARNING - /home/***/.local/lib/python3.12/site-packages/***/utils/session.py:97 DeprecationWarning: This method is deprecated and will be removed in future.
[2025-11-24T03:06:24.890+0000] {taskinstance.py:309} INFO - Rescheduling task, marking task as UP_FOR_RESCHEDULE
[2025-11-24T03:06:24.893+0000] {taskinstance.py:340} INFO - ::group::Post task execution logs
[2025-11-24T03:06:24.919+0000] {local_task_job_runner.py:266} INFO - Task exited with return code 0
[2025-11-24T03:06:25.046+0000] {taskinstance.py:3900} INFO - 0 downstream tasks scheduled from follow-on schedule check
[2025-11-24T03:06:25.053+0000] {local_task_job_runner.py:245} INFO - ::endgroup::
[2025-11-24T03:07:26.751+0000] {local_task_job_runner.py:123} INFO - ::group::Pre task execution logs
[2025-11-24T03:07:26.837+0000] {taskinstance.py:2612} INFO - Dependencies all met for dep_context=non-requeueable deps ti=<TaskInstance: stock_elt_dbt.wait_for_etl scheduled__2025-11-22T02:45:00+00:00 [queued]>
[2025-11-24T03:07:26.871+0000] {taskinstance.py:2612} INFO - Dependencies all met for dep_context=requeueable deps ti=<TaskInstance: stock_elt_dbt.wait_for_etl scheduled__2025-11-22T02:45:00+00:00 [queued]>
[2025-11-24T03:07:26.873+0000] {taskinstance.py:2865} INFO - Starting attempt 1 of 2
[2025-11-24T03:07:26.934+0000] {taskinstance.py:2888} INFO - Executing <Task(ExternalTaskSensor): wait_for_etl> on 2025-11-22 02:45:00+00:00
[2025-11-24T03:07:26.962+0000] {standard_task_runner.py:104} INFO - Running: ['***', 'tasks', 'run', 'stock_elt_dbt', 'wait_for_etl', 'scheduled__2025-11-22T02:45:00+00:00', '--job-id', '33', '--raw', '--subdir', 'DAGS_FOLDER/stock_elt_dbt.py', '--cfg-path', '/tmp/tmp69pv3u2f']
[2025-11-24T03:07:26.974+0000] {standard_task_runner.py:105} INFO - Job 33: Subtask wait_for_etl
[2025-11-24T03:07:26.998+0000] {logging_mixin.py:190} WARNING - /home/***/.local/lib/python3.12/site-packages/***/task/task_runner/standard_task_runner.py:70 DeprecationWarning: This process (pid=5924) is multi-threaded, use of fork() may lead to deadlocks in the child.
[2025-11-24T03:07:27.002+0000] {standard_task_runner.py:72} INFO - Started process 5925 to run task
[2025-11-24T03:07:27.202+0000] {task_command.py:467} INFO - Running <TaskInstance: stock_elt_dbt.wait_for_etl scheduled__2025-11-22T02:45:00+00:00 [running]> on host dc467a0567ff
[2025-11-24T03:07:27.666+0000] {taskinstance.py:3131} INFO - Exporting env vars: AIRFLOW_CTX_DAG_OWNER='lab2' AIRFLOW_CTX_DAG_ID='stock_elt_dbt' AIRFLOW_CTX_TASK_ID='wait_for_etl' AIRFLOW_CTX_EXECUTION_DATE='2025-11-22T02:45:00+00:00' AIRFLOW_CTX_TRY_NUMBER='1' AIRFLOW_CTX_DAG_RUN_ID='scheduled__2025-11-22T02:45:00+00:00'
[2025-11-24T03:07:27.670+0000] {taskinstance.py:731} INFO - ::endgroup::
[2025-11-24T03:07:27.755+0000] {baseoperator.py:405} WARNING - ExternalTaskSensor.execute cannot be called outside TaskInstance!
[2025-11-24T03:07:27.813+0000] {external_task.py:258} INFO - Poking for tasks ['end'] in dag stock_etl_yfinance on 2025-11-22T02:45:00+00:00 ... 
[2025-11-24T03:07:27.846+0000] {logging_mixin.py:190} WARNING - /home/***/.local/lib/python3.12/site-packages/***/utils/session.py:97 DeprecationWarning: This method is deprecated and will be removed in future.
[2025-11-24T03:07:27.973+0000] {taskinstance.py:309} INFO - Rescheduling task, marking task as UP_FOR_RESCHEDULE
[2025-11-24T03:07:27.974+0000] {taskinstance.py:340} INFO - ::group::Post task execution logs
[2025-11-24T03:07:28.036+0000] {local_task_job_runner.py:266} INFO - Task exited with return code 0
[2025-11-24T03:07:28.154+0000] {taskinstance.py:3900} INFO - 0 downstream tasks scheduled from follow-on schedule check
[2025-11-24T03:07:28.160+0000] {local_task_job_runner.py:245} INFO - ::endgroup::
[2025-11-24T03:08:30.244+0000] {local_task_job_runner.py:123} INFO - ::group::Pre task execution logs
[2025-11-24T03:08:30.383+0000] {taskinstance.py:2602} INFO - Dependencies not met for <TaskInstance: stock_elt_dbt.wait_for_etl scheduled__2025-11-22T02:45:00+00:00 [success]>, dependency 'Task Instance State' FAILED: Task is in the 'success' state.
[2025-11-24T03:08:30.390+0000] {local_task_job_runner.py:166} INFO - Task is not able to be run
