[2025-10-06T05:19:27.440+0000] {local_task_job_runner.py:123} INFO - ::group::Pre task execution logs
[2025-10-06T05:19:27.474+0000] {taskinstance.py:2612} INFO - Dependencies all met for dep_context=non-requeueable deps ti=<TaskInstance: ETL_DAG.load_to_snowflake manual__2025-10-06T05:19:05.488340+00:00 [queued]>
[2025-10-06T05:19:27.491+0000] {taskinstance.py:2612} INFO - Dependencies all met for dep_context=requeueable deps ti=<TaskInstance: ETL_DAG.load_to_snowflake manual__2025-10-06T05:19:05.488340+00:00 [queued]>
[2025-10-06T05:19:27.491+0000] {taskinstance.py:2865} INFO - Starting attempt 1 of 1
[2025-10-06T05:19:27.515+0000] {taskinstance.py:2888} INFO - Executing <Task(_PythonDecoratedOperator): load_to_snowflake> on 2025-10-06 05:19:05.488340+00:00
[2025-10-06T05:19:27.528+0000] {logging_mixin.py:190} WARNING - /home/***/.local/lib/python3.12/site-packages/***/task/task_runner/standard_task_runner.py:70 DeprecationWarning: This process (pid=8445) is multi-threaded, use of fork() may lead to deadlocks in the child.
[2025-10-06T05:19:27.531+0000] {standard_task_runner.py:72} INFO - Started process 8448 to run task
[2025-10-06T05:19:27.529+0000] {standard_task_runner.py:104} INFO - Running: ['***', 'tasks', 'run', 'ETL_DAG', 'load_to_snowflake', 'manual__2025-10-06T05:19:05.488340+00:00', '--job-id', '27', '--raw', '--subdir', 'DAGS_FOLDER/lab1.py', '--cfg-path', '/tmp/tmpz15tfzus']
[2025-10-06T05:19:27.533+0000] {standard_task_runner.py:105} INFO - Job 27: Subtask load_to_snowflake
[2025-10-06T05:19:27.625+0000] {task_command.py:467} INFO - Running <TaskInstance: ETL_DAG.load_to_snowflake manual__2025-10-06T05:19:05.488340+00:00 [running]> on host 84656391f7f8
[2025-10-06T05:19:27.809+0000] {taskinstance.py:3131} INFO - Exporting env vars: AIRFLOW_CTX_DAG_OWNER='***' AIRFLOW_CTX_DAG_ID='ETL_DAG' AIRFLOW_CTX_TASK_ID='load_to_snowflake' AIRFLOW_CTX_EXECUTION_DATE='2025-10-06T05:19:05.488340+00:00' AIRFLOW_CTX_TRY_NUMBER='1' AIRFLOW_CTX_DAG_RUN_ID='manual__2025-10-06T05:19:05.488340+00:00'
[2025-10-06T05:19:27.810+0000] {taskinstance.py:731} INFO - ::endgroup::
[2025-10-06T05:19:28.361+0000] {cursor.py:1156} INFO - Number of results in first chunk: 1
[2025-10-06T05:19:28.538+0000] {cursor.py:1156} INFO - Number of results in first chunk: 1
[2025-10-06T05:19:28.716+0000] {cursor.py:1156} INFO - Number of results in first chunk: 1
[2025-10-06T05:19:28.823+0000] {cursor.py:1156} INFO - Number of results in first chunk: 1
[2025-10-06T05:44:49.517+0000] {job.py:229} INFO - Heartbeat recovered after 1204.25 seconds
[2025-10-06T05:44:53.737+0000] {cursor.py:1156} INFO - Number of results in first chunk: 1
[2025-10-06T05:44:53.840+0000] {python.py:240} INFO - Done. Returned value was: None
[2025-10-06T05:44:54.848+0000] {taskinstance.py:340} INFO - ::group::Post task execution logs
[2025-10-06T05:44:54.928+0000] {taskinstance.py:352} INFO - Marking task as SUCCESS. dag_id=ETL_DAG, task_id=load_to_snowflake, run_id=manual__2025-10-06T05:19:05.488340+00:00, execution_date=20251006T051905, start_date=20251006T051927, end_date=20251006T054454
[2025-10-06T05:44:55.604+0000] {local_task_job_runner.py:266} INFO - Task exited with return code 0
[2025-10-06T05:44:56.083+0000] {taskinstance.py:3900} INFO - 0 downstream tasks scheduled from follow-on schedule check
[2025-10-06T05:44:56.095+0000] {local_task_job_runner.py:245} INFO - ::endgroup::
