[2025-10-28T19:31:10.452+0000] {local_task_job_runner.py:123} INFO - ::group::Pre task execution logs
[2025-10-28T19:31:10.505+0000] {taskinstance.py:2612} INFO - Dependencies all met for dep_context=non-requeueable deps ti=<TaskInstance: ETL_Import_User_Session_Tables.load_session_timestamp manual__2025-10-28T19:30:48.890361+00:00 [queued]>
[2025-10-28T19:31:10.535+0000] {taskinstance.py:2612} INFO - Dependencies all met for dep_context=requeueable deps ti=<TaskInstance: ETL_Import_User_Session_Tables.load_session_timestamp manual__2025-10-28T19:30:48.890361+00:00 [queued]>
[2025-10-28T19:31:10.536+0000] {taskinstance.py:2865} INFO - Starting attempt 1 of 1
[2025-10-28T19:31:10.572+0000] {taskinstance.py:2888} INFO - Executing <Task(_PythonDecoratedOperator): load_session_timestamp> on 2025-10-28 19:30:48.890361+00:00
[2025-10-28T19:31:10.610+0000] {logging_mixin.py:190} WARNING - /home/***/.local/lib/python3.12/site-packages/***/task/task_runner/standard_task_runner.py:70 DeprecationWarning: This process (pid=573) is multi-threaded, use of fork() may lead to deadlocks in the child.
[2025-10-28T19:31:10.610+0000] {standard_task_runner.py:104} INFO - Running: ['***', 'tasks', 'run', 'ETL_Import_User_Session_Tables', 'load_session_timestamp', 'manual__2025-10-28T19:30:48.890361+00:00', '--job-id', '175', '--raw', '--subdir', 'DAGS_FOLDER/ETL_Import_Tables.py', '--cfg-path', '/tmp/tmppbpj1zan']
[2025-10-28T19:31:10.616+0000] {standard_task_runner.py:72} INFO - Started process 586 to run task
[2025-10-28T19:31:10.617+0000] {standard_task_runner.py:105} INFO - Job 175: Subtask load_session_timestamp
[2025-10-28T19:31:10.842+0000] {task_command.py:467} INFO - Running <TaskInstance: ETL_Import_User_Session_Tables.load_session_timestamp manual__2025-10-28T19:30:48.890361+00:00 [running]> on host f515708a0f95
[2025-10-28T19:31:11.078+0000] {taskinstance.py:3131} INFO - Exporting env vars: AIRFLOW_CTX_DAG_OWNER='***' AIRFLOW_CTX_DAG_ID='ETL_Import_User_Session_Tables' AIRFLOW_CTX_TASK_ID='load_session_timestamp' AIRFLOW_CTX_EXECUTION_DATE='2025-10-28T19:30:48.890361+00:00' AIRFLOW_CTX_TRY_NUMBER='1' AIRFLOW_CTX_DAG_RUN_ID='manual__2025-10-28T19:30:48.890361+00:00'
[2025-10-28T19:31:11.087+0000] {taskinstance.py:731} INFO - ::endgroup::
[2025-10-28T19:31:11.119+0000] {base.py:84} INFO - Retrieving connection 'snowflake_conn'
[2025-10-28T19:31:11.121+0000] {connection.py:413} INFO - Snowflake Connector for Python Version: 3.12.1, Python Version: 3.12.5, Platform: Linux-6.10.14-linuxkit-x86_64-with-glibc2.36
[2025-10-28T19:31:11.123+0000] {connection.py:1196} INFO - Connecting to GLOBAL Snowflake domain
[2025-10-28T19:31:11.124+0000] {connection.py:1277} INFO - This connection is in OCSP Fail Open Mode. TLS Certificates would be checked for validity and revocation status. Any other Certificate Revocation related exceptions or OCSP Responder failures would be disregarded in favor of connectivity.
[2025-10-28T19:31:12.352+0000] {cursor.py:1156} INFO - Number of results in first chunk: 1
[2025-10-28T19:31:12.353+0000] {ETL_Import_Tables.py:114} INFO - Loading session_timestamp data...
[2025-10-28T19:31:12.669+0000] {cursor.py:1156} INFO - Number of results in first chunk: 1
[2025-10-28T19:31:13.857+0000] {cursor.py:1156} INFO - Number of results in first chunk: 1
[2025-10-28T19:31:14.017+0000] {cursor.py:1156} INFO - Number of results in first chunk: 1
[2025-10-28T19:31:14.020+0000] {ETL_Import_Tables.py:128} INFO - Loaded 101520 rows into session_timestamp
[2025-10-28T19:31:14.793+0000] {cursor.py:1156} INFO - Number of results in first chunk: 1
[2025-10-28T19:31:14.794+0000] {python.py:240} INFO - Done. Returned value was: Loaded 101520 rows
[2025-10-28T19:31:14.843+0000] {taskinstance.py:340} INFO - ::group::Post task execution logs
[2025-10-28T19:31:14.844+0000] {taskinstance.py:352} INFO - Marking task as SUCCESS. dag_id=ETL_Import_User_Session_Tables, task_id=load_session_timestamp, run_id=manual__2025-10-28T19:30:48.890361+00:00, execution_date=20251028T193048, start_date=20251028T193110, end_date=20251028T193114
[2025-10-28T19:31:14.884+0000] {local_task_job_runner.py:266} INFO - Task exited with return code 0
[2025-10-28T19:31:14.924+0000] {taskinstance.py:3900} INFO - 0 downstream tasks scheduled from follow-on schedule check
[2025-10-28T19:31:14.929+0000] {local_task_job_runner.py:245} INFO - ::endgroup::
