[2025-11-24T20:29:46.406+0000] {local_task_job_runner.py:123} INFO - ::group::Pre task execution logs
[2025-11-24T20:29:46.453+0000] {taskinstance.py:2612} INFO - Dependencies all met for dep_context=non-requeueable deps ti=<TaskInstance: stock_elt_dbt.dbt_snapshot manual__2025-11-24T20:29:43.670784+00:00 [queued]>
[2025-11-24T20:29:46.479+0000] {taskinstance.py:2612} INFO - Dependencies all met for dep_context=requeueable deps ti=<TaskInstance: stock_elt_dbt.dbt_snapshot manual__2025-11-24T20:29:43.670784+00:00 [queued]>
[2025-11-24T20:29:46.481+0000] {taskinstance.py:2865} INFO - Starting attempt 1 of 1
[2025-11-24T20:29:46.515+0000] {taskinstance.py:2888} INFO - Executing <Task(BashOperator): dbt_snapshot> on 2025-11-24 20:29:43.670784+00:00
[2025-11-24T20:29:46.537+0000] {standard_task_runner.py:104} INFO - Running: ['***', 'tasks', 'run', 'stock_elt_dbt', 'dbt_snapshot', 'manual__2025-11-24T20:29:43.670784+00:00', '--job-id', '107', '--raw', '--subdir', 'DAGS_FOLDER/stock_elt_dbt.py', '--cfg-path', '/tmp/tmp46bpx1up']
[2025-11-24T20:29:46.546+0000] {standard_task_runner.py:105} INFO - Job 107: Subtask dbt_snapshot
[2025-11-24T20:29:46.547+0000] {logging_mixin.py:190} WARNING - /home/***/.local/lib/python3.12/site-packages/***/task/task_runner/standard_task_runner.py:70 DeprecationWarning: This process (pid=1748) is multi-threaded, use of fork() may lead to deadlocks in the child.
[2025-11-24T20:29:46.550+0000] {standard_task_runner.py:72} INFO - Started process 1750 to run task
[2025-11-24T20:29:46.656+0000] {task_command.py:467} INFO - Running <TaskInstance: stock_elt_dbt.dbt_snapshot manual__2025-11-24T20:29:43.670784+00:00 [running]> on host 638b31fa7dcc
[2025-11-24T20:29:46.923+0000] {taskinstance.py:3131} INFO - Exporting env vars: AIRFLOW_CTX_DAG_OWNER='***' AIRFLOW_CTX_DAG_ID='stock_elt_dbt' AIRFLOW_CTX_TASK_ID='dbt_snapshot' AIRFLOW_CTX_EXECUTION_DATE='2025-11-24T20:29:43.670784+00:00' AIRFLOW_CTX_TRY_NUMBER='1' AIRFLOW_CTX_DAG_RUN_ID='manual__2025-11-24T20:29:43.670784+00:00'
[2025-11-24T20:29:46.925+0000] {taskinstance.py:731} INFO - ::endgroup::
[2025-11-24T20:29:46.977+0000] {subprocess.py:63} INFO - Tmp dir root location: /tmp
[2025-11-24T20:29:46.981+0000] {subprocess.py:75} INFO - Running command: ['/usr/bin/bash', '-c', 'cd /opt/***/dbt/stock_analytics && if [ -x /home/***/.local/bin/dbt ]; then DBT_BIN=/home/***/.local/bin/dbt; elif command -v dbt >/dev/nuldovcl 2>&1; then DBT_BIN="$(command -v dbt)"; else DBT_BIN="python -m dbt.cli.main"; fi; $DBT_BIN snapshot --target prod --profiles-dir "$DBT_PROFILES_DIR"']
[2025-11-24T20:29:47.007+0000] {subprocess.py:86} INFO - Output:
[2025-11-24T20:29:55.495+0000] {subprocess.py:93} INFO - [0m20:29:55  Running with dbt=1.8.8
[2025-11-24T20:29:58.520+0000] {subprocess.py:93} INFO - [0m20:29:58  Registered adapter: snowflake=1.8.4
[2025-11-24T20:29:58.560+0000] {subprocess.py:93} INFO - [0m20:29:58  Unable to do partial parsing because saved manifest not found. Starting full parse.
[2025-11-24T20:30:03.350+0000] {subprocess.py:93} INFO - [0m20:30:03  [[33mWARNING[0m]: Deprecated functionality
[2025-11-24T20:30:03.352+0000] {subprocess.py:93} INFO - The `tests` config has been renamed to `data_tests`. Please see
[2025-11-24T20:30:03.352+0000] {subprocess.py:93} INFO - https://docs.getdbt.com/docs/build/data-tests#new-data_tests-syntax for more
[2025-11-24T20:30:03.353+0000] {subprocess.py:93} INFO - information.
[2025-11-24T20:30:04.693+0000] {subprocess.py:93} INFO - [0m20:30:04  Found 4 models, 1 snapshot, 8 data tests, 1 source, 455 macros
[2025-11-24T20:30:04.699+0000] {subprocess.py:93} INFO - [0m20:30:04
[2025-11-24T20:30:08.549+0000] {subprocess.py:93} INFO - [0m20:30:08  Concurrency: 4 threads (target='prod')
[2025-11-24T20:30:08.551+0000] {subprocess.py:93} INFO - [0m20:30:08
[2025-11-24T20:30:08.577+0000] {subprocess.py:93} INFO - [0m20:30:08  1 of 1 START snapshot ANALYTICS.snap_market_data ............................... [RUN]
[2025-11-24T20:30:12.509+0000] {subprocess.py:93} INFO - [0m20:30:12  1 of 1 OK snapshotted ANALYTICS.snap_market_data ............................... [[32mSUCCESS 1[0m in 3.92s]
[2025-11-24T20:30:12.520+0000] {subprocess.py:93} INFO - [0m20:30:12
[2025-11-24T20:30:12.522+0000] {subprocess.py:93} INFO - [0m20:30:12  Finished running 1 snapshot in 0 hours 0 minutes and 7.82 seconds (7.82s).
[2025-11-24T20:30:12.632+0000] {subprocess.py:93} INFO - [0m20:30:12
[2025-11-24T20:30:12.634+0000] {subprocess.py:93} INFO - [0m20:30:12  [32mCompleted successfully[0m
[2025-11-24T20:30:12.639+0000] {subprocess.py:93} INFO - [0m20:30:12
[2025-11-24T20:30:12.641+0000] {subprocess.py:93} INFO - [0m20:30:12  Done. PASS=1 WARN=0 ERROR=0 SKIP=0 TOTAL=1
[2025-11-24T20:30:14.823+0000] {subprocess.py:97} INFO - Command exited with return code 0
[2025-11-24T20:30:15.013+0000] {taskinstance.py:340} INFO - ::group::Post task execution logs
[2025-11-24T20:30:15.017+0000] {taskinstance.py:352} INFO - Marking task as SUCCESS. dag_id=stock_elt_dbt, task_id=dbt_snapshot, run_id=manual__2025-11-24T20:29:43.670784+00:00, execution_date=20251124T202943, start_date=20251124T202946, end_date=20251124T203015
[2025-11-24T20:30:15.140+0000] {local_task_job_runner.py:266} INFO - Task exited with return code 0
[2025-11-24T20:30:15.229+0000] {taskinstance.py:3900} INFO - 0 downstream tasks scheduled from follow-on schedule check
[2025-11-24T20:30:15.234+0000] {local_task_job_runner.py:245} INFO - ::endgroup::
