[2025-10-28T19:27:40.948+0000] {local_task_job_runner.py:123} INFO - ::group::Pre task execution logs
[2025-10-28T19:27:41.065+0000] {taskinstance.py:2612} INFO - Dependencies all met for dep_context=non-requeueable deps ti=<TaskInstance: AlphaVantage_to_Snowflake.load_to_snowflake scheduled__2025-10-27T02:30:00+00:00 [queued]>
[2025-10-28T19:27:41.206+0000] {taskinstance.py:2612} INFO - Dependencies all met for dep_context=requeueable deps ti=<TaskInstance: AlphaVantage_to_Snowflake.load_to_snowflake scheduled__2025-10-27T02:30:00+00:00 [queued]>
[2025-10-28T19:27:41.210+0000] {taskinstance.py:2865} INFO - Starting attempt 1 of 1
[2025-10-28T19:27:41.311+0000] {taskinstance.py:2888} INFO - Executing <Task(_PythonDecoratedOperator): load_to_snowflake> on 2025-10-27 02:30:00+00:00
[2025-10-28T19:27:41.356+0000] {logging_mixin.py:190} WARNING - /home/***/.local/lib/python3.12/site-packages/***/task/task_runner/standard_task_runner.py:70 DeprecationWarning: This process (pid=314) is multi-threaded, use of fork() may lead to deadlocks in the child.
[2025-10-28T19:27:41.375+0000] {standard_task_runner.py:72} INFO - Started process 348 to run task
[2025-10-28T19:27:41.361+0000] {standard_task_runner.py:104} INFO - Running: ['***', 'tasks', 'run', 'AlphaVantage_to_Snowflake', 'load_to_snowflake', 'scheduled__2025-10-27T02:30:00+00:00', '--job-id', '162', '--raw', '--subdir', 'DAGS_FOLDER/hw5_final.py', '--cfg-path', '/tmp/tmpvolygxxz']
[2025-10-28T19:27:41.398+0000] {standard_task_runner.py:105} INFO - Job 162: Subtask load_to_snowflake
[2025-10-28T19:27:42.050+0000] {task_command.py:467} INFO - Running <TaskInstance: AlphaVantage_to_Snowflake.load_to_snowflake scheduled__2025-10-27T02:30:00+00:00 [running]> on host f515708a0f95
[2025-10-28T19:27:42.905+0000] {taskinstance.py:3131} INFO - Exporting env vars: AIRFLOW_CTX_DAG_OWNER='***' AIRFLOW_CTX_DAG_ID='AlphaVantage_to_Snowflake' AIRFLOW_CTX_TASK_ID='load_to_snowflake' AIRFLOW_CTX_EXECUTION_DATE='2025-10-27T02:30:00+00:00' AIRFLOW_CTX_TRY_NUMBER='1' AIRFLOW_CTX_DAG_RUN_ID='scheduled__2025-10-27T02:30:00+00:00'
[2025-10-28T19:27:42.908+0000] {taskinstance.py:731} INFO - ::endgroup::
[2025-10-28T19:27:44.551+0000] {cursor.py:1156} INFO - Number of results in first chunk: 1
[2025-10-28T19:27:44.852+0000] {cursor.py:1156} INFO - Number of results in first chunk: 1
[2025-10-28T19:28:46.739+0000] {cursor.py:1156} INFO - Number of results in first chunk: 1
[2025-10-28T19:28:46.765+0000] {python.py:240} INFO - Done. Returned value was: None
[2025-10-28T19:28:46.858+0000] {taskinstance.py:340} INFO - ::group::Post task execution logs
[2025-10-28T19:28:46.862+0000] {taskinstance.py:352} INFO - Marking task as SUCCESS. dag_id=AlphaVantage_to_Snowflake, task_id=load_to_snowflake, run_id=scheduled__2025-10-27T02:30:00+00:00, execution_date=20251027T023000, start_date=20251028T192741, end_date=20251028T192846
[2025-10-28T19:28:46.951+0000] {local_task_job_runner.py:266} INFO - Task exited with return code 0
[2025-10-28T19:28:47.006+0000] {taskinstance.py:3900} INFO - 0 downstream tasks scheduled from follow-on schedule check
[2025-10-28T19:28:47.010+0000] {local_task_job_runner.py:245} INFO - ::endgroup::
