[2025-10-28T19:27:43.525+0000] {local_task_job_runner.py:123} INFO - ::group::Pre task execution logs
[2025-10-28T19:27:43.664+0000] {taskinstance.py:2612} INFO - Dependencies all met for dep_context=non-requeueable deps ti=<TaskInstance: AlphaVantage_to_Snowflake.load_to_snowflake scheduled__2025-10-07T02:30:00+00:00 [queued]>
[2025-10-28T19:27:43.723+0000] {taskinstance.py:2612} INFO - Dependencies all met for dep_context=requeueable deps ti=<TaskInstance: AlphaVantage_to_Snowflake.load_to_snowflake scheduled__2025-10-07T02:30:00+00:00 [queued]>
[2025-10-28T19:27:43.727+0000] {taskinstance.py:2865} INFO - Starting attempt 1 of 1
[2025-10-28T19:27:43.840+0000] {taskinstance.py:2888} INFO - Executing <Task(_PythonDecoratedOperator): load_to_snowflake> on 2025-10-07 02:30:00+00:00
[2025-10-28T19:27:43.895+0000] {logging_mixin.py:190} WARNING - /home/***/.local/lib/python3.12/site-packages/***/task/task_runner/standard_task_runner.py:70 DeprecationWarning: This process (pid=316) is multi-threaded, use of fork() may lead to deadlocks in the child.
[2025-10-28T19:27:43.900+0000] {standard_task_runner.py:72} INFO - Started process 351 to run task
[2025-10-28T19:27:43.905+0000] {standard_task_runner.py:104} INFO - Running: ['***', 'tasks', 'run', 'AlphaVantage_to_Snowflake', 'load_to_snowflake', 'scheduled__2025-10-07T02:30:00+00:00', '--job-id', '163', '--raw', '--subdir', 'DAGS_FOLDER/hw5_final.py', '--cfg-path', '/tmp/tmp0awnxz05']
[2025-10-28T19:27:43.907+0000] {standard_task_runner.py:105} INFO - Job 163: Subtask load_to_snowflake
[2025-10-28T19:27:44.203+0000] {task_command.py:467} INFO - Running <TaskInstance: AlphaVantage_to_Snowflake.load_to_snowflake scheduled__2025-10-07T02:30:00+00:00 [running]> on host f515708a0f95
[2025-10-28T19:27:44.797+0000] {taskinstance.py:3131} INFO - Exporting env vars: AIRFLOW_CTX_DAG_OWNER='***' AIRFLOW_CTX_DAG_ID='AlphaVantage_to_Snowflake' AIRFLOW_CTX_TASK_ID='load_to_snowflake' AIRFLOW_CTX_EXECUTION_DATE='2025-10-07T02:30:00+00:00' AIRFLOW_CTX_TRY_NUMBER='1' AIRFLOW_CTX_DAG_RUN_ID='scheduled__2025-10-07T02:30:00+00:00'
[2025-10-28T19:27:44.801+0000] {taskinstance.py:731} INFO - ::endgroup::
[2025-10-28T19:27:46.458+0000] {cursor.py:1156} INFO - Number of results in first chunk: 1
[2025-10-28T19:27:46.620+0000] {cursor.py:1156} INFO - Number of results in first chunk: 1
[2025-10-28T19:29:42.212+0000] {cursor.py:1156} INFO - Number of results in first chunk: 1
[2025-10-28T19:29:42.240+0000] {python.py:240} INFO - Done. Returned value was: None
[2025-10-28T19:29:42.343+0000] {taskinstance.py:340} INFO - ::group::Post task execution logs
[2025-10-28T19:29:42.345+0000] {taskinstance.py:352} INFO - Marking task as SUCCESS. dag_id=AlphaVantage_to_Snowflake, task_id=load_to_snowflake, run_id=scheduled__2025-10-07T02:30:00+00:00, execution_date=20251007T023000, start_date=20251028T192743, end_date=20251028T192942
[2025-10-28T19:29:42.438+0000] {local_task_job_runner.py:266} INFO - Task exited with return code 0
[2025-10-28T19:29:42.520+0000] {taskinstance.py:3900} INFO - 0 downstream tasks scheduled from follow-on schedule check
[2025-10-28T19:29:42.523+0000] {local_task_job_runner.py:245} INFO - ::endgroup::
