[2025-11-24T02:14:40.593+0000] {local_task_job_runner.py:123} INFO - ::group::Pre task execution logs
[2025-11-24T02:14:40.626+0000] {taskinstance.py:2612} INFO - Dependencies all met for dep_context=non-requeueable deps ti=<TaskInstance: stock_etl_yfinance.load_to_snowflake scheduled__2025-11-22T02:30:00+00:00 [queued]>
[2025-11-24T02:14:40.643+0000] {taskinstance.py:2612} INFO - Dependencies all met for dep_context=requeueable deps ti=<TaskInstance: stock_etl_yfinance.load_to_snowflake scheduled__2025-11-22T02:30:00+00:00 [queued]>
[2025-11-24T02:14:40.644+0000] {taskinstance.py:2865} INFO - Starting attempt 1 of 2
[2025-11-24T02:14:40.667+0000] {taskinstance.py:2888} INFO - Executing <Task(_PythonDecoratedOperator): load_to_snowflake> on 2025-11-22 02:30:00+00:00
[2025-11-24T02:14:40.683+0000] {standard_task_runner.py:104} INFO - Running: ['***', 'tasks', 'run', 'stock_etl_yfinance', 'load_to_snowflake', 'scheduled__2025-11-22T02:30:00+00:00', '--job-id', '5', '--raw', '--subdir', 'DAGS_FOLDER/stock_etl_yfinance.py', '--cfg-path', '/tmp/tmplbezpuab']
[2025-11-24T02:14:40.687+0000] {standard_task_runner.py:105} INFO - Job 5: Subtask load_to_snowflake
[2025-11-24T02:14:40.686+0000] {logging_mixin.py:190} WARNING - /home/***/.local/lib/python3.12/site-packages/***/task/task_runner/standard_task_runner.py:70 DeprecationWarning: This process (pid=4010) is multi-threaded, use of fork() may lead to deadlocks in the child.
[2025-11-24T02:14:40.688+0000] {standard_task_runner.py:72} INFO - Started process 4013 to run task
[2025-11-24T02:14:40.814+0000] {task_command.py:467} INFO - Running <TaskInstance: stock_etl_yfinance.load_to_snowflake scheduled__2025-11-22T02:30:00+00:00 [running]> on host dc467a0567ff
[2025-11-24T02:14:41.033+0000] {taskinstance.py:3131} INFO - Exporting env vars: AIRFLOW_CTX_DAG_OWNER='lab2' AIRFLOW_CTX_DAG_ID='stock_etl_yfinance' AIRFLOW_CTX_TASK_ID='load_to_snowflake' AIRFLOW_CTX_EXECUTION_DATE='2025-11-22T02:30:00+00:00' AIRFLOW_CTX_TRY_NUMBER='1' AIRFLOW_CTX_DAG_RUN_ID='scheduled__2025-11-22T02:30:00+00:00'
[2025-11-24T02:14:41.035+0000] {taskinstance.py:731} INFO - ::endgroup::
[2025-11-24T02:14:41.064+0000] {base.py:84} INFO - Retrieving connection 'snowflake_conn'
[2025-11-24T02:14:41.066+0000] {connection.py:399} INFO - Snowflake Connector for Python Version: 3.10.0, Python Version: 3.12.5, Platform: Linux-6.12.54-linuxkit-x86_64-with-glibc2.36
[2025-11-24T02:14:41.069+0000] {connection.py:1239} INFO - This connection is in OCSP Fail Open Mode. TLS Certificates would be checked for validity and revocation status. Any other Certificate Revocation related exceptions or OCSP Responder failures would be disregarded in favor of connectivity.
[2025-11-24T02:14:41.948+0000] {cursor.py:1149} INFO - Number of results in first chunk: 1
[2025-11-24T02:14:41.949+0000] {python.py:240} INFO - Done. Returned value was: no-records
[2025-11-24T02:14:41.995+0000] {taskinstance.py:340} INFO - ::group::Post task execution logs
[2025-11-24T02:14:41.996+0000] {taskinstance.py:352} INFO - Marking task as SUCCESS. dag_id=stock_etl_yfinance, task_id=load_to_snowflake, run_id=scheduled__2025-11-22T02:30:00+00:00, execution_date=20251122T023000, start_date=20251124T021440, end_date=20251124T021441
[2025-11-24T02:14:42.066+0000] {local_task_job_runner.py:266} INFO - Task exited with return code 0
[2025-11-24T02:14:42.088+0000] {local_task_job_runner.py:245} INFO - ::endgroup::
