[2025-11-25T03:38:52.337+0000] {local_task_job_runner.py:123} INFO - ::group::Pre task execution logs
[2025-11-25T03:38:52.470+0000] {taskinstance.py:2612} INFO - Dependencies all met for dep_context=non-requeueable deps ti=<TaskInstance: stock_elt_dbt.dbt_run scheduled__2025-11-24T03:15:00+00:00 [queued]>
[2025-11-25T03:38:52.554+0000] {taskinstance.py:2612} INFO - Dependencies all met for dep_context=requeueable deps ti=<TaskInstance: stock_elt_dbt.dbt_run scheduled__2025-11-24T03:15:00+00:00 [queued]>
[2025-11-25T03:38:52.558+0000] {taskinstance.py:2865} INFO - Starting attempt 1 of 1
[2025-11-25T03:38:52.736+0000] {taskinstance.py:2888} INFO - Executing <Task(BashOperator): dbt_run> on 2025-11-24 03:15:00+00:00
[2025-11-25T03:38:52.785+0000] {standard_task_runner.py:104} INFO - Running: ['***', 'tasks', 'run', 'stock_elt_dbt', 'dbt_run', 'scheduled__2025-11-24T03:15:00+00:00', '--job-id', '139', '--raw', '--subdir', 'DAGS_FOLDER/stock_elt_dbt.py', '--cfg-path', '/tmp/tmph6x0fsdb']
[2025-11-25T03:38:52.804+0000] {standard_task_runner.py:105} INFO - Job 139: Subtask dbt_run
[2025-11-25T03:38:52.830+0000] {logging_mixin.py:190} WARNING - /home/***/.local/lib/python3.12/site-packages/***/task/task_runner/standard_task_runner.py:70 DeprecationWarning: This process (pid=1867) is multi-threaded, use of fork() may lead to deadlocks in the child.
[2025-11-25T03:38:52.836+0000] {standard_task_runner.py:72} INFO - Started process 1868 to run task
[2025-11-25T03:38:53.265+0000] {task_command.py:467} INFO - Running <TaskInstance: stock_elt_dbt.dbt_run scheduled__2025-11-24T03:15:00+00:00 [running]> on host aa68d9ae9a5f
[2025-11-25T03:38:54.057+0000] {taskinstance.py:3131} INFO - Exporting env vars: AIRFLOW_CTX_DAG_OWNER='***' AIRFLOW_CTX_DAG_ID='stock_elt_dbt' AIRFLOW_CTX_TASK_ID='dbt_run' AIRFLOW_CTX_EXECUTION_DATE='2025-11-24T03:15:00+00:00' AIRFLOW_CTX_TRY_NUMBER='1' AIRFLOW_CTX_DAG_RUN_ID='scheduled__2025-11-24T03:15:00+00:00'
[2025-11-25T03:38:54.066+0000] {taskinstance.py:731} INFO - ::endgroup::
[2025-11-25T03:38:54.229+0000] {subprocess.py:63} INFO - Tmp dir root location: /tmp
[2025-11-25T03:38:54.237+0000] {subprocess.py:75} INFO - Running command: ['/usr/bin/bash', '-c', 'cd /opt/***/dbt/stock_analytics\n    export DBT_PROFILES_DIR=/opt/***/dbt\n\n    if [ -x /home/***/.local/bin/dbt ]; then\n      DBT_BIN=/home/***/.local/bin/dbt\n    elif command -v dbt >/dev/null 2>&1; then\n      DBT_BIN="$(command -v dbt)"\n    else\n      DBT_BIN="python -m dbt.cli.main"\n    fi\n\n    $DBT_BIN run --target prod --profiles-dir "$DBT_PROFILES_DIR"']
[2025-11-25T03:38:54.302+0000] {subprocess.py:86} INFO - Output:
[2025-11-25T03:39:21.820+0000] {subprocess.py:93} INFO - [0m03:39:21  Running with dbt=1.8.8
[2025-11-25T03:39:30.570+0000] {subprocess.py:93} INFO - [0m03:39:30  Registered adapter: snowflake=1.8.4
[2025-11-25T03:39:35.010+0000] {subprocess.py:93} INFO - [0m03:39:35  Found 4 models, 1 snapshot, 7 data tests, 1 source, 454 macros
[2025-11-25T03:39:35.047+0000] {subprocess.py:93} INFO - [0m03:39:35
[2025-11-25T03:39:38.348+0000] {subprocess.py:93} INFO - [0m03:39:38  Concurrency: 4 threads (target='prod')
[2025-11-25T03:39:38.355+0000] {subprocess.py:93} INFO - [0m03:39:38
[2025-11-25T03:39:38.439+0000] {subprocess.py:93} INFO - [0m03:39:38  1 of 4 START sql view model ANALYTICS_ANALYTICS.stg_market_data ................ [RUN]
[2025-11-25T03:39:40.491+0000] {subprocess.py:93} INFO - [0m03:39:40  1 of 4 OK created sql view model ANALYTICS_ANALYTICS.stg_market_data ........... [[32mSUCCESS 1[0m in 2.02s]
[2025-11-25T03:39:40.531+0000] {subprocess.py:93} INFO - [0m03:39:40  2 of 4 START sql table model ANALYTICS_ANALYTICS.dim_calendar .................. [RUN]
[2025-11-25T03:39:40.543+0000] {subprocess.py:93} INFO - [0m03:39:40  4 of 4 START sql table model ANALYTICS_ANALYTICS.indicators_ma_rsi ............. [RUN]
[2025-11-25T03:39:40.552+0000] {subprocess.py:93} INFO - [0m03:39:40  3 of 4 START sql table model ANALYTICS_ANALYTICS.fact_prices ................... [RUN]
[2025-11-25T03:39:45.270+0000] {subprocess.py:93} INFO - [0m03:39:45  4 of 4 OK created sql table model ANALYTICS_ANALYTICS.indicators_ma_rsi ........ [[32mSUCCESS 1[0m in 4.68s]
[2025-11-25T03:39:45.341+0000] {subprocess.py:93} INFO - [0m03:39:45  3 of 4 OK created sql table model ANALYTICS_ANALYTICS.fact_prices .............. [[32mSUCCESS 1[0m in 4.72s]
[2025-11-25T03:39:45.369+0000] {subprocess.py:93} INFO - [0m03:39:45  2 of 4 OK created sql table model ANALYTICS_ANALYTICS.dim_calendar ............. [[32mSUCCESS 1[0m in 4.78s]
[2025-11-25T03:39:45.432+0000] {subprocess.py:93} INFO - [0m03:39:45
[2025-11-25T03:39:45.438+0000] {subprocess.py:93} INFO - [0m03:39:45  Finished running 1 view model, 3 table models in 0 hours 0 minutes and 10.38 seconds (10.38s).
[2025-11-25T03:39:47.525+0000] {subprocess.py:93} INFO - [0m03:39:47
[2025-11-25T03:39:47.533+0000] {subprocess.py:93} INFO - [0m03:39:47  [32mCompleted successfully[0m
[2025-11-25T03:39:47.546+0000] {subprocess.py:93} INFO - [0m03:39:47
[2025-11-25T03:39:47.559+0000] {subprocess.py:93} INFO - [0m03:39:47  Done. PASS=4 WARN=0 ERROR=0 SKIP=0 TOTAL=4
[2025-11-25T03:39:51.571+0000] {subprocess.py:97} INFO - Command exited with return code 0
[2025-11-25T03:39:52.105+0000] {taskinstance.py:340} INFO - ::group::Post task execution logs
[2025-11-25T03:39:52.108+0000] {taskinstance.py:352} INFO - Marking task as SUCCESS. dag_id=stock_elt_dbt, task_id=dbt_run, run_id=scheduled__2025-11-24T03:15:00+00:00, execution_date=20251124T031500, start_date=20251125T033852, end_date=20251125T033952
[2025-11-25T03:39:52.261+0000] {local_task_job_runner.py:266} INFO - Task exited with return code 0
[2025-11-25T03:39:52.545+0000] {taskinstance.py:3900} INFO - 1 downstream tasks scheduled from follow-on schedule check
[2025-11-25T03:39:52.569+0000] {local_task_job_runner.py:245} INFO - ::endgroup::
