[2025-11-25T04:37:48.475+0000] {local_task_job_runner.py:123} INFO - ::group::Pre task execution logs
[2025-11-25T04:37:48.507+0000] {taskinstance.py:2612} INFO - Dependencies all met for dep_context=non-requeueable deps ti=<TaskInstance: Stock_ETL.train_model manual__2025-11-25T04:37:39.060205+00:00 [queued]>
[2025-11-25T04:37:48.522+0000] {taskinstance.py:2612} INFO - Dependencies all met for dep_context=requeueable deps ti=<TaskInstance: Stock_ETL.train_model manual__2025-11-25T04:37:39.060205+00:00 [queued]>
[2025-11-25T04:37:48.523+0000] {taskinstance.py:2865} INFO - Starting attempt 1 of 1
[2025-11-25T04:37:48.542+0000] {taskinstance.py:2888} INFO - Executing <Task(_PythonDecoratedOperator): train_model> on 2025-11-25 04:37:39.060205+00:00
[2025-11-25T04:37:48.556+0000] {logging_mixin.py:190} WARNING - /home/***/.local/lib/python3.12/site-packages/***/task/task_runner/standard_task_runner.py:70 DeprecationWarning: This process (pid=2947) is multi-threaded, use of fork() may lead to deadlocks in the child.
[2025-11-25T04:37:48.558+0000] {standard_task_runner.py:72} INFO - Started process 2955 to run task
[2025-11-25T04:37:48.556+0000] {standard_task_runner.py:104} INFO - Running: ['***', 'tasks', 'run', 'Stock_ETL', 'train_model', 'manual__2025-11-25T04:37:39.060205+00:00', '--job-id', '146', '--raw', '--subdir', 'DAGS_FOLDER/stock_etl_yfinance.py', '--cfg-path', '/tmp/tmpcajjso9f']
[2025-11-25T04:37:48.561+0000] {standard_task_runner.py:105} INFO - Job 146: Subtask train_model
[2025-11-25T04:37:48.643+0000] {task_command.py:467} INFO - Running <TaskInstance: Stock_ETL.train_model manual__2025-11-25T04:37:39.060205+00:00 [running]> on host 70371839f9d1
[2025-11-25T04:37:48.801+0000] {taskinstance.py:3131} INFO - Exporting env vars: AIRFLOW_CTX_DAG_OWNER='***' AIRFLOW_CTX_DAG_ID='Stock_ETL' AIRFLOW_CTX_TASK_ID='train_model' AIRFLOW_CTX_EXECUTION_DATE='2025-11-25T04:37:39.060205+00:00' AIRFLOW_CTX_TRY_NUMBER='1' AIRFLOW_CTX_DAG_RUN_ID='manual__2025-11-25T04:37:39.060205+00:00'
[2025-11-25T04:37:48.804+0000] {taskinstance.py:731} INFO - ::endgroup::
[2025-11-25T04:37:48.823+0000] {base.py:84} INFO - Retrieving connection 'snowflake_conn'
[2025-11-25T04:37:48.825+0000] {connection.py:399} INFO - Snowflake Connector for Python Version: 3.10.0, Python Version: 3.12.5, Platform: Linux-6.12.54-linuxkit-x86_64-with-glibc2.36
[2025-11-25T04:37:48.826+0000] {connection.py:1239} INFO - This connection is in OCSP Fail Open Mode. TLS Certificates would be checked for validity and revocation status. Any other Certificate Revocation related exceptions or OCSP Responder failures would be disregarded in favor of connectivity.
[2025-11-25T04:37:49.498+0000] {cursor.py:1149} INFO - Number of results in first chunk: 1
[2025-11-25T04:37:49.905+0000] {cursor.py:1149} INFO - Number of results in first chunk: 1
[2025-11-25T05:09:32.212+0000] {connectionpool.py:824} WARNING - Retrying (Retry(total=0, connect=None, read=None, redirect=None, status=None)) after connection broken by 'ReadTimeoutError("HTTPSConnectionPool(host='sfedu02-lvb17920.snowflakecomputing.com', port=443): Read timed out. (read timeout=60)")': /queries/01c09eb5-0307-1efa-000f-c0df0096567a/result?request_guid=1259fd07-2a6e-4536-af85-6be4a7595290
[2025-11-25T05:09:32.855+0000] {job.py:229} INFO - Heartbeat recovered after 1797.87 seconds
[2025-11-25T05:09:34.234+0000] {cursor.py:1149} INFO - Number of results in first chunk: 1
[2025-11-25T05:09:34.428+0000] {cursor.py:1149} INFO - Number of results in first chunk: 1
[2025-11-25T05:09:34.434+0000] {python.py:240} INFO - Done. Returned value was: None
[2025-11-25T05:09:34.590+0000] {taskinstance.py:340} INFO - ::group::Post task execution logs
[2025-11-25T05:09:34.594+0000] {taskinstance.py:352} INFO - Marking task as SUCCESS. dag_id=Stock_ETL, task_id=train_model, run_id=manual__2025-11-25T04:37:39.060205+00:00, execution_date=20251125T043739, start_date=20251125T043748, end_date=20251125T050934
[2025-11-25T05:09:34.802+0000] {local_task_job_runner.py:266} INFO - Task exited with return code 0
[2025-11-25T05:09:35.013+0000] {taskinstance.py:3900} INFO - 1 downstream tasks scheduled from follow-on schedule check
[2025-11-25T05:09:35.019+0000] {local_task_job_runner.py:245} INFO - ::endgroup::
