[2025-10-28T19:31:03.536+0000] {local_task_job_runner.py:123} INFO - ::group::Pre task execution logs
[2025-10-28T19:31:03.568+0000] {taskinstance.py:2612} INFO - Dependencies all met for dep_context=non-requeueable deps ti=<TaskInstance: ETL_Import_User_Session_Tables.create_stage manual__2025-10-28T19:30:48.890361+00:00 [queued]>
[2025-10-28T19:31:03.585+0000] {taskinstance.py:2612} INFO - Dependencies all met for dep_context=requeueable deps ti=<TaskInstance: ETL_Import_User_Session_Tables.create_stage manual__2025-10-28T19:30:48.890361+00:00 [queued]>
[2025-10-28T19:31:03.586+0000] {taskinstance.py:2865} INFO - Starting attempt 1 of 1
[2025-10-28T19:31:03.614+0000] {taskinstance.py:2888} INFO - Executing <Task(_PythonDecoratedOperator): create_stage> on 2025-10-28 19:30:48.890361+00:00
[2025-10-28T19:31:03.626+0000] {logging_mixin.py:190} WARNING - /home/***/.local/lib/python3.12/site-packages/***/task/task_runner/standard_task_runner.py:70 DeprecationWarning: This process (pid=566) is multi-threaded, use of fork() may lead to deadlocks in the child.
[2025-10-28T19:31:03.625+0000] {standard_task_runner.py:104} INFO - Running: ['***', 'tasks', 'run', 'ETL_Import_User_Session_Tables', 'create_stage', 'manual__2025-10-28T19:30:48.890361+00:00', '--job-id', '173', '--raw', '--subdir', 'DAGS_FOLDER/ETL_Import_Tables.py', '--cfg-path', '/tmp/tmp1yqp_jx3']
[2025-10-28T19:31:03.630+0000] {standard_task_runner.py:72} INFO - Started process 571 to run task
[2025-10-28T19:31:03.631+0000] {standard_task_runner.py:105} INFO - Job 173: Subtask create_stage
[2025-10-28T19:31:03.724+0000] {task_command.py:467} INFO - Running <TaskInstance: ETL_Import_User_Session_Tables.create_stage manual__2025-10-28T19:30:48.890361+00:00 [running]> on host f515708a0f95
[2025-10-28T19:31:03.872+0000] {taskinstance.py:3131} INFO - Exporting env vars: AIRFLOW_CTX_DAG_OWNER='***' AIRFLOW_CTX_DAG_ID='ETL_Import_User_Session_Tables' AIRFLOW_CTX_TASK_ID='create_stage' AIRFLOW_CTX_EXECUTION_DATE='2025-10-28T19:30:48.890361+00:00' AIRFLOW_CTX_TRY_NUMBER='1' AIRFLOW_CTX_DAG_RUN_ID='manual__2025-10-28T19:30:48.890361+00:00'
[2025-10-28T19:31:03.882+0000] {taskinstance.py:731} INFO - ::endgroup::
[2025-10-28T19:31:03.925+0000] {base.py:84} INFO - Retrieving connection 'snowflake_conn'
[2025-10-28T19:31:03.933+0000] {connection.py:413} INFO - Snowflake Connector for Python Version: 3.12.1, Python Version: 3.12.5, Platform: Linux-6.10.14-linuxkit-x86_64-with-glibc2.36
[2025-10-28T19:31:03.938+0000] {connection.py:1196} INFO - Connecting to GLOBAL Snowflake domain
[2025-10-28T19:31:03.942+0000] {connection.py:1277} INFO - This connection is in OCSP Fail Open Mode. TLS Certificates would be checked for validity and revocation status. Any other Certificate Revocation related exceptions or OCSP Responder failures would be disregarded in favor of connectivity.
[2025-10-28T19:31:04.900+0000] {cursor.py:1156} INFO - Number of results in first chunk: 1
[2025-10-28T19:31:04.902+0000] {ETL_Import_Tables.py:58} INFO - Creating external stage...
[2025-10-28T19:31:05.264+0000] {cursor.py:1156} INFO - Number of results in first chunk: 1
[2025-10-28T19:31:05.471+0000] {cursor.py:1156} INFO - Number of results in first chunk: 1
[2025-10-28T19:31:05.472+0000] {ETL_Import_Tables.py:66} INFO - Stage created successfully
[2025-10-28T19:31:05.473+0000] {python.py:240} INFO - Done. Returned value was: Stage created
[2025-10-28T19:31:05.528+0000] {taskinstance.py:340} INFO - ::group::Post task execution logs
[2025-10-28T19:31:05.529+0000] {taskinstance.py:352} INFO - Marking task as SUCCESS. dag_id=ETL_Import_User_Session_Tables, task_id=create_stage, run_id=manual__2025-10-28T19:30:48.890361+00:00, execution_date=20251028T193048, start_date=20251028T193103, end_date=20251028T193105
[2025-10-28T19:31:05.623+0000] {local_task_job_runner.py:266} INFO - Task exited with return code 0
[2025-10-28T19:31:05.717+0000] {taskinstance.py:3900} INFO - 0 downstream tasks scheduled from follow-on schedule check
[2025-10-28T19:31:05.832+0000] {local_task_job_runner.py:245} INFO - ::endgroup::
