[2025-10-07T19:47:04.662+0000] {local_task_job_runner.py:123} INFO - ::group::Pre task execution logs
[2025-10-07T19:47:04.775+0000] {taskinstance.py:2612} INFO - Dependencies all met for dep_context=non-requeueable deps ti=<TaskInstance: ETL_DAG.load_to_snowflake scheduled__2025-10-06T02:30:00+00:00 [queued]>
[2025-10-07T19:47:04.812+0000] {taskinstance.py:2612} INFO - Dependencies all met for dep_context=requeueable deps ti=<TaskInstance: ETL_DAG.load_to_snowflake scheduled__2025-10-06T02:30:00+00:00 [queued]>
[2025-10-07T19:47:04.813+0000] {taskinstance.py:2865} INFO - Starting attempt 1 of 1
[2025-10-07T19:47:04.860+0000] {taskinstance.py:2888} INFO - Executing <Task(_PythonDecoratedOperator): load_to_snowflake> on 2025-10-06 02:30:00+00:00
[2025-10-07T19:47:04.904+0000] {standard_task_runner.py:104} INFO - Running: ['***', 'tasks', 'run', 'ETL_DAG', 'load_to_snowflake', 'scheduled__2025-10-06T02:30:00+00:00', '--job-id', '148', '--raw', '--subdir', 'DAGS_FOLDER/lab1.py', '--cfg-path', '/tmp/tmp3ajhpbna']
[2025-10-07T19:47:04.906+0000] {logging_mixin.py:190} WARNING - /home/***/.local/lib/python3.12/site-packages/***/task/task_runner/standard_task_runner.py:70 DeprecationWarning: This process (pid=316) is multi-threaded, use of fork() may lead to deadlocks in the child.
[2025-10-07T19:47:04.907+0000] {standard_task_runner.py:105} INFO - Job 148: Subtask load_to_snowflake
[2025-10-07T19:47:04.909+0000] {standard_task_runner.py:72} INFO - Started process 320 to run task
[2025-10-07T19:47:05.039+0000] {task_command.py:467} INFO - Running <TaskInstance: ETL_DAG.load_to_snowflake scheduled__2025-10-06T02:30:00+00:00 [running]> on host 055b0adf81a0
[2025-10-07T19:47:05.301+0000] {taskinstance.py:3131} INFO - Exporting env vars: AIRFLOW_CTX_DAG_OWNER='***' AIRFLOW_CTX_DAG_ID='ETL_DAG' AIRFLOW_CTX_TASK_ID='load_to_snowflake' AIRFLOW_CTX_EXECUTION_DATE='2025-10-06T02:30:00+00:00' AIRFLOW_CTX_TRY_NUMBER='1' AIRFLOW_CTX_DAG_RUN_ID='scheduled__2025-10-06T02:30:00+00:00'
[2025-10-07T19:47:05.304+0000] {taskinstance.py:731} INFO - ::endgroup::
[2025-10-07T19:47:05.893+0000] {cursor.py:1156} INFO - Number of results in first chunk: 1
[2025-10-07T19:47:06.027+0000] {cursor.py:1156} INFO - Number of results in first chunk: 1
[2025-10-07T19:47:06.187+0000] {cursor.py:1156} INFO - Number of results in first chunk: 1
[2025-10-07T19:47:06.359+0000] {cursor.py:1156} INFO - Number of results in first chunk: 1
[2025-10-07T19:52:01.720+0000] {cursor.py:1156} INFO - Number of results in first chunk: 1
[2025-10-07T19:52:01.731+0000] {python.py:240} INFO - Done. Returned value was: None
[2025-10-07T19:52:01.775+0000] {taskinstance.py:340} INFO - ::group::Post task execution logs
[2025-10-07T19:52:01.776+0000] {taskinstance.py:352} INFO - Marking task as SUCCESS. dag_id=ETL_DAG, task_id=load_to_snowflake, run_id=scheduled__2025-10-06T02:30:00+00:00, execution_date=20251006T023000, start_date=20251007T194704, end_date=20251007T195201
[2025-10-07T19:52:02.051+0000] {local_task_job_runner.py:266} INFO - Task exited with return code 0
[2025-10-07T19:52:02.140+0000] {taskinstance.py:3900} INFO - 0 downstream tasks scheduled from follow-on schedule check
[2025-10-07T19:52:02.151+0000] {local_task_job_runner.py:245} INFO - ::endgroup::
