[2025-10-06T02:33:24.566+0000] {local_task_job_runner.py:123} INFO - ::group::Pre task execution logs
[2025-10-06T02:33:24.621+0000] {taskinstance.py:2612} INFO - Dependencies all met for dep_context=non-requeueable deps ti=<TaskInstance: YFinance_to_Snowflake_and_Forecast.train_and_forecast scheduled__2025-10-05T02:30:00+00:00 [queued]>
[2025-10-06T02:33:24.651+0000] {taskinstance.py:2612} INFO - Dependencies all met for dep_context=requeueable deps ti=<TaskInstance: YFinance_to_Snowflake_and_Forecast.train_and_forecast scheduled__2025-10-05T02:30:00+00:00 [queued]>
[2025-10-06T02:33:24.652+0000] {taskinstance.py:2865} INFO - Starting attempt 1 of 1
[2025-10-06T02:33:24.692+0000] {taskinstance.py:2888} INFO - Executing <Task(_PythonDecoratedOperator): train_and_forecast> on 2025-10-05 02:30:00+00:00
[2025-10-06T02:33:24.713+0000] {logging_mixin.py:190} WARNING - /home/***/.local/lib/python3.12/site-packages/***/task/task_runner/standard_task_runner.py:70 DeprecationWarning: This process (pid=3625) is multi-threaded, use of fork() may lead to deadlocks in the child.
[2025-10-06T02:33:24.714+0000] {standard_task_runner.py:104} INFO - Running: ['***', 'tasks', 'run', 'YFinance_to_Snowflake_and_Forecast', 'train_and_forecast', 'scheduled__2025-10-05T02:30:00+00:00', '--job-id', '19', '--raw', '--subdir', 'DAGS_FOLDER/__pycache__/lab1.py', '--cfg-path', '/tmp/tmpvh9h00sx']
[2025-10-06T02:33:24.718+0000] {standard_task_runner.py:72} INFO - Started process 3628 to run task
[2025-10-06T02:33:24.719+0000] {standard_task_runner.py:105} INFO - Job 19: Subtask train_and_forecast
[2025-10-06T02:33:24.848+0000] {task_command.py:467} INFO - Running <TaskInstance: YFinance_to_Snowflake_and_Forecast.train_and_forecast scheduled__2025-10-05T02:30:00+00:00 [running]> on host 84656391f7f8
[2025-10-06T02:33:25.016+0000] {taskinstance.py:3131} INFO - Exporting env vars: AIRFLOW_CTX_DAG_OWNER='***' AIRFLOW_CTX_DAG_ID='YFinance_to_Snowflake_and_Forecast' AIRFLOW_CTX_TASK_ID='train_and_forecast' AIRFLOW_CTX_EXECUTION_DATE='2025-10-05T02:30:00+00:00' AIRFLOW_CTX_TRY_NUMBER='1' AIRFLOW_CTX_DAG_RUN_ID='scheduled__2025-10-05T02:30:00+00:00'
[2025-10-06T02:33:25.020+0000] {taskinstance.py:731} INFO - ::endgroup::
[2025-10-06T02:33:25.409+0000] {cursor.py:1156} INFO - Number of results in first chunk: 1
[2025-10-06T02:33:25.857+0000] {cursor.py:1156} INFO - Number of results in first chunk: 1
[2025-10-06T02:35:11.391+0000] {cursor.py:1156} INFO - Number of results in first chunk: 1
[2025-10-06T02:35:34.940+0000] {cursor.py:1156} INFO - Number of results in first chunk: 28
[2025-10-06T02:35:35.040+0000] {cursor.py:1156} INFO - Number of results in first chunk: 1
[2025-10-06T02:35:35.889+0000] {cursor.py:1156} INFO - Number of results in first chunk: 1
[2025-10-06T02:35:36.250+0000] {cursor.py:1156} INFO - Number of results in first chunk: 1
[2025-10-06T02:35:37.214+0000] {cursor.py:1156} INFO - Number of results in first chunk: 1
[2025-10-06T02:35:37.331+0000] {cursor.py:1156} INFO - Number of results in first chunk: 1
[2025-10-06T02:35:37.339+0000] {python.py:240} INFO - Done. Returned value was: None
[2025-10-06T02:35:37.394+0000] {taskinstance.py:340} INFO - ::group::Post task execution logs
[2025-10-06T02:35:37.395+0000] {taskinstance.py:352} INFO - Marking task as SUCCESS. dag_id=YFinance_to_Snowflake_and_Forecast, task_id=train_and_forecast, run_id=scheduled__2025-10-05T02:30:00+00:00, execution_date=20251005T023000, start_date=20251006T023324, end_date=20251006T023537
[2025-10-06T02:35:37.491+0000] {local_task_job_runner.py:266} INFO - Task exited with return code 0
[2025-10-06T02:35:37.617+0000] {taskinstance.py:3900} INFO - 0 downstream tasks scheduled from follow-on schedule check
[2025-10-06T02:35:37.646+0000] {local_task_job_runner.py:245} INFO - ::endgroup::
