[2025-11-22T23:24:57.527+0000] {processor.py:186} INFO - Started process (PID=318) to work on /opt/airflow/dags/dag_dbt_elt.py
[2025-11-22T23:24:57.539+0000] {processor.py:914} INFO - Processing file /opt/airflow/dags/dag_dbt_elt.py for tasks to queue
[2025-11-22T23:24:57.562+0000] {logging_mixin.py:190} INFO - [2025-11-22T23:24:57.560+0000] {dagbag.py:587} INFO - Filling up the DagBag from /opt/airflow/dags/dag_dbt_elt.py
[2025-11-22T23:24:57.758+0000] {processor.py:925} INFO - DAG(s) 'stock_elt_dbt' retrieved from /opt/airflow/dags/dag_dbt_elt.py
[2025-11-22T23:24:58.253+0000] {logging_mixin.py:190} INFO - [2025-11-22T23:24:58.248+0000] {override.py:1900} INFO - Created Permission View: can read on DAG:stock_elt_dbt
[2025-11-22T23:24:58.306+0000] {logging_mixin.py:190} INFO - [2025-11-22T23:24:58.305+0000] {override.py:1900} INFO - Created Permission View: can delete on DAG:stock_elt_dbt
[2025-11-22T23:24:58.338+0000] {logging_mixin.py:190} INFO - [2025-11-22T23:24:58.337+0000] {override.py:1900} INFO - Created Permission View: can edit on DAG:stock_elt_dbt
[2025-11-22T23:24:58.362+0000] {logging_mixin.py:190} INFO - [2025-11-22T23:24:58.362+0000] {override.py:1900} INFO - Created Permission View: can read on DAG Run:stock_elt_dbt
[2025-11-22T23:24:58.390+0000] {logging_mixin.py:190} INFO - [2025-11-22T23:24:58.390+0000] {override.py:1900} INFO - Created Permission View: can delete on DAG Run:stock_elt_dbt
[2025-11-22T23:24:58.415+0000] {logging_mixin.py:190} INFO - [2025-11-22T23:24:58.413+0000] {override.py:1900} INFO - Created Permission View: can create on DAG Run:stock_elt_dbt
[2025-11-22T23:24:58.444+0000] {logging_mixin.py:190} INFO - [2025-11-22T23:24:58.443+0000] {override.py:1900} INFO - Created Permission View: menu access on DAG Run:stock_elt_dbt
[2025-11-22T23:24:58.446+0000] {logging_mixin.py:190} INFO - [2025-11-22T23:24:58.445+0000] {dag.py:3229} INFO - Sync 1 DAGs
[2025-11-22T23:24:58.494+0000] {logging_mixin.py:190} INFO - [2025-11-22T23:24:58.493+0000] {dag.py:3252} INFO - Creating ORM DAG for stock_elt_dbt
[2025-11-22T23:24:58.524+0000] {logging_mixin.py:190} INFO - [2025-11-22T23:24:58.524+0000] {dag.py:4156} INFO - Setting next_dagrun for stock_elt_dbt to 2025-10-01 02:45:00+00:00, run_after=2025-10-02 02:45:00+00:00
[2025-11-22T23:24:58.641+0000] {processor.py:208} INFO - Processing /opt/airflow/dags/dag_dbt_elt.py took 1.168 seconds
[2025-11-22T23:25:29.066+0000] {processor.py:186} INFO - Started process (PID=363) to work on /opt/airflow/dags/dag_dbt_elt.py
[2025-11-22T23:25:29.077+0000] {processor.py:914} INFO - Processing file /opt/airflow/dags/dag_dbt_elt.py for tasks to queue
[2025-11-22T23:25:29.124+0000] {logging_mixin.py:190} INFO - [2025-11-22T23:25:29.116+0000] {dagbag.py:587} INFO - Filling up the DagBag from /opt/airflow/dags/dag_dbt_elt.py
[2025-11-22T23:25:29.413+0000] {processor.py:925} INFO - DAG(s) 'stock_elt_dbt' retrieved from /opt/airflow/dags/dag_dbt_elt.py
[2025-11-22T23:25:29.520+0000] {logging_mixin.py:190} INFO - [2025-11-22T23:25:29.513+0000] {dag.py:3229} INFO - Sync 1 DAGs
[2025-11-22T23:25:29.764+0000] {logging_mixin.py:190} INFO - [2025-11-22T23:25:29.763+0000] {dag.py:4156} INFO - Setting next_dagrun for stock_elt_dbt to 2025-10-01 02:45:00+00:00, run_after=2025-10-02 02:45:00+00:00
[2025-11-22T23:25:29.881+0000] {processor.py:208} INFO - Processing /opt/airflow/dags/dag_dbt_elt.py took 0.899 seconds
[2025-11-22T23:26:00.417+0000] {processor.py:186} INFO - Started process (PID=409) to work on /opt/airflow/dags/dag_dbt_elt.py
[2025-11-22T23:26:00.418+0000] {processor.py:914} INFO - Processing file /opt/airflow/dags/dag_dbt_elt.py for tasks to queue
[2025-11-22T23:26:00.422+0000] {logging_mixin.py:190} INFO - [2025-11-22T23:26:00.422+0000] {dagbag.py:587} INFO - Filling up the DagBag from /opt/airflow/dags/dag_dbt_elt.py
[2025-11-22T23:26:00.535+0000] {processor.py:925} INFO - DAG(s) 'stock_elt_dbt' retrieved from /opt/airflow/dags/dag_dbt_elt.py
[2025-11-22T23:26:00.573+0000] {logging_mixin.py:190} INFO - [2025-11-22T23:26:00.572+0000] {dag.py:3229} INFO - Sync 1 DAGs
[2025-11-22T23:26:00.630+0000] {logging_mixin.py:190} INFO - [2025-11-22T23:26:00.630+0000] {dag.py:4156} INFO - Setting next_dagrun for stock_elt_dbt to 2025-10-01 02:45:00+00:00, run_after=2025-10-02 02:45:00+00:00
[2025-11-22T23:26:00.674+0000] {processor.py:208} INFO - Processing /opt/airflow/dags/dag_dbt_elt.py took 0.274 seconds
[2025-11-22T23:26:30.865+0000] {processor.py:186} INFO - Started process (PID=450) to work on /opt/airflow/dags/dag_dbt_elt.py
[2025-11-22T23:26:30.869+0000] {processor.py:914} INFO - Processing file /opt/airflow/dags/dag_dbt_elt.py for tasks to queue
[2025-11-22T23:26:30.879+0000] {logging_mixin.py:190} INFO - [2025-11-22T23:26:30.878+0000] {dagbag.py:587} INFO - Filling up the DagBag from /opt/airflow/dags/dag_dbt_elt.py
[2025-11-22T23:26:31.005+0000] {processor.py:925} INFO - DAG(s) 'stock_elt_dbt' retrieved from /opt/airflow/dags/dag_dbt_elt.py
[2025-11-22T23:26:31.035+0000] {logging_mixin.py:190} INFO - [2025-11-22T23:26:31.034+0000] {dag.py:3229} INFO - Sync 1 DAGs
[2025-11-22T23:26:31.084+0000] {logging_mixin.py:190} INFO - [2025-11-22T23:26:31.084+0000] {dag.py:4156} INFO - Setting next_dagrun for stock_elt_dbt to 2025-10-01 02:45:00+00:00, run_after=2025-10-02 02:45:00+00:00
[2025-11-22T23:26:31.140+0000] {processor.py:208} INFO - Processing /opt/airflow/dags/dag_dbt_elt.py took 0.305 seconds
[2025-11-22T23:27:01.543+0000] {processor.py:186} INFO - Started process (PID=492) to work on /opt/airflow/dags/dag_dbt_elt.py
[2025-11-22T23:27:01.545+0000] {processor.py:914} INFO - Processing file /opt/airflow/dags/dag_dbt_elt.py for tasks to queue
[2025-11-22T23:27:01.551+0000] {logging_mixin.py:190} INFO - [2025-11-22T23:27:01.551+0000] {dagbag.py:587} INFO - Filling up the DagBag from /opt/airflow/dags/dag_dbt_elt.py
[2025-11-22T23:27:01.645+0000] {processor.py:925} INFO - DAG(s) 'stock_elt_dbt' retrieved from /opt/airflow/dags/dag_dbt_elt.py
[2025-11-22T23:27:01.680+0000] {logging_mixin.py:190} INFO - [2025-11-22T23:27:01.680+0000] {dag.py:3229} INFO - Sync 1 DAGs
[2025-11-22T23:27:01.746+0000] {logging_mixin.py:190} INFO - [2025-11-22T23:27:01.744+0000] {dag.py:4156} INFO - Setting next_dagrun for stock_elt_dbt to 2025-10-01 02:45:00+00:00, run_after=2025-10-02 02:45:00+00:00
[2025-11-22T23:27:01.802+0000] {processor.py:208} INFO - Processing /opt/airflow/dags/dag_dbt_elt.py took 0.272 seconds
[2025-11-22T23:27:31.890+0000] {processor.py:186} INFO - Started process (PID=539) to work on /opt/airflow/dags/dag_dbt_elt.py
[2025-11-22T23:27:31.892+0000] {processor.py:914} INFO - Processing file /opt/airflow/dags/dag_dbt_elt.py for tasks to queue
[2025-11-22T23:27:31.895+0000] {logging_mixin.py:190} INFO - [2025-11-22T23:27:31.895+0000] {dagbag.py:587} INFO - Filling up the DagBag from /opt/airflow/dags/dag_dbt_elt.py
[2025-11-22T23:27:31.953+0000] {processor.py:925} INFO - DAG(s) 'stock_elt_dbt' retrieved from /opt/airflow/dags/dag_dbt_elt.py
[2025-11-22T23:27:31.976+0000] {logging_mixin.py:190} INFO - [2025-11-22T23:27:31.975+0000] {dag.py:3229} INFO - Sync 1 DAGs
[2025-11-22T23:27:32.014+0000] {logging_mixin.py:190} INFO - [2025-11-22T23:27:32.014+0000] {dag.py:4156} INFO - Setting next_dagrun for stock_elt_dbt to 2025-10-01 02:45:00+00:00, run_after=2025-10-02 02:45:00+00:00
[2025-11-22T23:27:32.045+0000] {processor.py:208} INFO - Processing /opt/airflow/dags/dag_dbt_elt.py took 0.165 seconds
[2025-11-22T23:28:02.602+0000] {processor.py:186} INFO - Started process (PID=575) to work on /opt/airflow/dags/dag_dbt_elt.py
[2025-11-22T23:28:02.725+0000] {processor.py:914} INFO - Processing file /opt/airflow/dags/dag_dbt_elt.py for tasks to queue
[2025-11-22T23:28:03.059+0000] {logging_mixin.py:190} INFO - [2025-11-22T23:28:03.043+0000] {dagbag.py:587} INFO - Filling up the DagBag from /opt/airflow/dags/dag_dbt_elt.py
[2025-11-22T23:28:03.786+0000] {processor.py:925} INFO - DAG(s) 'stock_elt_dbt' retrieved from /opt/airflow/dags/dag_dbt_elt.py
[2025-11-22T23:28:04.396+0000] {logging_mixin.py:190} INFO - [2025-11-22T23:28:04.395+0000] {dag.py:3229} INFO - Sync 1 DAGs
[2025-11-22T23:28:04.593+0000] {logging_mixin.py:190} INFO - [2025-11-22T23:28:04.591+0000] {dag.py:4156} INFO - Setting next_dagrun for stock_elt_dbt to 2025-10-01 02:45:00+00:00, run_after=2025-10-02 02:45:00+00:00
[2025-11-22T23:28:04.723+0000] {processor.py:208} INFO - Processing /opt/airflow/dags/dag_dbt_elt.py took 2.403 seconds
[2025-11-22T23:28:35.002+0000] {processor.py:186} INFO - Started process (PID=621) to work on /opt/airflow/dags/dag_dbt_elt.py
[2025-11-22T23:28:35.006+0000] {processor.py:914} INFO - Processing file /opt/airflow/dags/dag_dbt_elt.py for tasks to queue
[2025-11-22T23:28:35.011+0000] {logging_mixin.py:190} INFO - [2025-11-22T23:28:35.010+0000] {dagbag.py:587} INFO - Filling up the DagBag from /opt/airflow/dags/dag_dbt_elt.py
[2025-11-22T23:28:35.074+0000] {processor.py:925} INFO - DAG(s) 'stock_elt_dbt' retrieved from /opt/airflow/dags/dag_dbt_elt.py
[2025-11-22T23:28:35.096+0000] {logging_mixin.py:190} INFO - [2025-11-22T23:28:35.095+0000] {dag.py:3229} INFO - Sync 1 DAGs
[2025-11-22T23:28:35.137+0000] {logging_mixin.py:190} INFO - [2025-11-22T23:28:35.136+0000] {dag.py:4156} INFO - Setting next_dagrun for stock_elt_dbt to 2025-10-01 02:45:00+00:00, run_after=2025-10-02 02:45:00+00:00
[2025-11-22T23:28:35.177+0000] {processor.py:208} INFO - Processing /opt/airflow/dags/dag_dbt_elt.py took 0.187 seconds
[2025-11-22T23:29:05.923+0000] {processor.py:186} INFO - Started process (PID=662) to work on /opt/airflow/dags/dag_dbt_elt.py
[2025-11-22T23:29:05.927+0000] {processor.py:914} INFO - Processing file /opt/airflow/dags/dag_dbt_elt.py for tasks to queue
[2025-11-22T23:29:05.937+0000] {logging_mixin.py:190} INFO - [2025-11-22T23:29:05.935+0000] {dagbag.py:587} INFO - Filling up the DagBag from /opt/airflow/dags/dag_dbt_elt.py
[2025-11-22T23:29:06.040+0000] {processor.py:925} INFO - DAG(s) 'stock_elt_dbt' retrieved from /opt/airflow/dags/dag_dbt_elt.py
[2025-11-22T23:29:06.082+0000] {logging_mixin.py:190} INFO - [2025-11-22T23:29:06.081+0000] {dag.py:3229} INFO - Sync 1 DAGs
[2025-11-22T23:29:06.170+0000] {logging_mixin.py:190} INFO - [2025-11-22T23:29:06.170+0000] {dag.py:4156} INFO - Setting next_dagrun for stock_elt_dbt to 2025-10-01 02:45:00+00:00, run_after=2025-10-02 02:45:00+00:00
[2025-11-22T23:29:06.258+0000] {processor.py:208} INFO - Processing /opt/airflow/dags/dag_dbt_elt.py took 0.357 seconds
[2025-11-22T23:29:36.511+0000] {processor.py:186} INFO - Started process (PID=703) to work on /opt/airflow/dags/dag_dbt_elt.py
[2025-11-22T23:29:36.514+0000] {processor.py:914} INFO - Processing file /opt/airflow/dags/dag_dbt_elt.py for tasks to queue
[2025-11-22T23:29:36.520+0000] {logging_mixin.py:190} INFO - [2025-11-22T23:29:36.519+0000] {dagbag.py:587} INFO - Filling up the DagBag from /opt/airflow/dags/dag_dbt_elt.py
[2025-11-22T23:29:36.684+0000] {processor.py:925} INFO - DAG(s) 'stock_elt_dbt' retrieved from /opt/airflow/dags/dag_dbt_elt.py
[2025-11-22T23:29:36.721+0000] {logging_mixin.py:190} INFO - [2025-11-22T23:29:36.721+0000] {dag.py:3229} INFO - Sync 1 DAGs
[2025-11-22T23:29:36.788+0000] {logging_mixin.py:190} INFO - [2025-11-22T23:29:36.787+0000] {dag.py:4156} INFO - Setting next_dagrun for stock_elt_dbt to 2025-10-01 02:45:00+00:00, run_after=2025-10-02 02:45:00+00:00
[2025-11-22T23:29:36.843+0000] {processor.py:208} INFO - Processing /opt/airflow/dags/dag_dbt_elt.py took 0.351 seconds
[2025-11-22T23:30:07.601+0000] {processor.py:186} INFO - Started process (PID=745) to work on /opt/airflow/dags/dag_dbt_elt.py
[2025-11-22T23:30:07.603+0000] {processor.py:914} INFO - Processing file /opt/airflow/dags/dag_dbt_elt.py for tasks to queue
[2025-11-22T23:30:07.615+0000] {logging_mixin.py:190} INFO - [2025-11-22T23:30:07.612+0000] {dagbag.py:587} INFO - Filling up the DagBag from /opt/airflow/dags/dag_dbt_elt.py
[2025-11-22T23:30:07.749+0000] {processor.py:925} INFO - DAG(s) 'stock_elt_dbt' retrieved from /opt/airflow/dags/dag_dbt_elt.py
[2025-11-22T23:30:07.782+0000] {logging_mixin.py:190} INFO - [2025-11-22T23:30:07.781+0000] {dag.py:3229} INFO - Sync 1 DAGs
[2025-11-22T23:30:07.864+0000] {logging_mixin.py:190} INFO - [2025-11-22T23:30:07.864+0000] {dag.py:4156} INFO - Setting next_dagrun for stock_elt_dbt to 2025-10-01 02:45:00+00:00, run_after=2025-10-02 02:45:00+00:00
[2025-11-22T23:30:08.001+0000] {processor.py:208} INFO - Processing /opt/airflow/dags/dag_dbt_elt.py took 0.421 seconds
[2025-11-22T23:30:38.168+0000] {processor.py:186} INFO - Started process (PID=786) to work on /opt/airflow/dags/dag_dbt_elt.py
[2025-11-22T23:30:38.170+0000] {processor.py:914} INFO - Processing file /opt/airflow/dags/dag_dbt_elt.py for tasks to queue
[2025-11-22T23:30:38.177+0000] {logging_mixin.py:190} INFO - [2025-11-22T23:30:38.175+0000] {dagbag.py:587} INFO - Filling up the DagBag from /opt/airflow/dags/dag_dbt_elt.py
[2025-11-22T23:30:38.304+0000] {processor.py:925} INFO - DAG(s) 'stock_elt_dbt' retrieved from /opt/airflow/dags/dag_dbt_elt.py
[2025-11-22T23:30:38.339+0000] {logging_mixin.py:190} INFO - [2025-11-22T23:30:38.338+0000] {dag.py:3229} INFO - Sync 1 DAGs
[2025-11-22T23:30:38.410+0000] {logging_mixin.py:190} INFO - [2025-11-22T23:30:38.409+0000] {dag.py:4156} INFO - Setting next_dagrun for stock_elt_dbt to 2025-10-01 02:45:00+00:00, run_after=2025-10-02 02:45:00+00:00
[2025-11-22T23:30:38.460+0000] {processor.py:208} INFO - Processing /opt/airflow/dags/dag_dbt_elt.py took 0.321 seconds
[2025-11-22T23:31:08.652+0000] {processor.py:186} INFO - Started process (PID=835) to work on /opt/airflow/dags/dag_dbt_elt.py
[2025-11-22T23:31:08.653+0000] {processor.py:914} INFO - Processing file /opt/airflow/dags/dag_dbt_elt.py for tasks to queue
[2025-11-22T23:31:08.657+0000] {logging_mixin.py:190} INFO - [2025-11-22T23:31:08.657+0000] {dagbag.py:587} INFO - Filling up the DagBag from /opt/airflow/dags/dag_dbt_elt.py
[2025-11-22T23:31:08.719+0000] {processor.py:925} INFO - DAG(s) 'stock_elt_dbt' retrieved from /opt/airflow/dags/dag_dbt_elt.py
[2025-11-22T23:31:08.742+0000] {logging_mixin.py:190} INFO - [2025-11-22T23:31:08.742+0000] {dag.py:3229} INFO - Sync 1 DAGs
[2025-11-22T23:31:08.789+0000] {logging_mixin.py:190} INFO - [2025-11-22T23:31:08.788+0000] {dag.py:4156} INFO - Setting next_dagrun for stock_elt_dbt to 2025-10-01 02:45:00+00:00, run_after=2025-10-02 02:45:00+00:00
[2025-11-22T23:31:08.822+0000] {processor.py:208} INFO - Processing /opt/airflow/dags/dag_dbt_elt.py took 0.182 seconds
[2025-11-22T23:31:39.348+0000] {processor.py:186} INFO - Started process (PID=876) to work on /opt/airflow/dags/dag_dbt_elt.py
[2025-11-22T23:31:39.351+0000] {processor.py:914} INFO - Processing file /opt/airflow/dags/dag_dbt_elt.py for tasks to queue
[2025-11-22T23:31:39.360+0000] {logging_mixin.py:190} INFO - [2025-11-22T23:31:39.358+0000] {dagbag.py:587} INFO - Filling up the DagBag from /opt/airflow/dags/dag_dbt_elt.py
[2025-11-22T23:31:39.444+0000] {processor.py:925} INFO - DAG(s) 'stock_elt_dbt' retrieved from /opt/airflow/dags/dag_dbt_elt.py
[2025-11-22T23:31:39.479+0000] {logging_mixin.py:190} INFO - [2025-11-22T23:31:39.478+0000] {dag.py:3229} INFO - Sync 1 DAGs
[2025-11-22T23:31:39.554+0000] {logging_mixin.py:190} INFO - [2025-11-22T23:31:39.554+0000] {dag.py:4156} INFO - Setting next_dagrun for stock_elt_dbt to 2025-10-01 02:45:00+00:00, run_after=2025-10-02 02:45:00+00:00
[2025-11-22T23:31:39.620+0000] {processor.py:208} INFO - Processing /opt/airflow/dags/dag_dbt_elt.py took 0.284 seconds
[2025-11-22T23:32:10.583+0000] {processor.py:186} INFO - Started process (PID=917) to work on /opt/airflow/dags/dag_dbt_elt.py
[2025-11-22T23:32:10.586+0000] {processor.py:914} INFO - Processing file /opt/airflow/dags/dag_dbt_elt.py for tasks to queue
[2025-11-22T23:32:10.591+0000] {logging_mixin.py:190} INFO - [2025-11-22T23:32:10.590+0000] {dagbag.py:587} INFO - Filling up the DagBag from /opt/airflow/dags/dag_dbt_elt.py
[2025-11-22T23:32:10.729+0000] {processor.py:925} INFO - DAG(s) 'stock_elt_dbt' retrieved from /opt/airflow/dags/dag_dbt_elt.py
[2025-11-22T23:32:10.800+0000] {logging_mixin.py:190} INFO - [2025-11-22T23:32:10.799+0000] {dag.py:3229} INFO - Sync 1 DAGs
[2025-11-22T23:32:10.934+0000] {logging_mixin.py:190} INFO - [2025-11-22T23:32:10.933+0000] {dag.py:4156} INFO - Setting next_dagrun for stock_elt_dbt to 2025-10-01 02:45:00+00:00, run_after=2025-10-02 02:45:00+00:00
[2025-11-22T23:32:11.017+0000] {processor.py:208} INFO - Processing /opt/airflow/dags/dag_dbt_elt.py took 0.451 seconds
[2025-11-22T23:32:41.339+0000] {processor.py:186} INFO - Started process (PID=957) to work on /opt/airflow/dags/dag_dbt_elt.py
[2025-11-22T23:32:41.342+0000] {processor.py:914} INFO - Processing file /opt/airflow/dags/dag_dbt_elt.py for tasks to queue
[2025-11-22T23:32:41.349+0000] {logging_mixin.py:190} INFO - [2025-11-22T23:32:41.348+0000] {dagbag.py:587} INFO - Filling up the DagBag from /opt/airflow/dags/dag_dbt_elt.py
[2025-11-22T23:32:41.437+0000] {processor.py:925} INFO - DAG(s) 'stock_elt_dbt' retrieved from /opt/airflow/dags/dag_dbt_elt.py
[2025-11-22T23:32:41.480+0000] {logging_mixin.py:190} INFO - [2025-11-22T23:32:41.479+0000] {dag.py:3229} INFO - Sync 1 DAGs
[2025-11-22T23:32:41.538+0000] {logging_mixin.py:190} INFO - [2025-11-22T23:32:41.537+0000] {dag.py:4156} INFO - Setting next_dagrun for stock_elt_dbt to 2025-10-01 02:45:00+00:00, run_after=2025-10-02 02:45:00+00:00
[2025-11-22T23:32:41.584+0000] {processor.py:208} INFO - Processing /opt/airflow/dags/dag_dbt_elt.py took 0.258 seconds
[2025-11-22T23:33:12.214+0000] {processor.py:186} INFO - Started process (PID=998) to work on /opt/airflow/dags/dag_dbt_elt.py
[2025-11-22T23:33:12.216+0000] {processor.py:914} INFO - Processing file /opt/airflow/dags/dag_dbt_elt.py for tasks to queue
[2025-11-22T23:33:12.220+0000] {logging_mixin.py:190} INFO - [2025-11-22T23:33:12.220+0000] {dagbag.py:587} INFO - Filling up the DagBag from /opt/airflow/dags/dag_dbt_elt.py
[2025-11-22T23:33:12.296+0000] {processor.py:925} INFO - DAG(s) 'stock_elt_dbt' retrieved from /opt/airflow/dags/dag_dbt_elt.py
[2025-11-22T23:33:12.320+0000] {logging_mixin.py:190} INFO - [2025-11-22T23:33:12.320+0000] {dag.py:3229} INFO - Sync 1 DAGs
[2025-11-22T23:33:12.388+0000] {logging_mixin.py:190} INFO - [2025-11-22T23:33:12.388+0000] {dag.py:4156} INFO - Setting next_dagrun for stock_elt_dbt to 2025-10-01 02:45:00+00:00, run_after=2025-10-02 02:45:00+00:00
[2025-11-22T23:33:12.427+0000] {processor.py:208} INFO - Processing /opt/airflow/dags/dag_dbt_elt.py took 0.237 seconds
[2025-11-22T23:33:42.667+0000] {processor.py:186} INFO - Started process (PID=1039) to work on /opt/airflow/dags/dag_dbt_elt.py
[2025-11-22T23:33:42.670+0000] {processor.py:914} INFO - Processing file /opt/airflow/dags/dag_dbt_elt.py for tasks to queue
[2025-11-22T23:33:42.677+0000] {logging_mixin.py:190} INFO - [2025-11-22T23:33:42.676+0000] {dagbag.py:587} INFO - Filling up the DagBag from /opt/airflow/dags/dag_dbt_elt.py
[2025-11-22T23:33:42.764+0000] {processor.py:925} INFO - DAG(s) 'stock_elt_dbt' retrieved from /opt/airflow/dags/dag_dbt_elt.py
[2025-11-22T23:33:42.792+0000] {logging_mixin.py:190} INFO - [2025-11-22T23:33:42.792+0000] {dag.py:3229} INFO - Sync 1 DAGs
[2025-11-22T23:33:42.840+0000] {logging_mixin.py:190} INFO - [2025-11-22T23:33:42.840+0000] {dag.py:4156} INFO - Setting next_dagrun for stock_elt_dbt to 2025-10-01 02:45:00+00:00, run_after=2025-10-02 02:45:00+00:00
[2025-11-22T23:33:42.879+0000] {processor.py:208} INFO - Processing /opt/airflow/dags/dag_dbt_elt.py took 0.227 seconds
[2025-11-22T23:34:13.534+0000] {processor.py:186} INFO - Started process (PID=1080) to work on /opt/airflow/dags/dag_dbt_elt.py
[2025-11-22T23:34:13.537+0000] {processor.py:914} INFO - Processing file /opt/airflow/dags/dag_dbt_elt.py for tasks to queue
[2025-11-22T23:34:13.548+0000] {logging_mixin.py:190} INFO - [2025-11-22T23:34:13.547+0000] {dagbag.py:587} INFO - Filling up the DagBag from /opt/airflow/dags/dag_dbt_elt.py
[2025-11-22T23:34:13.648+0000] {processor.py:925} INFO - DAG(s) 'stock_elt_dbt' retrieved from /opt/airflow/dags/dag_dbt_elt.py
[2025-11-22T23:34:13.682+0000] {logging_mixin.py:190} INFO - [2025-11-22T23:34:13.682+0000] {dag.py:3229} INFO - Sync 1 DAGs
[2025-11-22T23:34:14.008+0000] {logging_mixin.py:190} INFO - [2025-11-22T23:34:14.008+0000] {dag.py:4156} INFO - Setting next_dagrun for stock_elt_dbt to 2025-10-01 02:45:00+00:00, run_after=2025-10-02 02:45:00+00:00
[2025-11-22T23:34:14.113+0000] {processor.py:208} INFO - Processing /opt/airflow/dags/dag_dbt_elt.py took 0.607 seconds
[2025-11-22T23:34:44.743+0000] {processor.py:186} INFO - Started process (PID=1121) to work on /opt/airflow/dags/dag_dbt_elt.py
[2025-11-22T23:34:44.745+0000] {processor.py:914} INFO - Processing file /opt/airflow/dags/dag_dbt_elt.py for tasks to queue
[2025-11-22T23:34:44.750+0000] {logging_mixin.py:190} INFO - [2025-11-22T23:34:44.749+0000] {dagbag.py:587} INFO - Filling up the DagBag from /opt/airflow/dags/dag_dbt_elt.py
[2025-11-22T23:34:44.817+0000] {processor.py:925} INFO - DAG(s) 'stock_elt_dbt' retrieved from /opt/airflow/dags/dag_dbt_elt.py
[2025-11-22T23:34:44.840+0000] {logging_mixin.py:190} INFO - [2025-11-22T23:34:44.839+0000] {dag.py:3229} INFO - Sync 1 DAGs
[2025-11-22T23:34:44.889+0000] {logging_mixin.py:190} INFO - [2025-11-22T23:34:44.888+0000] {dag.py:4156} INFO - Setting next_dagrun for stock_elt_dbt to 2025-10-01 02:45:00+00:00, run_after=2025-10-02 02:45:00+00:00
[2025-11-22T23:34:44.926+0000] {processor.py:208} INFO - Processing /opt/airflow/dags/dag_dbt_elt.py took 0.195 seconds
[2025-11-22T23:35:15.196+0000] {processor.py:186} INFO - Started process (PID=1162) to work on /opt/airflow/dags/dag_dbt_elt.py
[2025-11-22T23:35:15.200+0000] {processor.py:914} INFO - Processing file /opt/airflow/dags/dag_dbt_elt.py for tasks to queue
[2025-11-22T23:35:15.206+0000] {logging_mixin.py:190} INFO - [2025-11-22T23:35:15.205+0000] {dagbag.py:587} INFO - Filling up the DagBag from /opt/airflow/dags/dag_dbt_elt.py
[2025-11-22T23:35:15.356+0000] {processor.py:925} INFO - DAG(s) 'stock_elt_dbt' retrieved from /opt/airflow/dags/dag_dbt_elt.py
[2025-11-22T23:35:15.400+0000] {logging_mixin.py:190} INFO - [2025-11-22T23:35:15.399+0000] {dag.py:3229} INFO - Sync 1 DAGs
[2025-11-22T23:35:15.470+0000] {logging_mixin.py:190} INFO - [2025-11-22T23:35:15.470+0000] {dag.py:4156} INFO - Setting next_dagrun for stock_elt_dbt to 2025-10-01 02:45:00+00:00, run_after=2025-10-02 02:45:00+00:00
[2025-11-22T23:35:15.518+0000] {processor.py:208} INFO - Processing /opt/airflow/dags/dag_dbt_elt.py took 0.336 seconds
[2025-11-22T23:35:45.865+0000] {processor.py:186} INFO - Started process (PID=1203) to work on /opt/airflow/dags/dag_dbt_elt.py
[2025-11-22T23:35:45.868+0000] {processor.py:914} INFO - Processing file /opt/airflow/dags/dag_dbt_elt.py for tasks to queue
[2025-11-22T23:35:45.878+0000] {logging_mixin.py:190} INFO - [2025-11-22T23:35:45.877+0000] {dagbag.py:587} INFO - Filling up the DagBag from /opt/airflow/dags/dag_dbt_elt.py
[2025-11-22T23:35:46.031+0000] {processor.py:925} INFO - DAG(s) 'stock_elt_dbt' retrieved from /opt/airflow/dags/dag_dbt_elt.py
[2025-11-22T23:35:46.091+0000] {logging_mixin.py:190} INFO - [2025-11-22T23:35:46.088+0000] {dag.py:3229} INFO - Sync 1 DAGs
[2025-11-22T23:35:46.168+0000] {logging_mixin.py:190} INFO - [2025-11-22T23:35:46.166+0000] {dag.py:4156} INFO - Setting next_dagrun for stock_elt_dbt to 2025-10-01 02:45:00+00:00, run_after=2025-10-02 02:45:00+00:00
[2025-11-22T23:35:46.230+0000] {processor.py:208} INFO - Processing /opt/airflow/dags/dag_dbt_elt.py took 0.376 seconds
[2025-11-22T23:36:16.384+0000] {processor.py:186} INFO - Started process (PID=1244) to work on /opt/airflow/dags/dag_dbt_elt.py
[2025-11-22T23:36:16.390+0000] {processor.py:914} INFO - Processing file /opt/airflow/dags/dag_dbt_elt.py for tasks to queue
[2025-11-22T23:36:16.396+0000] {logging_mixin.py:190} INFO - [2025-11-22T23:36:16.396+0000] {dagbag.py:587} INFO - Filling up the DagBag from /opt/airflow/dags/dag_dbt_elt.py
[2025-11-22T23:36:16.537+0000] {processor.py:925} INFO - DAG(s) 'stock_elt_dbt' retrieved from /opt/airflow/dags/dag_dbt_elt.py
[2025-11-22T23:36:16.592+0000] {logging_mixin.py:190} INFO - [2025-11-22T23:36:16.591+0000] {dag.py:3229} INFO - Sync 1 DAGs
[2025-11-22T23:36:16.668+0000] {logging_mixin.py:190} INFO - [2025-11-22T23:36:16.667+0000] {dag.py:4156} INFO - Setting next_dagrun for stock_elt_dbt to 2025-10-01 02:45:00+00:00, run_after=2025-10-02 02:45:00+00:00
[2025-11-22T23:36:16.718+0000] {processor.py:208} INFO - Processing /opt/airflow/dags/dag_dbt_elt.py took 0.349 seconds
[2025-11-22T23:36:46.826+0000] {processor.py:186} INFO - Started process (PID=1285) to work on /opt/airflow/dags/dag_dbt_elt.py
[2025-11-22T23:36:46.829+0000] {processor.py:914} INFO - Processing file /opt/airflow/dags/dag_dbt_elt.py for tasks to queue
[2025-11-22T23:36:46.834+0000] {logging_mixin.py:190} INFO - [2025-11-22T23:36:46.834+0000] {dagbag.py:587} INFO - Filling up the DagBag from /opt/airflow/dags/dag_dbt_elt.py
[2025-11-22T23:36:46.921+0000] {processor.py:925} INFO - DAG(s) 'stock_elt_dbt' retrieved from /opt/airflow/dags/dag_dbt_elt.py
[2025-11-22T23:36:46.964+0000] {logging_mixin.py:190} INFO - [2025-11-22T23:36:46.963+0000] {dag.py:3229} INFO - Sync 1 DAGs
[2025-11-22T23:36:47.071+0000] {logging_mixin.py:190} INFO - [2025-11-22T23:36:47.070+0000] {dag.py:4156} INFO - Setting next_dagrun for stock_elt_dbt to 2025-10-01 02:45:00+00:00, run_after=2025-10-02 02:45:00+00:00
[2025-11-22T23:36:47.147+0000] {processor.py:208} INFO - Processing /opt/airflow/dags/dag_dbt_elt.py took 0.337 seconds
[2025-11-22T23:37:17.283+0000] {processor.py:186} INFO - Started process (PID=1324) to work on /opt/airflow/dags/dag_dbt_elt.py
[2025-11-22T23:37:17.285+0000] {processor.py:914} INFO - Processing file /opt/airflow/dags/dag_dbt_elt.py for tasks to queue
[2025-11-22T23:37:17.291+0000] {logging_mixin.py:190} INFO - [2025-11-22T23:37:17.290+0000] {dagbag.py:587} INFO - Filling up the DagBag from /opt/airflow/dags/dag_dbt_elt.py
[2025-11-22T23:37:17.406+0000] {processor.py:925} INFO - DAG(s) 'stock_elt_dbt' retrieved from /opt/airflow/dags/dag_dbt_elt.py
[2025-11-22T23:37:17.449+0000] {logging_mixin.py:190} INFO - [2025-11-22T23:37:17.448+0000] {dag.py:3229} INFO - Sync 1 DAGs
[2025-11-22T23:37:17.586+0000] {logging_mixin.py:190} INFO - [2025-11-22T23:37:17.583+0000] {dag.py:4156} INFO - Setting next_dagrun for stock_elt_dbt to 2025-10-01 02:45:00+00:00, run_after=2025-10-02 02:45:00+00:00
[2025-11-22T23:37:17.803+0000] {processor.py:208} INFO - Processing /opt/airflow/dags/dag_dbt_elt.py took 0.537 seconds
[2025-11-22T23:37:48.507+0000] {processor.py:186} INFO - Started process (PID=1365) to work on /opt/airflow/dags/dag_dbt_elt.py
[2025-11-22T23:37:48.508+0000] {processor.py:914} INFO - Processing file /opt/airflow/dags/dag_dbt_elt.py for tasks to queue
[2025-11-22T23:37:48.513+0000] {logging_mixin.py:190} INFO - [2025-11-22T23:37:48.512+0000] {dagbag.py:587} INFO - Filling up the DagBag from /opt/airflow/dags/dag_dbt_elt.py
[2025-11-22T23:37:48.617+0000] {processor.py:925} INFO - DAG(s) 'stock_elt_dbt' retrieved from /opt/airflow/dags/dag_dbt_elt.py
[2025-11-22T23:37:48.659+0000] {logging_mixin.py:190} INFO - [2025-11-22T23:37:48.659+0000] {dag.py:3229} INFO - Sync 1 DAGs
[2025-11-22T23:37:48.715+0000] {logging_mixin.py:190} INFO - [2025-11-22T23:37:48.714+0000] {dag.py:4156} INFO - Setting next_dagrun for stock_elt_dbt to 2025-10-01 02:45:00+00:00, run_after=2025-10-02 02:45:00+00:00
[2025-11-22T23:37:48.758+0000] {processor.py:208} INFO - Processing /opt/airflow/dags/dag_dbt_elt.py took 0.262 seconds
[2025-11-22T23:38:19.397+0000] {processor.py:186} INFO - Started process (PID=1404) to work on /opt/airflow/dags/dag_dbt_elt.py
[2025-11-22T23:38:19.399+0000] {processor.py:914} INFO - Processing file /opt/airflow/dags/dag_dbt_elt.py for tasks to queue
[2025-11-22T23:38:19.404+0000] {logging_mixin.py:190} INFO - [2025-11-22T23:38:19.403+0000] {dagbag.py:587} INFO - Filling up the DagBag from /opt/airflow/dags/dag_dbt_elt.py
[2025-11-22T23:38:19.527+0000] {processor.py:925} INFO - DAG(s) 'stock_elt_dbt' retrieved from /opt/airflow/dags/dag_dbt_elt.py
[2025-11-22T23:38:19.601+0000] {logging_mixin.py:190} INFO - [2025-11-22T23:38:19.600+0000] {dag.py:3229} INFO - Sync 1 DAGs
[2025-11-22T23:38:19.681+0000] {logging_mixin.py:190} INFO - [2025-11-22T23:38:19.680+0000] {dag.py:4156} INFO - Setting next_dagrun for stock_elt_dbt to 2025-10-01 02:45:00+00:00, run_after=2025-10-02 02:45:00+00:00
[2025-11-22T23:38:19.739+0000] {processor.py:208} INFO - Processing /opt/airflow/dags/dag_dbt_elt.py took 0.356 seconds
[2025-11-22T23:38:49.867+0000] {processor.py:186} INFO - Started process (PID=1445) to work on /opt/airflow/dags/dag_dbt_elt.py
[2025-11-22T23:38:49.869+0000] {processor.py:914} INFO - Processing file /opt/airflow/dags/dag_dbt_elt.py for tasks to queue
[2025-11-22T23:38:49.875+0000] {logging_mixin.py:190} INFO - [2025-11-22T23:38:49.873+0000] {dagbag.py:587} INFO - Filling up the DagBag from /opt/airflow/dags/dag_dbt_elt.py
[2025-11-22T23:38:49.955+0000] {processor.py:925} INFO - DAG(s) 'stock_elt_dbt' retrieved from /opt/airflow/dags/dag_dbt_elt.py
[2025-11-22T23:38:49.985+0000] {logging_mixin.py:190} INFO - [2025-11-22T23:38:49.985+0000] {dag.py:3229} INFO - Sync 1 DAGs
[2025-11-22T23:38:50.032+0000] {logging_mixin.py:190} INFO - [2025-11-22T23:38:50.031+0000] {dag.py:4156} INFO - Setting next_dagrun for stock_elt_dbt to 2025-10-01 02:45:00+00:00, run_after=2025-10-02 02:45:00+00:00
[2025-11-22T23:38:50.073+0000] {processor.py:208} INFO - Processing /opt/airflow/dags/dag_dbt_elt.py took 0.218 seconds
[2025-11-22T23:39:20.720+0000] {processor.py:186} INFO - Started process (PID=1486) to work on /opt/airflow/dags/dag_dbt_elt.py
[2025-11-22T23:39:20.722+0000] {processor.py:914} INFO - Processing file /opt/airflow/dags/dag_dbt_elt.py for tasks to queue
[2025-11-22T23:39:20.728+0000] {logging_mixin.py:190} INFO - [2025-11-22T23:39:20.727+0000] {dagbag.py:587} INFO - Filling up the DagBag from /opt/airflow/dags/dag_dbt_elt.py
[2025-11-22T23:39:20.805+0000] {processor.py:925} INFO - DAG(s) 'stock_elt_dbt' retrieved from /opt/airflow/dags/dag_dbt_elt.py
[2025-11-22T23:39:20.832+0000] {logging_mixin.py:190} INFO - [2025-11-22T23:39:20.832+0000] {dag.py:3229} INFO - Sync 1 DAGs
[2025-11-22T23:39:20.912+0000] {logging_mixin.py:190} INFO - [2025-11-22T23:39:20.911+0000] {dag.py:4156} INFO - Setting next_dagrun for stock_elt_dbt to 2025-10-01 02:45:00+00:00, run_after=2025-10-02 02:45:00+00:00
[2025-11-22T23:39:21.001+0000] {processor.py:208} INFO - Processing /opt/airflow/dags/dag_dbt_elt.py took 0.296 seconds
[2025-11-22T23:39:51.466+0000] {processor.py:186} INFO - Started process (PID=1527) to work on /opt/airflow/dags/dag_dbt_elt.py
[2025-11-22T23:39:51.469+0000] {processor.py:914} INFO - Processing file /opt/airflow/dags/dag_dbt_elt.py for tasks to queue
[2025-11-22T23:39:51.478+0000] {logging_mixin.py:190} INFO - [2025-11-22T23:39:51.477+0000] {dagbag.py:587} INFO - Filling up the DagBag from /opt/airflow/dags/dag_dbt_elt.py
[2025-11-22T23:39:51.635+0000] {processor.py:925} INFO - DAG(s) 'stock_elt_dbt' retrieved from /opt/airflow/dags/dag_dbt_elt.py
[2025-11-22T23:39:51.689+0000] {logging_mixin.py:190} INFO - [2025-11-22T23:39:51.689+0000] {dag.py:3229} INFO - Sync 1 DAGs
[2025-11-22T23:39:51.802+0000] {logging_mixin.py:190} INFO - [2025-11-22T23:39:51.801+0000] {dag.py:4156} INFO - Setting next_dagrun for stock_elt_dbt to 2025-10-01 02:45:00+00:00, run_after=2025-10-02 02:45:00+00:00
[2025-11-22T23:39:51.886+0000] {processor.py:208} INFO - Processing /opt/airflow/dags/dag_dbt_elt.py took 0.450 seconds
[2025-11-22T23:40:22.439+0000] {processor.py:186} INFO - Started process (PID=1568) to work on /opt/airflow/dags/dag_dbt_elt.py
[2025-11-22T23:40:22.444+0000] {processor.py:914} INFO - Processing file /opt/airflow/dags/dag_dbt_elt.py for tasks to queue
[2025-11-22T23:40:22.455+0000] {logging_mixin.py:190} INFO - [2025-11-22T23:40:22.452+0000] {dagbag.py:587} INFO - Filling up the DagBag from /opt/airflow/dags/dag_dbt_elt.py
[2025-11-22T23:40:22.662+0000] {processor.py:925} INFO - DAG(s) 'stock_elt_dbt' retrieved from /opt/airflow/dags/dag_dbt_elt.py
[2025-11-22T23:40:22.748+0000] {logging_mixin.py:190} INFO - [2025-11-22T23:40:22.747+0000] {dag.py:3229} INFO - Sync 1 DAGs
[2025-11-22T23:40:22.931+0000] {logging_mixin.py:190} INFO - [2025-11-22T23:40:22.931+0000] {dag.py:4156} INFO - Setting next_dagrun for stock_elt_dbt to 2025-10-01 02:45:00+00:00, run_after=2025-10-02 02:45:00+00:00
[2025-11-22T23:40:22.991+0000] {processor.py:208} INFO - Processing /opt/airflow/dags/dag_dbt_elt.py took 0.576 seconds
[2025-11-22T23:40:53.902+0000] {processor.py:186} INFO - Started process (PID=1609) to work on /opt/airflow/dags/dag_dbt_elt.py
[2025-11-22T23:40:53.908+0000] {processor.py:914} INFO - Processing file /opt/airflow/dags/dag_dbt_elt.py for tasks to queue
[2025-11-22T23:40:53.916+0000] {logging_mixin.py:190} INFO - [2025-11-22T23:40:53.916+0000] {dagbag.py:587} INFO - Filling up the DagBag from /opt/airflow/dags/dag_dbt_elt.py
[2025-11-22T23:40:54.024+0000] {processor.py:925} INFO - DAG(s) 'stock_elt_dbt' retrieved from /opt/airflow/dags/dag_dbt_elt.py
[2025-11-22T23:40:54.081+0000] {logging_mixin.py:190} INFO - [2025-11-22T23:40:54.081+0000] {dag.py:3229} INFO - Sync 1 DAGs
[2025-11-22T23:40:54.154+0000] {logging_mixin.py:190} INFO - [2025-11-22T23:40:54.154+0000] {dag.py:4156} INFO - Setting next_dagrun for stock_elt_dbt to 2025-10-01 02:45:00+00:00, run_after=2025-10-02 02:45:00+00:00
[2025-11-22T23:40:54.202+0000] {processor.py:208} INFO - Processing /opt/airflow/dags/dag_dbt_elt.py took 0.327 seconds
[2025-11-22T23:41:25.496+0000] {processor.py:186} INFO - Started process (PID=1650) to work on /opt/airflow/dags/dag_dbt_elt.py
[2025-11-22T23:41:25.505+0000] {processor.py:914} INFO - Processing file /opt/airflow/dags/dag_dbt_elt.py for tasks to queue
[2025-11-22T23:41:25.517+0000] {logging_mixin.py:190} INFO - [2025-11-22T23:41:25.516+0000] {dagbag.py:587} INFO - Filling up the DagBag from /opt/airflow/dags/dag_dbt_elt.py
[2025-11-22T23:41:25.714+0000] {processor.py:925} INFO - DAG(s) 'stock_elt_dbt' retrieved from /opt/airflow/dags/dag_dbt_elt.py
[2025-11-22T23:41:25.752+0000] {logging_mixin.py:190} INFO - [2025-11-22T23:41:25.751+0000] {dag.py:3229} INFO - Sync 1 DAGs
[2025-11-22T23:41:25.833+0000] {logging_mixin.py:190} INFO - [2025-11-22T23:41:25.832+0000] {dag.py:4156} INFO - Setting next_dagrun for stock_elt_dbt to 2025-10-01 02:45:00+00:00, run_after=2025-10-02 02:45:00+00:00
[2025-11-22T23:41:25.901+0000] {processor.py:208} INFO - Processing /opt/airflow/dags/dag_dbt_elt.py took 0.660 seconds
[2025-11-22T23:41:56.735+0000] {processor.py:186} INFO - Started process (PID=1691) to work on /opt/airflow/dags/dag_dbt_elt.py
[2025-11-22T23:41:56.738+0000] {processor.py:914} INFO - Processing file /opt/airflow/dags/dag_dbt_elt.py for tasks to queue
[2025-11-22T23:41:56.745+0000] {logging_mixin.py:190} INFO - [2025-11-22T23:41:56.744+0000] {dagbag.py:587} INFO - Filling up the DagBag from /opt/airflow/dags/dag_dbt_elt.py
[2025-11-22T23:41:56.843+0000] {processor.py:925} INFO - DAG(s) 'stock_elt_dbt' retrieved from /opt/airflow/dags/dag_dbt_elt.py
[2025-11-22T23:41:56.894+0000] {logging_mixin.py:190} INFO - [2025-11-22T23:41:56.894+0000] {dag.py:3229} INFO - Sync 1 DAGs
[2025-11-22T23:41:56.963+0000] {logging_mixin.py:190} INFO - [2025-11-22T23:41:56.962+0000] {dag.py:4156} INFO - Setting next_dagrun for stock_elt_dbt to 2025-10-01 02:45:00+00:00, run_after=2025-10-02 02:45:00+00:00
[2025-11-22T23:41:57.001+0000] {processor.py:208} INFO - Processing /opt/airflow/dags/dag_dbt_elt.py took 0.276 seconds
[2025-11-22T23:42:27.724+0000] {processor.py:186} INFO - Started process (PID=1732) to work on /opt/airflow/dags/dag_dbt_elt.py
[2025-11-22T23:42:27.726+0000] {processor.py:914} INFO - Processing file /opt/airflow/dags/dag_dbt_elt.py for tasks to queue
[2025-11-22T23:42:27.733+0000] {logging_mixin.py:190} INFO - [2025-11-22T23:42:27.732+0000] {dagbag.py:587} INFO - Filling up the DagBag from /opt/airflow/dags/dag_dbt_elt.py
[2025-11-22T23:42:27.833+0000] {processor.py:925} INFO - DAG(s) 'stock_elt_dbt' retrieved from /opt/airflow/dags/dag_dbt_elt.py
[2025-11-22T23:42:27.872+0000] {logging_mixin.py:190} INFO - [2025-11-22T23:42:27.870+0000] {dag.py:3229} INFO - Sync 1 DAGs
[2025-11-22T23:42:27.933+0000] {logging_mixin.py:190} INFO - [2025-11-22T23:42:27.933+0000] {dag.py:4156} INFO - Setting next_dagrun for stock_elt_dbt to 2025-10-01 02:45:00+00:00, run_after=2025-10-02 02:45:00+00:00
[2025-11-22T23:42:27.978+0000] {processor.py:208} INFO - Processing /opt/airflow/dags/dag_dbt_elt.py took 0.268 seconds
[2025-11-22T23:42:58.713+0000] {processor.py:186} INFO - Started process (PID=1773) to work on /opt/airflow/dags/dag_dbt_elt.py
[2025-11-22T23:42:58.716+0000] {processor.py:914} INFO - Processing file /opt/airflow/dags/dag_dbt_elt.py for tasks to queue
[2025-11-22T23:42:58.722+0000] {logging_mixin.py:190} INFO - [2025-11-22T23:42:58.721+0000] {dagbag.py:587} INFO - Filling up the DagBag from /opt/airflow/dags/dag_dbt_elt.py
[2025-11-22T23:42:58.793+0000] {processor.py:925} INFO - DAG(s) 'stock_elt_dbt' retrieved from /opt/airflow/dags/dag_dbt_elt.py
[2025-11-22T23:42:58.817+0000] {logging_mixin.py:190} INFO - [2025-11-22T23:42:58.817+0000] {dag.py:3229} INFO - Sync 1 DAGs
[2025-11-22T23:42:58.862+0000] {logging_mixin.py:190} INFO - [2025-11-22T23:42:58.861+0000] {dag.py:4156} INFO - Setting next_dagrun for stock_elt_dbt to 2025-10-01 02:45:00+00:00, run_after=2025-10-02 02:45:00+00:00
[2025-11-22T23:42:58.897+0000] {processor.py:208} INFO - Processing /opt/airflow/dags/dag_dbt_elt.py took 0.198 seconds
[2025-11-22T23:43:28.999+0000] {processor.py:186} INFO - Started process (PID=1814) to work on /opt/airflow/dags/dag_dbt_elt.py
[2025-11-22T23:43:29.001+0000] {processor.py:914} INFO - Processing file /opt/airflow/dags/dag_dbt_elt.py for tasks to queue
[2025-11-22T23:43:29.006+0000] {logging_mixin.py:190} INFO - [2025-11-22T23:43:29.005+0000] {dagbag.py:587} INFO - Filling up the DagBag from /opt/airflow/dags/dag_dbt_elt.py
[2025-11-22T23:43:29.082+0000] {processor.py:925} INFO - DAG(s) 'stock_elt_dbt' retrieved from /opt/airflow/dags/dag_dbt_elt.py
[2025-11-22T23:43:29.107+0000] {logging_mixin.py:190} INFO - [2025-11-22T23:43:29.107+0000] {dag.py:3229} INFO - Sync 1 DAGs
[2025-11-22T23:43:29.151+0000] {logging_mixin.py:190} INFO - [2025-11-22T23:43:29.151+0000] {dag.py:4156} INFO - Setting next_dagrun for stock_elt_dbt to 2025-10-01 02:45:00+00:00, run_after=2025-10-02 02:45:00+00:00
[2025-11-22T23:43:29.189+0000] {processor.py:208} INFO - Processing /opt/airflow/dags/dag_dbt_elt.py took 0.203 seconds
[2025-11-22T23:44:00.157+0000] {processor.py:186} INFO - Started process (PID=1856) to work on /opt/airflow/dags/dag_dbt_elt.py
[2025-11-22T23:44:00.162+0000] {processor.py:914} INFO - Processing file /opt/airflow/dags/dag_dbt_elt.py for tasks to queue
[2025-11-22T23:44:00.170+0000] {logging_mixin.py:190} INFO - [2025-11-22T23:44:00.169+0000] {dagbag.py:587} INFO - Filling up the DagBag from /opt/airflow/dags/dag_dbt_elt.py
[2025-11-22T23:44:00.351+0000] {processor.py:925} INFO - DAG(s) 'stock_elt_dbt' retrieved from /opt/airflow/dags/dag_dbt_elt.py
[2025-11-22T23:44:00.404+0000] {logging_mixin.py:190} INFO - [2025-11-22T23:44:00.404+0000] {dag.py:3229} INFO - Sync 1 DAGs
[2025-11-22T23:44:00.450+0000] {logging_mixin.py:190} INFO - [2025-11-22T23:44:00.450+0000] {dag.py:4156} INFO - Setting next_dagrun for stock_elt_dbt to 2025-10-01 02:45:00+00:00, run_after=2025-10-02 02:45:00+00:00
[2025-11-22T23:44:00.489+0000] {processor.py:208} INFO - Processing /opt/airflow/dags/dag_dbt_elt.py took 0.350 seconds
[2025-11-22T23:44:31.116+0000] {processor.py:186} INFO - Started process (PID=1897) to work on /opt/airflow/dags/dag_dbt_elt.py
[2025-11-22T23:44:31.118+0000] {processor.py:914} INFO - Processing file /opt/airflow/dags/dag_dbt_elt.py for tasks to queue
[2025-11-22T23:44:31.123+0000] {logging_mixin.py:190} INFO - [2025-11-22T23:44:31.122+0000] {dagbag.py:587} INFO - Filling up the DagBag from /opt/airflow/dags/dag_dbt_elt.py
[2025-11-22T23:44:31.202+0000] {processor.py:925} INFO - DAG(s) 'stock_elt_dbt' retrieved from /opt/airflow/dags/dag_dbt_elt.py
[2025-11-22T23:44:31.227+0000] {logging_mixin.py:190} INFO - [2025-11-22T23:44:31.227+0000] {dag.py:3229} INFO - Sync 1 DAGs
[2025-11-22T23:44:31.272+0000] {logging_mixin.py:190} INFO - [2025-11-22T23:44:31.271+0000] {dag.py:4156} INFO - Setting next_dagrun for stock_elt_dbt to 2025-10-01 02:45:00+00:00, run_after=2025-10-02 02:45:00+00:00
[2025-11-22T23:44:31.305+0000] {processor.py:208} INFO - Processing /opt/airflow/dags/dag_dbt_elt.py took 0.203 seconds
[2025-11-22T23:45:01.551+0000] {processor.py:186} INFO - Started process (PID=1938) to work on /opt/airflow/dags/dag_dbt_elt.py
[2025-11-22T23:45:01.553+0000] {processor.py:914} INFO - Processing file /opt/airflow/dags/dag_dbt_elt.py for tasks to queue
[2025-11-22T23:45:01.582+0000] {logging_mixin.py:190} INFO - [2025-11-22T23:45:01.580+0000] {dagbag.py:587} INFO - Filling up the DagBag from /opt/airflow/dags/dag_dbt_elt.py
[2025-11-22T23:45:01.748+0000] {processor.py:925} INFO - DAG(s) 'stock_elt_dbt' retrieved from /opt/airflow/dags/dag_dbt_elt.py
[2025-11-22T23:45:01.795+0000] {logging_mixin.py:190} INFO - [2025-11-22T23:45:01.794+0000] {dag.py:3229} INFO - Sync 1 DAGs
[2025-11-22T23:45:01.844+0000] {logging_mixin.py:190} INFO - [2025-11-22T23:45:01.843+0000] {dag.py:4156} INFO - Setting next_dagrun for stock_elt_dbt to 2025-10-01 02:45:00+00:00, run_after=2025-10-02 02:45:00+00:00
[2025-11-22T23:45:01.883+0000] {processor.py:208} INFO - Processing /opt/airflow/dags/dag_dbt_elt.py took 0.363 seconds
[2025-11-22T23:45:32.240+0000] {processor.py:186} INFO - Started process (PID=1983) to work on /opt/airflow/dags/dag_dbt_elt.py
[2025-11-22T23:45:32.242+0000] {processor.py:914} INFO - Processing file /opt/airflow/dags/dag_dbt_elt.py for tasks to queue
[2025-11-22T23:45:32.248+0000] {logging_mixin.py:190} INFO - [2025-11-22T23:45:32.247+0000] {dagbag.py:587} INFO - Filling up the DagBag from /opt/airflow/dags/dag_dbt_elt.py
[2025-11-22T23:45:32.336+0000] {processor.py:925} INFO - DAG(s) 'stock_elt_dbt' retrieved from /opt/airflow/dags/dag_dbt_elt.py
[2025-11-22T23:45:32.368+0000] {logging_mixin.py:190} INFO - [2025-11-22T23:45:32.367+0000] {dag.py:3229} INFO - Sync 1 DAGs
[2025-11-22T23:45:32.424+0000] {logging_mixin.py:190} INFO - [2025-11-22T23:45:32.423+0000] {dag.py:4156} INFO - Setting next_dagrun for stock_elt_dbt to 2025-10-01 02:45:00+00:00, run_after=2025-10-02 02:45:00+00:00
[2025-11-22T23:45:32.481+0000] {processor.py:208} INFO - Processing /opt/airflow/dags/dag_dbt_elt.py took 0.251 seconds
[2025-11-22T23:46:02.552+0000] {processor.py:186} INFO - Started process (PID=2025) to work on /opt/airflow/dags/dag_dbt_elt.py
[2025-11-22T23:46:02.554+0000] {processor.py:914} INFO - Processing file /opt/airflow/dags/dag_dbt_elt.py for tasks to queue
[2025-11-22T23:46:02.559+0000] {logging_mixin.py:190} INFO - [2025-11-22T23:46:02.558+0000] {dagbag.py:587} INFO - Filling up the DagBag from /opt/airflow/dags/dag_dbt_elt.py
[2025-11-22T23:46:02.638+0000] {processor.py:925} INFO - DAG(s) 'stock_elt_dbt' retrieved from /opt/airflow/dags/dag_dbt_elt.py
[2025-11-22T23:46:02.663+0000] {logging_mixin.py:190} INFO - [2025-11-22T23:46:02.662+0000] {dag.py:3229} INFO - Sync 1 DAGs
[2025-11-22T23:46:02.709+0000] {logging_mixin.py:190} INFO - [2025-11-22T23:46:02.709+0000] {dag.py:4156} INFO - Setting next_dagrun for stock_elt_dbt to 2025-10-01 02:45:00+00:00, run_after=2025-10-02 02:45:00+00:00
[2025-11-22T23:46:02.746+0000] {processor.py:208} INFO - Processing /opt/airflow/dags/dag_dbt_elt.py took 0.206 seconds
[2025-11-22T23:46:33.034+0000] {processor.py:186} INFO - Started process (PID=2067) to work on /opt/airflow/dags/dag_dbt_elt.py
[2025-11-22T23:46:33.036+0000] {processor.py:914} INFO - Processing file /opt/airflow/dags/dag_dbt_elt.py for tasks to queue
[2025-11-22T23:46:33.041+0000] {logging_mixin.py:190} INFO - [2025-11-22T23:46:33.040+0000] {dagbag.py:587} INFO - Filling up the DagBag from /opt/airflow/dags/dag_dbt_elt.py
[2025-11-22T23:46:33.120+0000] {processor.py:925} INFO - DAG(s) 'stock_elt_dbt' retrieved from /opt/airflow/dags/dag_dbt_elt.py
[2025-11-22T23:46:33.145+0000] {logging_mixin.py:190} INFO - [2025-11-22T23:46:33.145+0000] {dag.py:3229} INFO - Sync 1 DAGs
[2025-11-22T23:46:33.193+0000] {logging_mixin.py:190} INFO - [2025-11-22T23:46:33.192+0000] {dag.py:4156} INFO - Setting next_dagrun for stock_elt_dbt to 2025-10-01 02:45:00+00:00, run_after=2025-10-02 02:45:00+00:00
[2025-11-22T23:46:33.227+0000] {processor.py:208} INFO - Processing /opt/airflow/dags/dag_dbt_elt.py took 0.205 seconds
[2025-11-22T23:47:03.682+0000] {processor.py:186} INFO - Started process (PID=2108) to work on /opt/airflow/dags/dag_dbt_elt.py
[2025-11-22T23:47:03.689+0000] {processor.py:914} INFO - Processing file /opt/airflow/dags/dag_dbt_elt.py for tasks to queue
[2025-11-22T23:47:03.697+0000] {logging_mixin.py:190} INFO - [2025-11-22T23:47:03.696+0000] {dagbag.py:587} INFO - Filling up the DagBag from /opt/airflow/dags/dag_dbt_elt.py
[2025-11-22T23:47:03.972+0000] {processor.py:925} INFO - DAG(s) 'stock_elt_dbt' retrieved from /opt/airflow/dags/dag_dbt_elt.py
[2025-11-22T23:47:04.106+0000] {logging_mixin.py:190} INFO - [2025-11-22T23:47:04.105+0000] {dag.py:3229} INFO - Sync 1 DAGs
[2025-11-22T23:47:04.304+0000] {logging_mixin.py:190} INFO - [2025-11-22T23:47:04.299+0000] {dag.py:4156} INFO - Setting next_dagrun for stock_elt_dbt to 2025-10-01 02:45:00+00:00, run_after=2025-10-02 02:45:00+00:00
[2025-11-22T23:47:04.415+0000] {processor.py:208} INFO - Processing /opt/airflow/dags/dag_dbt_elt.py took 0.806 seconds
