[2025-11-22T23:24:58.813+0000] {processor.py:186} INFO - Started process (PID=328) to work on /opt/airflow/dags/ELT_Session_Summary.py
[2025-11-22T23:24:58.815+0000] {processor.py:914} INFO - Processing file /opt/airflow/dags/ELT_Session_Summary.py for tasks to queue
[2025-11-22T23:24:58.823+0000] {logging_mixin.py:190} INFO - [2025-11-22T23:24:58.822+0000] {dagbag.py:587} INFO - Filling up the DagBag from /opt/airflow/dags/ELT_Session_Summary.py
[2025-11-22T23:24:58.856+0000] {processor.py:925} INFO - DAG(s) 'ELT_Build_Session_Summary' retrieved from /opt/airflow/dags/ELT_Session_Summary.py
[2025-11-22T23:24:59.298+0000] {logging_mixin.py:190} INFO - [2025-11-22T23:24:59.296+0000] {override.py:1900} INFO - Created Permission View: can read on DAG:ELT_Build_Session_Summary
[2025-11-22T23:24:59.339+0000] {logging_mixin.py:190} INFO - [2025-11-22T23:24:59.338+0000] {override.py:1900} INFO - Created Permission View: can delete on DAG:ELT_Build_Session_Summary
[2025-11-22T23:24:59.357+0000] {logging_mixin.py:190} INFO - [2025-11-22T23:24:59.356+0000] {override.py:1900} INFO - Created Permission View: can edit on DAG:ELT_Build_Session_Summary
[2025-11-22T23:24:59.372+0000] {logging_mixin.py:190} INFO - [2025-11-22T23:24:59.371+0000] {override.py:1900} INFO - Created Permission View: can read on DAG Run:ELT_Build_Session_Summary
[2025-11-22T23:24:59.387+0000] {logging_mixin.py:190} INFO - [2025-11-22T23:24:59.386+0000] {override.py:1900} INFO - Created Permission View: can delete on DAG Run:ELT_Build_Session_Summary
[2025-11-22T23:24:59.404+0000] {logging_mixin.py:190} INFO - [2025-11-22T23:24:59.404+0000] {override.py:1900} INFO - Created Permission View: can create on DAG Run:ELT_Build_Session_Summary
[2025-11-22T23:24:59.417+0000] {logging_mixin.py:190} INFO - [2025-11-22T23:24:59.417+0000] {override.py:1900} INFO - Created Permission View: menu access on DAG Run:ELT_Build_Session_Summary
[2025-11-22T23:24:59.419+0000] {logging_mixin.py:190} INFO - [2025-11-22T23:24:59.418+0000] {dag.py:3229} INFO - Sync 1 DAGs
[2025-11-22T23:24:59.465+0000] {logging_mixin.py:190} INFO - [2025-11-22T23:24:59.464+0000] {dag.py:3252} INFO - Creating ORM DAG for ELT_Build_Session_Summary
[2025-11-22T23:24:59.509+0000] {logging_mixin.py:190} INFO - [2025-11-22T23:24:59.509+0000] {dag.py:4156} INFO - Setting next_dagrun for ELT_Build_Session_Summary to 2025-11-21 02:45:00+00:00, run_after=2025-11-22 02:45:00+00:00
[2025-11-22T23:24:59.592+0000] {processor.py:208} INFO - Processing /opt/airflow/dags/ELT_Session_Summary.py took 0.802 seconds
[2025-11-22T23:25:30.894+0000] {processor.py:186} INFO - Started process (PID=375) to work on /opt/airflow/dags/ELT_Session_Summary.py
[2025-11-22T23:25:30.905+0000] {processor.py:914} INFO - Processing file /opt/airflow/dags/ELT_Session_Summary.py for tasks to queue
[2025-11-22T23:25:30.923+0000] {logging_mixin.py:190} INFO - [2025-11-22T23:25:30.921+0000] {dagbag.py:587} INFO - Filling up the DagBag from /opt/airflow/dags/ELT_Session_Summary.py
[2025-11-22T23:25:31.149+0000] {processor.py:925} INFO - DAG(s) 'ELT_Build_Session_Summary' retrieved from /opt/airflow/dags/ELT_Session_Summary.py
[2025-11-22T23:25:31.251+0000] {logging_mixin.py:190} INFO - [2025-11-22T23:25:31.235+0000] {dag.py:3229} INFO - Sync 1 DAGs
[2025-11-22T23:25:31.456+0000] {logging_mixin.py:190} INFO - [2025-11-22T23:25:31.447+0000] {dag.py:4156} INFO - Setting next_dagrun for ELT_Build_Session_Summary to 2025-11-21 02:45:00+00:00, run_after=2025-11-22 02:45:00+00:00
[2025-11-22T23:25:31.596+0000] {processor.py:208} INFO - Processing /opt/airflow/dags/ELT_Session_Summary.py took 0.767 seconds
[2025-11-22T23:26:02.121+0000] {processor.py:186} INFO - Started process (PID=424) to work on /opt/airflow/dags/ELT_Session_Summary.py
[2025-11-22T23:26:02.123+0000] {processor.py:914} INFO - Processing file /opt/airflow/dags/ELT_Session_Summary.py for tasks to queue
[2025-11-22T23:26:02.129+0000] {logging_mixin.py:190} INFO - [2025-11-22T23:26:02.129+0000] {dagbag.py:587} INFO - Filling up the DagBag from /opt/airflow/dags/ELT_Session_Summary.py
[2025-11-22T23:26:02.170+0000] {processor.py:925} INFO - DAG(s) 'ELT_Build_Session_Summary' retrieved from /opt/airflow/dags/ELT_Session_Summary.py
[2025-11-22T23:26:02.263+0000] {logging_mixin.py:190} INFO - [2025-11-22T23:26:02.257+0000] {dag.py:3229} INFO - Sync 1 DAGs
[2025-11-22T23:26:02.765+0000] {logging_mixin.py:190} INFO - [2025-11-22T23:26:02.765+0000] {dag.py:4156} INFO - Setting next_dagrun for ELT_Build_Session_Summary to 2025-11-21 02:45:00+00:00, run_after=2025-11-22 02:45:00+00:00
[2025-11-22T23:26:02.844+0000] {processor.py:208} INFO - Processing /opt/airflow/dags/ELT_Session_Summary.py took 0.743 seconds
[2025-11-22T23:26:33.451+0000] {processor.py:186} INFO - Started process (PID=466) to work on /opt/airflow/dags/ELT_Session_Summary.py
[2025-11-22T23:26:33.456+0000] {processor.py:914} INFO - Processing file /opt/airflow/dags/ELT_Session_Summary.py for tasks to queue
[2025-11-22T23:26:33.470+0000] {logging_mixin.py:190} INFO - [2025-11-22T23:26:33.468+0000] {dagbag.py:587} INFO - Filling up the DagBag from /opt/airflow/dags/ELT_Session_Summary.py
[2025-11-22T23:26:33.510+0000] {processor.py:925} INFO - DAG(s) 'ELT_Build_Session_Summary' retrieved from /opt/airflow/dags/ELT_Session_Summary.py
[2025-11-22T23:26:33.610+0000] {logging_mixin.py:190} INFO - [2025-11-22T23:26:33.608+0000] {dag.py:3229} INFO - Sync 1 DAGs
[2025-11-22T23:26:33.700+0000] {logging_mixin.py:190} INFO - [2025-11-22T23:26:33.700+0000] {dag.py:4156} INFO - Setting next_dagrun for ELT_Build_Session_Summary to 2025-11-21 02:45:00+00:00, run_after=2025-11-22 02:45:00+00:00
[2025-11-22T23:26:33.765+0000] {processor.py:208} INFO - Processing /opt/airflow/dags/ELT_Session_Summary.py took 0.324 seconds
[2025-11-22T23:27:03.916+0000] {processor.py:186} INFO - Started process (PID=507) to work on /opt/airflow/dags/ELT_Session_Summary.py
[2025-11-22T23:27:03.919+0000] {processor.py:914} INFO - Processing file /opt/airflow/dags/ELT_Session_Summary.py for tasks to queue
[2025-11-22T23:27:03.924+0000] {logging_mixin.py:190} INFO - [2025-11-22T23:27:03.924+0000] {dagbag.py:587} INFO - Filling up the DagBag from /opt/airflow/dags/ELT_Session_Summary.py
[2025-11-22T23:27:03.949+0000] {processor.py:925} INFO - DAG(s) 'ELT_Build_Session_Summary' retrieved from /opt/airflow/dags/ELT_Session_Summary.py
[2025-11-22T23:27:04.000+0000] {logging_mixin.py:190} INFO - [2025-11-22T23:27:03.998+0000] {dag.py:3229} INFO - Sync 1 DAGs
[2025-11-22T23:27:04.089+0000] {logging_mixin.py:190} INFO - [2025-11-22T23:27:04.088+0000] {dag.py:4156} INFO - Setting next_dagrun for ELT_Build_Session_Summary to 2025-11-21 02:45:00+00:00, run_after=2025-11-22 02:45:00+00:00
[2025-11-22T23:27:04.155+0000] {processor.py:208} INFO - Processing /opt/airflow/dags/ELT_Session_Summary.py took 0.249 seconds
[2025-11-22T23:27:34.260+0000] {processor.py:186} INFO - Started process (PID=549) to work on /opt/airflow/dags/ELT_Session_Summary.py
[2025-11-22T23:27:34.261+0000] {processor.py:914} INFO - Processing file /opt/airflow/dags/ELT_Session_Summary.py for tasks to queue
[2025-11-22T23:27:34.266+0000] {logging_mixin.py:190} INFO - [2025-11-22T23:27:34.266+0000] {dagbag.py:587} INFO - Filling up the DagBag from /opt/airflow/dags/ELT_Session_Summary.py
[2025-11-22T23:27:34.290+0000] {processor.py:925} INFO - DAG(s) 'ELT_Build_Session_Summary' retrieved from /opt/airflow/dags/ELT_Session_Summary.py
[2025-11-22T23:27:34.337+0000] {logging_mixin.py:190} INFO - [2025-11-22T23:27:34.335+0000] {dag.py:3229} INFO - Sync 1 DAGs
[2025-11-22T23:27:34.400+0000] {logging_mixin.py:190} INFO - [2025-11-22T23:27:34.399+0000] {dag.py:4156} INFO - Setting next_dagrun for ELT_Build_Session_Summary to 2025-11-21 02:45:00+00:00, run_after=2025-11-22 02:45:00+00:00
[2025-11-22T23:27:34.432+0000] {processor.py:208} INFO - Processing /opt/airflow/dags/ELT_Session_Summary.py took 0.199 seconds
[2025-11-22T23:28:04.855+0000] {processor.py:186} INFO - Started process (PID=588) to work on /opt/airflow/dags/ELT_Session_Summary.py
[2025-11-22T23:28:04.858+0000] {processor.py:914} INFO - Processing file /opt/airflow/dags/ELT_Session_Summary.py for tasks to queue
[2025-11-22T23:28:04.864+0000] {logging_mixin.py:190} INFO - [2025-11-22T23:28:04.863+0000] {dagbag.py:587} INFO - Filling up the DagBag from /opt/airflow/dags/ELT_Session_Summary.py
[2025-11-22T23:28:04.899+0000] {processor.py:925} INFO - DAG(s) 'ELT_Build_Session_Summary' retrieved from /opt/airflow/dags/ELT_Session_Summary.py
[2025-11-22T23:28:04.982+0000] {logging_mixin.py:190} INFO - [2025-11-22T23:28:04.977+0000] {dag.py:3229} INFO - Sync 1 DAGs
[2025-11-22T23:28:05.214+0000] {logging_mixin.py:190} INFO - [2025-11-22T23:28:05.213+0000] {dag.py:4156} INFO - Setting next_dagrun for ELT_Build_Session_Summary to 2025-11-21 02:45:00+00:00, run_after=2025-11-22 02:45:00+00:00
[2025-11-22T23:28:05.278+0000] {processor.py:208} INFO - Processing /opt/airflow/dags/ELT_Session_Summary.py took 0.445 seconds
[2025-11-22T23:28:36.259+0000] {processor.py:186} INFO - Started process (PID=629) to work on /opt/airflow/dags/ELT_Session_Summary.py
[2025-11-22T23:28:36.261+0000] {processor.py:914} INFO - Processing file /opt/airflow/dags/ELT_Session_Summary.py for tasks to queue
[2025-11-22T23:28:36.267+0000] {logging_mixin.py:190} INFO - [2025-11-22T23:28:36.266+0000] {dagbag.py:587} INFO - Filling up the DagBag from /opt/airflow/dags/ELT_Session_Summary.py
[2025-11-22T23:28:36.303+0000] {processor.py:925} INFO - DAG(s) 'ELT_Build_Session_Summary' retrieved from /opt/airflow/dags/ELT_Session_Summary.py
[2025-11-22T23:28:36.430+0000] {logging_mixin.py:190} INFO - [2025-11-22T23:28:36.428+0000] {dag.py:3229} INFO - Sync 1 DAGs
[2025-11-22T23:28:36.537+0000] {logging_mixin.py:190} INFO - [2025-11-22T23:28:36.536+0000] {dag.py:4156} INFO - Setting next_dagrun for ELT_Build_Session_Summary to 2025-11-21 02:45:00+00:00, run_after=2025-11-22 02:45:00+00:00
[2025-11-22T23:28:36.580+0000] {processor.py:208} INFO - Processing /opt/airflow/dags/ELT_Session_Summary.py took 0.337 seconds
[2025-11-22T23:29:06.984+0000] {processor.py:186} INFO - Started process (PID=667) to work on /opt/airflow/dags/ELT_Session_Summary.py
[2025-11-22T23:29:06.988+0000] {processor.py:914} INFO - Processing file /opt/airflow/dags/ELT_Session_Summary.py for tasks to queue
[2025-11-22T23:29:06.998+0000] {logging_mixin.py:190} INFO - [2025-11-22T23:29:06.997+0000] {dagbag.py:587} INFO - Filling up the DagBag from /opt/airflow/dags/ELT_Session_Summary.py
[2025-11-22T23:29:07.036+0000] {processor.py:925} INFO - DAG(s) 'ELT_Build_Session_Summary' retrieved from /opt/airflow/dags/ELT_Session_Summary.py
[2025-11-22T23:29:07.118+0000] {logging_mixin.py:190} INFO - [2025-11-22T23:29:07.115+0000] {dag.py:3229} INFO - Sync 1 DAGs
[2025-11-22T23:29:07.201+0000] {logging_mixin.py:190} INFO - [2025-11-22T23:29:07.201+0000] {dag.py:4156} INFO - Setting next_dagrun for ELT_Build_Session_Summary to 2025-11-21 02:45:00+00:00, run_after=2025-11-22 02:45:00+00:00
[2025-11-22T23:29:07.260+0000] {processor.py:208} INFO - Processing /opt/airflow/dags/ELT_Session_Summary.py took 0.300 seconds
[2025-11-22T23:29:37.545+0000] {processor.py:186} INFO - Started process (PID=708) to work on /opt/airflow/dags/ELT_Session_Summary.py
[2025-11-22T23:29:37.548+0000] {processor.py:914} INFO - Processing file /opt/airflow/dags/ELT_Session_Summary.py for tasks to queue
[2025-11-22T23:29:37.554+0000] {logging_mixin.py:190} INFO - [2025-11-22T23:29:37.553+0000] {dagbag.py:587} INFO - Filling up the DagBag from /opt/airflow/dags/ELT_Session_Summary.py
[2025-11-22T23:29:37.581+0000] {processor.py:925} INFO - DAG(s) 'ELT_Build_Session_Summary' retrieved from /opt/airflow/dags/ELT_Session_Summary.py
[2025-11-22T23:29:37.687+0000] {logging_mixin.py:190} INFO - [2025-11-22T23:29:37.684+0000] {dag.py:3229} INFO - Sync 1 DAGs
[2025-11-22T23:29:37.833+0000] {logging_mixin.py:190} INFO - [2025-11-22T23:29:37.832+0000] {dag.py:4156} INFO - Setting next_dagrun for ELT_Build_Session_Summary to 2025-11-21 02:45:00+00:00, run_after=2025-11-22 02:45:00+00:00
[2025-11-22T23:29:37.927+0000] {processor.py:208} INFO - Processing /opt/airflow/dags/ELT_Session_Summary.py took 0.411 seconds
[2025-11-22T23:30:08.117+0000] {processor.py:186} INFO - Started process (PID=756) to work on /opt/airflow/dags/ELT_Session_Summary.py
[2025-11-22T23:30:08.120+0000] {processor.py:914} INFO - Processing file /opt/airflow/dags/ELT_Session_Summary.py for tasks to queue
[2025-11-22T23:30:08.131+0000] {logging_mixin.py:190} INFO - [2025-11-22T23:30:08.130+0000] {dagbag.py:587} INFO - Filling up the DagBag from /opt/airflow/dags/ELT_Session_Summary.py
[2025-11-22T23:30:08.172+0000] {processor.py:925} INFO - DAG(s) 'ELT_Build_Session_Summary' retrieved from /opt/airflow/dags/ELT_Session_Summary.py
[2025-11-22T23:30:08.321+0000] {logging_mixin.py:190} INFO - [2025-11-22T23:30:08.319+0000] {dag.py:3229} INFO - Sync 1 DAGs
[2025-11-22T23:30:08.527+0000] {logging_mixin.py:190} INFO - [2025-11-22T23:30:08.527+0000] {dag.py:4156} INFO - Setting next_dagrun for ELT_Build_Session_Summary to 2025-11-21 02:45:00+00:00, run_after=2025-11-22 02:45:00+00:00
[2025-11-22T23:30:08.617+0000] {processor.py:208} INFO - Processing /opt/airflow/dags/ELT_Session_Summary.py took 0.518 seconds
[2025-11-22T23:30:39.164+0000] {processor.py:186} INFO - Started process (PID=798) to work on /opt/airflow/dags/ELT_Session_Summary.py
[2025-11-22T23:30:39.166+0000] {processor.py:914} INFO - Processing file /opt/airflow/dags/ELT_Session_Summary.py for tasks to queue
[2025-11-22T23:30:39.175+0000] {logging_mixin.py:190} INFO - [2025-11-22T23:30:39.174+0000] {dagbag.py:587} INFO - Filling up the DagBag from /opt/airflow/dags/ELT_Session_Summary.py
[2025-11-22T23:30:39.201+0000] {processor.py:925} INFO - DAG(s) 'ELT_Build_Session_Summary' retrieved from /opt/airflow/dags/ELT_Session_Summary.py
[2025-11-22T23:30:39.249+0000] {logging_mixin.py:190} INFO - [2025-11-22T23:30:39.248+0000] {dag.py:3229} INFO - Sync 1 DAGs
[2025-11-22T23:30:39.306+0000] {logging_mixin.py:190} INFO - [2025-11-22T23:30:39.306+0000] {dag.py:4156} INFO - Setting next_dagrun for ELT_Build_Session_Summary to 2025-11-21 02:45:00+00:00, run_after=2025-11-22 02:45:00+00:00
[2025-11-22T23:30:39.355+0000] {processor.py:208} INFO - Processing /opt/airflow/dags/ELT_Session_Summary.py took 0.207 seconds
[2025-11-22T23:31:09.805+0000] {processor.py:186} INFO - Started process (PID=840) to work on /opt/airflow/dags/ELT_Session_Summary.py
[2025-11-22T23:31:09.808+0000] {processor.py:914} INFO - Processing file /opt/airflow/dags/ELT_Session_Summary.py for tasks to queue
[2025-11-22T23:31:09.812+0000] {logging_mixin.py:190} INFO - [2025-11-22T23:31:09.812+0000] {dagbag.py:587} INFO - Filling up the DagBag from /opt/airflow/dags/ELT_Session_Summary.py
[2025-11-22T23:31:09.831+0000] {processor.py:925} INFO - DAG(s) 'ELT_Build_Session_Summary' retrieved from /opt/airflow/dags/ELT_Session_Summary.py
[2025-11-22T23:31:09.871+0000] {logging_mixin.py:190} INFO - [2025-11-22T23:31:09.870+0000] {dag.py:3229} INFO - Sync 1 DAGs
[2025-11-22T23:31:09.916+0000] {logging_mixin.py:190} INFO - [2025-11-22T23:31:09.915+0000] {dag.py:4156} INFO - Setting next_dagrun for ELT_Build_Session_Summary to 2025-11-21 02:45:00+00:00, run_after=2025-11-22 02:45:00+00:00
[2025-11-22T23:31:09.953+0000] {processor.py:208} INFO - Processing /opt/airflow/dags/ELT_Session_Summary.py took 0.160 seconds
[2025-11-22T23:31:40.553+0000] {processor.py:186} INFO - Started process (PID=881) to work on /opt/airflow/dags/ELT_Session_Summary.py
[2025-11-22T23:31:40.554+0000] {processor.py:914} INFO - Processing file /opt/airflow/dags/ELT_Session_Summary.py for tasks to queue
[2025-11-22T23:31:40.559+0000] {logging_mixin.py:190} INFO - [2025-11-22T23:31:40.558+0000] {dagbag.py:587} INFO - Filling up the DagBag from /opt/airflow/dags/ELT_Session_Summary.py
[2025-11-22T23:31:40.577+0000] {processor.py:925} INFO - DAG(s) 'ELT_Build_Session_Summary' retrieved from /opt/airflow/dags/ELT_Session_Summary.py
[2025-11-22T23:31:40.615+0000] {logging_mixin.py:190} INFO - [2025-11-22T23:31:40.613+0000] {dag.py:3229} INFO - Sync 1 DAGs
[2025-11-22T23:31:40.655+0000] {logging_mixin.py:190} INFO - [2025-11-22T23:31:40.655+0000] {dag.py:4156} INFO - Setting next_dagrun for ELT_Build_Session_Summary to 2025-11-21 02:45:00+00:00, run_after=2025-11-22 02:45:00+00:00
[2025-11-22T23:31:40.688+0000] {processor.py:208} INFO - Processing /opt/airflow/dags/ELT_Session_Summary.py took 0.147 seconds
[2025-11-22T23:32:11.090+0000] {processor.py:186} INFO - Started process (PID=922) to work on /opt/airflow/dags/ELT_Session_Summary.py
[2025-11-22T23:32:11.092+0000] {processor.py:914} INFO - Processing file /opt/airflow/dags/ELT_Session_Summary.py for tasks to queue
[2025-11-22T23:32:11.096+0000] {logging_mixin.py:190} INFO - [2025-11-22T23:32:11.095+0000] {dagbag.py:587} INFO - Filling up the DagBag from /opt/airflow/dags/ELT_Session_Summary.py
[2025-11-22T23:32:11.117+0000] {processor.py:925} INFO - DAG(s) 'ELT_Build_Session_Summary' retrieved from /opt/airflow/dags/ELT_Session_Summary.py
[2025-11-22T23:32:11.158+0000] {logging_mixin.py:190} INFO - [2025-11-22T23:32:11.157+0000] {dag.py:3229} INFO - Sync 1 DAGs
[2025-11-22T23:32:11.206+0000] {logging_mixin.py:190} INFO - [2025-11-22T23:32:11.206+0000] {dag.py:4156} INFO - Setting next_dagrun for ELT_Build_Session_Summary to 2025-11-21 02:45:00+00:00, run_after=2025-11-22 02:45:00+00:00
[2025-11-22T23:32:11.244+0000] {processor.py:208} INFO - Processing /opt/airflow/dags/ELT_Session_Summary.py took 0.165 seconds
[2025-11-22T23:32:41.384+0000] {processor.py:186} INFO - Started process (PID=960) to work on /opt/airflow/dags/ELT_Session_Summary.py
[2025-11-22T23:32:41.386+0000] {processor.py:914} INFO - Processing file /opt/airflow/dags/ELT_Session_Summary.py for tasks to queue
[2025-11-22T23:32:41.392+0000] {logging_mixin.py:190} INFO - [2025-11-22T23:32:41.391+0000] {dagbag.py:587} INFO - Filling up the DagBag from /opt/airflow/dags/ELT_Session_Summary.py
[2025-11-22T23:32:41.422+0000] {processor.py:925} INFO - DAG(s) 'ELT_Build_Session_Summary' retrieved from /opt/airflow/dags/ELT_Session_Summary.py
[2025-11-22T23:32:41.480+0000] {logging_mixin.py:190} INFO - [2025-11-22T23:32:41.477+0000] {dag.py:3229} INFO - Sync 1 DAGs
[2025-11-22T23:32:41.542+0000] {logging_mixin.py:190} INFO - [2025-11-22T23:32:41.542+0000] {dag.py:4156} INFO - Setting next_dagrun for ELT_Build_Session_Summary to 2025-11-21 02:45:00+00:00, run_after=2025-11-22 02:45:00+00:00
[2025-11-22T23:32:41.584+0000] {processor.py:208} INFO - Processing /opt/airflow/dags/ELT_Session_Summary.py took 0.227 seconds
[2025-11-22T23:33:12.226+0000] {processor.py:186} INFO - Started process (PID=1001) to work on /opt/airflow/dags/ELT_Session_Summary.py
[2025-11-22T23:33:12.228+0000] {processor.py:914} INFO - Processing file /opt/airflow/dags/ELT_Session_Summary.py for tasks to queue
[2025-11-22T23:33:12.232+0000] {logging_mixin.py:190} INFO - [2025-11-22T23:33:12.231+0000] {dagbag.py:587} INFO - Filling up the DagBag from /opt/airflow/dags/ELT_Session_Summary.py
[2025-11-22T23:33:12.256+0000] {processor.py:925} INFO - DAG(s) 'ELT_Build_Session_Summary' retrieved from /opt/airflow/dags/ELT_Session_Summary.py
[2025-11-22T23:33:12.300+0000] {logging_mixin.py:190} INFO - [2025-11-22T23:33:12.299+0000] {dag.py:3229} INFO - Sync 1 DAGs
[2025-11-22T23:33:12.356+0000] {logging_mixin.py:190} INFO - [2025-11-22T23:33:12.355+0000] {dag.py:4156} INFO - Setting next_dagrun for ELT_Build_Session_Summary to 2025-11-21 02:45:00+00:00, run_after=2025-11-22 02:45:00+00:00
[2025-11-22T23:33:12.407+0000] {processor.py:208} INFO - Processing /opt/airflow/dags/ELT_Session_Summary.py took 0.196 seconds
[2025-11-22T23:33:42.681+0000] {processor.py:186} INFO - Started process (PID=1042) to work on /opt/airflow/dags/ELT_Session_Summary.py
[2025-11-22T23:33:42.684+0000] {processor.py:914} INFO - Processing file /opt/airflow/dags/ELT_Session_Summary.py for tasks to queue
[2025-11-22T23:33:42.693+0000] {logging_mixin.py:190} INFO - [2025-11-22T23:33:42.691+0000] {dagbag.py:587} INFO - Filling up the DagBag from /opt/airflow/dags/ELT_Session_Summary.py
[2025-11-22T23:33:42.723+0000] {processor.py:925} INFO - DAG(s) 'ELT_Build_Session_Summary' retrieved from /opt/airflow/dags/ELT_Session_Summary.py
[2025-11-22T23:33:42.767+0000] {logging_mixin.py:190} INFO - [2025-11-22T23:33:42.765+0000] {dag.py:3229} INFO - Sync 1 DAGs
[2025-11-22T23:33:42.816+0000] {logging_mixin.py:190} INFO - [2025-11-22T23:33:42.816+0000] {dag.py:4156} INFO - Setting next_dagrun for ELT_Build_Session_Summary to 2025-11-21 02:45:00+00:00, run_after=2025-11-22 02:45:00+00:00
[2025-11-22T23:33:42.854+0000] {processor.py:208} INFO - Processing /opt/airflow/dags/ELT_Session_Summary.py took 0.191 seconds
[2025-11-22T23:34:13.559+0000] {processor.py:186} INFO - Started process (PID=1083) to work on /opt/airflow/dags/ELT_Session_Summary.py
[2025-11-22T23:34:13.561+0000] {processor.py:914} INFO - Processing file /opt/airflow/dags/ELT_Session_Summary.py for tasks to queue
[2025-11-22T23:34:13.571+0000] {logging_mixin.py:190} INFO - [2025-11-22T23:34:13.570+0000] {dagbag.py:587} INFO - Filling up the DagBag from /opt/airflow/dags/ELT_Session_Summary.py
[2025-11-22T23:34:13.614+0000] {processor.py:925} INFO - DAG(s) 'ELT_Build_Session_Summary' retrieved from /opt/airflow/dags/ELT_Session_Summary.py
[2025-11-22T23:34:13.659+0000] {logging_mixin.py:190} INFO - [2025-11-22T23:34:13.657+0000] {dag.py:3229} INFO - Sync 1 DAGs
[2025-11-22T23:34:13.983+0000] {logging_mixin.py:190} INFO - [2025-11-22T23:34:13.983+0000] {dag.py:4156} INFO - Setting next_dagrun for ELT_Build_Session_Summary to 2025-11-21 02:45:00+00:00, run_after=2025-11-22 02:45:00+00:00
[2025-11-22T23:34:14.084+0000] {processor.py:208} INFO - Processing /opt/airflow/dags/ELT_Session_Summary.py took 0.550 seconds
[2025-11-22T23:34:44.761+0000] {processor.py:186} INFO - Started process (PID=1124) to work on /opt/airflow/dags/ELT_Session_Summary.py
[2025-11-22T23:34:44.763+0000] {processor.py:914} INFO - Processing file /opt/airflow/dags/ELT_Session_Summary.py for tasks to queue
[2025-11-22T23:34:44.768+0000] {logging_mixin.py:190} INFO - [2025-11-22T23:34:44.767+0000] {dagbag.py:587} INFO - Filling up the DagBag from /opt/airflow/dags/ELT_Session_Summary.py
[2025-11-22T23:34:44.791+0000] {processor.py:925} INFO - DAG(s) 'ELT_Build_Session_Summary' retrieved from /opt/airflow/dags/ELT_Session_Summary.py
[2025-11-22T23:34:44.829+0000] {logging_mixin.py:190} INFO - [2025-11-22T23:34:44.828+0000] {dag.py:3229} INFO - Sync 1 DAGs
[2025-11-22T23:34:44.883+0000] {logging_mixin.py:190} INFO - [2025-11-22T23:34:44.882+0000] {dag.py:4156} INFO - Setting next_dagrun for ELT_Build_Session_Summary to 2025-11-21 02:45:00+00:00, run_after=2025-11-22 02:45:00+00:00
[2025-11-22T23:34:44.919+0000] {processor.py:208} INFO - Processing /opt/airflow/dags/ELT_Session_Summary.py took 0.169 seconds
[2025-11-22T23:35:15.219+0000] {processor.py:186} INFO - Started process (PID=1165) to work on /opt/airflow/dags/ELT_Session_Summary.py
[2025-11-22T23:35:15.222+0000] {processor.py:914} INFO - Processing file /opt/airflow/dags/ELT_Session_Summary.py for tasks to queue
[2025-11-22T23:35:15.230+0000] {logging_mixin.py:190} INFO - [2025-11-22T23:35:15.229+0000] {dagbag.py:587} INFO - Filling up the DagBag from /opt/airflow/dags/ELT_Session_Summary.py
[2025-11-22T23:35:15.261+0000] {processor.py:925} INFO - DAG(s) 'ELT_Build_Session_Summary' retrieved from /opt/airflow/dags/ELT_Session_Summary.py
[2025-11-22T23:35:15.349+0000] {logging_mixin.py:190} INFO - [2025-11-22T23:35:15.348+0000] {dag.py:3229} INFO - Sync 1 DAGs
[2025-11-22T23:35:15.427+0000] {logging_mixin.py:190} INFO - [2025-11-22T23:35:15.426+0000] {dag.py:4156} INFO - Setting next_dagrun for ELT_Build_Session_Summary to 2025-11-21 02:45:00+00:00, run_after=2025-11-22 02:45:00+00:00
[2025-11-22T23:35:15.468+0000] {processor.py:208} INFO - Processing /opt/airflow/dags/ELT_Session_Summary.py took 0.264 seconds
[2025-11-22T23:35:45.869+0000] {processor.py:186} INFO - Started process (PID=1206) to work on /opt/airflow/dags/ELT_Session_Summary.py
[2025-11-22T23:35:45.871+0000] {processor.py:914} INFO - Processing file /opt/airflow/dags/ELT_Session_Summary.py for tasks to queue
[2025-11-22T23:35:45.879+0000] {logging_mixin.py:190} INFO - [2025-11-22T23:35:45.878+0000] {dagbag.py:587} INFO - Filling up the DagBag from /opt/airflow/dags/ELT_Session_Summary.py
[2025-11-22T23:35:45.930+0000] {processor.py:925} INFO - DAG(s) 'ELT_Build_Session_Summary' retrieved from /opt/airflow/dags/ELT_Session_Summary.py
[2025-11-22T23:35:46.043+0000] {logging_mixin.py:190} INFO - [2025-11-22T23:35:46.030+0000] {dag.py:3229} INFO - Sync 1 DAGs
[2025-11-22T23:35:46.162+0000] {logging_mixin.py:190} INFO - [2025-11-22T23:35:46.162+0000] {dag.py:4156} INFO - Setting next_dagrun for ELT_Build_Session_Summary to 2025-11-21 02:45:00+00:00, run_after=2025-11-22 02:45:00+00:00
[2025-11-22T23:35:46.231+0000] {processor.py:208} INFO - Processing /opt/airflow/dags/ELT_Session_Summary.py took 0.374 seconds
[2025-11-22T23:36:16.393+0000] {processor.py:186} INFO - Started process (PID=1247) to work on /opt/airflow/dags/ELT_Session_Summary.py
[2025-11-22T23:36:16.395+0000] {processor.py:914} INFO - Processing file /opt/airflow/dags/ELT_Session_Summary.py for tasks to queue
[2025-11-22T23:36:16.401+0000] {logging_mixin.py:190} INFO - [2025-11-22T23:36:16.399+0000] {dagbag.py:587} INFO - Filling up the DagBag from /opt/airflow/dags/ELT_Session_Summary.py
[2025-11-22T23:36:16.430+0000] {processor.py:925} INFO - DAG(s) 'ELT_Build_Session_Summary' retrieved from /opt/airflow/dags/ELT_Session_Summary.py
[2025-11-22T23:36:16.499+0000] {logging_mixin.py:190} INFO - [2025-11-22T23:36:16.498+0000] {dag.py:3229} INFO - Sync 1 DAGs
[2025-11-22T23:36:16.607+0000] {logging_mixin.py:190} INFO - [2025-11-22T23:36:16.607+0000] {dag.py:4156} INFO - Setting next_dagrun for ELT_Build_Session_Summary to 2025-11-21 02:45:00+00:00, run_after=2025-11-22 02:45:00+00:00
[2025-11-22T23:36:16.662+0000] {processor.py:208} INFO - Processing /opt/airflow/dags/ELT_Session_Summary.py took 0.283 seconds
[2025-11-22T23:36:46.836+0000] {processor.py:186} INFO - Started process (PID=1288) to work on /opt/airflow/dags/ELT_Session_Summary.py
[2025-11-22T23:36:46.838+0000] {processor.py:914} INFO - Processing file /opt/airflow/dags/ELT_Session_Summary.py for tasks to queue
[2025-11-22T23:36:46.848+0000] {logging_mixin.py:190} INFO - [2025-11-22T23:36:46.847+0000] {dagbag.py:587} INFO - Filling up the DagBag from /opt/airflow/dags/ELT_Session_Summary.py
[2025-11-22T23:36:46.874+0000] {processor.py:925} INFO - DAG(s) 'ELT_Build_Session_Summary' retrieved from /opt/airflow/dags/ELT_Session_Summary.py
[2025-11-22T23:36:46.952+0000] {logging_mixin.py:190} INFO - [2025-11-22T23:36:46.951+0000] {dag.py:3229} INFO - Sync 1 DAGs
[2025-11-22T23:36:47.024+0000] {logging_mixin.py:190} INFO - [2025-11-22T23:36:47.023+0000] {dag.py:4156} INFO - Setting next_dagrun for ELT_Build_Session_Summary to 2025-11-21 02:45:00+00:00, run_after=2025-11-22 02:45:00+00:00
[2025-11-22T23:36:47.097+0000] {processor.py:208} INFO - Processing /opt/airflow/dags/ELT_Session_Summary.py took 0.278 seconds
[2025-11-22T23:37:17.438+0000] {processor.py:186} INFO - Started process (PID=1329) to work on /opt/airflow/dags/ELT_Session_Summary.py
[2025-11-22T23:37:17.439+0000] {processor.py:914} INFO - Processing file /opt/airflow/dags/ELT_Session_Summary.py for tasks to queue
[2025-11-22T23:37:17.446+0000] {logging_mixin.py:190} INFO - [2025-11-22T23:37:17.446+0000] {dagbag.py:587} INFO - Filling up the DagBag from /opt/airflow/dags/ELT_Session_Summary.py
[2025-11-22T23:37:17.478+0000] {processor.py:925} INFO - DAG(s) 'ELT_Build_Session_Summary' retrieved from /opt/airflow/dags/ELT_Session_Summary.py
[2025-11-22T23:37:17.611+0000] {logging_mixin.py:190} INFO - [2025-11-22T23:37:17.607+0000] {dag.py:3229} INFO - Sync 1 DAGs
[2025-11-22T23:37:17.866+0000] {logging_mixin.py:190} INFO - [2025-11-22T23:37:17.865+0000] {dag.py:4156} INFO - Setting next_dagrun for ELT_Build_Session_Summary to 2025-11-21 02:45:00+00:00, run_after=2025-11-22 02:45:00+00:00
[2025-11-22T23:37:17.939+0000] {processor.py:208} INFO - Processing /opt/airflow/dags/ELT_Session_Summary.py took 0.515 seconds
[2025-11-22T23:37:48.854+0000] {processor.py:186} INFO - Started process (PID=1370) to work on /opt/airflow/dags/ELT_Session_Summary.py
[2025-11-22T23:37:48.856+0000] {processor.py:914} INFO - Processing file /opt/airflow/dags/ELT_Session_Summary.py for tasks to queue
[2025-11-22T23:37:48.864+0000] {logging_mixin.py:190} INFO - [2025-11-22T23:37:48.863+0000] {dagbag.py:587} INFO - Filling up the DagBag from /opt/airflow/dags/ELT_Session_Summary.py
[2025-11-22T23:37:48.903+0000] {processor.py:925} INFO - DAG(s) 'ELT_Build_Session_Summary' retrieved from /opt/airflow/dags/ELT_Session_Summary.py
[2025-11-22T23:37:48.958+0000] {logging_mixin.py:190} INFO - [2025-11-22T23:37:48.956+0000] {dag.py:3229} INFO - Sync 1 DAGs
[2025-11-22T23:37:49.033+0000] {logging_mixin.py:190} INFO - [2025-11-22T23:37:49.033+0000] {dag.py:4156} INFO - Setting next_dagrun for ELT_Build_Session_Summary to 2025-11-21 02:45:00+00:00, run_after=2025-11-22 02:45:00+00:00
[2025-11-22T23:37:49.076+0000] {processor.py:208} INFO - Processing /opt/airflow/dags/ELT_Session_Summary.py took 0.238 seconds
[2025-11-22T23:38:19.414+0000] {processor.py:186} INFO - Started process (PID=1407) to work on /opt/airflow/dags/ELT_Session_Summary.py
[2025-11-22T23:38:19.417+0000] {processor.py:914} INFO - Processing file /opt/airflow/dags/ELT_Session_Summary.py for tasks to queue
[2025-11-22T23:38:19.424+0000] {logging_mixin.py:190} INFO - [2025-11-22T23:38:19.423+0000] {dagbag.py:587} INFO - Filling up the DagBag from /opt/airflow/dags/ELT_Session_Summary.py
[2025-11-22T23:38:19.461+0000] {processor.py:925} INFO - DAG(s) 'ELT_Build_Session_Summary' retrieved from /opt/airflow/dags/ELT_Session_Summary.py
[2025-11-22T23:38:19.547+0000] {logging_mixin.py:190} INFO - [2025-11-22T23:38:19.546+0000] {dag.py:3229} INFO - Sync 1 DAGs
[2025-11-22T23:38:19.637+0000] {logging_mixin.py:190} INFO - [2025-11-22T23:38:19.636+0000] {dag.py:4156} INFO - Setting next_dagrun for ELT_Build_Session_Summary to 2025-11-21 02:45:00+00:00, run_after=2025-11-22 02:45:00+00:00
[2025-11-22T23:38:19.683+0000] {processor.py:208} INFO - Processing /opt/airflow/dags/ELT_Session_Summary.py took 0.284 seconds
[2025-11-22T23:38:49.887+0000] {processor.py:186} INFO - Started process (PID=1448) to work on /opt/airflow/dags/ELT_Session_Summary.py
[2025-11-22T23:38:49.889+0000] {processor.py:914} INFO - Processing file /opt/airflow/dags/ELT_Session_Summary.py for tasks to queue
[2025-11-22T23:38:49.893+0000] {logging_mixin.py:190} INFO - [2025-11-22T23:38:49.893+0000] {dagbag.py:587} INFO - Filling up the DagBag from /opt/airflow/dags/ELT_Session_Summary.py
[2025-11-22T23:38:49.921+0000] {processor.py:925} INFO - DAG(s) 'ELT_Build_Session_Summary' retrieved from /opt/airflow/dags/ELT_Session_Summary.py
[2025-11-22T23:38:49.964+0000] {logging_mixin.py:190} INFO - [2025-11-22T23:38:49.963+0000] {dag.py:3229} INFO - Sync 1 DAGs
[2025-11-22T23:38:50.014+0000] {logging_mixin.py:190} INFO - [2025-11-22T23:38:50.014+0000] {dag.py:4156} INFO - Setting next_dagrun for ELT_Build_Session_Summary to 2025-11-21 02:45:00+00:00, run_after=2025-11-22 02:45:00+00:00
[2025-11-22T23:38:50.056+0000] {processor.py:208} INFO - Processing /opt/airflow/dags/ELT_Session_Summary.py took 0.185 seconds
[2025-11-22T23:39:20.737+0000] {processor.py:186} INFO - Started process (PID=1489) to work on /opt/airflow/dags/ELT_Session_Summary.py
[2025-11-22T23:39:20.739+0000] {processor.py:914} INFO - Processing file /opt/airflow/dags/ELT_Session_Summary.py for tasks to queue
[2025-11-22T23:39:20.744+0000] {logging_mixin.py:190} INFO - [2025-11-22T23:39:20.743+0000] {dagbag.py:587} INFO - Filling up the DagBag from /opt/airflow/dags/ELT_Session_Summary.py
[2025-11-22T23:39:20.766+0000] {processor.py:925} INFO - DAG(s) 'ELT_Build_Session_Summary' retrieved from /opt/airflow/dags/ELT_Session_Summary.py
[2025-11-22T23:39:20.809+0000] {logging_mixin.py:190} INFO - [2025-11-22T23:39:20.808+0000] {dag.py:3229} INFO - Sync 1 DAGs
[2025-11-22T23:39:20.879+0000] {logging_mixin.py:190} INFO - [2025-11-22T23:39:20.878+0000] {dag.py:4156} INFO - Setting next_dagrun for ELT_Build_Session_Summary to 2025-11-21 02:45:00+00:00, run_after=2025-11-22 02:45:00+00:00
[2025-11-22T23:39:20.950+0000] {processor.py:208} INFO - Processing /opt/airflow/dags/ELT_Session_Summary.py took 0.229 seconds
[2025-11-22T23:39:51.488+0000] {processor.py:186} INFO - Started process (PID=1530) to work on /opt/airflow/dags/ELT_Session_Summary.py
[2025-11-22T23:39:51.490+0000] {processor.py:914} INFO - Processing file /opt/airflow/dags/ELT_Session_Summary.py for tasks to queue
[2025-11-22T23:39:51.506+0000] {logging_mixin.py:190} INFO - [2025-11-22T23:39:51.505+0000] {dagbag.py:587} INFO - Filling up the DagBag from /opt/airflow/dags/ELT_Session_Summary.py
[2025-11-22T23:39:51.557+0000] {processor.py:925} INFO - DAG(s) 'ELT_Build_Session_Summary' retrieved from /opt/airflow/dags/ELT_Session_Summary.py
[2025-11-22T23:39:51.630+0000] {logging_mixin.py:190} INFO - [2025-11-22T23:39:51.629+0000] {dag.py:3229} INFO - Sync 1 DAGs
[2025-11-22T23:39:51.726+0000] {logging_mixin.py:190} INFO - [2025-11-22T23:39:51.726+0000] {dag.py:4156} INFO - Setting next_dagrun for ELT_Build_Session_Summary to 2025-11-21 02:45:00+00:00, run_after=2025-11-22 02:45:00+00:00
[2025-11-22T23:39:51.802+0000] {processor.py:208} INFO - Processing /opt/airflow/dags/ELT_Session_Summary.py took 0.331 seconds
[2025-11-22T23:40:22.446+0000] {processor.py:186} INFO - Started process (PID=1571) to work on /opt/airflow/dags/ELT_Session_Summary.py
[2025-11-22T23:40:22.455+0000] {processor.py:914} INFO - Processing file /opt/airflow/dags/ELT_Session_Summary.py for tasks to queue
[2025-11-22T23:40:22.463+0000] {logging_mixin.py:190} INFO - [2025-11-22T23:40:22.463+0000] {dagbag.py:587} INFO - Filling up the DagBag from /opt/airflow/dags/ELT_Session_Summary.py
[2025-11-22T23:40:22.611+0000] {processor.py:925} INFO - DAG(s) 'ELT_Build_Session_Summary' retrieved from /opt/airflow/dags/ELT_Session_Summary.py
[2025-11-22T23:40:22.683+0000] {logging_mixin.py:190} INFO - [2025-11-22T23:40:22.681+0000] {dag.py:3229} INFO - Sync 1 DAGs
[2025-11-22T23:40:22.773+0000] {logging_mixin.py:190} INFO - [2025-11-22T23:40:22.773+0000] {dag.py:4156} INFO - Setting next_dagrun for ELT_Build_Session_Summary to 2025-11-21 02:45:00+00:00, run_after=2025-11-22 02:45:00+00:00
[2025-11-22T23:40:23.005+0000] {processor.py:208} INFO - Processing /opt/airflow/dags/ELT_Session_Summary.py took 0.587 seconds
[2025-11-22T23:40:53.930+0000] {processor.py:186} INFO - Started process (PID=1612) to work on /opt/airflow/dags/ELT_Session_Summary.py
[2025-11-22T23:40:53.944+0000] {processor.py:914} INFO - Processing file /opt/airflow/dags/ELT_Session_Summary.py for tasks to queue
[2025-11-22T23:40:53.951+0000] {logging_mixin.py:190} INFO - [2025-11-22T23:40:53.950+0000] {dagbag.py:587} INFO - Filling up the DagBag from /opt/airflow/dags/ELT_Session_Summary.py
[2025-11-22T23:40:53.985+0000] {processor.py:925} INFO - DAG(s) 'ELT_Build_Session_Summary' retrieved from /opt/airflow/dags/ELT_Session_Summary.py
[2025-11-22T23:40:54.055+0000] {logging_mixin.py:190} INFO - [2025-11-22T23:40:54.054+0000] {dag.py:3229} INFO - Sync 1 DAGs
[2025-11-22T23:40:54.138+0000] {logging_mixin.py:190} INFO - [2025-11-22T23:40:54.137+0000] {dag.py:4156} INFO - Setting next_dagrun for ELT_Build_Session_Summary to 2025-11-21 02:45:00+00:00, run_after=2025-11-22 02:45:00+00:00
[2025-11-22T23:40:54.188+0000] {processor.py:208} INFO - Processing /opt/airflow/dags/ELT_Session_Summary.py took 0.283 seconds
[2025-11-22T23:41:25.539+0000] {processor.py:186} INFO - Started process (PID=1653) to work on /opt/airflow/dags/ELT_Session_Summary.py
[2025-11-22T23:41:25.541+0000] {processor.py:914} INFO - Processing file /opt/airflow/dags/ELT_Session_Summary.py for tasks to queue
[2025-11-22T23:41:25.548+0000] {logging_mixin.py:190} INFO - [2025-11-22T23:41:25.548+0000] {dagbag.py:587} INFO - Filling up the DagBag from /opt/airflow/dags/ELT_Session_Summary.py
[2025-11-22T23:41:25.600+0000] {processor.py:925} INFO - DAG(s) 'ELT_Build_Session_Summary' retrieved from /opt/airflow/dags/ELT_Session_Summary.py
[2025-11-22T23:41:25.741+0000] {logging_mixin.py:190} INFO - [2025-11-22T23:41:25.739+0000] {dag.py:3229} INFO - Sync 1 DAGs
[2025-11-22T23:41:25.806+0000] {logging_mixin.py:190} INFO - [2025-11-22T23:41:25.805+0000] {dag.py:4156} INFO - Setting next_dagrun for ELT_Build_Session_Summary to 2025-11-21 02:45:00+00:00, run_after=2025-11-22 02:45:00+00:00
[2025-11-22T23:41:25.892+0000] {processor.py:208} INFO - Processing /opt/airflow/dags/ELT_Session_Summary.py took 0.378 seconds
[2025-11-22T23:41:56.766+0000] {processor.py:186} INFO - Started process (PID=1693) to work on /opt/airflow/dags/ELT_Session_Summary.py
[2025-11-22T23:41:56.769+0000] {processor.py:914} INFO - Processing file /opt/airflow/dags/ELT_Session_Summary.py for tasks to queue
[2025-11-22T23:41:56.776+0000] {logging_mixin.py:190} INFO - [2025-11-22T23:41:56.775+0000] {dagbag.py:587} INFO - Filling up the DagBag from /opt/airflow/dags/ELT_Session_Summary.py
[2025-11-22T23:41:56.810+0000] {processor.py:925} INFO - DAG(s) 'ELT_Build_Session_Summary' retrieved from /opt/airflow/dags/ELT_Session_Summary.py
[2025-11-22T23:41:56.867+0000] {logging_mixin.py:190} INFO - [2025-11-22T23:41:56.865+0000] {dag.py:3229} INFO - Sync 1 DAGs
[2025-11-22T23:41:56.950+0000] {logging_mixin.py:190} INFO - [2025-11-22T23:41:56.950+0000] {dag.py:4156} INFO - Setting next_dagrun for ELT_Build_Session_Summary to 2025-11-21 02:45:00+00:00, run_after=2025-11-22 02:45:00+00:00
[2025-11-22T23:41:56.997+0000] {processor.py:208} INFO - Processing /opt/airflow/dags/ELT_Session_Summary.py took 0.247 seconds
[2025-11-22T23:42:27.745+0000] {processor.py:186} INFO - Started process (PID=1735) to work on /opt/airflow/dags/ELT_Session_Summary.py
[2025-11-22T23:42:27.748+0000] {processor.py:914} INFO - Processing file /opt/airflow/dags/ELT_Session_Summary.py for tasks to queue
[2025-11-22T23:42:27.754+0000] {logging_mixin.py:190} INFO - [2025-11-22T23:42:27.753+0000] {dagbag.py:587} INFO - Filling up the DagBag from /opt/airflow/dags/ELT_Session_Summary.py
[2025-11-22T23:42:27.789+0000] {processor.py:925} INFO - DAG(s) 'ELT_Build_Session_Summary' retrieved from /opt/airflow/dags/ELT_Session_Summary.py
[2025-11-22T23:42:27.849+0000] {logging_mixin.py:190} INFO - [2025-11-22T23:42:27.847+0000] {dag.py:3229} INFO - Sync 1 DAGs
[2025-11-22T23:42:27.916+0000] {logging_mixin.py:190} INFO - [2025-11-22T23:42:27.915+0000] {dag.py:4156} INFO - Setting next_dagrun for ELT_Build_Session_Summary to 2025-11-21 02:45:00+00:00, run_after=2025-11-22 02:45:00+00:00
[2025-11-22T23:42:27.956+0000] {processor.py:208} INFO - Processing /opt/airflow/dags/ELT_Session_Summary.py took 0.228 seconds
[2025-11-22T23:42:58.728+0000] {processor.py:186} INFO - Started process (PID=1776) to work on /opt/airflow/dags/ELT_Session_Summary.py
[2025-11-22T23:42:58.731+0000] {processor.py:914} INFO - Processing file /opt/airflow/dags/ELT_Session_Summary.py for tasks to queue
[2025-11-22T23:42:58.736+0000] {logging_mixin.py:190} INFO - [2025-11-22T23:42:58.736+0000] {dagbag.py:587} INFO - Filling up the DagBag from /opt/airflow/dags/ELT_Session_Summary.py
[2025-11-22T23:42:58.758+0000] {processor.py:925} INFO - DAG(s) 'ELT_Build_Session_Summary' retrieved from /opt/airflow/dags/ELT_Session_Summary.py
[2025-11-22T23:42:58.799+0000] {logging_mixin.py:190} INFO - [2025-11-22T23:42:58.798+0000] {dag.py:3229} INFO - Sync 1 DAGs
[2025-11-22T23:42:58.844+0000] {logging_mixin.py:190} INFO - [2025-11-22T23:42:58.844+0000] {dag.py:4156} INFO - Setting next_dagrun for ELT_Build_Session_Summary to 2025-11-21 02:45:00+00:00, run_after=2025-11-22 02:45:00+00:00
[2025-11-22T23:42:58.879+0000] {processor.py:208} INFO - Processing /opt/airflow/dags/ELT_Session_Summary.py took 0.166 seconds
[2025-11-22T23:43:29.011+0000] {processor.py:186} INFO - Started process (PID=1817) to work on /opt/airflow/dags/ELT_Session_Summary.py
[2025-11-22T23:43:29.013+0000] {processor.py:914} INFO - Processing file /opt/airflow/dags/ELT_Session_Summary.py for tasks to queue
[2025-11-22T23:43:29.017+0000] {logging_mixin.py:190} INFO - [2025-11-22T23:43:29.017+0000] {dagbag.py:587} INFO - Filling up the DagBag from /opt/airflow/dags/ELT_Session_Summary.py
[2025-11-22T23:43:29.042+0000] {processor.py:925} INFO - DAG(s) 'ELT_Build_Session_Summary' retrieved from /opt/airflow/dags/ELT_Session_Summary.py
[2025-11-22T23:43:29.084+0000] {logging_mixin.py:190} INFO - [2025-11-22T23:43:29.083+0000] {dag.py:3229} INFO - Sync 1 DAGs
[2025-11-22T23:43:29.129+0000] {logging_mixin.py:190} INFO - [2025-11-22T23:43:29.128+0000] {dag.py:4156} INFO - Setting next_dagrun for ELT_Build_Session_Summary to 2025-11-21 02:45:00+00:00, run_after=2025-11-22 02:45:00+00:00
[2025-11-22T23:43:29.165+0000] {processor.py:208} INFO - Processing /opt/airflow/dags/ELT_Session_Summary.py took 0.165 seconds
[2025-11-22T23:44:00.187+0000] {processor.py:186} INFO - Started process (PID=1859) to work on /opt/airflow/dags/ELT_Session_Summary.py
[2025-11-22T23:44:00.189+0000] {processor.py:914} INFO - Processing file /opt/airflow/dags/ELT_Session_Summary.py for tasks to queue
[2025-11-22T23:44:00.214+0000] {logging_mixin.py:190} INFO - [2025-11-22T23:44:00.213+0000] {dagbag.py:587} INFO - Filling up the DagBag from /opt/airflow/dags/ELT_Session_Summary.py
[2025-11-22T23:44:00.288+0000] {processor.py:925} INFO - DAG(s) 'ELT_Build_Session_Summary' retrieved from /opt/airflow/dags/ELT_Session_Summary.py
[2025-11-22T23:44:00.394+0000] {logging_mixin.py:190} INFO - [2025-11-22T23:44:00.393+0000] {dag.py:3229} INFO - Sync 1 DAGs
[2025-11-22T23:44:00.440+0000] {logging_mixin.py:190} INFO - [2025-11-22T23:44:00.439+0000] {dag.py:4156} INFO - Setting next_dagrun for ELT_Build_Session_Summary to 2025-11-21 02:45:00+00:00, run_after=2025-11-22 02:45:00+00:00
[2025-11-22T23:44:00.477+0000] {processor.py:208} INFO - Processing /opt/airflow/dags/ELT_Session_Summary.py took 0.308 seconds
[2025-11-22T23:44:31.131+0000] {processor.py:186} INFO - Started process (PID=1900) to work on /opt/airflow/dags/ELT_Session_Summary.py
[2025-11-22T23:44:31.133+0000] {processor.py:914} INFO - Processing file /opt/airflow/dags/ELT_Session_Summary.py for tasks to queue
[2025-11-22T23:44:31.137+0000] {logging_mixin.py:190} INFO - [2025-11-22T23:44:31.137+0000] {dagbag.py:587} INFO - Filling up the DagBag from /opt/airflow/dags/ELT_Session_Summary.py
[2025-11-22T23:44:31.161+0000] {processor.py:925} INFO - DAG(s) 'ELT_Build_Session_Summary' retrieved from /opt/airflow/dags/ELT_Session_Summary.py
[2025-11-22T23:44:31.205+0000] {logging_mixin.py:190} INFO - [2025-11-22T23:44:31.203+0000] {dag.py:3229} INFO - Sync 1 DAGs
[2025-11-22T23:44:31.248+0000] {logging_mixin.py:190} INFO - [2025-11-22T23:44:31.248+0000] {dag.py:4156} INFO - Setting next_dagrun for ELT_Build_Session_Summary to 2025-11-21 02:45:00+00:00, run_after=2025-11-22 02:45:00+00:00
[2025-11-22T23:44:31.284+0000] {processor.py:208} INFO - Processing /opt/airflow/dags/ELT_Session_Summary.py took 0.165 seconds
[2025-11-22T23:45:01.597+0000] {processor.py:186} INFO - Started process (PID=1941) to work on /opt/airflow/dags/ELT_Session_Summary.py
[2025-11-22T23:45:01.603+0000] {processor.py:914} INFO - Processing file /opt/airflow/dags/ELT_Session_Summary.py for tasks to queue
[2025-11-22T23:45:01.618+0000] {logging_mixin.py:190} INFO - [2025-11-22T23:45:01.616+0000] {dagbag.py:587} INFO - Filling up the DagBag from /opt/airflow/dags/ELT_Session_Summary.py
[2025-11-22T23:45:01.668+0000] {processor.py:925} INFO - DAG(s) 'ELT_Build_Session_Summary' retrieved from /opt/airflow/dags/ELT_Session_Summary.py
[2025-11-22T23:45:01.768+0000] {logging_mixin.py:190} INFO - [2025-11-22T23:45:01.764+0000] {dag.py:3229} INFO - Sync 1 DAGs
[2025-11-22T23:45:01.828+0000] {logging_mixin.py:190} INFO - [2025-11-22T23:45:01.828+0000] {dag.py:4156} INFO - Setting next_dagrun for ELT_Build_Session_Summary to 2025-11-21 02:45:00+00:00, run_after=2025-11-22 02:45:00+00:00
[2025-11-22T23:45:01.868+0000] {processor.py:208} INFO - Processing /opt/airflow/dags/ELT_Session_Summary.py took 0.298 seconds
[2025-11-22T23:45:31.932+0000] {processor.py:186} INFO - Started process (PID=1978) to work on /opt/airflow/dags/ELT_Session_Summary.py
[2025-11-22T23:45:31.934+0000] {processor.py:914} INFO - Processing file /opt/airflow/dags/ELT_Session_Summary.py for tasks to queue
[2025-11-22T23:45:31.938+0000] {logging_mixin.py:190} INFO - [2025-11-22T23:45:31.937+0000] {dagbag.py:587} INFO - Filling up the DagBag from /opt/airflow/dags/ELT_Session_Summary.py
[2025-11-22T23:45:31.964+0000] {processor.py:925} INFO - DAG(s) 'ELT_Build_Session_Summary' retrieved from /opt/airflow/dags/ELT_Session_Summary.py
[2025-11-22T23:45:32.006+0000] {logging_mixin.py:190} INFO - [2025-11-22T23:45:32.002+0000] {dag.py:3229} INFO - Sync 1 DAGs
[2025-11-22T23:45:32.124+0000] {logging_mixin.py:190} INFO - [2025-11-22T23:45:32.123+0000] {dag.py:4156} INFO - Setting next_dagrun for ELT_Build_Session_Summary to 2025-11-21 02:45:00+00:00, run_after=2025-11-22 02:45:00+00:00
[2025-11-22T23:45:32.181+0000] {processor.py:208} INFO - Processing /opt/airflow/dags/ELT_Session_Summary.py took 0.260 seconds
[2025-11-22T23:46:02.365+0000] {processor.py:186} INFO - Started process (PID=2020) to work on /opt/airflow/dags/ELT_Session_Summary.py
[2025-11-22T23:46:02.367+0000] {processor.py:914} INFO - Processing file /opt/airflow/dags/ELT_Session_Summary.py for tasks to queue
[2025-11-22T23:46:02.371+0000] {logging_mixin.py:190} INFO - [2025-11-22T23:46:02.370+0000] {dagbag.py:587} INFO - Filling up the DagBag from /opt/airflow/dags/ELT_Session_Summary.py
[2025-11-22T23:46:02.390+0000] {processor.py:925} INFO - DAG(s) 'ELT_Build_Session_Summary' retrieved from /opt/airflow/dags/ELT_Session_Summary.py
[2025-11-22T23:46:02.425+0000] {logging_mixin.py:190} INFO - [2025-11-22T23:46:02.424+0000] {dag.py:3229} INFO - Sync 1 DAGs
[2025-11-22T23:46:02.464+0000] {logging_mixin.py:190} INFO - [2025-11-22T23:46:02.464+0000] {dag.py:4156} INFO - Setting next_dagrun for ELT_Build_Session_Summary to 2025-11-21 02:45:00+00:00, run_after=2025-11-22 02:45:00+00:00
[2025-11-22T23:46:02.495+0000] {processor.py:208} INFO - Processing /opt/airflow/dags/ELT_Session_Summary.py took 0.143 seconds
[2025-11-22T23:46:32.760+0000] {processor.py:186} INFO - Started process (PID=2062) to work on /opt/airflow/dags/ELT_Session_Summary.py
[2025-11-22T23:46:32.763+0000] {processor.py:914} INFO - Processing file /opt/airflow/dags/ELT_Session_Summary.py for tasks to queue
[2025-11-22T23:46:32.780+0000] {logging_mixin.py:190} INFO - [2025-11-22T23:46:32.779+0000] {dagbag.py:587} INFO - Filling up the DagBag from /opt/airflow/dags/ELT_Session_Summary.py
[2025-11-22T23:46:32.829+0000] {processor.py:925} INFO - DAG(s) 'ELT_Build_Session_Summary' retrieved from /opt/airflow/dags/ELT_Session_Summary.py
[2025-11-22T23:46:32.887+0000] {logging_mixin.py:190} INFO - [2025-11-22T23:46:32.885+0000] {dag.py:3229} INFO - Sync 1 DAGs
[2025-11-22T23:46:32.941+0000] {logging_mixin.py:190} INFO - [2025-11-22T23:46:32.940+0000] {dag.py:4156} INFO - Setting next_dagrun for ELT_Build_Session_Summary to 2025-11-21 02:45:00+00:00, run_after=2025-11-22 02:45:00+00:00
[2025-11-22T23:46:32.974+0000] {processor.py:208} INFO - Processing /opt/airflow/dags/ELT_Session_Summary.py took 0.245 seconds
[2025-11-22T23:47:03.051+0000] {processor.py:186} INFO - Started process (PID=2101) to work on /opt/airflow/dags/ELT_Session_Summary.py
[2025-11-22T23:47:03.053+0000] {processor.py:914} INFO - Processing file /opt/airflow/dags/ELT_Session_Summary.py for tasks to queue
[2025-11-22T23:47:03.059+0000] {logging_mixin.py:190} INFO - [2025-11-22T23:47:03.058+0000] {dagbag.py:587} INFO - Filling up the DagBag from /opt/airflow/dags/ELT_Session_Summary.py
[2025-11-22T23:47:03.088+0000] {processor.py:925} INFO - DAG(s) 'ELT_Build_Session_Summary' retrieved from /opt/airflow/dags/ELT_Session_Summary.py
[2025-11-22T23:47:03.162+0000] {logging_mixin.py:190} INFO - [2025-11-22T23:47:03.160+0000] {dag.py:3229} INFO - Sync 1 DAGs
[2025-11-22T23:47:03.369+0000] {logging_mixin.py:190} INFO - [2025-11-22T23:47:03.369+0000] {dag.py:4156} INFO - Setting next_dagrun for ELT_Build_Session_Summary to 2025-11-21 02:45:00+00:00, run_after=2025-11-22 02:45:00+00:00
[2025-11-22T23:47:03.420+0000] {processor.py:208} INFO - Processing /opt/airflow/dags/ELT_Session_Summary.py took 0.386 seconds
[2025-11-22T23:47:33.775+0000] {processor.py:186} INFO - Started process (PID=2142) to work on /opt/airflow/dags/ELT_Session_Summary.py
[2025-11-22T23:47:33.777+0000] {processor.py:914} INFO - Processing file /opt/airflow/dags/ELT_Session_Summary.py for tasks to queue
[2025-11-22T23:47:33.779+0000] {logging_mixin.py:190} INFO - [2025-11-22T23:47:33.779+0000] {dagbag.py:587} INFO - Filling up the DagBag from /opt/airflow/dags/ELT_Session_Summary.py
[2025-11-22T23:47:33.798+0000] {processor.py:925} INFO - DAG(s) 'ELT_Build_Session_Summary' retrieved from /opt/airflow/dags/ELT_Session_Summary.py
[2025-11-22T23:47:33.839+0000] {logging_mixin.py:190} INFO - [2025-11-22T23:47:33.836+0000] {dag.py:3229} INFO - Sync 1 DAGs
[2025-11-22T23:47:33.898+0000] {logging_mixin.py:190} INFO - [2025-11-22T23:47:33.898+0000] {dag.py:4156} INFO - Setting next_dagrun for ELT_Build_Session_Summary to 2025-11-21 02:45:00+00:00, run_after=2025-11-22 02:45:00+00:00
[2025-11-22T23:47:33.937+0000] {processor.py:208} INFO - Processing /opt/airflow/dags/ELT_Session_Summary.py took 0.172 seconds
[2025-11-22T23:48:04.602+0000] {processor.py:186} INFO - Started process (PID=2170) to work on /opt/airflow/dags/ELT_Session_Summary.py
[2025-11-22T23:48:04.605+0000] {processor.py:914} INFO - Processing file /opt/airflow/dags/ELT_Session_Summary.py for tasks to queue
[2025-11-22T23:48:04.609+0000] {logging_mixin.py:190} INFO - [2025-11-22T23:48:04.608+0000] {dagbag.py:587} INFO - Filling up the DagBag from /opt/airflow/dags/ELT_Session_Summary.py
[2025-11-22T23:48:04.643+0000] {processor.py:925} INFO - DAG(s) 'ELT_Build_Session_Summary' retrieved from /opt/airflow/dags/ELT_Session_Summary.py
[2025-11-22T23:48:04.684+0000] {logging_mixin.py:190} INFO - [2025-11-22T23:48:04.681+0000] {dag.py:3229} INFO - Sync 1 DAGs
[2025-11-22T23:48:04.731+0000] {logging_mixin.py:190} INFO - [2025-11-22T23:48:04.731+0000] {dag.py:4156} INFO - Setting next_dagrun for ELT_Build_Session_Summary to 2025-11-21 02:45:00+00:00, run_after=2025-11-22 02:45:00+00:00
[2025-11-22T23:48:04.770+0000] {processor.py:208} INFO - Processing /opt/airflow/dags/ELT_Session_Summary.py took 0.185 seconds
[2025-11-22T23:48:35.547+0000] {processor.py:186} INFO - Started process (PID=2201) to work on /opt/airflow/dags/ELT_Session_Summary.py
[2025-11-22T23:48:35.554+0000] {processor.py:914} INFO - Processing file /opt/airflow/dags/ELT_Session_Summary.py for tasks to queue
[2025-11-22T23:48:35.558+0000] {logging_mixin.py:190} INFO - [2025-11-22T23:48:35.557+0000] {dagbag.py:587} INFO - Filling up the DagBag from /opt/airflow/dags/ELT_Session_Summary.py
[2025-11-22T23:48:35.599+0000] {processor.py:925} INFO - DAG(s) 'ELT_Build_Session_Summary' retrieved from /opt/airflow/dags/ELT_Session_Summary.py
[2025-11-22T23:48:35.677+0000] {logging_mixin.py:190} INFO - [2025-11-22T23:48:35.674+0000] {dag.py:3229} INFO - Sync 1 DAGs
[2025-11-22T23:48:35.772+0000] {logging_mixin.py:190} INFO - [2025-11-22T23:48:35.772+0000] {dag.py:4156} INFO - Setting next_dagrun for ELT_Build_Session_Summary to 2025-11-21 02:45:00+00:00, run_after=2025-11-22 02:45:00+00:00
[2025-11-22T23:48:35.828+0000] {processor.py:208} INFO - Processing /opt/airflow/dags/ELT_Session_Summary.py took 0.305 seconds
[2025-11-22T23:49:06.125+0000] {processor.py:186} INFO - Started process (PID=2232) to work on /opt/airflow/dags/ELT_Session_Summary.py
[2025-11-22T23:49:06.128+0000] {processor.py:914} INFO - Processing file /opt/airflow/dags/ELT_Session_Summary.py for tasks to queue
[2025-11-22T23:49:06.131+0000] {logging_mixin.py:190} INFO - [2025-11-22T23:49:06.130+0000] {dagbag.py:587} INFO - Filling up the DagBag from /opt/airflow/dags/ELT_Session_Summary.py
[2025-11-22T23:49:06.151+0000] {processor.py:925} INFO - DAG(s) 'ELT_Build_Session_Summary' retrieved from /opt/airflow/dags/ELT_Session_Summary.py
[2025-11-22T23:49:06.191+0000] {logging_mixin.py:190} INFO - [2025-11-22T23:49:06.189+0000] {dag.py:3229} INFO - Sync 1 DAGs
[2025-11-22T23:49:06.234+0000] {logging_mixin.py:190} INFO - [2025-11-22T23:49:06.234+0000] {dag.py:4156} INFO - Setting next_dagrun for ELT_Build_Session_Summary to 2025-11-21 02:45:00+00:00, run_after=2025-11-22 02:45:00+00:00
[2025-11-22T23:49:06.270+0000] {processor.py:208} INFO - Processing /opt/airflow/dags/ELT_Session_Summary.py took 0.160 seconds
[2025-11-22T23:49:36.885+0000] {processor.py:186} INFO - Started process (PID=2263) to work on /opt/airflow/dags/ELT_Session_Summary.py
[2025-11-22T23:49:36.888+0000] {processor.py:914} INFO - Processing file /opt/airflow/dags/ELT_Session_Summary.py for tasks to queue
[2025-11-22T23:49:36.891+0000] {logging_mixin.py:190} INFO - [2025-11-22T23:49:36.890+0000] {dagbag.py:587} INFO - Filling up the DagBag from /opt/airflow/dags/ELT_Session_Summary.py
[2025-11-22T23:49:36.913+0000] {processor.py:925} INFO - DAG(s) 'ELT_Build_Session_Summary' retrieved from /opt/airflow/dags/ELT_Session_Summary.py
[2025-11-22T23:49:36.970+0000] {logging_mixin.py:190} INFO - [2025-11-22T23:49:36.967+0000] {dag.py:3229} INFO - Sync 1 DAGs
[2025-11-22T23:49:37.053+0000] {logging_mixin.py:190} INFO - [2025-11-22T23:49:37.053+0000] {dag.py:4156} INFO - Setting next_dagrun for ELT_Build_Session_Summary to 2025-11-21 02:45:00+00:00, run_after=2025-11-22 02:45:00+00:00
[2025-11-22T23:49:37.084+0000] {processor.py:208} INFO - Processing /opt/airflow/dags/ELT_Session_Summary.py took 0.221 seconds
[2025-11-22T23:50:07.365+0000] {processor.py:186} INFO - Started process (PID=2301) to work on /opt/airflow/dags/ELT_Session_Summary.py
[2025-11-22T23:50:07.370+0000] {processor.py:914} INFO - Processing file /opt/airflow/dags/ELT_Session_Summary.py for tasks to queue
[2025-11-22T23:50:07.377+0000] {logging_mixin.py:190} INFO - [2025-11-22T23:50:07.375+0000] {dagbag.py:587} INFO - Filling up the DagBag from /opt/airflow/dags/ELT_Session_Summary.py
[2025-11-22T23:50:07.537+0000] {processor.py:925} INFO - DAG(s) 'ELT_Build_Session_Summary' retrieved from /opt/airflow/dags/ELT_Session_Summary.py
[2025-11-22T23:50:07.613+0000] {logging_mixin.py:190} INFO - [2025-11-22T23:50:07.609+0000] {dag.py:3229} INFO - Sync 1 DAGs
[2025-11-22T23:50:07.701+0000] {logging_mixin.py:190} INFO - [2025-11-22T23:50:07.700+0000] {dag.py:4156} INFO - Setting next_dagrun for ELT_Build_Session_Summary to 2025-11-21 02:45:00+00:00, run_after=2025-11-22 02:45:00+00:00
[2025-11-22T23:50:07.777+0000] {processor.py:208} INFO - Processing /opt/airflow/dags/ELT_Session_Summary.py took 0.439 seconds
[2025-11-22T23:50:38.628+0000] {processor.py:186} INFO - Started process (PID=2339) to work on /opt/airflow/dags/ELT_Session_Summary.py
[2025-11-22T23:50:38.631+0000] {processor.py:914} INFO - Processing file /opt/airflow/dags/ELT_Session_Summary.py for tasks to queue
[2025-11-22T23:50:38.635+0000] {logging_mixin.py:190} INFO - [2025-11-22T23:50:38.634+0000] {dagbag.py:587} INFO - Filling up the DagBag from /opt/airflow/dags/ELT_Session_Summary.py
[2025-11-22T23:50:38.677+0000] {processor.py:925} INFO - DAG(s) 'ELT_Build_Session_Summary' retrieved from /opt/airflow/dags/ELT_Session_Summary.py
[2025-11-22T23:50:38.738+0000] {logging_mixin.py:190} INFO - [2025-11-22T23:50:38.736+0000] {dag.py:3229} INFO - Sync 1 DAGs
[2025-11-22T23:50:38.800+0000] {logging_mixin.py:190} INFO - [2025-11-22T23:50:38.799+0000] {dag.py:4156} INFO - Setting next_dagrun for ELT_Build_Session_Summary to 2025-11-21 02:45:00+00:00, run_after=2025-11-22 02:45:00+00:00
[2025-11-22T23:50:38.841+0000] {processor.py:208} INFO - Processing /opt/airflow/dags/ELT_Session_Summary.py took 0.227 seconds
[2025-11-22T23:51:09.180+0000] {processor.py:186} INFO - Started process (PID=2380) to work on /opt/airflow/dags/ELT_Session_Summary.py
[2025-11-22T23:51:09.182+0000] {processor.py:914} INFO - Processing file /opt/airflow/dags/ELT_Session_Summary.py for tasks to queue
[2025-11-22T23:51:09.184+0000] {logging_mixin.py:190} INFO - [2025-11-22T23:51:09.184+0000] {dagbag.py:587} INFO - Filling up the DagBag from /opt/airflow/dags/ELT_Session_Summary.py
[2025-11-22T23:51:09.201+0000] {processor.py:925} INFO - DAG(s) 'ELT_Build_Session_Summary' retrieved from /opt/airflow/dags/ELT_Session_Summary.py
[2025-11-22T23:51:09.236+0000] {logging_mixin.py:190} INFO - [2025-11-22T23:51:09.234+0000] {dag.py:3229} INFO - Sync 1 DAGs
[2025-11-22T23:51:09.280+0000] {logging_mixin.py:190} INFO - [2025-11-22T23:51:09.280+0000] {dag.py:4156} INFO - Setting next_dagrun for ELT_Build_Session_Summary to 2025-11-21 02:45:00+00:00, run_after=2025-11-22 02:45:00+00:00
[2025-11-22T23:51:09.312+0000] {processor.py:208} INFO - Processing /opt/airflow/dags/ELT_Session_Summary.py took 0.141 seconds
[2025-11-22T23:51:39.547+0000] {processor.py:186} INFO - Started process (PID=2421) to work on /opt/airflow/dags/ELT_Session_Summary.py
[2025-11-22T23:51:39.549+0000] {processor.py:914} INFO - Processing file /opt/airflow/dags/ELT_Session_Summary.py for tasks to queue
[2025-11-22T23:51:39.551+0000] {logging_mixin.py:190} INFO - [2025-11-22T23:51:39.551+0000] {dagbag.py:587} INFO - Filling up the DagBag from /opt/airflow/dags/ELT_Session_Summary.py
[2025-11-22T23:51:39.571+0000] {processor.py:925} INFO - DAG(s) 'ELT_Build_Session_Summary' retrieved from /opt/airflow/dags/ELT_Session_Summary.py
[2025-11-22T23:51:39.616+0000] {logging_mixin.py:190} INFO - [2025-11-22T23:51:39.614+0000] {dag.py:3229} INFO - Sync 1 DAGs
[2025-11-22T23:51:39.660+0000] {logging_mixin.py:190} INFO - [2025-11-22T23:51:39.659+0000] {dag.py:4156} INFO - Setting next_dagrun for ELT_Build_Session_Summary to 2025-11-21 02:45:00+00:00, run_after=2025-11-22 02:45:00+00:00
[2025-11-22T23:51:39.690+0000] {processor.py:208} INFO - Processing /opt/airflow/dags/ELT_Session_Summary.py took 0.155 seconds
[2025-11-22T23:52:09.809+0000] {processor.py:186} INFO - Started process (PID=2462) to work on /opt/airflow/dags/ELT_Session_Summary.py
[2025-11-22T23:52:09.811+0000] {processor.py:914} INFO - Processing file /opt/airflow/dags/ELT_Session_Summary.py for tasks to queue
[2025-11-22T23:52:09.813+0000] {logging_mixin.py:190} INFO - [2025-11-22T23:52:09.813+0000] {dagbag.py:587} INFO - Filling up the DagBag from /opt/airflow/dags/ELT_Session_Summary.py
[2025-11-22T23:52:09.837+0000] {processor.py:925} INFO - DAG(s) 'ELT_Build_Session_Summary' retrieved from /opt/airflow/dags/ELT_Session_Summary.py
[2025-11-22T23:52:09.892+0000] {logging_mixin.py:190} INFO - [2025-11-22T23:52:09.890+0000] {dag.py:3229} INFO - Sync 1 DAGs
[2025-11-22T23:52:09.945+0000] {logging_mixin.py:190} INFO - [2025-11-22T23:52:09.945+0000] {dag.py:4156} INFO - Setting next_dagrun for ELT_Build_Session_Summary to 2025-11-21 02:45:00+00:00, run_after=2025-11-22 02:45:00+00:00
[2025-11-22T23:52:09.988+0000] {processor.py:208} INFO - Processing /opt/airflow/dags/ELT_Session_Summary.py took 0.198 seconds
[2025-11-22T23:52:40.441+0000] {processor.py:186} INFO - Started process (PID=2503) to work on /opt/airflow/dags/ELT_Session_Summary.py
[2025-11-22T23:52:40.442+0000] {processor.py:914} INFO - Processing file /opt/airflow/dags/ELT_Session_Summary.py for tasks to queue
[2025-11-22T23:52:40.445+0000] {logging_mixin.py:190} INFO - [2025-11-22T23:52:40.444+0000] {dagbag.py:587} INFO - Filling up the DagBag from /opt/airflow/dags/ELT_Session_Summary.py
[2025-11-22T23:52:40.465+0000] {processor.py:925} INFO - DAG(s) 'ELT_Build_Session_Summary' retrieved from /opt/airflow/dags/ELT_Session_Summary.py
[2025-11-22T23:52:40.507+0000] {logging_mixin.py:190} INFO - [2025-11-22T23:52:40.505+0000] {dag.py:3229} INFO - Sync 1 DAGs
[2025-11-22T23:52:40.570+0000] {logging_mixin.py:190} INFO - [2025-11-22T23:52:40.569+0000] {dag.py:4156} INFO - Setting next_dagrun for ELT_Build_Session_Summary to 2025-11-21 02:45:00+00:00, run_after=2025-11-22 02:45:00+00:00
[2025-11-22T23:52:40.603+0000] {processor.py:208} INFO - Processing /opt/airflow/dags/ELT_Session_Summary.py took 0.174 seconds
[2025-11-22T23:53:11.308+0000] {processor.py:186} INFO - Started process (PID=2545) to work on /opt/airflow/dags/ELT_Session_Summary.py
[2025-11-22T23:53:11.310+0000] {processor.py:914} INFO - Processing file /opt/airflow/dags/ELT_Session_Summary.py for tasks to queue
[2025-11-22T23:53:11.314+0000] {logging_mixin.py:190} INFO - [2025-11-22T23:53:11.313+0000] {dagbag.py:587} INFO - Filling up the DagBag from /opt/airflow/dags/ELT_Session_Summary.py
[2025-11-22T23:53:11.343+0000] {processor.py:925} INFO - DAG(s) 'ELT_Build_Session_Summary' retrieved from /opt/airflow/dags/ELT_Session_Summary.py
[2025-11-22T23:53:11.394+0000] {logging_mixin.py:190} INFO - [2025-11-22T23:53:11.392+0000] {dag.py:3229} INFO - Sync 1 DAGs
[2025-11-22T23:53:11.455+0000] {logging_mixin.py:190} INFO - [2025-11-22T23:53:11.455+0000] {dag.py:4156} INFO - Setting next_dagrun for ELT_Build_Session_Summary to 2025-11-21 02:45:00+00:00, run_after=2025-11-22 02:45:00+00:00
[2025-11-22T23:53:11.501+0000] {processor.py:208} INFO - Processing /opt/airflow/dags/ELT_Session_Summary.py took 0.204 seconds
[2025-11-22T23:53:41.666+0000] {processor.py:186} INFO - Started process (PID=2585) to work on /opt/airflow/dags/ELT_Session_Summary.py
[2025-11-22T23:53:41.668+0000] {processor.py:914} INFO - Processing file /opt/airflow/dags/ELT_Session_Summary.py for tasks to queue
[2025-11-22T23:53:41.671+0000] {logging_mixin.py:190} INFO - [2025-11-22T23:53:41.670+0000] {dagbag.py:587} INFO - Filling up the DagBag from /opt/airflow/dags/ELT_Session_Summary.py
[2025-11-22T23:53:41.694+0000] {processor.py:925} INFO - DAG(s) 'ELT_Build_Session_Summary' retrieved from /opt/airflow/dags/ELT_Session_Summary.py
[2025-11-22T23:53:41.735+0000] {logging_mixin.py:190} INFO - [2025-11-22T23:53:41.732+0000] {dag.py:3229} INFO - Sync 1 DAGs
[2025-11-22T23:53:41.784+0000] {logging_mixin.py:190} INFO - [2025-11-22T23:53:41.783+0000] {dag.py:4156} INFO - Setting next_dagrun for ELT_Build_Session_Summary to 2025-11-21 02:45:00+00:00, run_after=2025-11-22 02:45:00+00:00
[2025-11-22T23:53:41.819+0000] {processor.py:208} INFO - Processing /opt/airflow/dags/ELT_Session_Summary.py took 0.165 seconds
[2025-11-22T23:54:12.304+0000] {processor.py:186} INFO - Started process (PID=2626) to work on /opt/airflow/dags/ELT_Session_Summary.py
[2025-11-22T23:54:12.306+0000] {processor.py:914} INFO - Processing file /opt/airflow/dags/ELT_Session_Summary.py for tasks to queue
[2025-11-22T23:54:12.308+0000] {logging_mixin.py:190} INFO - [2025-11-22T23:54:12.308+0000] {dagbag.py:587} INFO - Filling up the DagBag from /opt/airflow/dags/ELT_Session_Summary.py
[2025-11-22T23:54:12.329+0000] {processor.py:925} INFO - DAG(s) 'ELT_Build_Session_Summary' retrieved from /opt/airflow/dags/ELT_Session_Summary.py
[2025-11-22T23:54:12.366+0000] {logging_mixin.py:190} INFO - [2025-11-22T23:54:12.364+0000] {dag.py:3229} INFO - Sync 1 DAGs
[2025-11-22T23:54:12.410+0000] {logging_mixin.py:190} INFO - [2025-11-22T23:54:12.409+0000] {dag.py:4156} INFO - Setting next_dagrun for ELT_Build_Session_Summary to 2025-11-21 02:45:00+00:00, run_after=2025-11-22 02:45:00+00:00
[2025-11-22T23:54:12.442+0000] {processor.py:208} INFO - Processing /opt/airflow/dags/ELT_Session_Summary.py took 0.149 seconds
[2025-11-22T23:54:43.190+0000] {processor.py:186} INFO - Started process (PID=2665) to work on /opt/airflow/dags/ELT_Session_Summary.py
[2025-11-22T23:54:43.193+0000] {processor.py:914} INFO - Processing file /opt/airflow/dags/ELT_Session_Summary.py for tasks to queue
[2025-11-22T23:54:43.198+0000] {logging_mixin.py:190} INFO - [2025-11-22T23:54:43.197+0000] {dagbag.py:587} INFO - Filling up the DagBag from /opt/airflow/dags/ELT_Session_Summary.py
[2025-11-22T23:54:43.231+0000] {processor.py:925} INFO - DAG(s) 'ELT_Build_Session_Summary' retrieved from /opt/airflow/dags/ELT_Session_Summary.py
[2025-11-22T23:54:43.278+0000] {logging_mixin.py:190} INFO - [2025-11-22T23:54:43.276+0000] {dag.py:3229} INFO - Sync 1 DAGs
[2025-11-22T23:54:43.335+0000] {logging_mixin.py:190} INFO - [2025-11-22T23:54:43.334+0000] {dag.py:4156} INFO - Setting next_dagrun for ELT_Build_Session_Summary to 2025-11-21 02:45:00+00:00, run_after=2025-11-22 02:45:00+00:00
[2025-11-22T23:54:43.377+0000] {processor.py:208} INFO - Processing /opt/airflow/dags/ELT_Session_Summary.py took 0.205 seconds
[2025-11-22T23:55:13.475+0000] {processor.py:186} INFO - Started process (PID=2703) to work on /opt/airflow/dags/ELT_Session_Summary.py
[2025-11-22T23:55:13.478+0000] {processor.py:914} INFO - Processing file /opt/airflow/dags/ELT_Session_Summary.py for tasks to queue
[2025-11-22T23:55:13.481+0000] {logging_mixin.py:190} INFO - [2025-11-22T23:55:13.480+0000] {dagbag.py:587} INFO - Filling up the DagBag from /opt/airflow/dags/ELT_Session_Summary.py
[2025-11-22T23:55:13.500+0000] {processor.py:925} INFO - DAG(s) 'ELT_Build_Session_Summary' retrieved from /opt/airflow/dags/ELT_Session_Summary.py
[2025-11-22T23:55:13.537+0000] {logging_mixin.py:190} INFO - [2025-11-22T23:55:13.535+0000] {dag.py:3229} INFO - Sync 1 DAGs
[2025-11-22T23:55:13.584+0000] {logging_mixin.py:190} INFO - [2025-11-22T23:55:13.584+0000] {dag.py:4156} INFO - Setting next_dagrun for ELT_Build_Session_Summary to 2025-11-21 02:45:00+00:00, run_after=2025-11-22 02:45:00+00:00
[2025-11-22T23:55:13.616+0000] {processor.py:208} INFO - Processing /opt/airflow/dags/ELT_Session_Summary.py took 0.151 seconds
[2025-11-22T23:55:43.895+0000] {processor.py:186} INFO - Started process (PID=2744) to work on /opt/airflow/dags/ELT_Session_Summary.py
[2025-11-22T23:55:43.897+0000] {processor.py:914} INFO - Processing file /opt/airflow/dags/ELT_Session_Summary.py for tasks to queue
[2025-11-22T23:55:43.901+0000] {logging_mixin.py:190} INFO - [2025-11-22T23:55:43.900+0000] {dagbag.py:587} INFO - Filling up the DagBag from /opt/airflow/dags/ELT_Session_Summary.py
[2025-11-22T23:55:43.920+0000] {processor.py:925} INFO - DAG(s) 'ELT_Build_Session_Summary' retrieved from /opt/airflow/dags/ELT_Session_Summary.py
[2025-11-22T23:55:43.965+0000] {logging_mixin.py:190} INFO - [2025-11-22T23:55:43.962+0000] {dag.py:3229} INFO - Sync 1 DAGs
[2025-11-22T23:55:44.014+0000] {logging_mixin.py:190} INFO - [2025-11-22T23:55:44.014+0000] {dag.py:4156} INFO - Setting next_dagrun for ELT_Build_Session_Summary to 2025-11-21 02:45:00+00:00, run_after=2025-11-22 02:45:00+00:00
[2025-11-22T23:55:44.052+0000] {processor.py:208} INFO - Processing /opt/airflow/dags/ELT_Session_Summary.py took 0.171 seconds
[2025-11-22T23:56:14.319+0000] {processor.py:186} INFO - Started process (PID=2785) to work on /opt/airflow/dags/ELT_Session_Summary.py
[2025-11-22T23:56:14.328+0000] {processor.py:914} INFO - Processing file /opt/airflow/dags/ELT_Session_Summary.py for tasks to queue
[2025-11-22T23:56:14.335+0000] {logging_mixin.py:190} INFO - [2025-11-22T23:56:14.334+0000] {dagbag.py:587} INFO - Filling up the DagBag from /opt/airflow/dags/ELT_Session_Summary.py
[2025-11-22T23:56:14.402+0000] {processor.py:925} INFO - DAG(s) 'ELT_Build_Session_Summary' retrieved from /opt/airflow/dags/ELT_Session_Summary.py
[2025-11-22T23:56:14.662+0000] {logging_mixin.py:190} INFO - [2025-11-22T23:56:14.660+0000] {dag.py:3229} INFO - Sync 1 DAGs
[2025-11-22T23:56:14.895+0000] {logging_mixin.py:190} INFO - [2025-11-22T23:56:14.894+0000] {dag.py:4156} INFO - Setting next_dagrun for ELT_Build_Session_Summary to 2025-11-21 02:45:00+00:00, run_after=2025-11-22 02:45:00+00:00
[2025-11-22T23:56:15.089+0000] {processor.py:208} INFO - Processing /opt/airflow/dags/ELT_Session_Summary.py took 0.797 seconds
[2025-11-22T23:56:45.617+0000] {processor.py:186} INFO - Started process (PID=2825) to work on /opt/airflow/dags/ELT_Session_Summary.py
[2025-11-22T23:56:45.621+0000] {processor.py:914} INFO - Processing file /opt/airflow/dags/ELT_Session_Summary.py for tasks to queue
[2025-11-22T23:56:45.625+0000] {logging_mixin.py:190} INFO - [2025-11-22T23:56:45.624+0000] {dagbag.py:587} INFO - Filling up the DagBag from /opt/airflow/dags/ELT_Session_Summary.py
[2025-11-22T23:56:45.667+0000] {processor.py:925} INFO - DAG(s) 'ELT_Build_Session_Summary' retrieved from /opt/airflow/dags/ELT_Session_Summary.py
[2025-11-22T23:56:45.738+0000] {logging_mixin.py:190} INFO - [2025-11-22T23:56:45.735+0000] {dag.py:3229} INFO - Sync 1 DAGs
[2025-11-22T23:56:45.887+0000] {logging_mixin.py:190} INFO - [2025-11-22T23:56:45.886+0000] {dag.py:4156} INFO - Setting next_dagrun for ELT_Build_Session_Summary to 2025-11-21 02:45:00+00:00, run_after=2025-11-22 02:45:00+00:00
[2025-11-22T23:56:45.986+0000] {processor.py:208} INFO - Processing /opt/airflow/dags/ELT_Session_Summary.py took 0.387 seconds
[2025-11-22T23:57:16.558+0000] {processor.py:186} INFO - Started process (PID=2866) to work on /opt/airflow/dags/ELT_Session_Summary.py
[2025-11-22T23:57:16.560+0000] {processor.py:914} INFO - Processing file /opt/airflow/dags/ELT_Session_Summary.py for tasks to queue
[2025-11-22T23:57:16.562+0000] {logging_mixin.py:190} INFO - [2025-11-22T23:57:16.561+0000] {dagbag.py:587} INFO - Filling up the DagBag from /opt/airflow/dags/ELT_Session_Summary.py
[2025-11-22T23:57:16.586+0000] {processor.py:925} INFO - DAG(s) 'ELT_Build_Session_Summary' retrieved from /opt/airflow/dags/ELT_Session_Summary.py
[2025-11-22T23:57:16.630+0000] {logging_mixin.py:190} INFO - [2025-11-22T23:57:16.626+0000] {dag.py:3229} INFO - Sync 1 DAGs
[2025-11-22T23:57:16.686+0000] {logging_mixin.py:190} INFO - [2025-11-22T23:57:16.686+0000] {dag.py:4156} INFO - Setting next_dagrun for ELT_Build_Session_Summary to 2025-11-21 02:45:00+00:00, run_after=2025-11-22 02:45:00+00:00
[2025-11-22T23:57:16.719+0000] {processor.py:208} INFO - Processing /opt/airflow/dags/ELT_Session_Summary.py took 0.177 seconds
[2025-11-22T23:57:47.040+0000] {processor.py:186} INFO - Started process (PID=2907) to work on /opt/airflow/dags/ELT_Session_Summary.py
[2025-11-22T23:57:47.041+0000] {processor.py:914} INFO - Processing file /opt/airflow/dags/ELT_Session_Summary.py for tasks to queue
[2025-11-22T23:57:47.044+0000] {logging_mixin.py:190} INFO - [2025-11-22T23:57:47.043+0000] {dagbag.py:587} INFO - Filling up the DagBag from /opt/airflow/dags/ELT_Session_Summary.py
[2025-11-22T23:57:47.066+0000] {processor.py:925} INFO - DAG(s) 'ELT_Build_Session_Summary' retrieved from /opt/airflow/dags/ELT_Session_Summary.py
[2025-11-22T23:57:47.113+0000] {logging_mixin.py:190} INFO - [2025-11-22T23:57:47.108+0000] {dag.py:3229} INFO - Sync 1 DAGs
[2025-11-22T23:57:47.165+0000] {logging_mixin.py:190} INFO - [2025-11-22T23:57:47.165+0000] {dag.py:4156} INFO - Setting next_dagrun for ELT_Build_Session_Summary to 2025-11-21 02:45:00+00:00, run_after=2025-11-22 02:45:00+00:00
[2025-11-22T23:57:47.200+0000] {processor.py:208} INFO - Processing /opt/airflow/dags/ELT_Session_Summary.py took 0.173 seconds
[2025-11-22T23:58:17.317+0000] {processor.py:186} INFO - Started process (PID=2948) to work on /opt/airflow/dags/ELT_Session_Summary.py
[2025-11-22T23:58:17.321+0000] {processor.py:914} INFO - Processing file /opt/airflow/dags/ELT_Session_Summary.py for tasks to queue
[2025-11-22T23:58:17.324+0000] {logging_mixin.py:190} INFO - [2025-11-22T23:58:17.323+0000] {dagbag.py:587} INFO - Filling up the DagBag from /opt/airflow/dags/ELT_Session_Summary.py
[2025-11-22T23:58:17.346+0000] {processor.py:925} INFO - DAG(s) 'ELT_Build_Session_Summary' retrieved from /opt/airflow/dags/ELT_Session_Summary.py
[2025-11-22T23:58:17.388+0000] {logging_mixin.py:190} INFO - [2025-11-22T23:58:17.386+0000] {dag.py:3229} INFO - Sync 1 DAGs
[2025-11-22T23:58:17.434+0000] {logging_mixin.py:190} INFO - [2025-11-22T23:58:17.433+0000] {dag.py:4156} INFO - Setting next_dagrun for ELT_Build_Session_Summary to 2025-11-21 02:45:00+00:00, run_after=2025-11-22 02:45:00+00:00
[2025-11-22T23:58:17.467+0000] {processor.py:208} INFO - Processing /opt/airflow/dags/ELT_Session_Summary.py took 0.164 seconds
[2025-11-22T23:58:47.549+0000] {processor.py:186} INFO - Started process (PID=2989) to work on /opt/airflow/dags/ELT_Session_Summary.py
[2025-11-22T23:58:47.550+0000] {processor.py:914} INFO - Processing file /opt/airflow/dags/ELT_Session_Summary.py for tasks to queue
[2025-11-22T23:58:47.553+0000] {logging_mixin.py:190} INFO - [2025-11-22T23:58:47.552+0000] {dagbag.py:587} INFO - Filling up the DagBag from /opt/airflow/dags/ELT_Session_Summary.py
[2025-11-22T23:58:47.574+0000] {processor.py:925} INFO - DAG(s) 'ELT_Build_Session_Summary' retrieved from /opt/airflow/dags/ELT_Session_Summary.py
[2025-11-22T23:58:47.621+0000] {logging_mixin.py:190} INFO - [2025-11-22T23:58:47.618+0000] {dag.py:3229} INFO - Sync 1 DAGs
[2025-11-22T23:58:47.917+0000] {logging_mixin.py:190} INFO - [2025-11-22T23:58:47.917+0000] {dag.py:4156} INFO - Setting next_dagrun for ELT_Build_Session_Summary to 2025-11-21 02:45:00+00:00, run_after=2025-11-22 02:45:00+00:00
[2025-11-22T23:58:47.948+0000] {processor.py:208} INFO - Processing /opt/airflow/dags/ELT_Session_Summary.py took 0.412 seconds
[2025-11-22T23:59:18.391+0000] {processor.py:186} INFO - Started process (PID=3028) to work on /opt/airflow/dags/ELT_Session_Summary.py
[2025-11-22T23:59:18.392+0000] {processor.py:914} INFO - Processing file /opt/airflow/dags/ELT_Session_Summary.py for tasks to queue
[2025-11-22T23:59:18.395+0000] {logging_mixin.py:190} INFO - [2025-11-22T23:59:18.394+0000] {dagbag.py:587} INFO - Filling up the DagBag from /opt/airflow/dags/ELT_Session_Summary.py
[2025-11-22T23:59:18.416+0000] {processor.py:925} INFO - DAG(s) 'ELT_Build_Session_Summary' retrieved from /opt/airflow/dags/ELT_Session_Summary.py
[2025-11-22T23:59:18.452+0000] {logging_mixin.py:190} INFO - [2025-11-22T23:59:18.450+0000] {dag.py:3229} INFO - Sync 1 DAGs
[2025-11-22T23:59:18.495+0000] {logging_mixin.py:190} INFO - [2025-11-22T23:59:18.495+0000] {dag.py:4156} INFO - Setting next_dagrun for ELT_Build_Session_Summary to 2025-11-21 02:45:00+00:00, run_after=2025-11-22 02:45:00+00:00
[2025-11-22T23:59:18.526+0000] {processor.py:208} INFO - Processing /opt/airflow/dags/ELT_Session_Summary.py took 0.148 seconds
[2025-11-22T23:59:48.762+0000] {processor.py:186} INFO - Started process (PID=3066) to work on /opt/airflow/dags/ELT_Session_Summary.py
[2025-11-22T23:59:48.764+0000] {processor.py:914} INFO - Processing file /opt/airflow/dags/ELT_Session_Summary.py for tasks to queue
[2025-11-22T23:59:48.766+0000] {logging_mixin.py:190} INFO - [2025-11-22T23:59:48.765+0000] {dagbag.py:587} INFO - Filling up the DagBag from /opt/airflow/dags/ELT_Session_Summary.py
[2025-11-22T23:59:48.784+0000] {processor.py:925} INFO - DAG(s) 'ELT_Build_Session_Summary' retrieved from /opt/airflow/dags/ELT_Session_Summary.py
[2025-11-22T23:59:48.820+0000] {logging_mixin.py:190} INFO - [2025-11-22T23:59:48.818+0000] {dag.py:3229} INFO - Sync 1 DAGs
[2025-11-22T23:59:49.094+0000] {logging_mixin.py:190} INFO - [2025-11-22T23:59:49.093+0000] {dag.py:4156} INFO - Setting next_dagrun for ELT_Build_Session_Summary to 2025-11-21 02:45:00+00:00, run_after=2025-11-22 02:45:00+00:00
[2025-11-22T23:59:49.128+0000] {processor.py:208} INFO - Processing /opt/airflow/dags/ELT_Session_Summary.py took 0.377 seconds
