[2025-11-22T23:24:58.981+0000] {processor.py:186} INFO - Started process (PID=333) to work on /opt/airflow/dags/ETL_Import_Tables.py
[2025-11-22T23:24:58.984+0000] {processor.py:914} INFO - Processing file /opt/airflow/dags/ETL_Import_Tables.py for tasks to queue
[2025-11-22T23:24:58.993+0000] {logging_mixin.py:190} INFO - [2025-11-22T23:24:58.992+0000] {dagbag.py:587} INFO - Filling up the DagBag from /opt/airflow/dags/ETL_Import_Tables.py
[2025-11-22T23:24:59.024+0000] {processor.py:925} INFO - DAG(s) 'ETL_Import_User_Session_Tables' retrieved from /opt/airflow/dags/ETL_Import_Tables.py
[2025-11-22T23:24:59.422+0000] {logging_mixin.py:190} INFO - [2025-11-22T23:24:59.421+0000] {override.py:1900} INFO - Created Permission View: can read on DAG:ETL_Import_User_Session_Tables
[2025-11-22T23:24:59.449+0000] {logging_mixin.py:190} INFO - [2025-11-22T23:24:59.448+0000] {override.py:1900} INFO - Created Permission View: can delete on DAG:ETL_Import_User_Session_Tables
[2025-11-22T23:24:59.472+0000] {logging_mixin.py:190} INFO - [2025-11-22T23:24:59.472+0000] {override.py:1900} INFO - Created Permission View: can edit on DAG:ETL_Import_User_Session_Tables
[2025-11-22T23:24:59.492+0000] {logging_mixin.py:190} INFO - [2025-11-22T23:24:59.491+0000] {override.py:1900} INFO - Created Permission View: can read on DAG Run:ETL_Import_User_Session_Tables
[2025-11-22T23:24:59.516+0000] {logging_mixin.py:190} INFO - [2025-11-22T23:24:59.515+0000] {override.py:1900} INFO - Created Permission View: can delete on DAG Run:ETL_Import_User_Session_Tables
[2025-11-22T23:24:59.546+0000] {logging_mixin.py:190} INFO - [2025-11-22T23:24:59.544+0000] {override.py:1900} INFO - Created Permission View: can create on DAG Run:ETL_Import_User_Session_Tables
[2025-11-22T23:24:59.575+0000] {logging_mixin.py:190} INFO - [2025-11-22T23:24:59.574+0000] {override.py:1900} INFO - Created Permission View: menu access on DAG Run:ETL_Import_User_Session_Tables
[2025-11-22T23:24:59.577+0000] {logging_mixin.py:190} INFO - [2025-11-22T23:24:59.576+0000] {dag.py:3229} INFO - Sync 1 DAGs
[2025-11-22T23:24:59.660+0000] {logging_mixin.py:190} INFO - [2025-11-22T23:24:59.659+0000] {dag.py:3252} INFO - Creating ORM DAG for ETL_Import_User_Session_Tables
[2025-11-22T23:24:59.714+0000] {logging_mixin.py:190} INFO - [2025-11-22T23:24:59.711+0000] {dag.py:4156} INFO - Setting next_dagrun for ETL_Import_User_Session_Tables to 2025-11-21 02:00:00+00:00, run_after=2025-11-22 02:00:00+00:00
[2025-11-22T23:24:59.774+0000] {processor.py:208} INFO - Processing /opt/airflow/dags/ETL_Import_Tables.py took 0.815 seconds
[2025-11-22T23:25:31.227+0000] {processor.py:186} INFO - Started process (PID=378) to work on /opt/airflow/dags/ETL_Import_Tables.py
[2025-11-22T23:25:31.231+0000] {processor.py:914} INFO - Processing file /opt/airflow/dags/ETL_Import_Tables.py for tasks to queue
[2025-11-22T23:25:31.239+0000] {logging_mixin.py:190} INFO - [2025-11-22T23:25:31.237+0000] {dagbag.py:587} INFO - Filling up the DagBag from /opt/airflow/dags/ETL_Import_Tables.py
[2025-11-22T23:25:31.280+0000] {processor.py:925} INFO - DAG(s) 'ETL_Import_User_Session_Tables' retrieved from /opt/airflow/dags/ETL_Import_Tables.py
[2025-11-22T23:25:31.447+0000] {logging_mixin.py:190} INFO - [2025-11-22T23:25:31.446+0000] {dag.py:3229} INFO - Sync 1 DAGs
[2025-11-22T23:25:31.709+0000] {logging_mixin.py:190} INFO - [2025-11-22T23:25:31.709+0000] {dag.py:4156} INFO - Setting next_dagrun for ETL_Import_User_Session_Tables to 2025-11-21 02:00:00+00:00, run_after=2025-11-22 02:00:00+00:00
[2025-11-22T23:25:31.825+0000] {processor.py:208} INFO - Processing /opt/airflow/dags/ETL_Import_Tables.py took 0.631 seconds
[2025-11-22T23:26:02.131+0000] {processor.py:186} INFO - Started process (PID=427) to work on /opt/airflow/dags/ETL_Import_Tables.py
[2025-11-22T23:26:02.135+0000] {processor.py:914} INFO - Processing file /opt/airflow/dags/ETL_Import_Tables.py for tasks to queue
[2025-11-22T23:26:02.146+0000] {logging_mixin.py:190} INFO - [2025-11-22T23:26:02.143+0000] {dagbag.py:587} INFO - Filling up the DagBag from /opt/airflow/dags/ETL_Import_Tables.py
[2025-11-22T23:26:02.178+0000] {processor.py:925} INFO - DAG(s) 'ETL_Import_User_Session_Tables' retrieved from /opt/airflow/dags/ETL_Import_Tables.py
[2025-11-22T23:26:02.257+0000] {logging_mixin.py:190} INFO - [2025-11-22T23:26:02.252+0000] {dag.py:3229} INFO - Sync 1 DAGs
[2025-11-22T23:26:02.778+0000] {logging_mixin.py:190} INFO - [2025-11-22T23:26:02.778+0000] {dag.py:4156} INFO - Setting next_dagrun for ETL_Import_User_Session_Tables to 2025-11-21 02:00:00+00:00, run_after=2025-11-22 02:00:00+00:00
[2025-11-22T23:26:02.846+0000] {processor.py:208} INFO - Processing /opt/airflow/dags/ETL_Import_Tables.py took 0.729 seconds
[2025-11-22T23:26:33.478+0000] {processor.py:186} INFO - Started process (PID=469) to work on /opt/airflow/dags/ETL_Import_Tables.py
[2025-11-22T23:26:33.482+0000] {processor.py:914} INFO - Processing file /opt/airflow/dags/ETL_Import_Tables.py for tasks to queue
[2025-11-22T23:26:33.490+0000] {logging_mixin.py:190} INFO - [2025-11-22T23:26:33.488+0000] {dagbag.py:587} INFO - Filling up the DagBag from /opt/airflow/dags/ETL_Import_Tables.py
[2025-11-22T23:26:33.532+0000] {processor.py:925} INFO - DAG(s) 'ETL_Import_User_Session_Tables' retrieved from /opt/airflow/dags/ETL_Import_Tables.py
[2025-11-22T23:26:33.610+0000] {logging_mixin.py:190} INFO - [2025-11-22T23:26:33.609+0000] {dag.py:3229} INFO - Sync 1 DAGs
[2025-11-22T23:26:33.703+0000] {logging_mixin.py:190} INFO - [2025-11-22T23:26:33.703+0000] {dag.py:4156} INFO - Setting next_dagrun for ETL_Import_User_Session_Tables to 2025-11-21 02:00:00+00:00, run_after=2025-11-22 02:00:00+00:00
[2025-11-22T23:26:33.782+0000] {processor.py:208} INFO - Processing /opt/airflow/dags/ETL_Import_Tables.py took 0.319 seconds
[2025-11-22T23:27:03.934+0000] {processor.py:186} INFO - Started process (PID=510) to work on /opt/airflow/dags/ETL_Import_Tables.py
[2025-11-22T23:27:03.936+0000] {processor.py:914} INFO - Processing file /opt/airflow/dags/ETL_Import_Tables.py for tasks to queue
[2025-11-22T23:27:03.942+0000] {logging_mixin.py:190} INFO - [2025-11-22T23:27:03.941+0000] {dagbag.py:587} INFO - Filling up the DagBag from /opt/airflow/dags/ETL_Import_Tables.py
[2025-11-22T23:27:03.969+0000] {processor.py:925} INFO - DAG(s) 'ETL_Import_User_Session_Tables' retrieved from /opt/airflow/dags/ETL_Import_Tables.py
[2025-11-22T23:27:04.022+0000] {logging_mixin.py:190} INFO - [2025-11-22T23:27:04.021+0000] {dag.py:3229} INFO - Sync 1 DAGs
[2025-11-22T23:27:04.115+0000] {logging_mixin.py:190} INFO - [2025-11-22T23:27:04.115+0000] {dag.py:4156} INFO - Setting next_dagrun for ETL_Import_User_Session_Tables to 2025-11-21 02:00:00+00:00, run_after=2025-11-22 02:00:00+00:00
[2025-11-22T23:27:04.182+0000] {processor.py:208} INFO - Processing /opt/airflow/dags/ETL_Import_Tables.py took 0.261 seconds
[2025-11-22T23:27:34.497+0000] {processor.py:186} INFO - Started process (PID=554) to work on /opt/airflow/dags/ETL_Import_Tables.py
[2025-11-22T23:27:34.504+0000] {processor.py:914} INFO - Processing file /opt/airflow/dags/ETL_Import_Tables.py for tasks to queue
[2025-11-22T23:27:34.509+0000] {logging_mixin.py:190} INFO - [2025-11-22T23:27:34.508+0000] {dagbag.py:587} INFO - Filling up the DagBag from /opt/airflow/dags/ETL_Import_Tables.py
[2025-11-22T23:27:34.536+0000] {processor.py:925} INFO - DAG(s) 'ETL_Import_User_Session_Tables' retrieved from /opt/airflow/dags/ETL_Import_Tables.py
[2025-11-22T23:27:34.592+0000] {logging_mixin.py:190} INFO - [2025-11-22T23:27:34.591+0000] {dag.py:3229} INFO - Sync 1 DAGs
[2025-11-22T23:27:34.647+0000] {logging_mixin.py:190} INFO - [2025-11-22T23:27:34.647+0000] {dag.py:4156} INFO - Setting next_dagrun for ETL_Import_User_Session_Tables to 2025-11-21 02:00:00+00:00, run_after=2025-11-22 02:00:00+00:00
[2025-11-22T23:27:34.679+0000] {processor.py:208} INFO - Processing /opt/airflow/dags/ETL_Import_Tables.py took 0.198 seconds
[2025-11-22T23:28:05.694+0000] {processor.py:186} INFO - Started process (PID=600) to work on /opt/airflow/dags/ETL_Import_Tables.py
[2025-11-22T23:28:05.696+0000] {processor.py:914} INFO - Processing file /opt/airflow/dags/ETL_Import_Tables.py for tasks to queue
[2025-11-22T23:28:05.706+0000] {logging_mixin.py:190} INFO - [2025-11-22T23:28:05.705+0000] {dagbag.py:587} INFO - Filling up the DagBag from /opt/airflow/dags/ETL_Import_Tables.py
[2025-11-22T23:28:05.753+0000] {processor.py:925} INFO - DAG(s) 'ETL_Import_User_Session_Tables' retrieved from /opt/airflow/dags/ETL_Import_Tables.py
[2025-11-22T23:28:05.821+0000] {logging_mixin.py:190} INFO - [2025-11-22T23:28:05.820+0000] {dag.py:3229} INFO - Sync 1 DAGs
[2025-11-22T23:28:05.908+0000] {logging_mixin.py:190} INFO - [2025-11-22T23:28:05.908+0000] {dag.py:4156} INFO - Setting next_dagrun for ETL_Import_User_Session_Tables to 2025-11-21 02:00:00+00:00, run_after=2025-11-22 02:00:00+00:00
[2025-11-22T23:28:05.948+0000] {processor.py:208} INFO - Processing /opt/airflow/dags/ETL_Import_Tables.py took 0.274 seconds
[2025-11-22T23:28:36.677+0000] {processor.py:186} INFO - Started process (PID=634) to work on /opt/airflow/dags/ETL_Import_Tables.py
[2025-11-22T23:28:36.680+0000] {processor.py:914} INFO - Processing file /opt/airflow/dags/ETL_Import_Tables.py for tasks to queue
[2025-11-22T23:28:36.687+0000] {logging_mixin.py:190} INFO - [2025-11-22T23:28:36.686+0000] {dagbag.py:587} INFO - Filling up the DagBag from /opt/airflow/dags/ETL_Import_Tables.py
[2025-11-22T23:28:36.744+0000] {processor.py:925} INFO - DAG(s) 'ETL_Import_User_Session_Tables' retrieved from /opt/airflow/dags/ETL_Import_Tables.py
[2025-11-22T23:28:36.940+0000] {logging_mixin.py:190} INFO - [2025-11-22T23:28:36.939+0000] {dag.py:3229} INFO - Sync 1 DAGs
[2025-11-22T23:28:37.182+0000] {logging_mixin.py:190} INFO - [2025-11-22T23:28:37.182+0000] {dag.py:4156} INFO - Setting next_dagrun for ETL_Import_User_Session_Tables to 2025-11-21 02:00:00+00:00, run_after=2025-11-22 02:00:00+00:00
[2025-11-22T23:28:37.359+0000] {processor.py:208} INFO - Processing /opt/airflow/dags/ETL_Import_Tables.py took 0.701 seconds
[2025-11-22T23:29:08.060+0000] {processor.py:186} INFO - Started process (PID=681) to work on /opt/airflow/dags/ETL_Import_Tables.py
[2025-11-22T23:29:08.062+0000] {processor.py:914} INFO - Processing file /opt/airflow/dags/ETL_Import_Tables.py for tasks to queue
[2025-11-22T23:29:08.070+0000] {logging_mixin.py:190} INFO - [2025-11-22T23:29:08.069+0000] {dagbag.py:587} INFO - Filling up the DagBag from /opt/airflow/dags/ETL_Import_Tables.py
[2025-11-22T23:29:08.106+0000] {processor.py:925} INFO - DAG(s) 'ETL_Import_User_Session_Tables' retrieved from /opt/airflow/dags/ETL_Import_Tables.py
[2025-11-22T23:29:08.185+0000] {logging_mixin.py:190} INFO - [2025-11-22T23:29:08.183+0000] {dag.py:3229} INFO - Sync 1 DAGs
[2025-11-22T23:29:08.286+0000] {logging_mixin.py:190} INFO - [2025-11-22T23:29:08.285+0000] {dag.py:4156} INFO - Setting next_dagrun for ETL_Import_User_Session_Tables to 2025-11-21 02:00:00+00:00, run_after=2025-11-22 02:00:00+00:00
[2025-11-22T23:29:08.369+0000] {processor.py:208} INFO - Processing /opt/airflow/dags/ETL_Import_Tables.py took 0.332 seconds
[2025-11-22T23:29:39.088+0000] {processor.py:186} INFO - Started process (PID=723) to work on /opt/airflow/dags/ETL_Import_Tables.py
[2025-11-22T23:29:39.091+0000] {processor.py:914} INFO - Processing file /opt/airflow/dags/ETL_Import_Tables.py for tasks to queue
[2025-11-22T23:29:39.099+0000] {logging_mixin.py:190} INFO - [2025-11-22T23:29:39.098+0000] {dagbag.py:587} INFO - Filling up the DagBag from /opt/airflow/dags/ETL_Import_Tables.py
[2025-11-22T23:29:39.137+0000] {processor.py:925} INFO - DAG(s) 'ETL_Import_User_Session_Tables' retrieved from /opt/airflow/dags/ETL_Import_Tables.py
[2025-11-22T23:29:39.193+0000] {logging_mixin.py:190} INFO - [2025-11-22T23:29:39.191+0000] {dag.py:3229} INFO - Sync 1 DAGs
[2025-11-22T23:29:39.253+0000] {logging_mixin.py:190} INFO - [2025-11-22T23:29:39.253+0000] {dag.py:4156} INFO - Setting next_dagrun for ETL_Import_User_Session_Tables to 2025-11-21 02:00:00+00:00, run_after=2025-11-22 02:00:00+00:00
[2025-11-22T23:29:39.405+0000] {processor.py:208} INFO - Processing /opt/airflow/dags/ETL_Import_Tables.py took 0.335 seconds
[2025-11-22T23:30:09.776+0000] {processor.py:186} INFO - Started process (PID=761) to work on /opt/airflow/dags/ETL_Import_Tables.py
[2025-11-22T23:30:09.780+0000] {processor.py:914} INFO - Processing file /opt/airflow/dags/ETL_Import_Tables.py for tasks to queue
[2025-11-22T23:30:09.786+0000] {logging_mixin.py:190} INFO - [2025-11-22T23:30:09.785+0000] {dagbag.py:587} INFO - Filling up the DagBag from /opt/airflow/dags/ETL_Import_Tables.py
[2025-11-22T23:30:09.822+0000] {processor.py:925} INFO - DAG(s) 'ETL_Import_User_Session_Tables' retrieved from /opt/airflow/dags/ETL_Import_Tables.py
[2025-11-22T23:30:09.903+0000] {logging_mixin.py:190} INFO - [2025-11-22T23:30:09.902+0000] {dag.py:3229} INFO - Sync 1 DAGs
[2025-11-22T23:30:09.978+0000] {logging_mixin.py:190} INFO - [2025-11-22T23:30:09.977+0000] {dag.py:4156} INFO - Setting next_dagrun for ETL_Import_User_Session_Tables to 2025-11-21 02:00:00+00:00, run_after=2025-11-22 02:00:00+00:00
[2025-11-22T23:30:10.030+0000] {processor.py:208} INFO - Processing /opt/airflow/dags/ETL_Import_Tables.py took 0.279 seconds
[2025-11-22T23:30:40.211+0000] {processor.py:186} INFO - Started process (PID=803) to work on /opt/airflow/dags/ETL_Import_Tables.py
[2025-11-22T23:30:40.214+0000] {processor.py:914} INFO - Processing file /opt/airflow/dags/ETL_Import_Tables.py for tasks to queue
[2025-11-22T23:30:40.223+0000] {logging_mixin.py:190} INFO - [2025-11-22T23:30:40.222+0000] {dagbag.py:587} INFO - Filling up the DagBag from /opt/airflow/dags/ETL_Import_Tables.py
[2025-11-22T23:30:40.270+0000] {processor.py:925} INFO - DAG(s) 'ETL_Import_User_Session_Tables' retrieved from /opt/airflow/dags/ETL_Import_Tables.py
[2025-11-22T23:30:40.340+0000] {logging_mixin.py:190} INFO - [2025-11-22T23:30:40.339+0000] {dag.py:3229} INFO - Sync 1 DAGs
[2025-11-22T23:30:40.419+0000] {logging_mixin.py:190} INFO - [2025-11-22T23:30:40.419+0000] {dag.py:4156} INFO - Setting next_dagrun for ETL_Import_User_Session_Tables to 2025-11-21 02:00:00+00:00, run_after=2025-11-22 02:00:00+00:00
[2025-11-22T23:30:40.485+0000] {processor.py:208} INFO - Processing /opt/airflow/dags/ETL_Import_Tables.py took 0.305 seconds
[2025-11-22T23:31:10.928+0000] {processor.py:186} INFO - Started process (PID=845) to work on /opt/airflow/dags/ETL_Import_Tables.py
[2025-11-22T23:31:10.930+0000] {processor.py:914} INFO - Processing file /opt/airflow/dags/ETL_Import_Tables.py for tasks to queue
[2025-11-22T23:31:10.938+0000] {logging_mixin.py:190} INFO - [2025-11-22T23:31:10.937+0000] {dagbag.py:587} INFO - Filling up the DagBag from /opt/airflow/dags/ETL_Import_Tables.py
[2025-11-22T23:31:10.976+0000] {processor.py:925} INFO - DAG(s) 'ETL_Import_User_Session_Tables' retrieved from /opt/airflow/dags/ETL_Import_Tables.py
[2025-11-22T23:31:11.082+0000] {logging_mixin.py:190} INFO - [2025-11-22T23:31:11.079+0000] {dag.py:3229} INFO - Sync 1 DAGs
[2025-11-22T23:31:11.182+0000] {logging_mixin.py:190} INFO - [2025-11-22T23:31:11.181+0000] {dag.py:4156} INFO - Setting next_dagrun for ETL_Import_User_Session_Tables to 2025-11-21 02:00:00+00:00, run_after=2025-11-22 02:00:00+00:00
[2025-11-22T23:31:11.246+0000] {processor.py:208} INFO - Processing /opt/airflow/dags/ETL_Import_Tables.py took 0.336 seconds
[2025-11-22T23:31:41.729+0000] {processor.py:186} INFO - Started process (PID=886) to work on /opt/airflow/dags/ETL_Import_Tables.py
[2025-11-22T23:31:41.730+0000] {processor.py:914} INFO - Processing file /opt/airflow/dags/ETL_Import_Tables.py for tasks to queue
[2025-11-22T23:31:41.735+0000] {logging_mixin.py:190} INFO - [2025-11-22T23:31:41.734+0000] {dagbag.py:587} INFO - Filling up the DagBag from /opt/airflow/dags/ETL_Import_Tables.py
[2025-11-22T23:31:41.759+0000] {processor.py:925} INFO - DAG(s) 'ETL_Import_User_Session_Tables' retrieved from /opt/airflow/dags/ETL_Import_Tables.py
[2025-11-22T23:31:41.795+0000] {logging_mixin.py:190} INFO - [2025-11-22T23:31:41.794+0000] {dag.py:3229} INFO - Sync 1 DAGs
[2025-11-22T23:31:41.837+0000] {logging_mixin.py:190} INFO - [2025-11-22T23:31:41.836+0000] {dag.py:4156} INFO - Setting next_dagrun for ETL_Import_User_Session_Tables to 2025-11-21 02:00:00+00:00, run_after=2025-11-22 02:00:00+00:00
[2025-11-22T23:31:41.872+0000] {processor.py:208} INFO - Processing /opt/airflow/dags/ETL_Import_Tables.py took 0.157 seconds
[2025-11-22T23:32:12.113+0000] {processor.py:186} INFO - Started process (PID=927) to work on /opt/airflow/dags/ETL_Import_Tables.py
[2025-11-22T23:32:12.115+0000] {processor.py:914} INFO - Processing file /opt/airflow/dags/ETL_Import_Tables.py for tasks to queue
[2025-11-22T23:32:12.122+0000] {logging_mixin.py:190} INFO - [2025-11-22T23:32:12.121+0000] {dagbag.py:587} INFO - Filling up the DagBag from /opt/airflow/dags/ETL_Import_Tables.py
[2025-11-22T23:32:12.144+0000] {processor.py:925} INFO - DAG(s) 'ETL_Import_User_Session_Tables' retrieved from /opt/airflow/dags/ETL_Import_Tables.py
[2025-11-22T23:32:12.184+0000] {logging_mixin.py:190} INFO - [2025-11-22T23:32:12.183+0000] {dag.py:3229} INFO - Sync 1 DAGs
[2025-11-22T23:32:12.233+0000] {logging_mixin.py:190} INFO - [2025-11-22T23:32:12.232+0000] {dag.py:4156} INFO - Setting next_dagrun for ETL_Import_User_Session_Tables to 2025-11-21 02:00:00+00:00, run_after=2025-11-22 02:00:00+00:00
[2025-11-22T23:32:12.265+0000] {processor.py:208} INFO - Processing /opt/airflow/dags/ETL_Import_Tables.py took 0.163 seconds
[2025-11-22T23:32:42.381+0000] {processor.py:186} INFO - Started process (PID=967) to work on /opt/airflow/dags/ETL_Import_Tables.py
[2025-11-22T23:32:42.382+0000] {processor.py:914} INFO - Processing file /opt/airflow/dags/ETL_Import_Tables.py for tasks to queue
[2025-11-22T23:32:42.387+0000] {logging_mixin.py:190} INFO - [2025-11-22T23:32:42.386+0000] {dagbag.py:587} INFO - Filling up the DagBag from /opt/airflow/dags/ETL_Import_Tables.py
[2025-11-22T23:32:42.408+0000] {processor.py:925} INFO - DAG(s) 'ETL_Import_User_Session_Tables' retrieved from /opt/airflow/dags/ETL_Import_Tables.py
[2025-11-22T23:32:42.447+0000] {logging_mixin.py:190} INFO - [2025-11-22T23:32:42.446+0000] {dag.py:3229} INFO - Sync 1 DAGs
[2025-11-22T23:32:42.488+0000] {logging_mixin.py:190} INFO - [2025-11-22T23:32:42.487+0000] {dag.py:4156} INFO - Setting next_dagrun for ETL_Import_User_Session_Tables to 2025-11-21 02:00:00+00:00, run_after=2025-11-22 02:00:00+00:00
[2025-11-22T23:32:42.521+0000] {processor.py:208} INFO - Processing /opt/airflow/dags/ETL_Import_Tables.py took 0.152 seconds
[2025-11-22T23:33:13.487+0000] {processor.py:186} INFO - Started process (PID=1008) to work on /opt/airflow/dags/ETL_Import_Tables.py
[2025-11-22T23:33:13.489+0000] {processor.py:914} INFO - Processing file /opt/airflow/dags/ETL_Import_Tables.py for tasks to queue
[2025-11-22T23:33:13.495+0000] {logging_mixin.py:190} INFO - [2025-11-22T23:33:13.494+0000] {dagbag.py:587} INFO - Filling up the DagBag from /opt/airflow/dags/ETL_Import_Tables.py
[2025-11-22T23:33:13.517+0000] {processor.py:925} INFO - DAG(s) 'ETL_Import_User_Session_Tables' retrieved from /opt/airflow/dags/ETL_Import_Tables.py
[2025-11-22T23:33:13.561+0000] {logging_mixin.py:190} INFO - [2025-11-22T23:33:13.560+0000] {dag.py:3229} INFO - Sync 1 DAGs
[2025-11-22T23:33:13.615+0000] {logging_mixin.py:190} INFO - [2025-11-22T23:33:13.615+0000] {dag.py:4156} INFO - Setting next_dagrun for ETL_Import_User_Session_Tables to 2025-11-21 02:00:00+00:00, run_after=2025-11-22 02:00:00+00:00
[2025-11-22T23:33:13.667+0000] {processor.py:208} INFO - Processing /opt/airflow/dags/ETL_Import_Tables.py took 0.193 seconds
[2025-11-22T23:33:43.926+0000] {processor.py:186} INFO - Started process (PID=1049) to work on /opt/airflow/dags/ETL_Import_Tables.py
[2025-11-22T23:33:43.928+0000] {processor.py:914} INFO - Processing file /opt/airflow/dags/ETL_Import_Tables.py for tasks to queue
[2025-11-22T23:33:43.933+0000] {logging_mixin.py:190} INFO - [2025-11-22T23:33:43.932+0000] {dagbag.py:587} INFO - Filling up the DagBag from /opt/airflow/dags/ETL_Import_Tables.py
[2025-11-22T23:33:43.954+0000] {processor.py:925} INFO - DAG(s) 'ETL_Import_User_Session_Tables' retrieved from /opt/airflow/dags/ETL_Import_Tables.py
[2025-11-22T23:33:43.990+0000] {logging_mixin.py:190} INFO - [2025-11-22T23:33:43.989+0000] {dag.py:3229} INFO - Sync 1 DAGs
[2025-11-22T23:33:44.037+0000] {logging_mixin.py:190} INFO - [2025-11-22T23:33:44.037+0000] {dag.py:4156} INFO - Setting next_dagrun for ETL_Import_User_Session_Tables to 2025-11-21 02:00:00+00:00, run_after=2025-11-22 02:00:00+00:00
[2025-11-22T23:33:44.083+0000] {processor.py:208} INFO - Processing /opt/airflow/dags/ETL_Import_Tables.py took 0.168 seconds
[2025-11-22T23:34:14.236+0000] {processor.py:186} INFO - Started process (PID=1090) to work on /opt/airflow/dags/ETL_Import_Tables.py
[2025-11-22T23:34:14.240+0000] {processor.py:914} INFO - Processing file /opt/airflow/dags/ETL_Import_Tables.py for tasks to queue
[2025-11-22T23:34:14.252+0000] {logging_mixin.py:190} INFO - [2025-11-22T23:34:14.251+0000] {dagbag.py:587} INFO - Filling up the DagBag from /opt/airflow/dags/ETL_Import_Tables.py
[2025-11-22T23:34:14.326+0000] {processor.py:925} INFO - DAG(s) 'ETL_Import_User_Session_Tables' retrieved from /opt/airflow/dags/ETL_Import_Tables.py
[2025-11-22T23:34:14.553+0000] {logging_mixin.py:190} INFO - [2025-11-22T23:34:14.546+0000] {dag.py:3229} INFO - Sync 1 DAGs
[2025-11-22T23:34:14.781+0000] {logging_mixin.py:190} INFO - [2025-11-22T23:34:14.780+0000] {dag.py:4156} INFO - Setting next_dagrun for ETL_Import_User_Session_Tables to 2025-11-21 02:00:00+00:00, run_after=2025-11-22 02:00:00+00:00
[2025-11-22T23:34:14.853+0000] {processor.py:208} INFO - Processing /opt/airflow/dags/ETL_Import_Tables.py took 0.657 seconds
[2025-11-22T23:34:44.976+0000] {processor.py:186} INFO - Started process (PID=1131) to work on /opt/airflow/dags/ETL_Import_Tables.py
[2025-11-22T23:34:44.977+0000] {processor.py:914} INFO - Processing file /opt/airflow/dags/ETL_Import_Tables.py for tasks to queue
[2025-11-22T23:34:44.982+0000] {logging_mixin.py:190} INFO - [2025-11-22T23:34:44.981+0000] {dagbag.py:587} INFO - Filling up the DagBag from /opt/airflow/dags/ETL_Import_Tables.py
[2025-11-22T23:34:45.002+0000] {processor.py:925} INFO - DAG(s) 'ETL_Import_User_Session_Tables' retrieved from /opt/airflow/dags/ETL_Import_Tables.py
[2025-11-22T23:34:45.046+0000] {logging_mixin.py:190} INFO - [2025-11-22T23:34:45.044+0000] {dag.py:3229} INFO - Sync 1 DAGs
[2025-11-22T23:34:45.090+0000] {logging_mixin.py:190} INFO - [2025-11-22T23:34:45.089+0000] {dag.py:4156} INFO - Setting next_dagrun for ETL_Import_User_Session_Tables to 2025-11-21 02:00:00+00:00, run_after=2025-11-22 02:00:00+00:00
[2025-11-22T23:34:45.123+0000] {processor.py:208} INFO - Processing /opt/airflow/dags/ETL_Import_Tables.py took 0.158 seconds
[2025-11-22T23:35:15.552+0000] {processor.py:186} INFO - Started process (PID=1170) to work on /opt/airflow/dags/ETL_Import_Tables.py
[2025-11-22T23:35:15.555+0000] {processor.py:914} INFO - Processing file /opt/airflow/dags/ETL_Import_Tables.py for tasks to queue
[2025-11-22T23:35:15.561+0000] {logging_mixin.py:190} INFO - [2025-11-22T23:35:15.560+0000] {dagbag.py:587} INFO - Filling up the DagBag from /opt/airflow/dags/ETL_Import_Tables.py
[2025-11-22T23:35:15.590+0000] {processor.py:925} INFO - DAG(s) 'ETL_Import_User_Session_Tables' retrieved from /opt/airflow/dags/ETL_Import_Tables.py
[2025-11-22T23:35:15.646+0000] {logging_mixin.py:190} INFO - [2025-11-22T23:35:15.645+0000] {dag.py:3229} INFO - Sync 1 DAGs
[2025-11-22T23:35:15.696+0000] {logging_mixin.py:190} INFO - [2025-11-22T23:35:15.696+0000] {dag.py:4156} INFO - Setting next_dagrun for ETL_Import_User_Session_Tables to 2025-11-21 02:00:00+00:00, run_after=2025-11-22 02:00:00+00:00
[2025-11-22T23:35:15.731+0000] {processor.py:208} INFO - Processing /opt/airflow/dags/ETL_Import_Tables.py took 0.195 seconds
[2025-11-22T23:35:46.352+0000] {processor.py:186} INFO - Started process (PID=1213) to work on /opt/airflow/dags/ETL_Import_Tables.py
[2025-11-22T23:35:46.357+0000] {processor.py:914} INFO - Processing file /opt/airflow/dags/ETL_Import_Tables.py for tasks to queue
[2025-11-22T23:35:46.367+0000] {logging_mixin.py:190} INFO - [2025-11-22T23:35:46.366+0000] {dagbag.py:587} INFO - Filling up the DagBag from /opt/airflow/dags/ETL_Import_Tables.py
[2025-11-22T23:35:46.425+0000] {processor.py:925} INFO - DAG(s) 'ETL_Import_User_Session_Tables' retrieved from /opt/airflow/dags/ETL_Import_Tables.py
[2025-11-22T23:35:46.520+0000] {logging_mixin.py:190} INFO - [2025-11-22T23:35:46.517+0000] {dag.py:3229} INFO - Sync 1 DAGs
[2025-11-22T23:35:46.639+0000] {logging_mixin.py:190} INFO - [2025-11-22T23:35:46.638+0000] {dag.py:4156} INFO - Setting next_dagrun for ETL_Import_User_Session_Tables to 2025-11-21 02:00:00+00:00, run_after=2025-11-22 02:00:00+00:00
[2025-11-22T23:35:46.730+0000] {processor.py:208} INFO - Processing /opt/airflow/dags/ETL_Import_Tables.py took 0.406 seconds
[2025-11-22T23:36:17.755+0000] {processor.py:186} INFO - Started process (PID=1254) to work on /opt/airflow/dags/ETL_Import_Tables.py
[2025-11-22T23:36:17.759+0000] {processor.py:914} INFO - Processing file /opt/airflow/dags/ETL_Import_Tables.py for tasks to queue
[2025-11-22T23:36:17.768+0000] {logging_mixin.py:190} INFO - [2025-11-22T23:36:17.764+0000] {dagbag.py:587} INFO - Filling up the DagBag from /opt/airflow/dags/ETL_Import_Tables.py
[2025-11-22T23:36:17.803+0000] {processor.py:925} INFO - DAG(s) 'ETL_Import_User_Session_Tables' retrieved from /opt/airflow/dags/ETL_Import_Tables.py
[2025-11-22T23:36:17.906+0000] {logging_mixin.py:190} INFO - [2025-11-22T23:36:17.904+0000] {dag.py:3229} INFO - Sync 1 DAGs
[2025-11-22T23:36:17.991+0000] {logging_mixin.py:190} INFO - [2025-11-22T23:36:17.990+0000] {dag.py:4156} INFO - Setting next_dagrun for ETL_Import_User_Session_Tables to 2025-11-21 02:00:00+00:00, run_after=2025-11-22 02:00:00+00:00
[2025-11-22T23:36:18.050+0000] {processor.py:208} INFO - Processing /opt/airflow/dags/ETL_Import_Tables.py took 0.311 seconds
[2025-11-22T23:36:48.181+0000] {processor.py:186} INFO - Started process (PID=1295) to work on /opt/airflow/dags/ETL_Import_Tables.py
[2025-11-22T23:36:48.183+0000] {processor.py:914} INFO - Processing file /opt/airflow/dags/ETL_Import_Tables.py for tasks to queue
[2025-11-22T23:36:48.187+0000] {logging_mixin.py:190} INFO - [2025-11-22T23:36:48.187+0000] {dagbag.py:587} INFO - Filling up the DagBag from /opt/airflow/dags/ETL_Import_Tables.py
[2025-11-22T23:36:48.221+0000] {processor.py:925} INFO - DAG(s) 'ETL_Import_User_Session_Tables' retrieved from /opt/airflow/dags/ETL_Import_Tables.py
[2025-11-22T23:36:48.272+0000] {logging_mixin.py:190} INFO - [2025-11-22T23:36:48.271+0000] {dag.py:3229} INFO - Sync 1 DAGs
[2025-11-22T23:36:48.343+0000] {logging_mixin.py:190} INFO - [2025-11-22T23:36:48.342+0000] {dag.py:4156} INFO - Setting next_dagrun for ETL_Import_User_Session_Tables to 2025-11-21 02:00:00+00:00, run_after=2025-11-22 02:00:00+00:00
[2025-11-22T23:36:48.408+0000] {processor.py:208} INFO - Processing /opt/airflow/dags/ETL_Import_Tables.py took 0.240 seconds
[2025-11-22T23:37:18.917+0000] {processor.py:186} INFO - Started process (PID=1336) to work on /opt/airflow/dags/ETL_Import_Tables.py
[2025-11-22T23:37:18.920+0000] {processor.py:914} INFO - Processing file /opt/airflow/dags/ETL_Import_Tables.py for tasks to queue
[2025-11-22T23:37:18.925+0000] {logging_mixin.py:190} INFO - [2025-11-22T23:37:18.924+0000] {dagbag.py:587} INFO - Filling up the DagBag from /opt/airflow/dags/ETL_Import_Tables.py
[2025-11-22T23:37:18.966+0000] {processor.py:925} INFO - DAG(s) 'ETL_Import_User_Session_Tables' retrieved from /opt/airflow/dags/ETL_Import_Tables.py
[2025-11-22T23:37:19.075+0000] {logging_mixin.py:190} INFO - [2025-11-22T23:37:19.070+0000] {dag.py:3229} INFO - Sync 1 DAGs
[2025-11-22T23:37:19.212+0000] {logging_mixin.py:190} INFO - [2025-11-22T23:37:19.211+0000] {dag.py:4156} INFO - Setting next_dagrun for ETL_Import_User_Session_Tables to 2025-11-21 02:00:00+00:00, run_after=2025-11-22 02:00:00+00:00
[2025-11-22T23:37:19.304+0000] {processor.py:208} INFO - Processing /opt/airflow/dags/ETL_Import_Tables.py took 0.405 seconds
[2025-11-22T23:37:49.498+0000] {processor.py:186} INFO - Started process (PID=1377) to work on /opt/airflow/dags/ETL_Import_Tables.py
[2025-11-22T23:37:49.500+0000] {processor.py:914} INFO - Processing file /opt/airflow/dags/ETL_Import_Tables.py for tasks to queue
[2025-11-22T23:37:49.507+0000] {logging_mixin.py:190} INFO - [2025-11-22T23:37:49.506+0000] {dagbag.py:587} INFO - Filling up the DagBag from /opt/airflow/dags/ETL_Import_Tables.py
[2025-11-22T23:37:49.531+0000] {processor.py:925} INFO - DAG(s) 'ETL_Import_User_Session_Tables' retrieved from /opt/airflow/dags/ETL_Import_Tables.py
[2025-11-22T23:37:49.570+0000] {logging_mixin.py:190} INFO - [2025-11-22T23:37:49.569+0000] {dag.py:3229} INFO - Sync 1 DAGs
[2025-11-22T23:37:49.621+0000] {logging_mixin.py:190} INFO - [2025-11-22T23:37:49.620+0000] {dag.py:4156} INFO - Setting next_dagrun for ETL_Import_User_Session_Tables to 2025-11-21 02:00:00+00:00, run_after=2025-11-22 02:00:00+00:00
[2025-11-22T23:37:49.670+0000] {processor.py:208} INFO - Processing /opt/airflow/dags/ETL_Import_Tables.py took 0.184 seconds
[2025-11-22T23:38:19.823+0000] {processor.py:186} INFO - Started process (PID=1417) to work on /opt/airflow/dags/ETL_Import_Tables.py
[2025-11-22T23:38:19.825+0000] {processor.py:914} INFO - Processing file /opt/airflow/dags/ETL_Import_Tables.py for tasks to queue
[2025-11-22T23:38:19.829+0000] {logging_mixin.py:190} INFO - [2025-11-22T23:38:19.829+0000] {dagbag.py:587} INFO - Filling up the DagBag from /opt/airflow/dags/ETL_Import_Tables.py
[2025-11-22T23:38:19.857+0000] {processor.py:925} INFO - DAG(s) 'ETL_Import_User_Session_Tables' retrieved from /opt/airflow/dags/ETL_Import_Tables.py
[2025-11-22T23:38:19.920+0000] {logging_mixin.py:190} INFO - [2025-11-22T23:38:19.918+0000] {dag.py:3229} INFO - Sync 1 DAGs
[2025-11-22T23:38:19.980+0000] {logging_mixin.py:190} INFO - [2025-11-22T23:38:19.979+0000] {dag.py:4156} INFO - Setting next_dagrun for ETL_Import_User_Session_Tables to 2025-11-21 02:00:00+00:00, run_after=2025-11-22 02:00:00+00:00
[2025-11-22T23:38:20.022+0000] {processor.py:208} INFO - Processing /opt/airflow/dags/ETL_Import_Tables.py took 0.212 seconds
[2025-11-22T23:38:50.149+0000] {processor.py:186} INFO - Started process (PID=1455) to work on /opt/airflow/dags/ETL_Import_Tables.py
[2025-11-22T23:38:50.151+0000] {processor.py:914} INFO - Processing file /opt/airflow/dags/ETL_Import_Tables.py for tasks to queue
[2025-11-22T23:38:50.155+0000] {logging_mixin.py:190} INFO - [2025-11-22T23:38:50.155+0000] {dagbag.py:587} INFO - Filling up the DagBag from /opt/airflow/dags/ETL_Import_Tables.py
[2025-11-22T23:38:50.189+0000] {processor.py:925} INFO - DAG(s) 'ETL_Import_User_Session_Tables' retrieved from /opt/airflow/dags/ETL_Import_Tables.py
[2025-11-22T23:38:50.246+0000] {logging_mixin.py:190} INFO - [2025-11-22T23:38:50.243+0000] {dag.py:3229} INFO - Sync 1 DAGs
[2025-11-22T23:38:50.353+0000] {logging_mixin.py:190} INFO - [2025-11-22T23:38:50.353+0000] {dag.py:4156} INFO - Setting next_dagrun for ETL_Import_User_Session_Tables to 2025-11-21 02:00:00+00:00, run_after=2025-11-22 02:00:00+00:00
[2025-11-22T23:38:50.392+0000] {processor.py:208} INFO - Processing /opt/airflow/dags/ETL_Import_Tables.py took 0.257 seconds
[2025-11-22T23:39:21.114+0000] {processor.py:186} INFO - Started process (PID=1496) to work on /opt/airflow/dags/ETL_Import_Tables.py
[2025-11-22T23:39:21.116+0000] {processor.py:914} INFO - Processing file /opt/airflow/dags/ETL_Import_Tables.py for tasks to queue
[2025-11-22T23:39:21.127+0000] {logging_mixin.py:190} INFO - [2025-11-22T23:39:21.125+0000] {dagbag.py:587} INFO - Filling up the DagBag from /opt/airflow/dags/ETL_Import_Tables.py
[2025-11-22T23:39:21.203+0000] {processor.py:925} INFO - DAG(s) 'ETL_Import_User_Session_Tables' retrieved from /opt/airflow/dags/ETL_Import_Tables.py
[2025-11-22T23:39:21.266+0000] {logging_mixin.py:190} INFO - [2025-11-22T23:39:21.265+0000] {dag.py:3229} INFO - Sync 1 DAGs
[2025-11-22T23:39:21.332+0000] {logging_mixin.py:190} INFO - [2025-11-22T23:39:21.331+0000] {dag.py:4156} INFO - Setting next_dagrun for ETL_Import_User_Session_Tables to 2025-11-21 02:00:00+00:00, run_after=2025-11-22 02:00:00+00:00
[2025-11-22T23:39:21.379+0000] {processor.py:208} INFO - Processing /opt/airflow/dags/ETL_Import_Tables.py took 0.297 seconds
[2025-11-22T23:39:51.931+0000] {processor.py:186} INFO - Started process (PID=1536) to work on /opt/airflow/dags/ETL_Import_Tables.py
[2025-11-22T23:39:51.934+0000] {processor.py:914} INFO - Processing file /opt/airflow/dags/ETL_Import_Tables.py for tasks to queue
[2025-11-22T23:39:51.941+0000] {logging_mixin.py:190} INFO - [2025-11-22T23:39:51.940+0000] {dagbag.py:587} INFO - Filling up the DagBag from /opt/airflow/dags/ETL_Import_Tables.py
[2025-11-22T23:39:51.971+0000] {processor.py:925} INFO - DAG(s) 'ETL_Import_User_Session_Tables' retrieved from /opt/airflow/dags/ETL_Import_Tables.py
[2025-11-22T23:39:52.015+0000] {logging_mixin.py:190} INFO - [2025-11-22T23:39:52.014+0000] {dag.py:3229} INFO - Sync 1 DAGs
[2025-11-22T23:39:52.064+0000] {logging_mixin.py:190} INFO - [2025-11-22T23:39:52.064+0000] {dag.py:4156} INFO - Setting next_dagrun for ETL_Import_User_Session_Tables to 2025-11-21 02:00:00+00:00, run_after=2025-11-22 02:00:00+00:00
[2025-11-22T23:39:52.100+0000] {processor.py:208} INFO - Processing /opt/airflow/dags/ETL_Import_Tables.py took 0.184 seconds
[2025-11-22T23:40:23.271+0000] {processor.py:186} INFO - Started process (PID=1578) to work on /opt/airflow/dags/ETL_Import_Tables.py
[2025-11-22T23:40:23.273+0000] {processor.py:914} INFO - Processing file /opt/airflow/dags/ETL_Import_Tables.py for tasks to queue
[2025-11-22T23:40:23.280+0000] {logging_mixin.py:190} INFO - [2025-11-22T23:40:23.279+0000] {dagbag.py:587} INFO - Filling up the DagBag from /opt/airflow/dags/ETL_Import_Tables.py
[2025-11-22T23:40:23.332+0000] {processor.py:925} INFO - DAG(s) 'ETL_Import_User_Session_Tables' retrieved from /opt/airflow/dags/ETL_Import_Tables.py
[2025-11-22T23:40:23.397+0000] {logging_mixin.py:190} INFO - [2025-11-22T23:40:23.396+0000] {dag.py:3229} INFO - Sync 1 DAGs
[2025-11-22T23:40:23.453+0000] {logging_mixin.py:190} INFO - [2025-11-22T23:40:23.453+0000] {dag.py:4156} INFO - Setting next_dagrun for ETL_Import_User_Session_Tables to 2025-11-21 02:00:00+00:00, run_after=2025-11-22 02:00:00+00:00
[2025-11-22T23:40:23.502+0000] {processor.py:208} INFO - Processing /opt/airflow/dags/ETL_Import_Tables.py took 0.311 seconds
[2025-11-22T23:40:54.265+0000] {processor.py:186} INFO - Started process (PID=1619) to work on /opt/airflow/dags/ETL_Import_Tables.py
[2025-11-22T23:40:54.267+0000] {processor.py:914} INFO - Processing file /opt/airflow/dags/ETL_Import_Tables.py for tasks to queue
[2025-11-22T23:40:54.272+0000] {logging_mixin.py:190} INFO - [2025-11-22T23:40:54.271+0000] {dagbag.py:587} INFO - Filling up the DagBag from /opt/airflow/dags/ETL_Import_Tables.py
[2025-11-22T23:40:54.295+0000] {processor.py:925} INFO - DAG(s) 'ETL_Import_User_Session_Tables' retrieved from /opt/airflow/dags/ETL_Import_Tables.py
[2025-11-22T23:40:54.345+0000] {logging_mixin.py:190} INFO - [2025-11-22T23:40:54.343+0000] {dag.py:3229} INFO - Sync 1 DAGs
[2025-11-22T23:40:54.421+0000] {logging_mixin.py:190} INFO - [2025-11-22T23:40:54.420+0000] {dag.py:4156} INFO - Setting next_dagrun for ETL_Import_User_Session_Tables to 2025-11-21 02:00:00+00:00, run_after=2025-11-22 02:00:00+00:00
[2025-11-22T23:40:54.484+0000] {processor.py:208} INFO - Processing /opt/airflow/dags/ETL_Import_Tables.py took 0.231 seconds
[2025-11-22T23:41:25.997+0000] {processor.py:186} INFO - Started process (PID=1660) to work on /opt/airflow/dags/ETL_Import_Tables.py
[2025-11-22T23:41:25.999+0000] {processor.py:914} INFO - Processing file /opt/airflow/dags/ETL_Import_Tables.py for tasks to queue
[2025-11-22T23:41:26.012+0000] {logging_mixin.py:190} INFO - [2025-11-22T23:41:26.006+0000] {dagbag.py:587} INFO - Filling up the DagBag from /opt/airflow/dags/ETL_Import_Tables.py
[2025-11-22T23:41:26.049+0000] {processor.py:925} INFO - DAG(s) 'ETL_Import_User_Session_Tables' retrieved from /opt/airflow/dags/ETL_Import_Tables.py
[2025-11-22T23:41:26.249+0000] {logging_mixin.py:190} INFO - [2025-11-22T23:41:26.246+0000] {dag.py:3229} INFO - Sync 1 DAGs
[2025-11-22T23:41:26.411+0000] {logging_mixin.py:190} INFO - [2025-11-22T23:41:26.396+0000] {dag.py:4156} INFO - Setting next_dagrun for ETL_Import_User_Session_Tables to 2025-11-21 02:00:00+00:00, run_after=2025-11-22 02:00:00+00:00
[2025-11-22T23:41:26.481+0000] {processor.py:208} INFO - Processing /opt/airflow/dags/ETL_Import_Tables.py took 0.509 seconds
[2025-11-22T23:41:57.058+0000] {processor.py:186} INFO - Started process (PID=1701) to work on /opt/airflow/dags/ETL_Import_Tables.py
[2025-11-22T23:41:57.060+0000] {processor.py:914} INFO - Processing file /opt/airflow/dags/ETL_Import_Tables.py for tasks to queue
[2025-11-22T23:41:57.065+0000] {logging_mixin.py:190} INFO - [2025-11-22T23:41:57.064+0000] {dagbag.py:587} INFO - Filling up the DagBag from /opt/airflow/dags/ETL_Import_Tables.py
[2025-11-22T23:41:57.085+0000] {processor.py:925} INFO - DAG(s) 'ETL_Import_User_Session_Tables' retrieved from /opt/airflow/dags/ETL_Import_Tables.py
[2025-11-22T23:41:57.126+0000] {logging_mixin.py:190} INFO - [2025-11-22T23:41:57.125+0000] {dag.py:3229} INFO - Sync 1 DAGs
[2025-11-22T23:41:57.168+0000] {logging_mixin.py:190} INFO - [2025-11-22T23:41:57.167+0000] {dag.py:4156} INFO - Setting next_dagrun for ETL_Import_User_Session_Tables to 2025-11-21 02:00:00+00:00, run_after=2025-11-22 02:00:00+00:00
[2025-11-22T23:41:57.203+0000] {processor.py:208} INFO - Processing /opt/airflow/dags/ETL_Import_Tables.py took 0.156 seconds
[2025-11-22T23:42:28.026+0000] {processor.py:186} INFO - Started process (PID=1742) to work on /opt/airflow/dags/ETL_Import_Tables.py
[2025-11-22T23:42:28.028+0000] {processor.py:914} INFO - Processing file /opt/airflow/dags/ETL_Import_Tables.py for tasks to queue
[2025-11-22T23:42:28.034+0000] {logging_mixin.py:190} INFO - [2025-11-22T23:42:28.033+0000] {dagbag.py:587} INFO - Filling up the DagBag from /opt/airflow/dags/ETL_Import_Tables.py
[2025-11-22T23:42:28.070+0000] {processor.py:925} INFO - DAG(s) 'ETL_Import_User_Session_Tables' retrieved from /opt/airflow/dags/ETL_Import_Tables.py
[2025-11-22T23:42:28.114+0000] {logging_mixin.py:190} INFO - [2025-11-22T23:42:28.113+0000] {dag.py:3229} INFO - Sync 1 DAGs
[2025-11-22T23:42:28.162+0000] {logging_mixin.py:190} INFO - [2025-11-22T23:42:28.162+0000] {dag.py:4156} INFO - Setting next_dagrun for ETL_Import_User_Session_Tables to 2025-11-21 02:00:00+00:00, run_after=2025-11-22 02:00:00+00:00
[2025-11-22T23:42:28.197+0000] {processor.py:208} INFO - Processing /opt/airflow/dags/ETL_Import_Tables.py took 0.186 seconds
[2025-11-22T23:42:58.939+0000] {processor.py:186} INFO - Started process (PID=1783) to work on /opt/airflow/dags/ETL_Import_Tables.py
[2025-11-22T23:42:58.941+0000] {processor.py:914} INFO - Processing file /opt/airflow/dags/ETL_Import_Tables.py for tasks to queue
[2025-11-22T23:42:58.945+0000] {logging_mixin.py:190} INFO - [2025-11-22T23:42:58.945+0000] {dagbag.py:587} INFO - Filling up the DagBag from /opt/airflow/dags/ETL_Import_Tables.py
[2025-11-22T23:42:58.965+0000] {processor.py:925} INFO - DAG(s) 'ETL_Import_User_Session_Tables' retrieved from /opt/airflow/dags/ETL_Import_Tables.py
[2025-11-22T23:42:59.002+0000] {logging_mixin.py:190} INFO - [2025-11-22T23:42:59.001+0000] {dag.py:3229} INFO - Sync 1 DAGs
[2025-11-22T23:42:59.041+0000] {logging_mixin.py:190} INFO - [2025-11-22T23:42:59.040+0000] {dag.py:4156} INFO - Setting next_dagrun for ETL_Import_User_Session_Tables to 2025-11-21 02:00:00+00:00, run_after=2025-11-22 02:00:00+00:00
[2025-11-22T23:42:59.074+0000] {processor.py:208} INFO - Processing /opt/airflow/dags/ETL_Import_Tables.py took 0.145 seconds
[2025-11-22T23:43:29.227+0000] {processor.py:186} INFO - Started process (PID=1824) to work on /opt/airflow/dags/ETL_Import_Tables.py
[2025-11-22T23:43:29.229+0000] {processor.py:914} INFO - Processing file /opt/airflow/dags/ETL_Import_Tables.py for tasks to queue
[2025-11-22T23:43:29.233+0000] {logging_mixin.py:190} INFO - [2025-11-22T23:43:29.232+0000] {dagbag.py:587} INFO - Filling up the DagBag from /opt/airflow/dags/ETL_Import_Tables.py
[2025-11-22T23:43:29.254+0000] {processor.py:925} INFO - DAG(s) 'ETL_Import_User_Session_Tables' retrieved from /opt/airflow/dags/ETL_Import_Tables.py
[2025-11-22T23:43:29.291+0000] {logging_mixin.py:190} INFO - [2025-11-22T23:43:29.290+0000] {dag.py:3229} INFO - Sync 1 DAGs
[2025-11-22T23:43:29.331+0000] {logging_mixin.py:190} INFO - [2025-11-22T23:43:29.330+0000] {dag.py:4156} INFO - Setting next_dagrun for ETL_Import_User_Session_Tables to 2025-11-21 02:00:00+00:00, run_after=2025-11-22 02:00:00+00:00
[2025-11-22T23:43:29.361+0000] {processor.py:208} INFO - Processing /opt/airflow/dags/ETL_Import_Tables.py took 0.145 seconds
[2025-11-22T23:44:00.543+0000] {processor.py:186} INFO - Started process (PID=1866) to work on /opt/airflow/dags/ETL_Import_Tables.py
[2025-11-22T23:44:00.545+0000] {processor.py:914} INFO - Processing file /opt/airflow/dags/ETL_Import_Tables.py for tasks to queue
[2025-11-22T23:44:00.549+0000] {logging_mixin.py:190} INFO - [2025-11-22T23:44:00.549+0000] {dagbag.py:587} INFO - Filling up the DagBag from /opt/airflow/dags/ETL_Import_Tables.py
[2025-11-22T23:44:00.573+0000] {processor.py:925} INFO - DAG(s) 'ETL_Import_User_Session_Tables' retrieved from /opt/airflow/dags/ETL_Import_Tables.py
[2025-11-22T23:44:00.620+0000] {logging_mixin.py:190} INFO - [2025-11-22T23:44:00.618+0000] {dag.py:3229} INFO - Sync 1 DAGs
[2025-11-22T23:44:00.876+0000] {logging_mixin.py:190} INFO - [2025-11-22T23:44:00.869+0000] {dag.py:4156} INFO - Setting next_dagrun for ETL_Import_User_Session_Tables to 2025-11-21 02:00:00+00:00, run_after=2025-11-22 02:00:00+00:00
[2025-11-22T23:44:01.092+0000] {processor.py:208} INFO - Processing /opt/airflow/dags/ETL_Import_Tables.py took 0.561 seconds
[2025-11-22T23:44:31.352+0000] {processor.py:186} INFO - Started process (PID=1907) to work on /opt/airflow/dags/ETL_Import_Tables.py
[2025-11-22T23:44:31.354+0000] {processor.py:914} INFO - Processing file /opt/airflow/dags/ETL_Import_Tables.py for tasks to queue
[2025-11-22T23:44:31.358+0000] {logging_mixin.py:190} INFO - [2025-11-22T23:44:31.358+0000] {dagbag.py:587} INFO - Filling up the DagBag from /opt/airflow/dags/ETL_Import_Tables.py
[2025-11-22T23:44:31.384+0000] {processor.py:925} INFO - DAG(s) 'ETL_Import_User_Session_Tables' retrieved from /opt/airflow/dags/ETL_Import_Tables.py
[2025-11-22T23:44:31.429+0000] {logging_mixin.py:190} INFO - [2025-11-22T23:44:31.428+0000] {dag.py:3229} INFO - Sync 1 DAGs
[2025-11-22T23:44:31.478+0000] {logging_mixin.py:190} INFO - [2025-11-22T23:44:31.478+0000] {dag.py:4156} INFO - Setting next_dagrun for ETL_Import_User_Session_Tables to 2025-11-21 02:00:00+00:00, run_after=2025-11-22 02:00:00+00:00
[2025-11-22T23:44:31.509+0000] {processor.py:208} INFO - Processing /opt/airflow/dags/ETL_Import_Tables.py took 0.171 seconds
[2025-11-22T23:45:01.935+0000] {processor.py:186} INFO - Started process (PID=1948) to work on /opt/airflow/dags/ETL_Import_Tables.py
[2025-11-22T23:45:01.936+0000] {processor.py:914} INFO - Processing file /opt/airflow/dags/ETL_Import_Tables.py for tasks to queue
[2025-11-22T23:45:01.941+0000] {logging_mixin.py:190} INFO - [2025-11-22T23:45:01.940+0000] {dagbag.py:587} INFO - Filling up the DagBag from /opt/airflow/dags/ETL_Import_Tables.py
[2025-11-22T23:45:01.963+0000] {processor.py:925} INFO - DAG(s) 'ETL_Import_User_Session_Tables' retrieved from /opt/airflow/dags/ETL_Import_Tables.py
[2025-11-22T23:45:02.003+0000] {logging_mixin.py:190} INFO - [2025-11-22T23:45:02.002+0000] {dag.py:3229} INFO - Sync 1 DAGs
[2025-11-22T23:45:02.049+0000] {logging_mixin.py:190} INFO - [2025-11-22T23:45:02.048+0000] {dag.py:4156} INFO - Setting next_dagrun for ETL_Import_User_Session_Tables to 2025-11-21 02:00:00+00:00, run_after=2025-11-22 02:00:00+00:00
[2025-11-22T23:45:02.098+0000] {processor.py:208} INFO - Processing /opt/airflow/dags/ETL_Import_Tables.py took 0.175 seconds
[2025-11-22T23:45:32.263+0000] {processor.py:186} INFO - Started process (PID=1986) to work on /opt/airflow/dags/ETL_Import_Tables.py
[2025-11-22T23:45:32.265+0000] {processor.py:914} INFO - Processing file /opt/airflow/dags/ETL_Import_Tables.py for tasks to queue
[2025-11-22T23:45:32.272+0000] {logging_mixin.py:190} INFO - [2025-11-22T23:45:32.271+0000] {dagbag.py:587} INFO - Filling up the DagBag from /opt/airflow/dags/ETL_Import_Tables.py
[2025-11-22T23:45:32.299+0000] {processor.py:925} INFO - DAG(s) 'ETL_Import_User_Session_Tables' retrieved from /opt/airflow/dags/ETL_Import_Tables.py
[2025-11-22T23:45:32.347+0000] {logging_mixin.py:190} INFO - [2025-11-22T23:45:32.346+0000] {dag.py:3229} INFO - Sync 1 DAGs
[2025-11-22T23:45:32.405+0000] {logging_mixin.py:190} INFO - [2025-11-22T23:45:32.404+0000] {dag.py:4156} INFO - Setting next_dagrun for ETL_Import_User_Session_Tables to 2025-11-21 02:00:00+00:00, run_after=2025-11-22 02:00:00+00:00
[2025-11-22T23:45:32.445+0000] {processor.py:208} INFO - Processing /opt/airflow/dags/ETL_Import_Tables.py took 0.196 seconds
[2025-11-22T23:46:02.566+0000] {processor.py:186} INFO - Started process (PID=2028) to work on /opt/airflow/dags/ETL_Import_Tables.py
[2025-11-22T23:46:02.570+0000] {processor.py:914} INFO - Processing file /opt/airflow/dags/ETL_Import_Tables.py for tasks to queue
[2025-11-22T23:46:02.577+0000] {logging_mixin.py:190} INFO - [2025-11-22T23:46:02.576+0000] {dagbag.py:587} INFO - Filling up the DagBag from /opt/airflow/dags/ETL_Import_Tables.py
[2025-11-22T23:46:02.606+0000] {processor.py:925} INFO - DAG(s) 'ETL_Import_User_Session_Tables' retrieved from /opt/airflow/dags/ETL_Import_Tables.py
[2025-11-22T23:46:02.651+0000] {logging_mixin.py:190} INFO - [2025-11-22T23:46:02.649+0000] {dag.py:3229} INFO - Sync 1 DAGs
[2025-11-22T23:46:02.695+0000] {logging_mixin.py:190} INFO - [2025-11-22T23:46:02.694+0000] {dag.py:4156} INFO - Setting next_dagrun for ETL_Import_User_Session_Tables to 2025-11-21 02:00:00+00:00, run_after=2025-11-22 02:00:00+00:00
[2025-11-22T23:46:02.731+0000] {processor.py:208} INFO - Processing /opt/airflow/dags/ETL_Import_Tables.py took 0.178 seconds
[2025-11-22T23:46:33.048+0000] {processor.py:186} INFO - Started process (PID=2070) to work on /opt/airflow/dags/ETL_Import_Tables.py
[2025-11-22T23:46:33.051+0000] {processor.py:914} INFO - Processing file /opt/airflow/dags/ETL_Import_Tables.py for tasks to queue
[2025-11-22T23:46:33.057+0000] {logging_mixin.py:190} INFO - [2025-11-22T23:46:33.056+0000] {dagbag.py:587} INFO - Filling up the DagBag from /opt/airflow/dags/ETL_Import_Tables.py
[2025-11-22T23:46:33.087+0000] {processor.py:925} INFO - DAG(s) 'ETL_Import_User_Session_Tables' retrieved from /opt/airflow/dags/ETL_Import_Tables.py
[2025-11-22T23:46:33.135+0000] {logging_mixin.py:190} INFO - [2025-11-22T23:46:33.134+0000] {dag.py:3229} INFO - Sync 1 DAGs
[2025-11-22T23:46:33.181+0000] {logging_mixin.py:190} INFO - [2025-11-22T23:46:33.181+0000] {dag.py:4156} INFO - Setting next_dagrun for ETL_Import_User_Session_Tables to 2025-11-21 02:00:00+00:00, run_after=2025-11-22 02:00:00+00:00
[2025-11-22T23:46:33.216+0000] {processor.py:208} INFO - Processing /opt/airflow/dags/ETL_Import_Tables.py took 0.180 seconds
[2025-11-22T23:47:03.739+0000] {processor.py:186} INFO - Started process (PID=2111) to work on /opt/airflow/dags/ETL_Import_Tables.py
[2025-11-22T23:47:03.745+0000] {processor.py:914} INFO - Processing file /opt/airflow/dags/ETL_Import_Tables.py for tasks to queue
[2025-11-22T23:47:03.756+0000] {logging_mixin.py:190} INFO - [2025-11-22T23:47:03.754+0000] {dagbag.py:587} INFO - Filling up the DagBag from /opt/airflow/dags/ETL_Import_Tables.py
[2025-11-22T23:47:03.806+0000] {processor.py:925} INFO - DAG(s) 'ETL_Import_User_Session_Tables' retrieved from /opt/airflow/dags/ETL_Import_Tables.py
[2025-11-22T23:47:04.009+0000] {logging_mixin.py:190} INFO - [2025-11-22T23:47:04.003+0000] {dag.py:3229} INFO - Sync 1 DAGs
[2025-11-22T23:47:04.209+0000] {logging_mixin.py:190} INFO - [2025-11-22T23:47:04.204+0000] {dag.py:4156} INFO - Setting next_dagrun for ETL_Import_User_Session_Tables to 2025-11-21 02:00:00+00:00, run_after=2025-11-22 02:00:00+00:00
[2025-11-22T23:47:04.324+0000] {processor.py:208} INFO - Processing /opt/airflow/dags/ETL_Import_Tables.py took 0.608 seconds
[2025-11-22T23:47:34.807+0000] {processor.py:186} INFO - Started process (PID=2147) to work on /opt/airflow/dags/ETL_Import_Tables.py
[2025-11-22T23:47:34.809+0000] {processor.py:914} INFO - Processing file /opt/airflow/dags/ETL_Import_Tables.py for tasks to queue
[2025-11-22T23:47:34.812+0000] {logging_mixin.py:190} INFO - [2025-11-22T23:47:34.811+0000] {dagbag.py:587} INFO - Filling up the DagBag from /opt/airflow/dags/ETL_Import_Tables.py
[2025-11-22T23:47:34.836+0000] {processor.py:925} INFO - DAG(s) 'ETL_Import_User_Session_Tables' retrieved from /opt/airflow/dags/ETL_Import_Tables.py
[2025-11-22T23:47:34.884+0000] {logging_mixin.py:190} INFO - [2025-11-22T23:47:34.881+0000] {dag.py:3229} INFO - Sync 1 DAGs
[2025-11-22T23:47:34.933+0000] {logging_mixin.py:190} INFO - [2025-11-22T23:47:34.933+0000] {dag.py:4156} INFO - Setting next_dagrun for ETL_Import_User_Session_Tables to 2025-11-21 02:00:00+00:00, run_after=2025-11-22 02:00:00+00:00
[2025-11-22T23:47:34.989+0000] {processor.py:208} INFO - Processing /opt/airflow/dags/ETL_Import_Tables.py took 0.195 seconds
[2025-11-22T23:48:05.786+0000] {processor.py:186} INFO - Started process (PID=2175) to work on /opt/airflow/dags/ETL_Import_Tables.py
[2025-11-22T23:48:05.789+0000] {processor.py:914} INFO - Processing file /opt/airflow/dags/ETL_Import_Tables.py for tasks to queue
[2025-11-22T23:48:05.791+0000] {logging_mixin.py:190} INFO - [2025-11-22T23:48:05.790+0000] {dagbag.py:587} INFO - Filling up the DagBag from /opt/airflow/dags/ETL_Import_Tables.py
[2025-11-22T23:48:05.814+0000] {processor.py:925} INFO - DAG(s) 'ETL_Import_User_Session_Tables' retrieved from /opt/airflow/dags/ETL_Import_Tables.py
[2025-11-22T23:48:05.861+0000] {logging_mixin.py:190} INFO - [2025-11-22T23:48:05.859+0000] {dag.py:3229} INFO - Sync 1 DAGs
[2025-11-22T23:48:05.907+0000] {logging_mixin.py:190} INFO - [2025-11-22T23:48:05.907+0000] {dag.py:4156} INFO - Setting next_dagrun for ETL_Import_User_Session_Tables to 2025-11-21 02:00:00+00:00, run_after=2025-11-22 02:00:00+00:00
[2025-11-22T23:48:05.970+0000] {processor.py:208} INFO - Processing /opt/airflow/dags/ETL_Import_Tables.py took 0.196 seconds
[2025-11-22T23:48:36.712+0000] {processor.py:186} INFO - Started process (PID=2206) to work on /opt/airflow/dags/ETL_Import_Tables.py
[2025-11-22T23:48:36.724+0000] {processor.py:914} INFO - Processing file /opt/airflow/dags/ETL_Import_Tables.py for tasks to queue
[2025-11-22T23:48:36.732+0000] {logging_mixin.py:190} INFO - [2025-11-22T23:48:36.731+0000] {dagbag.py:587} INFO - Filling up the DagBag from /opt/airflow/dags/ETL_Import_Tables.py
[2025-11-22T23:48:36.786+0000] {processor.py:925} INFO - DAG(s) 'ETL_Import_User_Session_Tables' retrieved from /opt/airflow/dags/ETL_Import_Tables.py
[2025-11-22T23:48:36.857+0000] {logging_mixin.py:190} INFO - [2025-11-22T23:48:36.854+0000] {dag.py:3229} INFO - Sync 1 DAGs
[2025-11-22T23:48:36.927+0000] {logging_mixin.py:190} INFO - [2025-11-22T23:48:36.926+0000] {dag.py:4156} INFO - Setting next_dagrun for ETL_Import_User_Session_Tables to 2025-11-21 02:00:00+00:00, run_after=2025-11-22 02:00:00+00:00
[2025-11-22T23:48:36.965+0000] {processor.py:208} INFO - Processing /opt/airflow/dags/ETL_Import_Tables.py took 0.326 seconds
[2025-11-22T23:49:07.137+0000] {processor.py:186} INFO - Started process (PID=2237) to work on /opt/airflow/dags/ETL_Import_Tables.py
[2025-11-22T23:49:07.138+0000] {processor.py:914} INFO - Processing file /opt/airflow/dags/ETL_Import_Tables.py for tasks to queue
[2025-11-22T23:49:07.141+0000] {logging_mixin.py:190} INFO - [2025-11-22T23:49:07.140+0000] {dagbag.py:587} INFO - Filling up the DagBag from /opt/airflow/dags/ETL_Import_Tables.py
[2025-11-22T23:49:07.165+0000] {processor.py:925} INFO - DAG(s) 'ETL_Import_User_Session_Tables' retrieved from /opt/airflow/dags/ETL_Import_Tables.py
[2025-11-22T23:49:07.206+0000] {logging_mixin.py:190} INFO - [2025-11-22T23:49:07.204+0000] {dag.py:3229} INFO - Sync 1 DAGs
[2025-11-22T23:49:07.248+0000] {logging_mixin.py:190} INFO - [2025-11-22T23:49:07.248+0000] {dag.py:4156} INFO - Setting next_dagrun for ETL_Import_User_Session_Tables to 2025-11-21 02:00:00+00:00, run_after=2025-11-22 02:00:00+00:00
[2025-11-22T23:49:07.283+0000] {processor.py:208} INFO - Processing /opt/airflow/dags/ETL_Import_Tables.py took 0.156 seconds
[2025-11-22T23:49:38.042+0000] {processor.py:186} INFO - Started process (PID=2268) to work on /opt/airflow/dags/ETL_Import_Tables.py
[2025-11-22T23:49:38.044+0000] {processor.py:914} INFO - Processing file /opt/airflow/dags/ETL_Import_Tables.py for tasks to queue
[2025-11-22T23:49:38.046+0000] {logging_mixin.py:190} INFO - [2025-11-22T23:49:38.046+0000] {dagbag.py:587} INFO - Filling up the DagBag from /opt/airflow/dags/ETL_Import_Tables.py
[2025-11-22T23:49:38.067+0000] {processor.py:925} INFO - DAG(s) 'ETL_Import_User_Session_Tables' retrieved from /opt/airflow/dags/ETL_Import_Tables.py
[2025-11-22T23:49:38.106+0000] {logging_mixin.py:190} INFO - [2025-11-22T23:49:38.103+0000] {dag.py:3229} INFO - Sync 1 DAGs
[2025-11-22T23:49:38.149+0000] {logging_mixin.py:190} INFO - [2025-11-22T23:49:38.148+0000] {dag.py:4156} INFO - Setting next_dagrun for ETL_Import_User_Session_Tables to 2025-11-21 02:00:00+00:00, run_after=2025-11-22 02:00:00+00:00
[2025-11-22T23:49:38.181+0000] {processor.py:208} INFO - Processing /opt/airflow/dags/ETL_Import_Tables.py took 0.150 seconds
[2025-11-22T23:50:08.313+0000] {processor.py:186} INFO - Started process (PID=2308) to work on /opt/airflow/dags/ETL_Import_Tables.py
[2025-11-22T23:50:08.316+0000] {processor.py:914} INFO - Processing file /opt/airflow/dags/ETL_Import_Tables.py for tasks to queue
[2025-11-22T23:50:08.322+0000] {logging_mixin.py:190} INFO - [2025-11-22T23:50:08.321+0000] {dagbag.py:587} INFO - Filling up the DagBag from /opt/airflow/dags/ETL_Import_Tables.py
[2025-11-22T23:50:08.357+0000] {processor.py:925} INFO - DAG(s) 'ETL_Import_User_Session_Tables' retrieved from /opt/airflow/dags/ETL_Import_Tables.py
[2025-11-22T23:50:08.526+0000] {logging_mixin.py:190} INFO - [2025-11-22T23:50:08.523+0000] {dag.py:3229} INFO - Sync 1 DAGs
[2025-11-22T23:50:08.659+0000] {logging_mixin.py:190} INFO - [2025-11-22T23:50:08.658+0000] {dag.py:4156} INFO - Setting next_dagrun for ETL_Import_User_Session_Tables to 2025-11-21 02:00:00+00:00, run_after=2025-11-22 02:00:00+00:00
[2025-11-22T23:50:08.715+0000] {processor.py:208} INFO - Processing /opt/airflow/dags/ETL_Import_Tables.py took 0.420 seconds
[2025-11-22T23:50:38.920+0000] {processor.py:186} INFO - Started process (PID=2347) to work on /opt/airflow/dags/ETL_Import_Tables.py
[2025-11-22T23:50:38.923+0000] {processor.py:914} INFO - Processing file /opt/airflow/dags/ETL_Import_Tables.py for tasks to queue
[2025-11-22T23:50:38.926+0000] {logging_mixin.py:190} INFO - [2025-11-22T23:50:38.925+0000] {dagbag.py:587} INFO - Filling up the DagBag from /opt/airflow/dags/ETL_Import_Tables.py
[2025-11-22T23:50:39.093+0000] {processor.py:925} INFO - DAG(s) 'ETL_Import_User_Session_Tables' retrieved from /opt/airflow/dags/ETL_Import_Tables.py
[2025-11-22T23:50:39.207+0000] {logging_mixin.py:190} INFO - [2025-11-22T23:50:39.204+0000] {dag.py:3229} INFO - Sync 1 DAGs
[2025-11-22T23:50:39.375+0000] {logging_mixin.py:190} INFO - [2025-11-22T23:50:39.363+0000] {dag.py:4156} INFO - Setting next_dagrun for ETL_Import_User_Session_Tables to 2025-11-21 02:00:00+00:00, run_after=2025-11-22 02:00:00+00:00
[2025-11-22T23:50:39.527+0000] {processor.py:208} INFO - Processing /opt/airflow/dags/ETL_Import_Tables.py took 0.622 seconds
[2025-11-22T23:51:10.223+0000] {processor.py:186} INFO - Started process (PID=2385) to work on /opt/airflow/dags/ETL_Import_Tables.py
[2025-11-22T23:51:10.225+0000] {processor.py:914} INFO - Processing file /opt/airflow/dags/ETL_Import_Tables.py for tasks to queue
[2025-11-22T23:51:10.228+0000] {logging_mixin.py:190} INFO - [2025-11-22T23:51:10.227+0000] {dagbag.py:587} INFO - Filling up the DagBag from /opt/airflow/dags/ETL_Import_Tables.py
[2025-11-22T23:51:10.260+0000] {processor.py:925} INFO - DAG(s) 'ETL_Import_User_Session_Tables' retrieved from /opt/airflow/dags/ETL_Import_Tables.py
[2025-11-22T23:51:10.349+0000] {logging_mixin.py:190} INFO - [2025-11-22T23:51:10.341+0000] {dag.py:3229} INFO - Sync 1 DAGs
[2025-11-22T23:51:10.400+0000] {logging_mixin.py:190} INFO - [2025-11-22T23:51:10.400+0000] {dag.py:4156} INFO - Setting next_dagrun for ETL_Import_User_Session_Tables to 2025-11-21 02:00:00+00:00, run_after=2025-11-22 02:00:00+00:00
[2025-11-22T23:51:10.475+0000] {processor.py:208} INFO - Processing /opt/airflow/dags/ETL_Import_Tables.py took 0.267 seconds
[2025-11-22T23:51:40.653+0000] {processor.py:186} INFO - Started process (PID=2426) to work on /opt/airflow/dags/ETL_Import_Tables.py
[2025-11-22T23:51:40.656+0000] {processor.py:914} INFO - Processing file /opt/airflow/dags/ETL_Import_Tables.py for tasks to queue
[2025-11-22T23:51:40.660+0000] {logging_mixin.py:190} INFO - [2025-11-22T23:51:40.659+0000] {dagbag.py:587} INFO - Filling up the DagBag from /opt/airflow/dags/ETL_Import_Tables.py
[2025-11-22T23:51:40.688+0000] {processor.py:925} INFO - DAG(s) 'ETL_Import_User_Session_Tables' retrieved from /opt/airflow/dags/ETL_Import_Tables.py
[2025-11-22T23:51:40.737+0000] {logging_mixin.py:190} INFO - [2025-11-22T23:51:40.734+0000] {dag.py:3229} INFO - Sync 1 DAGs
[2025-11-22T23:51:40.783+0000] {logging_mixin.py:190} INFO - [2025-11-22T23:51:40.782+0000] {dag.py:4156} INFO - Setting next_dagrun for ETL_Import_User_Session_Tables to 2025-11-21 02:00:00+00:00, run_after=2025-11-22 02:00:00+00:00
[2025-11-22T23:51:40.813+0000] {processor.py:208} INFO - Processing /opt/airflow/dags/ETL_Import_Tables.py took 0.171 seconds
[2025-11-22T23:52:11.108+0000] {processor.py:186} INFO - Started process (PID=2467) to work on /opt/airflow/dags/ETL_Import_Tables.py
[2025-11-22T23:52:11.111+0000] {processor.py:914} INFO - Processing file /opt/airflow/dags/ETL_Import_Tables.py for tasks to queue
[2025-11-22T23:52:11.115+0000] {logging_mixin.py:190} INFO - [2025-11-22T23:52:11.114+0000] {dagbag.py:587} INFO - Filling up the DagBag from /opt/airflow/dags/ETL_Import_Tables.py
[2025-11-22T23:52:11.146+0000] {processor.py:925} INFO - DAG(s) 'ETL_Import_User_Session_Tables' retrieved from /opt/airflow/dags/ETL_Import_Tables.py
[2025-11-22T23:52:11.196+0000] {logging_mixin.py:190} INFO - [2025-11-22T23:52:11.193+0000] {dag.py:3229} INFO - Sync 1 DAGs
[2025-11-22T23:52:11.263+0000] {logging_mixin.py:190} INFO - [2025-11-22T23:52:11.262+0000] {dag.py:4156} INFO - Setting next_dagrun for ETL_Import_User_Session_Tables to 2025-11-21 02:00:00+00:00, run_after=2025-11-22 02:00:00+00:00
[2025-11-22T23:52:11.314+0000] {processor.py:208} INFO - Processing /opt/airflow/dags/ETL_Import_Tables.py took 0.245 seconds
[2025-11-22T23:52:41.602+0000] {processor.py:186} INFO - Started process (PID=2508) to work on /opt/airflow/dags/ETL_Import_Tables.py
[2025-11-22T23:52:41.606+0000] {processor.py:914} INFO - Processing file /opt/airflow/dags/ETL_Import_Tables.py for tasks to queue
[2025-11-22T23:52:41.611+0000] {logging_mixin.py:190} INFO - [2025-11-22T23:52:41.610+0000] {dagbag.py:587} INFO - Filling up the DagBag from /opt/airflow/dags/ETL_Import_Tables.py
[2025-11-22T23:52:41.639+0000] {processor.py:925} INFO - DAG(s) 'ETL_Import_User_Session_Tables' retrieved from /opt/airflow/dags/ETL_Import_Tables.py
[2025-11-22T23:52:41.677+0000] {logging_mixin.py:190} INFO - [2025-11-22T23:52:41.675+0000] {dag.py:3229} INFO - Sync 1 DAGs
[2025-11-22T23:52:41.719+0000] {logging_mixin.py:190} INFO - [2025-11-22T23:52:41.719+0000] {dag.py:4156} INFO - Setting next_dagrun for ETL_Import_User_Session_Tables to 2025-11-21 02:00:00+00:00, run_after=2025-11-22 02:00:00+00:00
[2025-11-22T23:52:41.751+0000] {processor.py:208} INFO - Processing /opt/airflow/dags/ETL_Import_Tables.py took 0.165 seconds
[2025-11-22T23:53:12.533+0000] {processor.py:186} INFO - Started process (PID=2550) to work on /opt/airflow/dags/ETL_Import_Tables.py
[2025-11-22T23:53:12.537+0000] {processor.py:914} INFO - Processing file /opt/airflow/dags/ETL_Import_Tables.py for tasks to queue
[2025-11-22T23:53:12.545+0000] {logging_mixin.py:190} INFO - [2025-11-22T23:53:12.545+0000] {dagbag.py:587} INFO - Filling up the DagBag from /opt/airflow/dags/ETL_Import_Tables.py
[2025-11-22T23:53:12.577+0000] {processor.py:925} INFO - DAG(s) 'ETL_Import_User_Session_Tables' retrieved from /opt/airflow/dags/ETL_Import_Tables.py
[2025-11-22T23:53:12.628+0000] {logging_mixin.py:190} INFO - [2025-11-22T23:53:12.626+0000] {dag.py:3229} INFO - Sync 1 DAGs
[2025-11-22T23:53:12.689+0000] {logging_mixin.py:190} INFO - [2025-11-22T23:53:12.688+0000] {dag.py:4156} INFO - Setting next_dagrun for ETL_Import_User_Session_Tables to 2025-11-21 02:00:00+00:00, run_after=2025-11-22 02:00:00+00:00
[2025-11-22T23:53:12.731+0000] {processor.py:208} INFO - Processing /opt/airflow/dags/ETL_Import_Tables.py took 0.215 seconds
[2025-11-22T23:53:42.890+0000] {processor.py:186} INFO - Started process (PID=2590) to work on /opt/airflow/dags/ETL_Import_Tables.py
[2025-11-22T23:53:42.892+0000] {processor.py:914} INFO - Processing file /opt/airflow/dags/ETL_Import_Tables.py for tasks to queue
[2025-11-22T23:53:42.894+0000] {logging_mixin.py:190} INFO - [2025-11-22T23:53:42.894+0000] {dagbag.py:587} INFO - Filling up the DagBag from /opt/airflow/dags/ETL_Import_Tables.py
[2025-11-22T23:53:42.915+0000] {processor.py:925} INFO - DAG(s) 'ETL_Import_User_Session_Tables' retrieved from /opt/airflow/dags/ETL_Import_Tables.py
[2025-11-22T23:53:42.960+0000] {logging_mixin.py:190} INFO - [2025-11-22T23:53:42.958+0000] {dag.py:3229} INFO - Sync 1 DAGs
[2025-11-22T23:53:43.004+0000] {logging_mixin.py:190} INFO - [2025-11-22T23:53:43.004+0000] {dag.py:4156} INFO - Setting next_dagrun for ETL_Import_User_Session_Tables to 2025-11-21 02:00:00+00:00, run_after=2025-11-22 02:00:00+00:00
[2025-11-22T23:53:43.041+0000] {processor.py:208} INFO - Processing /opt/airflow/dags/ETL_Import_Tables.py took 0.164 seconds
[2025-11-22T23:54:13.330+0000] {processor.py:186} INFO - Started process (PID=2631) to work on /opt/airflow/dags/ETL_Import_Tables.py
[2025-11-22T23:54:13.332+0000] {processor.py:914} INFO - Processing file /opt/airflow/dags/ETL_Import_Tables.py for tasks to queue
[2025-11-22T23:54:13.335+0000] {logging_mixin.py:190} INFO - [2025-11-22T23:54:13.334+0000] {dagbag.py:587} INFO - Filling up the DagBag from /opt/airflow/dags/ETL_Import_Tables.py
[2025-11-22T23:54:13.357+0000] {processor.py:925} INFO - DAG(s) 'ETL_Import_User_Session_Tables' retrieved from /opt/airflow/dags/ETL_Import_Tables.py
[2025-11-22T23:54:13.398+0000] {logging_mixin.py:190} INFO - [2025-11-22T23:54:13.396+0000] {dag.py:3229} INFO - Sync 1 DAGs
[2025-11-22T23:54:13.441+0000] {logging_mixin.py:190} INFO - [2025-11-22T23:54:13.441+0000] {dag.py:4156} INFO - Setting next_dagrun for ETL_Import_User_Session_Tables to 2025-11-21 02:00:00+00:00, run_after=2025-11-22 02:00:00+00:00
[2025-11-22T23:54:13.475+0000] {processor.py:208} INFO - Processing /opt/airflow/dags/ETL_Import_Tables.py took 0.156 seconds
[2025-11-22T23:54:44.245+0000] {processor.py:186} INFO - Started process (PID=2670) to work on /opt/airflow/dags/ETL_Import_Tables.py
[2025-11-22T23:54:44.248+0000] {processor.py:914} INFO - Processing file /opt/airflow/dags/ETL_Import_Tables.py for tasks to queue
[2025-11-22T23:54:44.252+0000] {logging_mixin.py:190} INFO - [2025-11-22T23:54:44.250+0000] {dagbag.py:587} INFO - Filling up the DagBag from /opt/airflow/dags/ETL_Import_Tables.py
[2025-11-22T23:54:44.284+0000] {processor.py:925} INFO - DAG(s) 'ETL_Import_User_Session_Tables' retrieved from /opt/airflow/dags/ETL_Import_Tables.py
[2025-11-22T23:54:44.332+0000] {logging_mixin.py:190} INFO - [2025-11-22T23:54:44.330+0000] {dag.py:3229} INFO - Sync 1 DAGs
[2025-11-22T23:54:44.386+0000] {logging_mixin.py:190} INFO - [2025-11-22T23:54:44.385+0000] {dag.py:4156} INFO - Setting next_dagrun for ETL_Import_User_Session_Tables to 2025-11-21 02:00:00+00:00, run_after=2025-11-22 02:00:00+00:00
[2025-11-22T23:54:44.417+0000] {processor.py:208} INFO - Processing /opt/airflow/dags/ETL_Import_Tables.py took 0.189 seconds
[2025-11-22T23:55:14.511+0000] {processor.py:186} INFO - Started process (PID=2708) to work on /opt/airflow/dags/ETL_Import_Tables.py
[2025-11-22T23:55:14.515+0000] {processor.py:914} INFO - Processing file /opt/airflow/dags/ETL_Import_Tables.py for tasks to queue
[2025-11-22T23:55:14.519+0000] {logging_mixin.py:190} INFO - [2025-11-22T23:55:14.518+0000] {dagbag.py:587} INFO - Filling up the DagBag from /opt/airflow/dags/ETL_Import_Tables.py
[2025-11-22T23:55:14.553+0000] {processor.py:925} INFO - DAG(s) 'ETL_Import_User_Session_Tables' retrieved from /opt/airflow/dags/ETL_Import_Tables.py
[2025-11-22T23:55:14.606+0000] {logging_mixin.py:190} INFO - [2025-11-22T23:55:14.604+0000] {dag.py:3229} INFO - Sync 1 DAGs
[2025-11-22T23:55:14.756+0000] {logging_mixin.py:190} INFO - [2025-11-22T23:55:14.755+0000] {dag.py:4156} INFO - Setting next_dagrun for ETL_Import_User_Session_Tables to 2025-11-21 02:00:00+00:00, run_after=2025-11-22 02:00:00+00:00
[2025-11-22T23:55:14.800+0000] {processor.py:208} INFO - Processing /opt/airflow/dags/ETL_Import_Tables.py took 0.302 seconds
[2025-11-22T23:55:44.923+0000] {processor.py:186} INFO - Started process (PID=2749) to work on /opt/airflow/dags/ETL_Import_Tables.py
[2025-11-22T23:55:44.924+0000] {processor.py:914} INFO - Processing file /opt/airflow/dags/ETL_Import_Tables.py for tasks to queue
[2025-11-22T23:55:44.927+0000] {logging_mixin.py:190} INFO - [2025-11-22T23:55:44.926+0000] {dagbag.py:587} INFO - Filling up the DagBag from /opt/airflow/dags/ETL_Import_Tables.py
[2025-11-22T23:55:44.948+0000] {processor.py:925} INFO - DAG(s) 'ETL_Import_User_Session_Tables' retrieved from /opt/airflow/dags/ETL_Import_Tables.py
[2025-11-22T23:55:44.989+0000] {logging_mixin.py:190} INFO - [2025-11-22T23:55:44.987+0000] {dag.py:3229} INFO - Sync 1 DAGs
[2025-11-22T23:55:45.033+0000] {logging_mixin.py:190} INFO - [2025-11-22T23:55:45.033+0000] {dag.py:4156} INFO - Setting next_dagrun for ETL_Import_User_Session_Tables to 2025-11-21 02:00:00+00:00, run_after=2025-11-22 02:00:00+00:00
[2025-11-22T23:55:45.067+0000] {processor.py:208} INFO - Processing /opt/airflow/dags/ETL_Import_Tables.py took 0.158 seconds
[2025-11-22T23:56:15.309+0000] {processor.py:186} INFO - Started process (PID=2790) to work on /opt/airflow/dags/ETL_Import_Tables.py
[2025-11-22T23:56:15.311+0000] {processor.py:914} INFO - Processing file /opt/airflow/dags/ETL_Import_Tables.py for tasks to queue
[2025-11-22T23:56:15.314+0000] {logging_mixin.py:190} INFO - [2025-11-22T23:56:15.313+0000] {dagbag.py:587} INFO - Filling up the DagBag from /opt/airflow/dags/ETL_Import_Tables.py
[2025-11-22T23:56:15.343+0000] {processor.py:925} INFO - DAG(s) 'ETL_Import_User_Session_Tables' retrieved from /opt/airflow/dags/ETL_Import_Tables.py
[2025-11-22T23:56:15.383+0000] {logging_mixin.py:190} INFO - [2025-11-22T23:56:15.382+0000] {dag.py:3229} INFO - Sync 1 DAGs
[2025-11-22T23:56:15.449+0000] {logging_mixin.py:190} INFO - [2025-11-22T23:56:15.447+0000] {dag.py:4156} INFO - Setting next_dagrun for ETL_Import_User_Session_Tables to 2025-11-21 02:00:00+00:00, run_after=2025-11-22 02:00:00+00:00
[2025-11-22T23:56:15.560+0000] {processor.py:208} INFO - Processing /opt/airflow/dags/ETL_Import_Tables.py took 0.289 seconds
[2025-11-22T23:56:45.802+0000] {processor.py:186} INFO - Started process (PID=2828) to work on /opt/airflow/dags/ETL_Import_Tables.py
[2025-11-22T23:56:45.806+0000] {processor.py:914} INFO - Processing file /opt/airflow/dags/ETL_Import_Tables.py for tasks to queue
[2025-11-22T23:56:45.815+0000] {logging_mixin.py:190} INFO - [2025-11-22T23:56:45.812+0000] {dagbag.py:587} INFO - Filling up the DagBag from /opt/airflow/dags/ETL_Import_Tables.py
[2025-11-22T23:56:45.893+0000] {processor.py:925} INFO - DAG(s) 'ETL_Import_User_Session_Tables' retrieved from /opt/airflow/dags/ETL_Import_Tables.py
[2025-11-22T23:56:46.060+0000] {logging_mixin.py:190} INFO - [2025-11-22T23:56:46.057+0000] {dag.py:3229} INFO - Sync 1 DAGs
[2025-11-22T23:56:46.138+0000] {logging_mixin.py:190} INFO - [2025-11-22T23:56:46.135+0000] {dag.py:4156} INFO - Setting next_dagrun for ETL_Import_User_Session_Tables to 2025-11-21 02:00:00+00:00, run_after=2025-11-22 02:00:00+00:00
[2025-11-22T23:56:46.221+0000] {processor.py:208} INFO - Processing /opt/airflow/dags/ETL_Import_Tables.py took 0.491 seconds
[2025-11-22T23:57:16.570+0000] {processor.py:186} INFO - Started process (PID=2869) to work on /opt/airflow/dags/ETL_Import_Tables.py
[2025-11-22T23:57:16.572+0000] {processor.py:914} INFO - Processing file /opt/airflow/dags/ETL_Import_Tables.py for tasks to queue
[2025-11-22T23:57:16.575+0000] {logging_mixin.py:190} INFO - [2025-11-22T23:57:16.574+0000] {dagbag.py:587} INFO - Filling up the DagBag from /opt/airflow/dags/ETL_Import_Tables.py
[2025-11-22T23:57:16.602+0000] {processor.py:925} INFO - DAG(s) 'ETL_Import_User_Session_Tables' retrieved from /opt/airflow/dags/ETL_Import_Tables.py
[2025-11-22T23:57:16.644+0000] {logging_mixin.py:190} INFO - [2025-11-22T23:57:16.641+0000] {dag.py:3229} INFO - Sync 1 DAGs
[2025-11-22T23:57:16.699+0000] {logging_mixin.py:190} INFO - [2025-11-22T23:57:16.699+0000] {dag.py:4156} INFO - Setting next_dagrun for ETL_Import_User_Session_Tables to 2025-11-21 02:00:00+00:00, run_after=2025-11-22 02:00:00+00:00
[2025-11-22T23:57:16.732+0000] {processor.py:208} INFO - Processing /opt/airflow/dags/ETL_Import_Tables.py took 0.174 seconds
[2025-11-22T23:57:47.055+0000] {processor.py:186} INFO - Started process (PID=2910) to work on /opt/airflow/dags/ETL_Import_Tables.py
[2025-11-22T23:57:47.056+0000] {processor.py:914} INFO - Processing file /opt/airflow/dags/ETL_Import_Tables.py for tasks to queue
[2025-11-22T23:57:47.059+0000] {logging_mixin.py:190} INFO - [2025-11-22T23:57:47.058+0000] {dagbag.py:587} INFO - Filling up the DagBag from /opt/airflow/dags/ETL_Import_Tables.py
[2025-11-22T23:57:47.085+0000] {processor.py:925} INFO - DAG(s) 'ETL_Import_User_Session_Tables' retrieved from /opt/airflow/dags/ETL_Import_Tables.py
[2025-11-22T23:57:47.132+0000] {logging_mixin.py:190} INFO - [2025-11-22T23:57:47.129+0000] {dag.py:3229} INFO - Sync 1 DAGs
[2025-11-22T23:57:47.179+0000] {logging_mixin.py:190} INFO - [2025-11-22T23:57:47.179+0000] {dag.py:4156} INFO - Setting next_dagrun for ETL_Import_User_Session_Tables to 2025-11-21 02:00:00+00:00, run_after=2025-11-22 02:00:00+00:00
[2025-11-22T23:57:47.212+0000] {processor.py:208} INFO - Processing /opt/airflow/dags/ETL_Import_Tables.py took 0.171 seconds
[2025-11-22T23:58:17.335+0000] {processor.py:186} INFO - Started process (PID=2951) to work on /opt/airflow/dags/ETL_Import_Tables.py
[2025-11-22T23:58:17.336+0000] {processor.py:914} INFO - Processing file /opt/airflow/dags/ETL_Import_Tables.py for tasks to queue
[2025-11-22T23:58:17.339+0000] {logging_mixin.py:190} INFO - [2025-11-22T23:58:17.338+0000] {dagbag.py:587} INFO - Filling up the DagBag from /opt/airflow/dags/ETL_Import_Tables.py
[2025-11-22T23:58:17.366+0000] {processor.py:925} INFO - DAG(s) 'ETL_Import_User_Session_Tables' retrieved from /opt/airflow/dags/ETL_Import_Tables.py
[2025-11-22T23:58:17.406+0000] {logging_mixin.py:190} INFO - [2025-11-22T23:58:17.404+0000] {dag.py:3229} INFO - Sync 1 DAGs
[2025-11-22T23:58:17.452+0000] {logging_mixin.py:190} INFO - [2025-11-22T23:58:17.452+0000] {dag.py:4156} INFO - Setting next_dagrun for ETL_Import_User_Session_Tables to 2025-11-21 02:00:00+00:00, run_after=2025-11-22 02:00:00+00:00
[2025-11-22T23:58:17.487+0000] {processor.py:208} INFO - Processing /opt/airflow/dags/ETL_Import_Tables.py took 0.167 seconds
[2025-11-22T23:58:47.561+0000] {processor.py:186} INFO - Started process (PID=2992) to work on /opt/airflow/dags/ETL_Import_Tables.py
[2025-11-22T23:58:47.562+0000] {processor.py:914} INFO - Processing file /opt/airflow/dags/ETL_Import_Tables.py for tasks to queue
[2025-11-22T23:58:47.565+0000] {logging_mixin.py:190} INFO - [2025-11-22T23:58:47.564+0000] {dagbag.py:587} INFO - Filling up the DagBag from /opt/airflow/dags/ETL_Import_Tables.py
[2025-11-22T23:58:47.590+0000] {processor.py:925} INFO - DAG(s) 'ETL_Import_User_Session_Tables' retrieved from /opt/airflow/dags/ETL_Import_Tables.py
[2025-11-22T23:58:47.633+0000] {logging_mixin.py:190} INFO - [2025-11-22T23:58:47.630+0000] {dag.py:3229} INFO - Sync 1 DAGs
[2025-11-22T23:58:47.681+0000] {logging_mixin.py:190} INFO - [2025-11-22T23:58:47.681+0000] {dag.py:4156} INFO - Setting next_dagrun for ETL_Import_User_Session_Tables to 2025-11-21 02:00:00+00:00, run_after=2025-11-22 02:00:00+00:00
[2025-11-22T23:58:47.713+0000] {processor.py:208} INFO - Processing /opt/airflow/dags/ETL_Import_Tables.py took 0.164 seconds
[2025-11-22T23:59:18.583+0000] {processor.py:186} INFO - Started process (PID=3033) to work on /opt/airflow/dags/ETL_Import_Tables.py
[2025-11-22T23:59:18.585+0000] {processor.py:914} INFO - Processing file /opt/airflow/dags/ETL_Import_Tables.py for tasks to queue
[2025-11-22T23:59:18.587+0000] {logging_mixin.py:190} INFO - [2025-11-22T23:59:18.586+0000] {dagbag.py:587} INFO - Filling up the DagBag from /opt/airflow/dags/ETL_Import_Tables.py
[2025-11-22T23:59:18.608+0000] {processor.py:925} INFO - DAG(s) 'ETL_Import_User_Session_Tables' retrieved from /opt/airflow/dags/ETL_Import_Tables.py
[2025-11-22T23:59:18.647+0000] {logging_mixin.py:190} INFO - [2025-11-22T23:59:18.645+0000] {dag.py:3229} INFO - Sync 1 DAGs
[2025-11-22T23:59:18.696+0000] {logging_mixin.py:190} INFO - [2025-11-22T23:59:18.695+0000] {dag.py:4156} INFO - Setting next_dagrun for ETL_Import_User_Session_Tables to 2025-11-21 02:00:00+00:00, run_after=2025-11-22 02:00:00+00:00
[2025-11-22T23:59:18.733+0000] {processor.py:208} INFO - Processing /opt/airflow/dags/ETL_Import_Tables.py took 0.160 seconds
[2025-11-22T23:59:49.219+0000] {processor.py:186} INFO - Started process (PID=3074) to work on /opt/airflow/dags/ETL_Import_Tables.py
[2025-11-22T23:59:49.221+0000] {processor.py:914} INFO - Processing file /opt/airflow/dags/ETL_Import_Tables.py for tasks to queue
[2025-11-22T23:59:49.225+0000] {logging_mixin.py:190} INFO - [2025-11-22T23:59:49.225+0000] {dagbag.py:587} INFO - Filling up the DagBag from /opt/airflow/dags/ETL_Import_Tables.py
[2025-11-22T23:59:49.255+0000] {processor.py:925} INFO - DAG(s) 'ETL_Import_User_Session_Tables' retrieved from /opt/airflow/dags/ETL_Import_Tables.py
[2025-11-22T23:59:49.304+0000] {logging_mixin.py:190} INFO - [2025-11-22T23:59:49.302+0000] {dag.py:3229} INFO - Sync 1 DAGs
[2025-11-22T23:59:49.609+0000] {logging_mixin.py:190} INFO - [2025-11-22T23:59:49.609+0000] {dag.py:4156} INFO - Setting next_dagrun for ETL_Import_User_Session_Tables to 2025-11-21 02:00:00+00:00, run_after=2025-11-22 02:00:00+00:00
[2025-11-22T23:59:49.646+0000] {processor.py:208} INFO - Processing /opt/airflow/dags/ETL_Import_Tables.py took 0.441 seconds
