[2025-11-22T23:24:58.794+0000] {processor.py:186} INFO - Started process (PID=325) to work on /opt/airflow/dags/Medium_to_Pinecone.py
[2025-11-22T23:24:58.796+0000] {processor.py:914} INFO - Processing file /opt/airflow/dags/Medium_to_Pinecone.py for tasks to queue
[2025-11-22T23:24:58.807+0000] {logging_mixin.py:190} INFO - [2025-11-22T23:24:58.806+0000] {dagbag.py:587} INFO - Filling up the DagBag from /opt/airflow/dags/Medium_to_Pinecone.py
[2025-11-22T23:24:58.821+0000] {logging_mixin.py:190} INFO - [2025-11-22T23:24:58.816+0000] {dagbag.py:386} ERROR - Failed to import: /opt/airflow/dags/Medium_to_Pinecone.py
Traceback (most recent call last):
  File "/home/airflow/.local/lib/python3.12/site-packages/airflow/models/dagbag.py", line 382, in parse
    loader.exec_module(new_module)
  File "<frozen importlib._bootstrap_external>", line 995, in exec_module
  File "<frozen importlib._bootstrap>", line 488, in _call_with_frames_removed
  File "/opt/airflow/dags/Medium_to_Pinecone.py", line 12, in <module>
    from sentence_transformers import SentenceTransformer
ModuleNotFoundError: No module named 'sentence_transformers'
[2025-11-22T23:24:58.823+0000] {processor.py:927} WARNING - No viable dags retrieved from /opt/airflow/dags/Medium_to_Pinecone.py
[2025-11-22T23:24:58.873+0000] {processor.py:208} INFO - Processing /opt/airflow/dags/Medium_to_Pinecone.py took 0.099 seconds
[2025-11-22T23:25:30.228+0000] {processor.py:186} INFO - Started process (PID=368) to work on /opt/airflow/dags/Medium_to_Pinecone.py
[2025-11-22T23:25:30.265+0000] {processor.py:914} INFO - Processing file /opt/airflow/dags/Medium_to_Pinecone.py for tasks to queue
[2025-11-22T23:25:30.294+0000] {logging_mixin.py:190} INFO - [2025-11-22T23:25:30.290+0000] {dagbag.py:587} INFO - Filling up the DagBag from /opt/airflow/dags/Medium_to_Pinecone.py
[2025-11-22T23:25:30.346+0000] {logging_mixin.py:190} INFO - [2025-11-22T23:25:30.341+0000] {dagbag.py:386} ERROR - Failed to import: /opt/airflow/dags/Medium_to_Pinecone.py
Traceback (most recent call last):
  File "/home/airflow/.local/lib/python3.12/site-packages/airflow/models/dagbag.py", line 382, in parse
    loader.exec_module(new_module)
  File "<frozen importlib._bootstrap_external>", line 995, in exec_module
  File "<frozen importlib._bootstrap>", line 488, in _call_with_frames_removed
  File "/opt/airflow/dags/Medium_to_Pinecone.py", line 12, in <module>
    from sentence_transformers import SentenceTransformer
ModuleNotFoundError: No module named 'sentence_transformers'
[2025-11-22T23:25:30.348+0000] {processor.py:927} WARNING - No viable dags retrieved from /opt/airflow/dags/Medium_to_Pinecone.py
[2025-11-22T23:25:30.623+0000] {processor.py:208} INFO - Processing /opt/airflow/dags/Medium_to_Pinecone.py took 0.508 seconds
[2025-11-22T23:26:01.073+0000] {processor.py:186} INFO - Started process (PID=419) to work on /opt/airflow/dags/Medium_to_Pinecone.py
[2025-11-22T23:26:01.074+0000] {processor.py:914} INFO - Processing file /opt/airflow/dags/Medium_to_Pinecone.py for tasks to queue
[2025-11-22T23:26:01.078+0000] {logging_mixin.py:190} INFO - [2025-11-22T23:26:01.078+0000] {dagbag.py:587} INFO - Filling up the DagBag from /opt/airflow/dags/Medium_to_Pinecone.py
[2025-11-22T23:26:01.089+0000] {logging_mixin.py:190} INFO - [2025-11-22T23:26:01.086+0000] {dagbag.py:386} ERROR - Failed to import: /opt/airflow/dags/Medium_to_Pinecone.py
Traceback (most recent call last):
  File "/home/airflow/.local/lib/python3.12/site-packages/airflow/models/dagbag.py", line 382, in parse
    loader.exec_module(new_module)
  File "<frozen importlib._bootstrap_external>", line 995, in exec_module
  File "<frozen importlib._bootstrap>", line 488, in _call_with_frames_removed
  File "/opt/airflow/dags/Medium_to_Pinecone.py", line 12, in <module>
    from sentence_transformers import SentenceTransformer
ModuleNotFoundError: No module named 'sentence_transformers'
[2025-11-22T23:26:01.090+0000] {processor.py:927} WARNING - No viable dags retrieved from /opt/airflow/dags/Medium_to_Pinecone.py
[2025-11-22T23:26:01.129+0000] {processor.py:208} INFO - Processing /opt/airflow/dags/Medium_to_Pinecone.py took 0.065 seconds
[2025-11-22T23:26:31.247+0000] {processor.py:186} INFO - Started process (PID=458) to work on /opt/airflow/dags/Medium_to_Pinecone.py
[2025-11-22T23:26:31.251+0000] {processor.py:914} INFO - Processing file /opt/airflow/dags/Medium_to_Pinecone.py for tasks to queue
[2025-11-22T23:26:31.265+0000] {logging_mixin.py:190} INFO - [2025-11-22T23:26:31.264+0000] {dagbag.py:587} INFO - Filling up the DagBag from /opt/airflow/dags/Medium_to_Pinecone.py
[2025-11-22T23:26:31.280+0000] {logging_mixin.py:190} INFO - [2025-11-22T23:26:31.275+0000] {dagbag.py:386} ERROR - Failed to import: /opt/airflow/dags/Medium_to_Pinecone.py
Traceback (most recent call last):
  File "/home/airflow/.local/lib/python3.12/site-packages/airflow/models/dagbag.py", line 382, in parse
    loader.exec_module(new_module)
  File "<frozen importlib._bootstrap_external>", line 995, in exec_module
  File "<frozen importlib._bootstrap>", line 488, in _call_with_frames_removed
  File "/opt/airflow/dags/Medium_to_Pinecone.py", line 12, in <module>
    from sentence_transformers import SentenceTransformer
ModuleNotFoundError: No module named 'sentence_transformers'
[2025-11-22T23:26:31.282+0000] {processor.py:927} WARNING - No viable dags retrieved from /opt/airflow/dags/Medium_to_Pinecone.py
[2025-11-22T23:26:31.335+0000] {processor.py:208} INFO - Processing /opt/airflow/dags/Medium_to_Pinecone.py took 0.107 seconds
[2025-11-22T23:27:01.561+0000] {processor.py:186} INFO - Started process (PID=495) to work on /opt/airflow/dags/Medium_to_Pinecone.py
[2025-11-22T23:27:01.563+0000] {processor.py:914} INFO - Processing file /opt/airflow/dags/Medium_to_Pinecone.py for tasks to queue
[2025-11-22T23:27:01.567+0000] {logging_mixin.py:190} INFO - [2025-11-22T23:27:01.567+0000] {dagbag.py:587} INFO - Filling up the DagBag from /opt/airflow/dags/Medium_to_Pinecone.py
[2025-11-22T23:27:01.579+0000] {logging_mixin.py:190} INFO - [2025-11-22T23:27:01.576+0000] {dagbag.py:386} ERROR - Failed to import: /opt/airflow/dags/Medium_to_Pinecone.py
Traceback (most recent call last):
  File "/home/airflow/.local/lib/python3.12/site-packages/airflow/models/dagbag.py", line 382, in parse
    loader.exec_module(new_module)
  File "<frozen importlib._bootstrap_external>", line 995, in exec_module
  File "<frozen importlib._bootstrap>", line 488, in _call_with_frames_removed
  File "/opt/airflow/dags/Medium_to_Pinecone.py", line 12, in <module>
    from sentence_transformers import SentenceTransformer
ModuleNotFoundError: No module named 'sentence_transformers'
[2025-11-22T23:27:01.581+0000] {processor.py:927} WARNING - No viable dags retrieved from /opt/airflow/dags/Medium_to_Pinecone.py
[2025-11-22T23:27:01.630+0000] {processor.py:208} INFO - Processing /opt/airflow/dags/Medium_to_Pinecone.py took 0.083 seconds
[2025-11-22T23:27:31.788+0000] {processor.py:186} INFO - Started process (PID=534) to work on /opt/airflow/dags/Medium_to_Pinecone.py
[2025-11-22T23:27:31.789+0000] {processor.py:914} INFO - Processing file /opt/airflow/dags/Medium_to_Pinecone.py for tasks to queue
[2025-11-22T23:27:31.793+0000] {logging_mixin.py:190} INFO - [2025-11-22T23:27:31.793+0000] {dagbag.py:587} INFO - Filling up the DagBag from /opt/airflow/dags/Medium_to_Pinecone.py
[2025-11-22T23:27:31.803+0000] {logging_mixin.py:190} INFO - [2025-11-22T23:27:31.800+0000] {dagbag.py:386} ERROR - Failed to import: /opt/airflow/dags/Medium_to_Pinecone.py
Traceback (most recent call last):
  File "/home/airflow/.local/lib/python3.12/site-packages/airflow/models/dagbag.py", line 382, in parse
    loader.exec_module(new_module)
  File "<frozen importlib._bootstrap_external>", line 995, in exec_module
  File "<frozen importlib._bootstrap>", line 488, in _call_with_frames_removed
  File "/opt/airflow/dags/Medium_to_Pinecone.py", line 12, in <module>
    from sentence_transformers import SentenceTransformer
ModuleNotFoundError: No module named 'sentence_transformers'
[2025-11-22T23:27:31.804+0000] {processor.py:927} WARNING - No viable dags retrieved from /opt/airflow/dags/Medium_to_Pinecone.py
[2025-11-22T23:27:31.836+0000] {processor.py:208} INFO - Processing /opt/airflow/dags/Medium_to_Pinecone.py took 0.059 seconds
[2025-11-22T23:28:03.043+0000] {processor.py:186} INFO - Started process (PID=578) to work on /opt/airflow/dags/Medium_to_Pinecone.py
[2025-11-22T23:28:03.072+0000] {processor.py:914} INFO - Processing file /opt/airflow/dags/Medium_to_Pinecone.py for tasks to queue
[2025-11-22T23:28:03.236+0000] {logging_mixin.py:190} INFO - [2025-11-22T23:28:03.229+0000] {dagbag.py:587} INFO - Filling up the DagBag from /opt/airflow/dags/Medium_to_Pinecone.py
[2025-11-22T23:28:03.304+0000] {logging_mixin.py:190} INFO - [2025-11-22T23:28:03.294+0000] {dagbag.py:386} ERROR - Failed to import: /opt/airflow/dags/Medium_to_Pinecone.py
Traceback (most recent call last):
  File "/home/airflow/.local/lib/python3.12/site-packages/airflow/models/dagbag.py", line 382, in parse
    loader.exec_module(new_module)
  File "<frozen importlib._bootstrap_external>", line 995, in exec_module
  File "<frozen importlib._bootstrap>", line 488, in _call_with_frames_removed
  File "/opt/airflow/dags/Medium_to_Pinecone.py", line 12, in <module>
    from sentence_transformers import SentenceTransformer
ModuleNotFoundError: No module named 'sentence_transformers'
[2025-11-22T23:28:03.307+0000] {processor.py:927} WARNING - No viable dags retrieved from /opt/airflow/dags/Medium_to_Pinecone.py
[2025-11-22T23:28:03.640+0000] {processor.py:208} INFO - Processing /opt/airflow/dags/Medium_to_Pinecone.py took 0.988 seconds
[2025-11-22T23:28:34.017+0000] {processor.py:186} INFO - Started process (PID=616) to work on /opt/airflow/dags/Medium_to_Pinecone.py
[2025-11-22T23:28:34.020+0000] {processor.py:914} INFO - Processing file /opt/airflow/dags/Medium_to_Pinecone.py for tasks to queue
[2025-11-22T23:28:34.029+0000] {logging_mixin.py:190} INFO - [2025-11-22T23:28:34.029+0000] {dagbag.py:587} INFO - Filling up the DagBag from /opt/airflow/dags/Medium_to_Pinecone.py
[2025-11-22T23:28:34.044+0000] {logging_mixin.py:190} INFO - [2025-11-22T23:28:34.040+0000] {dagbag.py:386} ERROR - Failed to import: /opt/airflow/dags/Medium_to_Pinecone.py
Traceback (most recent call last):
  File "/home/airflow/.local/lib/python3.12/site-packages/airflow/models/dagbag.py", line 382, in parse
    loader.exec_module(new_module)
  File "<frozen importlib._bootstrap_external>", line 995, in exec_module
  File "<frozen importlib._bootstrap>", line 488, in _call_with_frames_removed
  File "/opt/airflow/dags/Medium_to_Pinecone.py", line 12, in <module>
    from sentence_transformers import SentenceTransformer
ModuleNotFoundError: No module named 'sentence_transformers'
[2025-11-22T23:28:34.047+0000] {processor.py:927} WARNING - No viable dags retrieved from /opt/airflow/dags/Medium_to_Pinecone.py
[2025-11-22T23:28:34.122+0000] {processor.py:208} INFO - Processing /opt/airflow/dags/Medium_to_Pinecone.py took 0.126 seconds
[2025-11-22T23:29:04.614+0000] {processor.py:186} INFO - Started process (PID=657) to work on /opt/airflow/dags/Medium_to_Pinecone.py
[2025-11-22T23:29:04.621+0000] {processor.py:914} INFO - Processing file /opt/airflow/dags/Medium_to_Pinecone.py for tasks to queue
[2025-11-22T23:29:04.637+0000] {logging_mixin.py:190} INFO - [2025-11-22T23:29:04.636+0000] {dagbag.py:587} INFO - Filling up the DagBag from /opt/airflow/dags/Medium_to_Pinecone.py
[2025-11-22T23:29:04.675+0000] {logging_mixin.py:190} INFO - [2025-11-22T23:29:04.666+0000] {dagbag.py:386} ERROR - Failed to import: /opt/airflow/dags/Medium_to_Pinecone.py
Traceback (most recent call last):
  File "/home/airflow/.local/lib/python3.12/site-packages/airflow/models/dagbag.py", line 382, in parse
    loader.exec_module(new_module)
  File "<frozen importlib._bootstrap_external>", line 995, in exec_module
  File "<frozen importlib._bootstrap>", line 488, in _call_with_frames_removed
  File "/opt/airflow/dags/Medium_to_Pinecone.py", line 12, in <module>
    from sentence_transformers import SentenceTransformer
ModuleNotFoundError: No module named 'sentence_transformers'
[2025-11-22T23:29:04.680+0000] {processor.py:927} WARNING - No viable dags retrieved from /opt/airflow/dags/Medium_to_Pinecone.py
[2025-11-22T23:29:04.849+0000] {processor.py:208} INFO - Processing /opt/airflow/dags/Medium_to_Pinecone.py took 0.284 seconds
[2025-11-22T23:29:35.300+0000] {processor.py:186} INFO - Started process (PID=698) to work on /opt/airflow/dags/Medium_to_Pinecone.py
[2025-11-22T23:29:35.325+0000] {processor.py:914} INFO - Processing file /opt/airflow/dags/Medium_to_Pinecone.py for tasks to queue
[2025-11-22T23:29:35.354+0000] {logging_mixin.py:190} INFO - [2025-11-22T23:29:35.352+0000] {dagbag.py:587} INFO - Filling up the DagBag from /opt/airflow/dags/Medium_to_Pinecone.py
[2025-11-22T23:29:35.366+0000] {logging_mixin.py:190} INFO - [2025-11-22T23:29:35.363+0000] {dagbag.py:386} ERROR - Failed to import: /opt/airflow/dags/Medium_to_Pinecone.py
Traceback (most recent call last):
  File "/home/airflow/.local/lib/python3.12/site-packages/airflow/models/dagbag.py", line 382, in parse
    loader.exec_module(new_module)
  File "<frozen importlib._bootstrap_external>", line 995, in exec_module
  File "<frozen importlib._bootstrap>", line 488, in _call_with_frames_removed
  File "/opt/airflow/dags/Medium_to_Pinecone.py", line 12, in <module>
    from sentence_transformers import SentenceTransformer
ModuleNotFoundError: No module named 'sentence_transformers'
[2025-11-22T23:29:35.367+0000] {processor.py:927} WARNING - No viable dags retrieved from /opt/airflow/dags/Medium_to_Pinecone.py
[2025-11-22T23:29:35.412+0000] {processor.py:208} INFO - Processing /opt/airflow/dags/Medium_to_Pinecone.py took 0.207 seconds
[2025-11-22T23:30:05.500+0000] {processor.py:186} INFO - Started process (PID=740) to work on /opt/airflow/dags/Medium_to_Pinecone.py
[2025-11-22T23:30:05.503+0000] {processor.py:914} INFO - Processing file /opt/airflow/dags/Medium_to_Pinecone.py for tasks to queue
[2025-11-22T23:30:05.508+0000] {logging_mixin.py:190} INFO - [2025-11-22T23:30:05.507+0000] {dagbag.py:587} INFO - Filling up the DagBag from /opt/airflow/dags/Medium_to_Pinecone.py
[2025-11-22T23:30:05.517+0000] {logging_mixin.py:190} INFO - [2025-11-22T23:30:05.515+0000] {dagbag.py:386} ERROR - Failed to import: /opt/airflow/dags/Medium_to_Pinecone.py
Traceback (most recent call last):
  File "/home/airflow/.local/lib/python3.12/site-packages/airflow/models/dagbag.py", line 382, in parse
    loader.exec_module(new_module)
  File "<frozen importlib._bootstrap_external>", line 995, in exec_module
  File "<frozen importlib._bootstrap>", line 488, in _call_with_frames_removed
  File "/opt/airflow/dags/Medium_to_Pinecone.py", line 12, in <module>
    from sentence_transformers import SentenceTransformer
ModuleNotFoundError: No module named 'sentence_transformers'
[2025-11-22T23:30:05.518+0000] {processor.py:927} WARNING - No viable dags retrieved from /opt/airflow/dags/Medium_to_Pinecone.py
[2025-11-22T23:30:05.590+0000] {processor.py:208} INFO - Processing /opt/airflow/dags/Medium_to_Pinecone.py took 0.104 seconds
[2025-11-22T23:30:35.941+0000] {processor.py:186} INFO - Started process (PID=781) to work on /opt/airflow/dags/Medium_to_Pinecone.py
[2025-11-22T23:30:35.944+0000] {processor.py:914} INFO - Processing file /opt/airflow/dags/Medium_to_Pinecone.py for tasks to queue
[2025-11-22T23:30:35.951+0000] {logging_mixin.py:190} INFO - [2025-11-22T23:30:35.950+0000] {dagbag.py:587} INFO - Filling up the DagBag from /opt/airflow/dags/Medium_to_Pinecone.py
[2025-11-22T23:30:35.965+0000] {logging_mixin.py:190} INFO - [2025-11-22T23:30:35.962+0000] {dagbag.py:386} ERROR - Failed to import: /opt/airflow/dags/Medium_to_Pinecone.py
Traceback (most recent call last):
  File "/home/airflow/.local/lib/python3.12/site-packages/airflow/models/dagbag.py", line 382, in parse
    loader.exec_module(new_module)
  File "<frozen importlib._bootstrap_external>", line 995, in exec_module
  File "<frozen importlib._bootstrap>", line 488, in _call_with_frames_removed
  File "/opt/airflow/dags/Medium_to_Pinecone.py", line 12, in <module>
    from sentence_transformers import SentenceTransformer
ModuleNotFoundError: No module named 'sentence_transformers'
[2025-11-22T23:30:35.967+0000] {processor.py:927} WARNING - No viable dags retrieved from /opt/airflow/dags/Medium_to_Pinecone.py
[2025-11-22T23:30:36.031+0000] {processor.py:208} INFO - Processing /opt/airflow/dags/Medium_to_Pinecone.py took 0.111 seconds
[2025-11-22T23:31:06.629+0000] {processor.py:186} INFO - Started process (PID=823) to work on /opt/airflow/dags/Medium_to_Pinecone.py
[2025-11-22T23:31:06.633+0000] {processor.py:914} INFO - Processing file /opt/airflow/dags/Medium_to_Pinecone.py for tasks to queue
[2025-11-22T23:31:06.639+0000] {logging_mixin.py:190} INFO - [2025-11-22T23:31:06.638+0000] {dagbag.py:587} INFO - Filling up the DagBag from /opt/airflow/dags/Medium_to_Pinecone.py
[2025-11-22T23:31:06.655+0000] {logging_mixin.py:190} INFO - [2025-11-22T23:31:06.652+0000] {dagbag.py:386} ERROR - Failed to import: /opt/airflow/dags/Medium_to_Pinecone.py
Traceback (most recent call last):
  File "/home/airflow/.local/lib/python3.12/site-packages/airflow/models/dagbag.py", line 382, in parse
    loader.exec_module(new_module)
  File "<frozen importlib._bootstrap_external>", line 995, in exec_module
  File "<frozen importlib._bootstrap>", line 488, in _call_with_frames_removed
  File "/opt/airflow/dags/Medium_to_Pinecone.py", line 12, in <module>
    from sentence_transformers import SentenceTransformer
ModuleNotFoundError: No module named 'sentence_transformers'
[2025-11-22T23:31:06.657+0000] {processor.py:927} WARNING - No viable dags retrieved from /opt/airflow/dags/Medium_to_Pinecone.py
[2025-11-22T23:31:06.707+0000] {processor.py:208} INFO - Processing /opt/airflow/dags/Medium_to_Pinecone.py took 0.090 seconds
[2025-11-22T23:31:37.330+0000] {processor.py:186} INFO - Started process (PID=865) to work on /opt/airflow/dags/Medium_to_Pinecone.py
[2025-11-22T23:31:37.335+0000] {processor.py:914} INFO - Processing file /opt/airflow/dags/Medium_to_Pinecone.py for tasks to queue
[2025-11-22T23:31:37.342+0000] {logging_mixin.py:190} INFO - [2025-11-22T23:31:37.339+0000] {dagbag.py:587} INFO - Filling up the DagBag from /opt/airflow/dags/Medium_to_Pinecone.py
[2025-11-22T23:31:37.360+0000] {logging_mixin.py:190} INFO - [2025-11-22T23:31:37.354+0000] {dagbag.py:386} ERROR - Failed to import: /opt/airflow/dags/Medium_to_Pinecone.py
Traceback (most recent call last):
  File "/home/airflow/.local/lib/python3.12/site-packages/airflow/models/dagbag.py", line 382, in parse
    loader.exec_module(new_module)
  File "<frozen importlib._bootstrap_external>", line 995, in exec_module
  File "<frozen importlib._bootstrap>", line 488, in _call_with_frames_removed
  File "/opt/airflow/dags/Medium_to_Pinecone.py", line 12, in <module>
    from sentence_transformers import SentenceTransformer
ModuleNotFoundError: No module named 'sentence_transformers'
[2025-11-22T23:31:37.361+0000] {processor.py:927} WARNING - No viable dags retrieved from /opt/airflow/dags/Medium_to_Pinecone.py
[2025-11-22T23:31:37.425+0000] {processor.py:208} INFO - Processing /opt/airflow/dags/Medium_to_Pinecone.py took 0.113 seconds
[2025-11-22T23:32:08.471+0000] {processor.py:186} INFO - Started process (PID=906) to work on /opt/airflow/dags/Medium_to_Pinecone.py
[2025-11-22T23:32:08.473+0000] {processor.py:914} INFO - Processing file /opt/airflow/dags/Medium_to_Pinecone.py for tasks to queue
[2025-11-22T23:32:08.487+0000] {logging_mixin.py:190} INFO - [2025-11-22T23:32:08.487+0000] {dagbag.py:587} INFO - Filling up the DagBag from /opt/airflow/dags/Medium_to_Pinecone.py
[2025-11-22T23:32:08.503+0000] {logging_mixin.py:190} INFO - [2025-11-22T23:32:08.499+0000] {dagbag.py:386} ERROR - Failed to import: /opt/airflow/dags/Medium_to_Pinecone.py
Traceback (most recent call last):
  File "/home/airflow/.local/lib/python3.12/site-packages/airflow/models/dagbag.py", line 382, in parse
    loader.exec_module(new_module)
  File "<frozen importlib._bootstrap_external>", line 995, in exec_module
  File "<frozen importlib._bootstrap>", line 488, in _call_with_frames_removed
  File "/opt/airflow/dags/Medium_to_Pinecone.py", line 12, in <module>
    from sentence_transformers import SentenceTransformer
ModuleNotFoundError: No module named 'sentence_transformers'
[2025-11-22T23:32:08.505+0000] {processor.py:927} WARNING - No viable dags retrieved from /opt/airflow/dags/Medium_to_Pinecone.py
[2025-11-22T23:32:08.555+0000] {processor.py:208} INFO - Processing /opt/airflow/dags/Medium_to_Pinecone.py took 0.111 seconds
[2025-11-22T23:32:39.410+0000] {processor.py:186} INFO - Started process (PID=947) to work on /opt/airflow/dags/Medium_to_Pinecone.py
[2025-11-22T23:32:39.417+0000] {processor.py:914} INFO - Processing file /opt/airflow/dags/Medium_to_Pinecone.py for tasks to queue
[2025-11-22T23:32:39.424+0000] {logging_mixin.py:190} INFO - [2025-11-22T23:32:39.423+0000] {dagbag.py:587} INFO - Filling up the DagBag from /opt/airflow/dags/Medium_to_Pinecone.py
[2025-11-22T23:32:39.455+0000] {logging_mixin.py:190} INFO - [2025-11-22T23:32:39.448+0000] {dagbag.py:386} ERROR - Failed to import: /opt/airflow/dags/Medium_to_Pinecone.py
Traceback (most recent call last):
  File "/home/airflow/.local/lib/python3.12/site-packages/airflow/models/dagbag.py", line 382, in parse
    loader.exec_module(new_module)
  File "<frozen importlib._bootstrap_external>", line 995, in exec_module
  File "<frozen importlib._bootstrap>", line 488, in _call_with_frames_removed
  File "/opt/airflow/dags/Medium_to_Pinecone.py", line 12, in <module>
    from sentence_transformers import SentenceTransformer
ModuleNotFoundError: No module named 'sentence_transformers'
[2025-11-22T23:32:39.457+0000] {processor.py:927} WARNING - No viable dags retrieved from /opt/airflow/dags/Medium_to_Pinecone.py
[2025-11-22T23:32:39.525+0000] {processor.py:208} INFO - Processing /opt/airflow/dags/Medium_to_Pinecone.py took 0.244 seconds
[2025-11-22T23:33:10.163+0000] {processor.py:186} INFO - Started process (PID=993) to work on /opt/airflow/dags/Medium_to_Pinecone.py
[2025-11-22T23:33:10.165+0000] {processor.py:914} INFO - Processing file /opt/airflow/dags/Medium_to_Pinecone.py for tasks to queue
[2025-11-22T23:33:10.169+0000] {logging_mixin.py:190} INFO - [2025-11-22T23:33:10.169+0000] {dagbag.py:587} INFO - Filling up the DagBag from /opt/airflow/dags/Medium_to_Pinecone.py
[2025-11-22T23:33:10.179+0000] {logging_mixin.py:190} INFO - [2025-11-22T23:33:10.177+0000] {dagbag.py:386} ERROR - Failed to import: /opt/airflow/dags/Medium_to_Pinecone.py
Traceback (most recent call last):
  File "/home/airflow/.local/lib/python3.12/site-packages/airflow/models/dagbag.py", line 382, in parse
    loader.exec_module(new_module)
  File "<frozen importlib._bootstrap_external>", line 995, in exec_module
  File "<frozen importlib._bootstrap>", line 488, in _call_with_frames_removed
  File "/opt/airflow/dags/Medium_to_Pinecone.py", line 12, in <module>
    from sentence_transformers import SentenceTransformer
ModuleNotFoundError: No module named 'sentence_transformers'
[2025-11-22T23:33:10.180+0000] {processor.py:927} WARNING - No viable dags retrieved from /opt/airflow/dags/Medium_to_Pinecone.py
[2025-11-22T23:33:10.218+0000] {processor.py:208} INFO - Processing /opt/airflow/dags/Medium_to_Pinecone.py took 0.066 seconds
[2025-11-22T23:33:40.614+0000] {processor.py:186} INFO - Started process (PID=1034) to work on /opt/airflow/dags/Medium_to_Pinecone.py
[2025-11-22T23:33:40.616+0000] {processor.py:914} INFO - Processing file /opt/airflow/dags/Medium_to_Pinecone.py for tasks to queue
[2025-11-22T23:33:40.623+0000] {logging_mixin.py:190} INFO - [2025-11-22T23:33:40.622+0000] {dagbag.py:587} INFO - Filling up the DagBag from /opt/airflow/dags/Medium_to_Pinecone.py
[2025-11-22T23:33:40.633+0000] {logging_mixin.py:190} INFO - [2025-11-22T23:33:40.630+0000] {dagbag.py:386} ERROR - Failed to import: /opt/airflow/dags/Medium_to_Pinecone.py
Traceback (most recent call last):
  File "/home/airflow/.local/lib/python3.12/site-packages/airflow/models/dagbag.py", line 382, in parse
    loader.exec_module(new_module)
  File "<frozen importlib._bootstrap_external>", line 995, in exec_module
  File "<frozen importlib._bootstrap>", line 488, in _call_with_frames_removed
  File "/opt/airflow/dags/Medium_to_Pinecone.py", line 12, in <module>
    from sentence_transformers import SentenceTransformer
ModuleNotFoundError: No module named 'sentence_transformers'
[2025-11-22T23:33:40.634+0000] {processor.py:927} WARNING - No viable dags retrieved from /opt/airflow/dags/Medium_to_Pinecone.py
[2025-11-22T23:33:40.672+0000] {processor.py:208} INFO - Processing /opt/airflow/dags/Medium_to_Pinecone.py took 0.071 seconds
[2025-11-22T23:34:11.450+0000] {processor.py:186} INFO - Started process (PID=1075) to work on /opt/airflow/dags/Medium_to_Pinecone.py
[2025-11-22T23:34:11.452+0000] {processor.py:914} INFO - Processing file /opt/airflow/dags/Medium_to_Pinecone.py for tasks to queue
[2025-11-22T23:34:11.457+0000] {logging_mixin.py:190} INFO - [2025-11-22T23:34:11.456+0000] {dagbag.py:587} INFO - Filling up the DagBag from /opt/airflow/dags/Medium_to_Pinecone.py
[2025-11-22T23:34:11.469+0000] {logging_mixin.py:190} INFO - [2025-11-22T23:34:11.465+0000] {dagbag.py:386} ERROR - Failed to import: /opt/airflow/dags/Medium_to_Pinecone.py
Traceback (most recent call last):
  File "/home/airflow/.local/lib/python3.12/site-packages/airflow/models/dagbag.py", line 382, in parse
    loader.exec_module(new_module)
  File "<frozen importlib._bootstrap_external>", line 995, in exec_module
  File "<frozen importlib._bootstrap>", line 488, in _call_with_frames_removed
  File "/opt/airflow/dags/Medium_to_Pinecone.py", line 12, in <module>
    from sentence_transformers import SentenceTransformer
ModuleNotFoundError: No module named 'sentence_transformers'
[2025-11-22T23:34:11.471+0000] {processor.py:927} WARNING - No viable dags retrieved from /opt/airflow/dags/Medium_to_Pinecone.py
[2025-11-22T23:34:11.508+0000] {processor.py:208} INFO - Processing /opt/airflow/dags/Medium_to_Pinecone.py took 0.072 seconds
[2025-11-22T23:34:41.695+0000] {processor.py:186} INFO - Started process (PID=1116) to work on /opt/airflow/dags/Medium_to_Pinecone.py
[2025-11-22T23:34:41.697+0000] {processor.py:914} INFO - Processing file /opt/airflow/dags/Medium_to_Pinecone.py for tasks to queue
[2025-11-22T23:34:41.702+0000] {logging_mixin.py:190} INFO - [2025-11-22T23:34:41.702+0000] {dagbag.py:587} INFO - Filling up the DagBag from /opt/airflow/dags/Medium_to_Pinecone.py
[2025-11-22T23:34:41.712+0000] {logging_mixin.py:190} INFO - [2025-11-22T23:34:41.709+0000] {dagbag.py:386} ERROR - Failed to import: /opt/airflow/dags/Medium_to_Pinecone.py
Traceback (most recent call last):
  File "/home/airflow/.local/lib/python3.12/site-packages/airflow/models/dagbag.py", line 382, in parse
    loader.exec_module(new_module)
  File "<frozen importlib._bootstrap_external>", line 995, in exec_module
  File "<frozen importlib._bootstrap>", line 488, in _call_with_frames_removed
  File "/opt/airflow/dags/Medium_to_Pinecone.py", line 12, in <module>
    from sentence_transformers import SentenceTransformer
ModuleNotFoundError: No module named 'sentence_transformers'
[2025-11-22T23:34:41.713+0000] {processor.py:927} WARNING - No viable dags retrieved from /opt/airflow/dags/Medium_to_Pinecone.py
[2025-11-22T23:34:41.747+0000] {processor.py:208} INFO - Processing /opt/airflow/dags/Medium_to_Pinecone.py took 0.064 seconds
[2025-11-22T23:35:12.103+0000] {processor.py:186} INFO - Started process (PID=1157) to work on /opt/airflow/dags/Medium_to_Pinecone.py
[2025-11-22T23:35:12.115+0000] {processor.py:914} INFO - Processing file /opt/airflow/dags/Medium_to_Pinecone.py for tasks to queue
[2025-11-22T23:35:12.124+0000] {logging_mixin.py:190} INFO - [2025-11-22T23:35:12.123+0000] {dagbag.py:587} INFO - Filling up the DagBag from /opt/airflow/dags/Medium_to_Pinecone.py
[2025-11-22T23:35:12.139+0000] {logging_mixin.py:190} INFO - [2025-11-22T23:35:12.135+0000] {dagbag.py:386} ERROR - Failed to import: /opt/airflow/dags/Medium_to_Pinecone.py
Traceback (most recent call last):
  File "/home/airflow/.local/lib/python3.12/site-packages/airflow/models/dagbag.py", line 382, in parse
    loader.exec_module(new_module)
  File "<frozen importlib._bootstrap_external>", line 995, in exec_module
  File "<frozen importlib._bootstrap>", line 488, in _call_with_frames_removed
  File "/opt/airflow/dags/Medium_to_Pinecone.py", line 12, in <module>
    from sentence_transformers import SentenceTransformer
ModuleNotFoundError: No module named 'sentence_transformers'
[2025-11-22T23:35:12.142+0000] {processor.py:927} WARNING - No viable dags retrieved from /opt/airflow/dags/Medium_to_Pinecone.py
[2025-11-22T23:35:12.216+0000] {processor.py:208} INFO - Processing /opt/airflow/dags/Medium_to_Pinecone.py took 0.144 seconds
[2025-11-22T23:35:42.618+0000] {processor.py:186} INFO - Started process (PID=1198) to work on /opt/airflow/dags/Medium_to_Pinecone.py
[2025-11-22T23:35:42.619+0000] {processor.py:914} INFO - Processing file /opt/airflow/dags/Medium_to_Pinecone.py for tasks to queue
[2025-11-22T23:35:42.625+0000] {logging_mixin.py:190} INFO - [2025-11-22T23:35:42.624+0000] {dagbag.py:587} INFO - Filling up the DagBag from /opt/airflow/dags/Medium_to_Pinecone.py
[2025-11-22T23:35:42.636+0000] {logging_mixin.py:190} INFO - [2025-11-22T23:35:42.633+0000] {dagbag.py:386} ERROR - Failed to import: /opt/airflow/dags/Medium_to_Pinecone.py
Traceback (most recent call last):
  File "/home/airflow/.local/lib/python3.12/site-packages/airflow/models/dagbag.py", line 382, in parse
    loader.exec_module(new_module)
  File "<frozen importlib._bootstrap_external>", line 995, in exec_module
  File "<frozen importlib._bootstrap>", line 488, in _call_with_frames_removed
  File "/opt/airflow/dags/Medium_to_Pinecone.py", line 12, in <module>
    from sentence_transformers import SentenceTransformer
ModuleNotFoundError: No module named 'sentence_transformers'
[2025-11-22T23:35:42.638+0000] {processor.py:927} WARNING - No viable dags retrieved from /opt/airflow/dags/Medium_to_Pinecone.py
[2025-11-22T23:35:42.677+0000] {processor.py:208} INFO - Processing /opt/airflow/dags/Medium_to_Pinecone.py took 0.074 seconds
[2025-11-22T23:36:13.206+0000] {processor.py:186} INFO - Started process (PID=1239) to work on /opt/airflow/dags/Medium_to_Pinecone.py
[2025-11-22T23:36:13.207+0000] {processor.py:914} INFO - Processing file /opt/airflow/dags/Medium_to_Pinecone.py for tasks to queue
[2025-11-22T23:36:13.213+0000] {logging_mixin.py:190} INFO - [2025-11-22T23:36:13.212+0000] {dagbag.py:587} INFO - Filling up the DagBag from /opt/airflow/dags/Medium_to_Pinecone.py
[2025-11-22T23:36:13.233+0000] {logging_mixin.py:190} INFO - [2025-11-22T23:36:13.222+0000] {dagbag.py:386} ERROR - Failed to import: /opt/airflow/dags/Medium_to_Pinecone.py
Traceback (most recent call last):
  File "/home/airflow/.local/lib/python3.12/site-packages/airflow/models/dagbag.py", line 382, in parse
    loader.exec_module(new_module)
  File "<frozen importlib._bootstrap_external>", line 995, in exec_module
  File "<frozen importlib._bootstrap>", line 488, in _call_with_frames_removed
  File "/opt/airflow/dags/Medium_to_Pinecone.py", line 12, in <module>
    from sentence_transformers import SentenceTransformer
ModuleNotFoundError: No module named 'sentence_transformers'
[2025-11-22T23:36:13.235+0000] {processor.py:927} WARNING - No viable dags retrieved from /opt/airflow/dags/Medium_to_Pinecone.py
[2025-11-22T23:36:13.274+0000] {processor.py:208} INFO - Processing /opt/airflow/dags/Medium_to_Pinecone.py took 0.080 seconds
[2025-11-22T23:36:43.455+0000] {processor.py:186} INFO - Started process (PID=1278) to work on /opt/airflow/dags/Medium_to_Pinecone.py
[2025-11-22T23:36:43.457+0000] {processor.py:914} INFO - Processing file /opt/airflow/dags/Medium_to_Pinecone.py for tasks to queue
[2025-11-22T23:36:43.466+0000] {logging_mixin.py:190} INFO - [2025-11-22T23:36:43.465+0000] {dagbag.py:587} INFO - Filling up the DagBag from /opt/airflow/dags/Medium_to_Pinecone.py
[2025-11-22T23:36:43.488+0000] {logging_mixin.py:190} INFO - [2025-11-22T23:36:43.475+0000] {dagbag.py:386} ERROR - Failed to import: /opt/airflow/dags/Medium_to_Pinecone.py
Traceback (most recent call last):
  File "/home/airflow/.local/lib/python3.12/site-packages/airflow/models/dagbag.py", line 382, in parse
    loader.exec_module(new_module)
  File "<frozen importlib._bootstrap_external>", line 995, in exec_module
  File "<frozen importlib._bootstrap>", line 488, in _call_with_frames_removed
  File "/opt/airflow/dags/Medium_to_Pinecone.py", line 12, in <module>
    from sentence_transformers import SentenceTransformer
ModuleNotFoundError: No module named 'sentence_transformers'
[2025-11-22T23:36:43.490+0000] {processor.py:927} WARNING - No viable dags retrieved from /opt/airflow/dags/Medium_to_Pinecone.py
[2025-11-22T23:36:43.695+0000] {processor.py:208} INFO - Processing /opt/airflow/dags/Medium_to_Pinecone.py took 0.261 seconds
[2025-11-22T23:37:13.960+0000] {processor.py:186} INFO - Started process (PID=1316) to work on /opt/airflow/dags/Medium_to_Pinecone.py
[2025-11-22T23:37:13.967+0000] {processor.py:914} INFO - Processing file /opt/airflow/dags/Medium_to_Pinecone.py for tasks to queue
[2025-11-22T23:37:13.975+0000] {logging_mixin.py:190} INFO - [2025-11-22T23:37:13.974+0000] {dagbag.py:587} INFO - Filling up the DagBag from /opt/airflow/dags/Medium_to_Pinecone.py
[2025-11-22T23:37:14.002+0000] {logging_mixin.py:190} INFO - [2025-11-22T23:37:13.988+0000] {dagbag.py:386} ERROR - Failed to import: /opt/airflow/dags/Medium_to_Pinecone.py
Traceback (most recent call last):
  File "/home/airflow/.local/lib/python3.12/site-packages/airflow/models/dagbag.py", line 382, in parse
    loader.exec_module(new_module)
  File "<frozen importlib._bootstrap_external>", line 995, in exec_module
  File "<frozen importlib._bootstrap>", line 488, in _call_with_frames_removed
  File "/opt/airflow/dags/Medium_to_Pinecone.py", line 12, in <module>
    from sentence_transformers import SentenceTransformer
ModuleNotFoundError: No module named 'sentence_transformers'
[2025-11-22T23:37:14.004+0000] {processor.py:927} WARNING - No viable dags retrieved from /opt/airflow/dags/Medium_to_Pinecone.py
[2025-11-22T23:37:14.093+0000] {processor.py:208} INFO - Processing /opt/airflow/dags/Medium_to_Pinecone.py took 0.170 seconds
[2025-11-22T23:37:44.444+0000] {processor.py:186} INFO - Started process (PID=1357) to work on /opt/airflow/dags/Medium_to_Pinecone.py
[2025-11-22T23:37:44.445+0000] {processor.py:914} INFO - Processing file /opt/airflow/dags/Medium_to_Pinecone.py for tasks to queue
[2025-11-22T23:37:44.449+0000] {logging_mixin.py:190} INFO - [2025-11-22T23:37:44.449+0000] {dagbag.py:587} INFO - Filling up the DagBag from /opt/airflow/dags/Medium_to_Pinecone.py
[2025-11-22T23:37:44.459+0000] {logging_mixin.py:190} INFO - [2025-11-22T23:37:44.456+0000] {dagbag.py:386} ERROR - Failed to import: /opt/airflow/dags/Medium_to_Pinecone.py
Traceback (most recent call last):
  File "/home/airflow/.local/lib/python3.12/site-packages/airflow/models/dagbag.py", line 382, in parse
    loader.exec_module(new_module)
  File "<frozen importlib._bootstrap_external>", line 995, in exec_module
  File "<frozen importlib._bootstrap>", line 488, in _call_with_frames_removed
  File "/opt/airflow/dags/Medium_to_Pinecone.py", line 12, in <module>
    from sentence_transformers import SentenceTransformer
ModuleNotFoundError: No module named 'sentence_transformers'
[2025-11-22T23:37:44.461+0000] {processor.py:927} WARNING - No viable dags retrieved from /opt/airflow/dags/Medium_to_Pinecone.py
[2025-11-22T23:37:44.502+0000] {processor.py:208} INFO - Processing /opt/airflow/dags/Medium_to_Pinecone.py took 0.068 seconds
[2025-11-22T23:38:15.312+0000] {processor.py:186} INFO - Started process (PID=1399) to work on /opt/airflow/dags/Medium_to_Pinecone.py
[2025-11-22T23:38:15.314+0000] {processor.py:914} INFO - Processing file /opt/airflow/dags/Medium_to_Pinecone.py for tasks to queue
[2025-11-22T23:38:15.319+0000] {logging_mixin.py:190} INFO - [2025-11-22T23:38:15.318+0000] {dagbag.py:587} INFO - Filling up the DagBag from /opt/airflow/dags/Medium_to_Pinecone.py
[2025-11-22T23:38:15.328+0000] {logging_mixin.py:190} INFO - [2025-11-22T23:38:15.326+0000] {dagbag.py:386} ERROR - Failed to import: /opt/airflow/dags/Medium_to_Pinecone.py
Traceback (most recent call last):
  File "/home/airflow/.local/lib/python3.12/site-packages/airflow/models/dagbag.py", line 382, in parse
    loader.exec_module(new_module)
  File "<frozen importlib._bootstrap_external>", line 995, in exec_module
  File "<frozen importlib._bootstrap>", line 488, in _call_with_frames_removed
  File "/opt/airflow/dags/Medium_to_Pinecone.py", line 12, in <module>
    from sentence_transformers import SentenceTransformer
ModuleNotFoundError: No module named 'sentence_transformers'
[2025-11-22T23:38:15.329+0000] {processor.py:927} WARNING - No viable dags retrieved from /opt/airflow/dags/Medium_to_Pinecone.py
[2025-11-22T23:38:15.369+0000] {processor.py:208} INFO - Processing /opt/airflow/dags/Medium_to_Pinecone.py took 0.072 seconds
[2025-11-22T23:38:45.810+0000] {processor.py:186} INFO - Started process (PID=1440) to work on /opt/airflow/dags/Medium_to_Pinecone.py
[2025-11-22T23:38:45.812+0000] {processor.py:914} INFO - Processing file /opt/airflow/dags/Medium_to_Pinecone.py for tasks to queue
[2025-11-22T23:38:45.816+0000] {logging_mixin.py:190} INFO - [2025-11-22T23:38:45.815+0000] {dagbag.py:587} INFO - Filling up the DagBag from /opt/airflow/dags/Medium_to_Pinecone.py
[2025-11-22T23:38:45.826+0000] {logging_mixin.py:190} INFO - [2025-11-22T23:38:45.823+0000] {dagbag.py:386} ERROR - Failed to import: /opt/airflow/dags/Medium_to_Pinecone.py
Traceback (most recent call last):
  File "/home/airflow/.local/lib/python3.12/site-packages/airflow/models/dagbag.py", line 382, in parse
    loader.exec_module(new_module)
  File "<frozen importlib._bootstrap_external>", line 995, in exec_module
  File "<frozen importlib._bootstrap>", line 488, in _call_with_frames_removed
  File "/opt/airflow/dags/Medium_to_Pinecone.py", line 12, in <module>
    from sentence_transformers import SentenceTransformer
ModuleNotFoundError: No module named 'sentence_transformers'
[2025-11-22T23:38:45.827+0000] {processor.py:927} WARNING - No viable dags retrieved from /opt/airflow/dags/Medium_to_Pinecone.py
[2025-11-22T23:38:45.862+0000] {processor.py:208} INFO - Processing /opt/airflow/dags/Medium_to_Pinecone.py took 0.063 seconds
[2025-11-22T23:39:16.535+0000] {processor.py:186} INFO - Started process (PID=1481) to work on /opt/airflow/dags/Medium_to_Pinecone.py
[2025-11-22T23:39:16.537+0000] {processor.py:914} INFO - Processing file /opt/airflow/dags/Medium_to_Pinecone.py for tasks to queue
[2025-11-22T23:39:16.544+0000] {logging_mixin.py:190} INFO - [2025-11-22T23:39:16.543+0000] {dagbag.py:587} INFO - Filling up the DagBag from /opt/airflow/dags/Medium_to_Pinecone.py
[2025-11-22T23:39:16.567+0000] {logging_mixin.py:190} INFO - [2025-11-22T23:39:16.559+0000] {dagbag.py:386} ERROR - Failed to import: /opt/airflow/dags/Medium_to_Pinecone.py
Traceback (most recent call last):
  File "/home/airflow/.local/lib/python3.12/site-packages/airflow/models/dagbag.py", line 382, in parse
    loader.exec_module(new_module)
  File "<frozen importlib._bootstrap_external>", line 995, in exec_module
  File "<frozen importlib._bootstrap>", line 488, in _call_with_frames_removed
  File "/opt/airflow/dags/Medium_to_Pinecone.py", line 12, in <module>
    from sentence_transformers import SentenceTransformer
ModuleNotFoundError: No module named 'sentence_transformers'
[2025-11-22T23:39:16.571+0000] {processor.py:927} WARNING - No viable dags retrieved from /opt/airflow/dags/Medium_to_Pinecone.py
[2025-11-22T23:39:16.651+0000] {processor.py:208} INFO - Processing /opt/airflow/dags/Medium_to_Pinecone.py took 0.131 seconds
[2025-11-22T23:39:47.285+0000] {processor.py:186} INFO - Started process (PID=1522) to work on /opt/airflow/dags/Medium_to_Pinecone.py
[2025-11-22T23:39:47.291+0000] {processor.py:914} INFO - Processing file /opt/airflow/dags/Medium_to_Pinecone.py for tasks to queue
[2025-11-22T23:39:47.297+0000] {logging_mixin.py:190} INFO - [2025-11-22T23:39:47.296+0000] {dagbag.py:587} INFO - Filling up the DagBag from /opt/airflow/dags/Medium_to_Pinecone.py
[2025-11-22T23:39:47.308+0000] {logging_mixin.py:190} INFO - [2025-11-22T23:39:47.305+0000] {dagbag.py:386} ERROR - Failed to import: /opt/airflow/dags/Medium_to_Pinecone.py
Traceback (most recent call last):
  File "/home/airflow/.local/lib/python3.12/site-packages/airflow/models/dagbag.py", line 382, in parse
    loader.exec_module(new_module)
  File "<frozen importlib._bootstrap_external>", line 995, in exec_module
  File "<frozen importlib._bootstrap>", line 488, in _call_with_frames_removed
  File "/opt/airflow/dags/Medium_to_Pinecone.py", line 12, in <module>
    from sentence_transformers import SentenceTransformer
ModuleNotFoundError: No module named 'sentence_transformers'
[2025-11-22T23:39:47.310+0000] {processor.py:927} WARNING - No viable dags retrieved from /opt/airflow/dags/Medium_to_Pinecone.py
[2025-11-22T23:39:47.352+0000] {processor.py:208} INFO - Processing /opt/airflow/dags/Medium_to_Pinecone.py took 0.099 seconds
[2025-11-22T23:40:18.281+0000] {processor.py:186} INFO - Started process (PID=1563) to work on /opt/airflow/dags/Medium_to_Pinecone.py
[2025-11-22T23:40:18.287+0000] {processor.py:914} INFO - Processing file /opt/airflow/dags/Medium_to_Pinecone.py for tasks to queue
[2025-11-22T23:40:18.295+0000] {logging_mixin.py:190} INFO - [2025-11-22T23:40:18.294+0000] {dagbag.py:587} INFO - Filling up the DagBag from /opt/airflow/dags/Medium_to_Pinecone.py
[2025-11-22T23:40:18.312+0000] {logging_mixin.py:190} INFO - [2025-11-22T23:40:18.307+0000] {dagbag.py:386} ERROR - Failed to import: /opt/airflow/dags/Medium_to_Pinecone.py
Traceback (most recent call last):
  File "/home/airflow/.local/lib/python3.12/site-packages/airflow/models/dagbag.py", line 382, in parse
    loader.exec_module(new_module)
  File "<frozen importlib._bootstrap_external>", line 995, in exec_module
  File "<frozen importlib._bootstrap>", line 488, in _call_with_frames_removed
  File "/opt/airflow/dags/Medium_to_Pinecone.py", line 12, in <module>
    from sentence_transformers import SentenceTransformer
ModuleNotFoundError: No module named 'sentence_transformers'
[2025-11-22T23:40:18.313+0000] {processor.py:927} WARNING - No viable dags retrieved from /opt/airflow/dags/Medium_to_Pinecone.py
[2025-11-22T23:40:18.378+0000] {processor.py:208} INFO - Processing /opt/airflow/dags/Medium_to_Pinecone.py took 0.114 seconds
[2025-11-22T23:40:48.625+0000] {processor.py:186} INFO - Started process (PID=1604) to work on /opt/airflow/dags/Medium_to_Pinecone.py
[2025-11-22T23:40:48.627+0000] {processor.py:914} INFO - Processing file /opt/airflow/dags/Medium_to_Pinecone.py for tasks to queue
[2025-11-22T23:40:48.632+0000] {logging_mixin.py:190} INFO - [2025-11-22T23:40:48.631+0000] {dagbag.py:587} INFO - Filling up the DagBag from /opt/airflow/dags/Medium_to_Pinecone.py
[2025-11-22T23:40:48.643+0000] {logging_mixin.py:190} INFO - [2025-11-22T23:40:48.640+0000] {dagbag.py:386} ERROR - Failed to import: /opt/airflow/dags/Medium_to_Pinecone.py
Traceback (most recent call last):
  File "/home/airflow/.local/lib/python3.12/site-packages/airflow/models/dagbag.py", line 382, in parse
    loader.exec_module(new_module)
  File "<frozen importlib._bootstrap_external>", line 995, in exec_module
  File "<frozen importlib._bootstrap>", line 488, in _call_with_frames_removed
  File "/opt/airflow/dags/Medium_to_Pinecone.py", line 12, in <module>
    from sentence_transformers import SentenceTransformer
ModuleNotFoundError: No module named 'sentence_transformers'
[2025-11-22T23:40:48.644+0000] {processor.py:927} WARNING - No viable dags retrieved from /opt/airflow/dags/Medium_to_Pinecone.py
[2025-11-22T23:40:48.678+0000] {processor.py:208} INFO - Processing /opt/airflow/dags/Medium_to_Pinecone.py took 0.064 seconds
[2025-11-22T23:41:18.962+0000] {processor.py:186} INFO - Started process (PID=1645) to work on /opt/airflow/dags/Medium_to_Pinecone.py
[2025-11-22T23:41:18.963+0000] {processor.py:914} INFO - Processing file /opt/airflow/dags/Medium_to_Pinecone.py for tasks to queue
[2025-11-22T23:41:18.968+0000] {logging_mixin.py:190} INFO - [2025-11-22T23:41:18.967+0000] {dagbag.py:587} INFO - Filling up the DagBag from /opt/airflow/dags/Medium_to_Pinecone.py
[2025-11-22T23:41:18.977+0000] {logging_mixin.py:190} INFO - [2025-11-22T23:41:18.975+0000] {dagbag.py:386} ERROR - Failed to import: /opt/airflow/dags/Medium_to_Pinecone.py
Traceback (most recent call last):
  File "/home/airflow/.local/lib/python3.12/site-packages/airflow/models/dagbag.py", line 382, in parse
    loader.exec_module(new_module)
  File "<frozen importlib._bootstrap_external>", line 995, in exec_module
  File "<frozen importlib._bootstrap>", line 488, in _call_with_frames_removed
  File "/opt/airflow/dags/Medium_to_Pinecone.py", line 12, in <module>
    from sentence_transformers import SentenceTransformer
ModuleNotFoundError: No module named 'sentence_transformers'
[2025-11-22T23:41:18.979+0000] {processor.py:927} WARNING - No viable dags retrieved from /opt/airflow/dags/Medium_to_Pinecone.py
[2025-11-22T23:41:19.021+0000] {processor.py:208} INFO - Processing /opt/airflow/dags/Medium_to_Pinecone.py took 0.071 seconds
[2025-11-22T23:41:49.632+0000] {processor.py:186} INFO - Started process (PID=1686) to work on /opt/airflow/dags/Medium_to_Pinecone.py
[2025-11-22T23:41:49.634+0000] {processor.py:914} INFO - Processing file /opt/airflow/dags/Medium_to_Pinecone.py for tasks to queue
[2025-11-22T23:41:49.642+0000] {logging_mixin.py:190} INFO - [2025-11-22T23:41:49.641+0000] {dagbag.py:587} INFO - Filling up the DagBag from /opt/airflow/dags/Medium_to_Pinecone.py
[2025-11-22T23:41:49.660+0000] {logging_mixin.py:190} INFO - [2025-11-22T23:41:49.657+0000] {dagbag.py:386} ERROR - Failed to import: /opt/airflow/dags/Medium_to_Pinecone.py
Traceback (most recent call last):
  File "/home/airflow/.local/lib/python3.12/site-packages/airflow/models/dagbag.py", line 382, in parse
    loader.exec_module(new_module)
  File "<frozen importlib._bootstrap_external>", line 995, in exec_module
  File "<frozen importlib._bootstrap>", line 488, in _call_with_frames_removed
  File "/opt/airflow/dags/Medium_to_Pinecone.py", line 12, in <module>
    from sentence_transformers import SentenceTransformer
ModuleNotFoundError: No module named 'sentence_transformers'
[2025-11-22T23:41:49.661+0000] {processor.py:927} WARNING - No viable dags retrieved from /opt/airflow/dags/Medium_to_Pinecone.py
[2025-11-22T23:41:49.710+0000] {processor.py:208} INFO - Processing /opt/airflow/dags/Medium_to_Pinecone.py took 0.098 seconds
[2025-11-22T23:42:20.627+0000] {processor.py:186} INFO - Started process (PID=1727) to work on /opt/airflow/dags/Medium_to_Pinecone.py
[2025-11-22T23:42:20.629+0000] {processor.py:914} INFO - Processing file /opt/airflow/dags/Medium_to_Pinecone.py for tasks to queue
[2025-11-22T23:42:20.634+0000] {logging_mixin.py:190} INFO - [2025-11-22T23:42:20.633+0000] {dagbag.py:587} INFO - Filling up the DagBag from /opt/airflow/dags/Medium_to_Pinecone.py
[2025-11-22T23:42:20.644+0000] {logging_mixin.py:190} INFO - [2025-11-22T23:42:20.641+0000] {dagbag.py:386} ERROR - Failed to import: /opt/airflow/dags/Medium_to_Pinecone.py
Traceback (most recent call last):
  File "/home/airflow/.local/lib/python3.12/site-packages/airflow/models/dagbag.py", line 382, in parse
    loader.exec_module(new_module)
  File "<frozen importlib._bootstrap_external>", line 995, in exec_module
  File "<frozen importlib._bootstrap>", line 488, in _call_with_frames_removed
  File "/opt/airflow/dags/Medium_to_Pinecone.py", line 12, in <module>
    from sentence_transformers import SentenceTransformer
ModuleNotFoundError: No module named 'sentence_transformers'
[2025-11-22T23:42:20.645+0000] {processor.py:927} WARNING - No viable dags retrieved from /opt/airflow/dags/Medium_to_Pinecone.py
[2025-11-22T23:42:20.682+0000] {processor.py:208} INFO - Processing /opt/airflow/dags/Medium_to_Pinecone.py took 0.067 seconds
[2025-11-22T23:42:51.549+0000] {processor.py:186} INFO - Started process (PID=1768) to work on /opt/airflow/dags/Medium_to_Pinecone.py
[2025-11-22T23:42:51.551+0000] {processor.py:914} INFO - Processing file /opt/airflow/dags/Medium_to_Pinecone.py for tasks to queue
[2025-11-22T23:42:51.555+0000] {logging_mixin.py:190} INFO - [2025-11-22T23:42:51.554+0000] {dagbag.py:587} INFO - Filling up the DagBag from /opt/airflow/dags/Medium_to_Pinecone.py
[2025-11-22T23:42:51.565+0000] {logging_mixin.py:190} INFO - [2025-11-22T23:42:51.563+0000] {dagbag.py:386} ERROR - Failed to import: /opt/airflow/dags/Medium_to_Pinecone.py
Traceback (most recent call last):
  File "/home/airflow/.local/lib/python3.12/site-packages/airflow/models/dagbag.py", line 382, in parse
    loader.exec_module(new_module)
  File "<frozen importlib._bootstrap_external>", line 995, in exec_module
  File "<frozen importlib._bootstrap>", line 488, in _call_with_frames_removed
  File "/opt/airflow/dags/Medium_to_Pinecone.py", line 12, in <module>
    from sentence_transformers import SentenceTransformer
ModuleNotFoundError: No module named 'sentence_transformers'
[2025-11-22T23:42:51.566+0000] {processor.py:927} WARNING - No viable dags retrieved from /opt/airflow/dags/Medium_to_Pinecone.py
[2025-11-22T23:42:51.603+0000] {processor.py:208} INFO - Processing /opt/airflow/dags/Medium_to_Pinecone.py took 0.065 seconds
[2025-11-22T23:43:21.794+0000] {processor.py:186} INFO - Started process (PID=1809) to work on /opt/airflow/dags/Medium_to_Pinecone.py
[2025-11-22T23:43:21.796+0000] {processor.py:914} INFO - Processing file /opt/airflow/dags/Medium_to_Pinecone.py for tasks to queue
[2025-11-22T23:43:21.802+0000] {logging_mixin.py:190} INFO - [2025-11-22T23:43:21.801+0000] {dagbag.py:587} INFO - Filling up the DagBag from /opt/airflow/dags/Medium_to_Pinecone.py
[2025-11-22T23:43:21.813+0000] {logging_mixin.py:190} INFO - [2025-11-22T23:43:21.810+0000] {dagbag.py:386} ERROR - Failed to import: /opt/airflow/dags/Medium_to_Pinecone.py
Traceback (most recent call last):
  File "/home/airflow/.local/lib/python3.12/site-packages/airflow/models/dagbag.py", line 382, in parse
    loader.exec_module(new_module)
  File "<frozen importlib._bootstrap_external>", line 995, in exec_module
  File "<frozen importlib._bootstrap>", line 488, in _call_with_frames_removed
  File "/opt/airflow/dags/Medium_to_Pinecone.py", line 12, in <module>
    from sentence_transformers import SentenceTransformer
ModuleNotFoundError: No module named 'sentence_transformers'
[2025-11-22T23:43:21.814+0000] {processor.py:927} WARNING - No viable dags retrieved from /opt/airflow/dags/Medium_to_Pinecone.py
[2025-11-22T23:43:21.855+0000] {processor.py:208} INFO - Processing /opt/airflow/dags/Medium_to_Pinecone.py took 0.074 seconds
[2025-11-22T23:43:52.793+0000] {processor.py:186} INFO - Started process (PID=1851) to work on /opt/airflow/dags/Medium_to_Pinecone.py
[2025-11-22T23:43:52.795+0000] {processor.py:914} INFO - Processing file /opt/airflow/dags/Medium_to_Pinecone.py for tasks to queue
[2025-11-22T23:43:52.802+0000] {logging_mixin.py:190} INFO - [2025-11-22T23:43:52.801+0000] {dagbag.py:587} INFO - Filling up the DagBag from /opt/airflow/dags/Medium_to_Pinecone.py
[2025-11-22T23:43:52.824+0000] {logging_mixin.py:190} INFO - [2025-11-22T23:43:52.820+0000] {dagbag.py:386} ERROR - Failed to import: /opt/airflow/dags/Medium_to_Pinecone.py
Traceback (most recent call last):
  File "/home/airflow/.local/lib/python3.12/site-packages/airflow/models/dagbag.py", line 382, in parse
    loader.exec_module(new_module)
  File "<frozen importlib._bootstrap_external>", line 995, in exec_module
  File "<frozen importlib._bootstrap>", line 488, in _call_with_frames_removed
  File "/opt/airflow/dags/Medium_to_Pinecone.py", line 12, in <module>
    from sentence_transformers import SentenceTransformer
ModuleNotFoundError: No module named 'sentence_transformers'
[2025-11-22T23:43:52.826+0000] {processor.py:927} WARNING - No viable dags retrieved from /opt/airflow/dags/Medium_to_Pinecone.py
[2025-11-22T23:43:52.914+0000] {processor.py:208} INFO - Processing /opt/airflow/dags/Medium_to_Pinecone.py took 0.143 seconds
[2025-11-22T23:44:22.996+0000] {processor.py:186} INFO - Started process (PID=1892) to work on /opt/airflow/dags/Medium_to_Pinecone.py
[2025-11-22T23:44:22.999+0000] {processor.py:914} INFO - Processing file /opt/airflow/dags/Medium_to_Pinecone.py for tasks to queue
[2025-11-22T23:44:23.005+0000] {logging_mixin.py:190} INFO - [2025-11-22T23:44:23.005+0000] {dagbag.py:587} INFO - Filling up the DagBag from /opt/airflow/dags/Medium_to_Pinecone.py
[2025-11-22T23:44:23.017+0000] {logging_mixin.py:190} INFO - [2025-11-22T23:44:23.014+0000] {dagbag.py:386} ERROR - Failed to import: /opt/airflow/dags/Medium_to_Pinecone.py
Traceback (most recent call last):
  File "/home/airflow/.local/lib/python3.12/site-packages/airflow/models/dagbag.py", line 382, in parse
    loader.exec_module(new_module)
  File "<frozen importlib._bootstrap_external>", line 995, in exec_module
  File "<frozen importlib._bootstrap>", line 488, in _call_with_frames_removed
  File "/opt/airflow/dags/Medium_to_Pinecone.py", line 12, in <module>
    from sentence_transformers import SentenceTransformer
ModuleNotFoundError: No module named 'sentence_transformers'
[2025-11-22T23:44:23.019+0000] {processor.py:927} WARNING - No viable dags retrieved from /opt/airflow/dags/Medium_to_Pinecone.py
[2025-11-22T23:44:23.056+0000] {processor.py:208} INFO - Processing /opt/airflow/dags/Medium_to_Pinecone.py took 0.076 seconds
[2025-11-22T23:44:53.232+0000] {processor.py:186} INFO - Started process (PID=1933) to work on /opt/airflow/dags/Medium_to_Pinecone.py
[2025-11-22T23:44:53.234+0000] {processor.py:914} INFO - Processing file /opt/airflow/dags/Medium_to_Pinecone.py for tasks to queue
[2025-11-22T23:44:53.239+0000] {logging_mixin.py:190} INFO - [2025-11-22T23:44:53.238+0000] {dagbag.py:587} INFO - Filling up the DagBag from /opt/airflow/dags/Medium_to_Pinecone.py
[2025-11-22T23:44:53.248+0000] {logging_mixin.py:190} INFO - [2025-11-22T23:44:53.246+0000] {dagbag.py:386} ERROR - Failed to import: /opt/airflow/dags/Medium_to_Pinecone.py
Traceback (most recent call last):
  File "/home/airflow/.local/lib/python3.12/site-packages/airflow/models/dagbag.py", line 382, in parse
    loader.exec_module(new_module)
  File "<frozen importlib._bootstrap_external>", line 995, in exec_module
  File "<frozen importlib._bootstrap>", line 488, in _call_with_frames_removed
  File "/opt/airflow/dags/Medium_to_Pinecone.py", line 12, in <module>
    from sentence_transformers import SentenceTransformer
ModuleNotFoundError: No module named 'sentence_transformers'
[2025-11-22T23:44:53.250+0000] {processor.py:927} WARNING - No viable dags retrieved from /opt/airflow/dags/Medium_to_Pinecone.py
[2025-11-22T23:44:53.284+0000] {processor.py:208} INFO - Processing /opt/airflow/dags/Medium_to_Pinecone.py took 0.063 seconds
[2025-11-22T23:45:24.375+0000] {processor.py:186} INFO - Started process (PID=1971) to work on /opt/airflow/dags/Medium_to_Pinecone.py
[2025-11-22T23:45:24.378+0000] {processor.py:914} INFO - Processing file /opt/airflow/dags/Medium_to_Pinecone.py for tasks to queue
[2025-11-22T23:45:24.400+0000] {logging_mixin.py:190} INFO - [2025-11-22T23:45:24.398+0000] {dagbag.py:587} INFO - Filling up the DagBag from /opt/airflow/dags/Medium_to_Pinecone.py
[2025-11-22T23:45:24.544+0000] {logging_mixin.py:190} INFO - [2025-11-22T23:45:24.537+0000] {dagbag.py:386} ERROR - Failed to import: /opt/airflow/dags/Medium_to_Pinecone.py
Traceback (most recent call last):
  File "/home/airflow/.local/lib/python3.12/site-packages/airflow/models/dagbag.py", line 382, in parse
    loader.exec_module(new_module)
  File "<frozen importlib._bootstrap_external>", line 995, in exec_module
  File "<frozen importlib._bootstrap>", line 488, in _call_with_frames_removed
  File "/opt/airflow/dags/Medium_to_Pinecone.py", line 12, in <module>
    from sentence_transformers import SentenceTransformer
ModuleNotFoundError: No module named 'sentence_transformers'
[2025-11-22T23:45:24.550+0000] {processor.py:927} WARNING - No viable dags retrieved from /opt/airflow/dags/Medium_to_Pinecone.py
[2025-11-22T23:45:24.700+0000] {processor.py:208} INFO - Processing /opt/airflow/dags/Medium_to_Pinecone.py took 0.360 seconds
[2025-11-22T23:45:54.865+0000] {processor.py:186} INFO - Started process (PID=2005) to work on /opt/airflow/dags/Medium_to_Pinecone.py
[2025-11-22T23:45:54.868+0000] {processor.py:914} INFO - Processing file /opt/airflow/dags/Medium_to_Pinecone.py for tasks to queue
[2025-11-22T23:45:54.874+0000] {logging_mixin.py:190} INFO - [2025-11-22T23:45:54.873+0000] {dagbag.py:587} INFO - Filling up the DagBag from /opt/airflow/dags/Medium_to_Pinecone.py
[2025-11-22T23:45:54.884+0000] {logging_mixin.py:190} INFO - [2025-11-22T23:45:54.881+0000] {dagbag.py:386} ERROR - Failed to import: /opt/airflow/dags/Medium_to_Pinecone.py
Traceback (most recent call last):
  File "/home/airflow/.local/lib/python3.12/site-packages/airflow/models/dagbag.py", line 382, in parse
    loader.exec_module(new_module)
  File "<frozen importlib._bootstrap_external>", line 995, in exec_module
  File "<frozen importlib._bootstrap>", line 488, in _call_with_frames_removed
  File "/opt/airflow/dags/Medium_to_Pinecone.py", line 12, in <module>
    from sentence_transformers import SentenceTransformer
ModuleNotFoundError: No module named 'sentence_transformers'
[2025-11-22T23:45:54.886+0000] {processor.py:927} WARNING - No viable dags retrieved from /opt/airflow/dags/Medium_to_Pinecone.py
[2025-11-22T23:45:54.929+0000] {processor.py:208} INFO - Processing /opt/airflow/dags/Medium_to_Pinecone.py took 0.078 seconds
[2025-11-22T23:46:25.149+0000] {processor.py:186} INFO - Started process (PID=2047) to work on /opt/airflow/dags/Medium_to_Pinecone.py
[2025-11-22T23:46:25.151+0000] {processor.py:914} INFO - Processing file /opt/airflow/dags/Medium_to_Pinecone.py for tasks to queue
[2025-11-22T23:46:25.160+0000] {logging_mixin.py:190} INFO - [2025-11-22T23:46:25.159+0000] {dagbag.py:587} INFO - Filling up the DagBag from /opt/airflow/dags/Medium_to_Pinecone.py
[2025-11-22T23:46:25.175+0000] {logging_mixin.py:190} INFO - [2025-11-22T23:46:25.170+0000] {dagbag.py:386} ERROR - Failed to import: /opt/airflow/dags/Medium_to_Pinecone.py
Traceback (most recent call last):
  File "/home/airflow/.local/lib/python3.12/site-packages/airflow/models/dagbag.py", line 382, in parse
    loader.exec_module(new_module)
  File "<frozen importlib._bootstrap_external>", line 995, in exec_module
  File "<frozen importlib._bootstrap>", line 488, in _call_with_frames_removed
  File "/opt/airflow/dags/Medium_to_Pinecone.py", line 12, in <module>
    from sentence_transformers import SentenceTransformer
ModuleNotFoundError: No module named 'sentence_transformers'
[2025-11-22T23:46:25.176+0000] {processor.py:927} WARNING - No viable dags retrieved from /opt/airflow/dags/Medium_to_Pinecone.py
[2025-11-22T23:46:25.237+0000] {processor.py:208} INFO - Processing /opt/airflow/dags/Medium_to_Pinecone.py took 0.108 seconds
[2025-11-22T23:46:55.608+0000] {processor.py:186} INFO - Started process (PID=2088) to work on /opt/airflow/dags/Medium_to_Pinecone.py
[2025-11-22T23:46:55.611+0000] {processor.py:914} INFO - Processing file /opt/airflow/dags/Medium_to_Pinecone.py for tasks to queue
[2025-11-22T23:46:55.617+0000] {logging_mixin.py:190} INFO - [2025-11-22T23:46:55.616+0000] {dagbag.py:587} INFO - Filling up the DagBag from /opt/airflow/dags/Medium_to_Pinecone.py
[2025-11-22T23:46:55.629+0000] {logging_mixin.py:190} INFO - [2025-11-22T23:46:55.626+0000] {dagbag.py:386} ERROR - Failed to import: /opt/airflow/dags/Medium_to_Pinecone.py
Traceback (most recent call last):
  File "/home/airflow/.local/lib/python3.12/site-packages/airflow/models/dagbag.py", line 382, in parse
    loader.exec_module(new_module)
  File "<frozen importlib._bootstrap_external>", line 995, in exec_module
  File "<frozen importlib._bootstrap>", line 488, in _call_with_frames_removed
  File "/opt/airflow/dags/Medium_to_Pinecone.py", line 12, in <module>
    from sentence_transformers import SentenceTransformer
ModuleNotFoundError: No module named 'sentence_transformers'
[2025-11-22T23:46:55.631+0000] {processor.py:927} WARNING - No viable dags retrieved from /opt/airflow/dags/Medium_to_Pinecone.py
[2025-11-22T23:46:55.674+0000] {processor.py:208} INFO - Processing /opt/airflow/dags/Medium_to_Pinecone.py took 0.080 seconds
[2025-11-22T23:47:26.103+0000] {processor.py:186} INFO - Started process (PID=2129) to work on /opt/airflow/dags/Medium_to_Pinecone.py
[2025-11-22T23:47:26.106+0000] {processor.py:914} INFO - Processing file /opt/airflow/dags/Medium_to_Pinecone.py for tasks to queue
[2025-11-22T23:47:26.111+0000] {logging_mixin.py:190} INFO - [2025-11-22T23:47:26.110+0000] {dagbag.py:587} INFO - Filling up the DagBag from /opt/airflow/dags/Medium_to_Pinecone.py
[2025-11-22T23:47:26.144+0000] {logging_mixin.py:190} INFO - [2025-11-22T23:47:26.131+0000] {dagbag.py:386} ERROR - Failed to import: /opt/airflow/dags/Medium_to_Pinecone.py
Traceback (most recent call last):
  File "/home/airflow/.local/lib/python3.12/site-packages/airflow/models/dagbag.py", line 382, in parse
    loader.exec_module(new_module)
  File "<frozen importlib._bootstrap_external>", line 995, in exec_module
  File "<frozen importlib._bootstrap>", line 488, in _call_with_frames_removed
  File "/opt/airflow/dags/Medium_to_Pinecone.py", line 12, in <module>
    from sentence_transformers import SentenceTransformer
ModuleNotFoundError: No module named 'sentence_transformers'
[2025-11-22T23:47:26.230+0000] {processor.py:927} WARNING - No viable dags retrieved from /opt/airflow/dags/Medium_to_Pinecone.py
[2025-11-22T23:47:26.320+0000] {processor.py:208} INFO - Processing /opt/airflow/dags/Medium_to_Pinecone.py took 0.258 seconds
[2025-11-22T23:47:56.543+0000] {processor.py:186} INFO - Started process (PID=2160) to work on /opt/airflow/dags/Medium_to_Pinecone.py
[2025-11-22T23:47:56.545+0000] {processor.py:914} INFO - Processing file /opt/airflow/dags/Medium_to_Pinecone.py for tasks to queue
[2025-11-22T23:47:56.548+0000] {logging_mixin.py:190} INFO - [2025-11-22T23:47:56.547+0000] {dagbag.py:587} INFO - Filling up the DagBag from /opt/airflow/dags/Medium_to_Pinecone.py
[2025-11-22T23:47:56.558+0000] {logging_mixin.py:190} INFO - [2025-11-22T23:47:56.555+0000] {dagbag.py:386} ERROR - Failed to import: /opt/airflow/dags/Medium_to_Pinecone.py
Traceback (most recent call last):
  File "/home/airflow/.local/lib/python3.12/site-packages/airflow/models/dagbag.py", line 382, in parse
    loader.exec_module(new_module)
  File "<frozen importlib._bootstrap_external>", line 995, in exec_module
  File "<frozen importlib._bootstrap>", line 488, in _call_with_frames_removed
  File "/opt/airflow/dags/Medium_to_Pinecone.py", line 12, in <module>
    from sentence_transformers import SentenceTransformer
ModuleNotFoundError: No module named 'sentence_transformers'
[2025-11-22T23:47:56.559+0000] {processor.py:927} WARNING - No viable dags retrieved from /opt/airflow/dags/Medium_to_Pinecone.py
[2025-11-22T23:47:56.595+0000] {processor.py:208} INFO - Processing /opt/airflow/dags/Medium_to_Pinecone.py took 0.064 seconds
[2025-11-22T23:48:27.335+0000] {processor.py:186} INFO - Started process (PID=2191) to work on /opt/airflow/dags/Medium_to_Pinecone.py
[2025-11-22T23:48:27.337+0000] {processor.py:914} INFO - Processing file /opt/airflow/dags/Medium_to_Pinecone.py for tasks to queue
[2025-11-22T23:48:27.342+0000] {logging_mixin.py:190} INFO - [2025-11-22T23:48:27.341+0000] {dagbag.py:587} INFO - Filling up the DagBag from /opt/airflow/dags/Medium_to_Pinecone.py
[2025-11-22T23:48:27.363+0000] {logging_mixin.py:190} INFO - [2025-11-22T23:48:27.358+0000] {dagbag.py:386} ERROR - Failed to import: /opt/airflow/dags/Medium_to_Pinecone.py
Traceback (most recent call last):
  File "/home/airflow/.local/lib/python3.12/site-packages/airflow/models/dagbag.py", line 382, in parse
    loader.exec_module(new_module)
  File "<frozen importlib._bootstrap_external>", line 995, in exec_module
  File "<frozen importlib._bootstrap>", line 488, in _call_with_frames_removed
  File "/opt/airflow/dags/Medium_to_Pinecone.py", line 12, in <module>
    from sentence_transformers import SentenceTransformer
ModuleNotFoundError: No module named 'sentence_transformers'
[2025-11-22T23:48:27.364+0000] {processor.py:927} WARNING - No viable dags retrieved from /opt/airflow/dags/Medium_to_Pinecone.py
[2025-11-22T23:48:27.461+0000] {processor.py:208} INFO - Processing /opt/airflow/dags/Medium_to_Pinecone.py took 0.148 seconds
[2025-11-22T23:48:57.570+0000] {processor.py:186} INFO - Started process (PID=2222) to work on /opt/airflow/dags/Medium_to_Pinecone.py
[2025-11-22T23:48:57.572+0000] {processor.py:914} INFO - Processing file /opt/airflow/dags/Medium_to_Pinecone.py for tasks to queue
[2025-11-22T23:48:57.574+0000] {logging_mixin.py:190} INFO - [2025-11-22T23:48:57.574+0000] {dagbag.py:587} INFO - Filling up the DagBag from /opt/airflow/dags/Medium_to_Pinecone.py
[2025-11-22T23:48:57.590+0000] {logging_mixin.py:190} INFO - [2025-11-22T23:48:57.585+0000] {dagbag.py:386} ERROR - Failed to import: /opt/airflow/dags/Medium_to_Pinecone.py
Traceback (most recent call last):
  File "/home/airflow/.local/lib/python3.12/site-packages/airflow/models/dagbag.py", line 382, in parse
    loader.exec_module(new_module)
  File "<frozen importlib._bootstrap_external>", line 995, in exec_module
  File "<frozen importlib._bootstrap>", line 488, in _call_with_frames_removed
  File "/opt/airflow/dags/Medium_to_Pinecone.py", line 12, in <module>
    from sentence_transformers import SentenceTransformer
ModuleNotFoundError: No module named 'sentence_transformers'
[2025-11-22T23:48:57.592+0000] {processor.py:927} WARNING - No viable dags retrieved from /opt/airflow/dags/Medium_to_Pinecone.py
[2025-11-22T23:48:57.660+0000] {processor.py:208} INFO - Processing /opt/airflow/dags/Medium_to_Pinecone.py took 0.103 seconds
[2025-11-22T23:49:28.564+0000] {processor.py:186} INFO - Started process (PID=2253) to work on /opt/airflow/dags/Medium_to_Pinecone.py
[2025-11-22T23:49:28.568+0000] {processor.py:914} INFO - Processing file /opt/airflow/dags/Medium_to_Pinecone.py for tasks to queue
[2025-11-22T23:49:28.576+0000] {logging_mixin.py:190} INFO - [2025-11-22T23:49:28.572+0000] {dagbag.py:587} INFO - Filling up the DagBag from /opt/airflow/dags/Medium_to_Pinecone.py
[2025-11-22T23:49:28.611+0000] {logging_mixin.py:190} INFO - [2025-11-22T23:49:28.603+0000] {dagbag.py:386} ERROR - Failed to import: /opt/airflow/dags/Medium_to_Pinecone.py
Traceback (most recent call last):
  File "/home/airflow/.local/lib/python3.12/site-packages/airflow/models/dagbag.py", line 382, in parse
    loader.exec_module(new_module)
  File "<frozen importlib._bootstrap_external>", line 995, in exec_module
  File "<frozen importlib._bootstrap>", line 488, in _call_with_frames_removed
  File "/opt/airflow/dags/Medium_to_Pinecone.py", line 12, in <module>
    from sentence_transformers import SentenceTransformer
ModuleNotFoundError: No module named 'sentence_transformers'
[2025-11-22T23:49:28.619+0000] {processor.py:927} WARNING - No viable dags retrieved from /opt/airflow/dags/Medium_to_Pinecone.py
[2025-11-22T23:49:28.706+0000] {processor.py:208} INFO - Processing /opt/airflow/dags/Medium_to_Pinecone.py took 0.170 seconds
[2025-11-22T23:49:59.686+0000] {processor.py:186} INFO - Started process (PID=2293) to work on /opt/airflow/dags/Medium_to_Pinecone.py
[2025-11-22T23:49:59.689+0000] {processor.py:914} INFO - Processing file /opt/airflow/dags/Medium_to_Pinecone.py for tasks to queue
[2025-11-22T23:49:59.694+0000] {logging_mixin.py:190} INFO - [2025-11-22T23:49:59.693+0000] {dagbag.py:587} INFO - Filling up the DagBag from /opt/airflow/dags/Medium_to_Pinecone.py
[2025-11-22T23:49:59.714+0000] {logging_mixin.py:190} INFO - [2025-11-22T23:49:59.710+0000] {dagbag.py:386} ERROR - Failed to import: /opt/airflow/dags/Medium_to_Pinecone.py
Traceback (most recent call last):
  File "/home/airflow/.local/lib/python3.12/site-packages/airflow/models/dagbag.py", line 382, in parse
    loader.exec_module(new_module)
  File "<frozen importlib._bootstrap_external>", line 995, in exec_module
  File "<frozen importlib._bootstrap>", line 488, in _call_with_frames_removed
  File "/opt/airflow/dags/Medium_to_Pinecone.py", line 12, in <module>
    from sentence_transformers import SentenceTransformer
ModuleNotFoundError: No module named 'sentence_transformers'
[2025-11-22T23:49:59.718+0000] {processor.py:927} WARNING - No viable dags retrieved from /opt/airflow/dags/Medium_to_Pinecone.py
[2025-11-22T23:49:59.934+0000] {processor.py:208} INFO - Processing /opt/airflow/dags/Medium_to_Pinecone.py took 0.271 seconds
[2025-11-22T23:50:30.462+0000] {processor.py:186} INFO - Started process (PID=2334) to work on /opt/airflow/dags/Medium_to_Pinecone.py
[2025-11-22T23:50:30.464+0000] {processor.py:914} INFO - Processing file /opt/airflow/dags/Medium_to_Pinecone.py for tasks to queue
[2025-11-22T23:50:30.467+0000] {logging_mixin.py:190} INFO - [2025-11-22T23:50:30.466+0000] {dagbag.py:587} INFO - Filling up the DagBag from /opt/airflow/dags/Medium_to_Pinecone.py
[2025-11-22T23:50:30.480+0000] {logging_mixin.py:190} INFO - [2025-11-22T23:50:30.477+0000] {dagbag.py:386} ERROR - Failed to import: /opt/airflow/dags/Medium_to_Pinecone.py
Traceback (most recent call last):
  File "/home/airflow/.local/lib/python3.12/site-packages/airflow/models/dagbag.py", line 382, in parse
    loader.exec_module(new_module)
  File "<frozen importlib._bootstrap_external>", line 995, in exec_module
  File "<frozen importlib._bootstrap>", line 488, in _call_with_frames_removed
  File "/opt/airflow/dags/Medium_to_Pinecone.py", line 12, in <module>
    from sentence_transformers import SentenceTransformer
ModuleNotFoundError: No module named 'sentence_transformers'
[2025-11-22T23:50:30.481+0000] {processor.py:927} WARNING - No viable dags retrieved from /opt/airflow/dags/Medium_to_Pinecone.py
[2025-11-22T23:50:30.522+0000] {processor.py:208} INFO - Processing /opt/airflow/dags/Medium_to_Pinecone.py took 0.078 seconds
[2025-11-22T23:51:00.972+0000] {processor.py:186} INFO - Started process (PID=2375) to work on /opt/airflow/dags/Medium_to_Pinecone.py
[2025-11-22T23:51:00.973+0000] {processor.py:914} INFO - Processing file /opt/airflow/dags/Medium_to_Pinecone.py for tasks to queue
[2025-11-22T23:51:00.976+0000] {logging_mixin.py:190} INFO - [2025-11-22T23:51:00.975+0000] {dagbag.py:587} INFO - Filling up the DagBag from /opt/airflow/dags/Medium_to_Pinecone.py
[2025-11-22T23:51:00.986+0000] {logging_mixin.py:190} INFO - [2025-11-22T23:51:00.983+0000] {dagbag.py:386} ERROR - Failed to import: /opt/airflow/dags/Medium_to_Pinecone.py
Traceback (most recent call last):
  File "/home/airflow/.local/lib/python3.12/site-packages/airflow/models/dagbag.py", line 382, in parse
    loader.exec_module(new_module)
  File "<frozen importlib._bootstrap_external>", line 995, in exec_module
  File "<frozen importlib._bootstrap>", line 488, in _call_with_frames_removed
  File "/opt/airflow/dags/Medium_to_Pinecone.py", line 12, in <module>
    from sentence_transformers import SentenceTransformer
ModuleNotFoundError: No module named 'sentence_transformers'
[2025-11-22T23:51:00.988+0000] {processor.py:927} WARNING - No viable dags retrieved from /opt/airflow/dags/Medium_to_Pinecone.py
[2025-11-22T23:51:01.024+0000] {processor.py:208} INFO - Processing /opt/airflow/dags/Medium_to_Pinecone.py took 0.063 seconds
[2025-11-22T23:51:31.343+0000] {processor.py:186} INFO - Started process (PID=2416) to work on /opt/airflow/dags/Medium_to_Pinecone.py
[2025-11-22T23:51:31.347+0000] {processor.py:914} INFO - Processing file /opt/airflow/dags/Medium_to_Pinecone.py for tasks to queue
[2025-11-22T23:51:31.352+0000] {logging_mixin.py:190} INFO - [2025-11-22T23:51:31.350+0000] {dagbag.py:587} INFO - Filling up the DagBag from /opt/airflow/dags/Medium_to_Pinecone.py
[2025-11-22T23:51:31.365+0000] {logging_mixin.py:190} INFO - [2025-11-22T23:51:31.362+0000] {dagbag.py:386} ERROR - Failed to import: /opt/airflow/dags/Medium_to_Pinecone.py
Traceback (most recent call last):
  File "/home/airflow/.local/lib/python3.12/site-packages/airflow/models/dagbag.py", line 382, in parse
    loader.exec_module(new_module)
  File "<frozen importlib._bootstrap_external>", line 995, in exec_module
  File "<frozen importlib._bootstrap>", line 488, in _call_with_frames_removed
  File "/opt/airflow/dags/Medium_to_Pinecone.py", line 12, in <module>
    from sentence_transformers import SentenceTransformer
ModuleNotFoundError: No module named 'sentence_transformers'
[2025-11-22T23:51:31.367+0000] {processor.py:927} WARNING - No viable dags retrieved from /opt/airflow/dags/Medium_to_Pinecone.py
[2025-11-22T23:51:31.425+0000] {processor.py:208} INFO - Processing /opt/airflow/dags/Medium_to_Pinecone.py took 0.094 seconds
[2025-11-22T23:52:01.524+0000] {processor.py:186} INFO - Started process (PID=2457) to work on /opt/airflow/dags/Medium_to_Pinecone.py
[2025-11-22T23:52:01.526+0000] {processor.py:914} INFO - Processing file /opt/airflow/dags/Medium_to_Pinecone.py for tasks to queue
[2025-11-22T23:52:01.529+0000] {logging_mixin.py:190} INFO - [2025-11-22T23:52:01.528+0000] {dagbag.py:587} INFO - Filling up the DagBag from /opt/airflow/dags/Medium_to_Pinecone.py
[2025-11-22T23:52:01.542+0000] {logging_mixin.py:190} INFO - [2025-11-22T23:52:01.539+0000] {dagbag.py:386} ERROR - Failed to import: /opt/airflow/dags/Medium_to_Pinecone.py
Traceback (most recent call last):
  File "/home/airflow/.local/lib/python3.12/site-packages/airflow/models/dagbag.py", line 382, in parse
    loader.exec_module(new_module)
  File "<frozen importlib._bootstrap_external>", line 995, in exec_module
  File "<frozen importlib._bootstrap>", line 488, in _call_with_frames_removed
  File "/opt/airflow/dags/Medium_to_Pinecone.py", line 12, in <module>
    from sentence_transformers import SentenceTransformer
ModuleNotFoundError: No module named 'sentence_transformers'
[2025-11-22T23:52:01.543+0000] {processor.py:927} WARNING - No viable dags retrieved from /opt/airflow/dags/Medium_to_Pinecone.py
[2025-11-22T23:52:01.627+0000] {processor.py:208} INFO - Processing /opt/airflow/dags/Medium_to_Pinecone.py took 0.119 seconds
[2025-11-22T23:52:32.341+0000] {processor.py:186} INFO - Started process (PID=2498) to work on /opt/airflow/dags/Medium_to_Pinecone.py
[2025-11-22T23:52:32.344+0000] {processor.py:914} INFO - Processing file /opt/airflow/dags/Medium_to_Pinecone.py for tasks to queue
[2025-11-22T23:52:32.348+0000] {logging_mixin.py:190} INFO - [2025-11-22T23:52:32.348+0000] {dagbag.py:587} INFO - Filling up the DagBag from /opt/airflow/dags/Medium_to_Pinecone.py
[2025-11-22T23:52:32.361+0000] {logging_mixin.py:190} INFO - [2025-11-22T23:52:32.358+0000] {dagbag.py:386} ERROR - Failed to import: /opt/airflow/dags/Medium_to_Pinecone.py
Traceback (most recent call last):
  File "/home/airflow/.local/lib/python3.12/site-packages/airflow/models/dagbag.py", line 382, in parse
    loader.exec_module(new_module)
  File "<frozen importlib._bootstrap_external>", line 995, in exec_module
  File "<frozen importlib._bootstrap>", line 488, in _call_with_frames_removed
  File "/opt/airflow/dags/Medium_to_Pinecone.py", line 12, in <module>
    from sentence_transformers import SentenceTransformer
ModuleNotFoundError: No module named 'sentence_transformers'
[2025-11-22T23:52:32.363+0000] {processor.py:927} WARNING - No viable dags retrieved from /opt/airflow/dags/Medium_to_Pinecone.py
[2025-11-22T23:52:32.415+0000] {processor.py:208} INFO - Processing /opt/airflow/dags/Medium_to_Pinecone.py took 0.088 seconds
[2025-11-22T23:53:03.175+0000] {processor.py:186} INFO - Started process (PID=2538) to work on /opt/airflow/dags/Medium_to_Pinecone.py
[2025-11-22T23:53:03.178+0000] {processor.py:914} INFO - Processing file /opt/airflow/dags/Medium_to_Pinecone.py for tasks to queue
[2025-11-22T23:53:03.183+0000] {logging_mixin.py:190} INFO - [2025-11-22T23:53:03.183+0000] {dagbag.py:587} INFO - Filling up the DagBag from /opt/airflow/dags/Medium_to_Pinecone.py
[2025-11-22T23:53:03.196+0000] {logging_mixin.py:190} INFO - [2025-11-22T23:53:03.193+0000] {dagbag.py:386} ERROR - Failed to import: /opt/airflow/dags/Medium_to_Pinecone.py
Traceback (most recent call last):
  File "/home/airflow/.local/lib/python3.12/site-packages/airflow/models/dagbag.py", line 382, in parse
    loader.exec_module(new_module)
  File "<frozen importlib._bootstrap_external>", line 995, in exec_module
  File "<frozen importlib._bootstrap>", line 488, in _call_with_frames_removed
  File "/opt/airflow/dags/Medium_to_Pinecone.py", line 12, in <module>
    from sentence_transformers import SentenceTransformer
ModuleNotFoundError: No module named 'sentence_transformers'
[2025-11-22T23:53:03.198+0000] {processor.py:927} WARNING - No viable dags retrieved from /opt/airflow/dags/Medium_to_Pinecone.py
[2025-11-22T23:53:03.248+0000] {processor.py:208} INFO - Processing /opt/airflow/dags/Medium_to_Pinecone.py took 0.087 seconds
[2025-11-22T23:53:33.665+0000] {processor.py:186} INFO - Started process (PID=2573) to work on /opt/airflow/dags/Medium_to_Pinecone.py
[2025-11-22T23:53:33.668+0000] {processor.py:914} INFO - Processing file /opt/airflow/dags/Medium_to_Pinecone.py for tasks to queue
[2025-11-22T23:53:33.678+0000] {logging_mixin.py:190} INFO - [2025-11-22T23:53:33.673+0000] {dagbag.py:587} INFO - Filling up the DagBag from /opt/airflow/dags/Medium_to_Pinecone.py
[2025-11-22T23:53:33.702+0000] {logging_mixin.py:190} INFO - [2025-11-22T23:53:33.697+0000] {dagbag.py:386} ERROR - Failed to import: /opt/airflow/dags/Medium_to_Pinecone.py
Traceback (most recent call last):
  File "/home/airflow/.local/lib/python3.12/site-packages/airflow/models/dagbag.py", line 382, in parse
    loader.exec_module(new_module)
  File "<frozen importlib._bootstrap_external>", line 995, in exec_module
  File "<frozen importlib._bootstrap>", line 488, in _call_with_frames_removed
  File "/opt/airflow/dags/Medium_to_Pinecone.py", line 12, in <module>
    from sentence_transformers import SentenceTransformer
ModuleNotFoundError: No module named 'sentence_transformers'
[2025-11-22T23:53:33.703+0000] {processor.py:927} WARNING - No viable dags retrieved from /opt/airflow/dags/Medium_to_Pinecone.py
[2025-11-22T23:53:33.772+0000] {processor.py:208} INFO - Processing /opt/airflow/dags/Medium_to_Pinecone.py took 0.136 seconds
[2025-11-22T23:54:04.428+0000] {processor.py:186} INFO - Started process (PID=2614) to work on /opt/airflow/dags/Medium_to_Pinecone.py
[2025-11-22T23:54:04.430+0000] {processor.py:914} INFO - Processing file /opt/airflow/dags/Medium_to_Pinecone.py for tasks to queue
[2025-11-22T23:54:04.434+0000] {logging_mixin.py:190} INFO - [2025-11-22T23:54:04.433+0000] {dagbag.py:587} INFO - Filling up the DagBag from /opt/airflow/dags/Medium_to_Pinecone.py
[2025-11-22T23:54:04.445+0000] {logging_mixin.py:190} INFO - [2025-11-22T23:54:04.441+0000] {dagbag.py:386} ERROR - Failed to import: /opt/airflow/dags/Medium_to_Pinecone.py
Traceback (most recent call last):
  File "/home/airflow/.local/lib/python3.12/site-packages/airflow/models/dagbag.py", line 382, in parse
    loader.exec_module(new_module)
  File "<frozen importlib._bootstrap_external>", line 995, in exec_module
  File "<frozen importlib._bootstrap>", line 488, in _call_with_frames_removed
  File "/opt/airflow/dags/Medium_to_Pinecone.py", line 12, in <module>
    from sentence_transformers import SentenceTransformer
ModuleNotFoundError: No module named 'sentence_transformers'
[2025-11-22T23:54:04.448+0000] {processor.py:927} WARNING - No viable dags retrieved from /opt/airflow/dags/Medium_to_Pinecone.py
[2025-11-22T23:54:04.511+0000] {processor.py:208} INFO - Processing /opt/airflow/dags/Medium_to_Pinecone.py took 0.101 seconds
[2025-11-22T23:54:34.867+0000] {processor.py:186} INFO - Started process (PID=2652) to work on /opt/airflow/dags/Medium_to_Pinecone.py
[2025-11-22T23:54:34.872+0000] {processor.py:914} INFO - Processing file /opt/airflow/dags/Medium_to_Pinecone.py for tasks to queue
[2025-11-22T23:54:34.878+0000] {logging_mixin.py:190} INFO - [2025-11-22T23:54:34.876+0000] {dagbag.py:587} INFO - Filling up the DagBag from /opt/airflow/dags/Medium_to_Pinecone.py
[2025-11-22T23:54:34.903+0000] {logging_mixin.py:190} INFO - [2025-11-22T23:54:34.896+0000] {dagbag.py:386} ERROR - Failed to import: /opt/airflow/dags/Medium_to_Pinecone.py
Traceback (most recent call last):
  File "/home/airflow/.local/lib/python3.12/site-packages/airflow/models/dagbag.py", line 382, in parse
    loader.exec_module(new_module)
  File "<frozen importlib._bootstrap_external>", line 995, in exec_module
  File "<frozen importlib._bootstrap>", line 488, in _call_with_frames_removed
  File "/opt/airflow/dags/Medium_to_Pinecone.py", line 12, in <module>
    from sentence_transformers import SentenceTransformer
ModuleNotFoundError: No module named 'sentence_transformers'
[2025-11-22T23:54:34.906+0000] {processor.py:927} WARNING - No viable dags retrieved from /opt/airflow/dags/Medium_to_Pinecone.py
[2025-11-22T23:54:34.963+0000] {processor.py:208} INFO - Processing /opt/airflow/dags/Medium_to_Pinecone.py took 0.137 seconds
[2025-11-22T23:55:05.562+0000] {processor.py:186} INFO - Started process (PID=2693) to work on /opt/airflow/dags/Medium_to_Pinecone.py
[2025-11-22T23:55:05.566+0000] {processor.py:914} INFO - Processing file /opt/airflow/dags/Medium_to_Pinecone.py for tasks to queue
[2025-11-22T23:55:05.571+0000] {logging_mixin.py:190} INFO - [2025-11-22T23:55:05.570+0000] {dagbag.py:587} INFO - Filling up the DagBag from /opt/airflow/dags/Medium_to_Pinecone.py
[2025-11-22T23:55:05.581+0000] {logging_mixin.py:190} INFO - [2025-11-22T23:55:05.578+0000] {dagbag.py:386} ERROR - Failed to import: /opt/airflow/dags/Medium_to_Pinecone.py
Traceback (most recent call last):
  File "/home/airflow/.local/lib/python3.12/site-packages/airflow/models/dagbag.py", line 382, in parse
    loader.exec_module(new_module)
  File "<frozen importlib._bootstrap_external>", line 995, in exec_module
  File "<frozen importlib._bootstrap>", line 488, in _call_with_frames_removed
  File "/opt/airflow/dags/Medium_to_Pinecone.py", line 12, in <module>
    from sentence_transformers import SentenceTransformer
ModuleNotFoundError: No module named 'sentence_transformers'
[2025-11-22T23:55:05.584+0000] {processor.py:927} WARNING - No viable dags retrieved from /opt/airflow/dags/Medium_to_Pinecone.py
[2025-11-22T23:55:05.633+0000] {processor.py:208} INFO - Processing /opt/airflow/dags/Medium_to_Pinecone.py took 0.089 seconds
[2025-11-22T23:55:36.120+0000] {processor.py:186} INFO - Started process (PID=2734) to work on /opt/airflow/dags/Medium_to_Pinecone.py
[2025-11-22T23:55:36.123+0000] {processor.py:914} INFO - Processing file /opt/airflow/dags/Medium_to_Pinecone.py for tasks to queue
[2025-11-22T23:55:36.126+0000] {logging_mixin.py:190} INFO - [2025-11-22T23:55:36.125+0000] {dagbag.py:587} INFO - Filling up the DagBag from /opt/airflow/dags/Medium_to_Pinecone.py
[2025-11-22T23:55:36.142+0000] {logging_mixin.py:190} INFO - [2025-11-22T23:55:36.135+0000] {dagbag.py:386} ERROR - Failed to import: /opt/airflow/dags/Medium_to_Pinecone.py
Traceback (most recent call last):
  File "/home/airflow/.local/lib/python3.12/site-packages/airflow/models/dagbag.py", line 382, in parse
    loader.exec_module(new_module)
  File "<frozen importlib._bootstrap_external>", line 995, in exec_module
  File "<frozen importlib._bootstrap>", line 488, in _call_with_frames_removed
  File "/opt/airflow/dags/Medium_to_Pinecone.py", line 12, in <module>
    from sentence_transformers import SentenceTransformer
ModuleNotFoundError: No module named 'sentence_transformers'
[2025-11-22T23:55:36.150+0000] {processor.py:927} WARNING - No viable dags retrieved from /opt/airflow/dags/Medium_to_Pinecone.py
[2025-11-22T23:55:36.207+0000] {processor.py:208} INFO - Processing /opt/airflow/dags/Medium_to_Pinecone.py took 0.107 seconds
[2025-11-22T23:56:06.423+0000] {processor.py:186} INFO - Started process (PID=2775) to work on /opt/airflow/dags/Medium_to_Pinecone.py
[2025-11-22T23:56:06.425+0000] {processor.py:914} INFO - Processing file /opt/airflow/dags/Medium_to_Pinecone.py for tasks to queue
[2025-11-22T23:56:06.428+0000] {logging_mixin.py:190} INFO - [2025-11-22T23:56:06.427+0000] {dagbag.py:587} INFO - Filling up the DagBag from /opt/airflow/dags/Medium_to_Pinecone.py
[2025-11-22T23:56:06.441+0000] {logging_mixin.py:190} INFO - [2025-11-22T23:56:06.437+0000] {dagbag.py:386} ERROR - Failed to import: /opt/airflow/dags/Medium_to_Pinecone.py
Traceback (most recent call last):
  File "/home/airflow/.local/lib/python3.12/site-packages/airflow/models/dagbag.py", line 382, in parse
    loader.exec_module(new_module)
  File "<frozen importlib._bootstrap_external>", line 995, in exec_module
  File "<frozen importlib._bootstrap>", line 488, in _call_with_frames_removed
  File "/opt/airflow/dags/Medium_to_Pinecone.py", line 12, in <module>
    from sentence_transformers import SentenceTransformer
ModuleNotFoundError: No module named 'sentence_transformers'
[2025-11-22T23:56:06.443+0000] {processor.py:927} WARNING - No viable dags retrieved from /opt/airflow/dags/Medium_to_Pinecone.py
[2025-11-22T23:56:06.511+0000] {processor.py:208} INFO - Processing /opt/airflow/dags/Medium_to_Pinecone.py took 0.105 seconds
[2025-11-22T23:56:37.255+0000] {processor.py:186} INFO - Started process (PID=2815) to work on /opt/airflow/dags/Medium_to_Pinecone.py
[2025-11-22T23:56:37.257+0000] {processor.py:914} INFO - Processing file /opt/airflow/dags/Medium_to_Pinecone.py for tasks to queue
[2025-11-22T23:56:37.260+0000] {logging_mixin.py:190} INFO - [2025-11-22T23:56:37.259+0000] {dagbag.py:587} INFO - Filling up the DagBag from /opt/airflow/dags/Medium_to_Pinecone.py
[2025-11-22T23:56:37.310+0000] {logging_mixin.py:190} INFO - [2025-11-22T23:56:37.276+0000] {dagbag.py:386} ERROR - Failed to import: /opt/airflow/dags/Medium_to_Pinecone.py
Traceback (most recent call last):
  File "/home/airflow/.local/lib/python3.12/site-packages/airflow/models/dagbag.py", line 382, in parse
    loader.exec_module(new_module)
  File "<frozen importlib._bootstrap_external>", line 995, in exec_module
  File "<frozen importlib._bootstrap>", line 488, in _call_with_frames_removed
  File "/opt/airflow/dags/Medium_to_Pinecone.py", line 12, in <module>
    from sentence_transformers import SentenceTransformer
ModuleNotFoundError: No module named 'sentence_transformers'
[2025-11-22T23:56:37.314+0000] {processor.py:927} WARNING - No viable dags retrieved from /opt/airflow/dags/Medium_to_Pinecone.py
[2025-11-22T23:56:37.386+0000] {processor.py:208} INFO - Processing /opt/airflow/dags/Medium_to_Pinecone.py took 0.149 seconds
[2025-11-22T23:57:07.694+0000] {processor.py:186} INFO - Started process (PID=2856) to work on /opt/airflow/dags/Medium_to_Pinecone.py
[2025-11-22T23:57:07.699+0000] {processor.py:914} INFO - Processing file /opt/airflow/dags/Medium_to_Pinecone.py for tasks to queue
[2025-11-22T23:57:07.702+0000] {logging_mixin.py:190} INFO - [2025-11-22T23:57:07.701+0000] {dagbag.py:587} INFO - Filling up the DagBag from /opt/airflow/dags/Medium_to_Pinecone.py
[2025-11-22T23:57:07.717+0000] {logging_mixin.py:190} INFO - [2025-11-22T23:57:07.713+0000] {dagbag.py:386} ERROR - Failed to import: /opt/airflow/dags/Medium_to_Pinecone.py
Traceback (most recent call last):
  File "/home/airflow/.local/lib/python3.12/site-packages/airflow/models/dagbag.py", line 382, in parse
    loader.exec_module(new_module)
  File "<frozen importlib._bootstrap_external>", line 995, in exec_module
  File "<frozen importlib._bootstrap>", line 488, in _call_with_frames_removed
  File "/opt/airflow/dags/Medium_to_Pinecone.py", line 12, in <module>
    from sentence_transformers import SentenceTransformer
ModuleNotFoundError: No module named 'sentence_transformers'
[2025-11-22T23:57:07.719+0000] {processor.py:927} WARNING - No viable dags retrieved from /opt/airflow/dags/Medium_to_Pinecone.py
[2025-11-22T23:57:07.765+0000] {processor.py:208} INFO - Processing /opt/airflow/dags/Medium_to_Pinecone.py took 0.086 seconds
[2025-11-22T23:57:38.198+0000] {processor.py:186} INFO - Started process (PID=2897) to work on /opt/airflow/dags/Medium_to_Pinecone.py
[2025-11-22T23:57:38.200+0000] {processor.py:914} INFO - Processing file /opt/airflow/dags/Medium_to_Pinecone.py for tasks to queue
[2025-11-22T23:57:38.202+0000] {logging_mixin.py:190} INFO - [2025-11-22T23:57:38.202+0000] {dagbag.py:587} INFO - Filling up the DagBag from /opt/airflow/dags/Medium_to_Pinecone.py
[2025-11-22T23:57:38.212+0000] {logging_mixin.py:190} INFO - [2025-11-22T23:57:38.209+0000] {dagbag.py:386} ERROR - Failed to import: /opt/airflow/dags/Medium_to_Pinecone.py
Traceback (most recent call last):
  File "/home/airflow/.local/lib/python3.12/site-packages/airflow/models/dagbag.py", line 382, in parse
    loader.exec_module(new_module)
  File "<frozen importlib._bootstrap_external>", line 995, in exec_module
  File "<frozen importlib._bootstrap>", line 488, in _call_with_frames_removed
  File "/opt/airflow/dags/Medium_to_Pinecone.py", line 12, in <module>
    from sentence_transformers import SentenceTransformer
ModuleNotFoundError: No module named 'sentence_transformers'
[2025-11-22T23:57:38.213+0000] {processor.py:927} WARNING - No viable dags retrieved from /opt/airflow/dags/Medium_to_Pinecone.py
[2025-11-22T23:57:38.250+0000] {processor.py:208} INFO - Processing /opt/airflow/dags/Medium_to_Pinecone.py took 0.062 seconds
[2025-11-22T23:58:08.572+0000] {processor.py:186} INFO - Started process (PID=2938) to work on /opt/airflow/dags/Medium_to_Pinecone.py
[2025-11-22T23:58:08.573+0000] {processor.py:914} INFO - Processing file /opt/airflow/dags/Medium_to_Pinecone.py for tasks to queue
[2025-11-22T23:58:08.576+0000] {logging_mixin.py:190} INFO - [2025-11-22T23:58:08.575+0000] {dagbag.py:587} INFO - Filling up the DagBag from /opt/airflow/dags/Medium_to_Pinecone.py
[2025-11-22T23:58:08.586+0000] {logging_mixin.py:190} INFO - [2025-11-22T23:58:08.583+0000] {dagbag.py:386} ERROR - Failed to import: /opt/airflow/dags/Medium_to_Pinecone.py
Traceback (most recent call last):
  File "/home/airflow/.local/lib/python3.12/site-packages/airflow/models/dagbag.py", line 382, in parse
    loader.exec_module(new_module)
  File "<frozen importlib._bootstrap_external>", line 995, in exec_module
  File "<frozen importlib._bootstrap>", line 488, in _call_with_frames_removed
  File "/opt/airflow/dags/Medium_to_Pinecone.py", line 12, in <module>
    from sentence_transformers import SentenceTransformer
ModuleNotFoundError: No module named 'sentence_transformers'
[2025-11-22T23:58:08.587+0000] {processor.py:927} WARNING - No viable dags retrieved from /opt/airflow/dags/Medium_to_Pinecone.py
[2025-11-22T23:58:08.637+0000] {processor.py:208} INFO - Processing /opt/airflow/dags/Medium_to_Pinecone.py took 0.076 seconds
[2025-11-22T23:58:38.789+0000] {processor.py:186} INFO - Started process (PID=2979) to work on /opt/airflow/dags/Medium_to_Pinecone.py
[2025-11-22T23:58:38.791+0000] {processor.py:914} INFO - Processing file /opt/airflow/dags/Medium_to_Pinecone.py for tasks to queue
[2025-11-22T23:58:38.793+0000] {logging_mixin.py:190} INFO - [2025-11-22T23:58:38.793+0000] {dagbag.py:587} INFO - Filling up the DagBag from /opt/airflow/dags/Medium_to_Pinecone.py
[2025-11-22T23:58:38.806+0000] {logging_mixin.py:190} INFO - [2025-11-22T23:58:38.802+0000] {dagbag.py:386} ERROR - Failed to import: /opt/airflow/dags/Medium_to_Pinecone.py
Traceback (most recent call last):
  File "/home/airflow/.local/lib/python3.12/site-packages/airflow/models/dagbag.py", line 382, in parse
    loader.exec_module(new_module)
  File "<frozen importlib._bootstrap_external>", line 995, in exec_module
  File "<frozen importlib._bootstrap>", line 488, in _call_with_frames_removed
  File "/opt/airflow/dags/Medium_to_Pinecone.py", line 12, in <module>
    from sentence_transformers import SentenceTransformer
ModuleNotFoundError: No module named 'sentence_transformers'
[2025-11-22T23:58:38.807+0000] {processor.py:927} WARNING - No viable dags retrieved from /opt/airflow/dags/Medium_to_Pinecone.py
[2025-11-22T23:58:38.844+0000] {processor.py:208} INFO - Processing /opt/airflow/dags/Medium_to_Pinecone.py took 0.067 seconds
[2025-11-22T23:59:09.239+0000] {processor.py:186} INFO - Started process (PID=3020) to work on /opt/airflow/dags/Medium_to_Pinecone.py
[2025-11-22T23:59:09.241+0000] {processor.py:914} INFO - Processing file /opt/airflow/dags/Medium_to_Pinecone.py for tasks to queue
[2025-11-22T23:59:09.244+0000] {logging_mixin.py:190} INFO - [2025-11-22T23:59:09.243+0000] {dagbag.py:587} INFO - Filling up the DagBag from /opt/airflow/dags/Medium_to_Pinecone.py
[2025-11-22T23:59:09.254+0000] {logging_mixin.py:190} INFO - [2025-11-22T23:59:09.251+0000] {dagbag.py:386} ERROR - Failed to import: /opt/airflow/dags/Medium_to_Pinecone.py
Traceback (most recent call last):
  File "/home/airflow/.local/lib/python3.12/site-packages/airflow/models/dagbag.py", line 382, in parse
    loader.exec_module(new_module)
  File "<frozen importlib._bootstrap_external>", line 995, in exec_module
  File "<frozen importlib._bootstrap>", line 488, in _call_with_frames_removed
  File "/opt/airflow/dags/Medium_to_Pinecone.py", line 12, in <module>
    from sentence_transformers import SentenceTransformer
ModuleNotFoundError: No module named 'sentence_transformers'
[2025-11-22T23:59:09.255+0000] {processor.py:927} WARNING - No viable dags retrieved from /opt/airflow/dags/Medium_to_Pinecone.py
[2025-11-22T23:59:09.291+0000] {processor.py:208} INFO - Processing /opt/airflow/dags/Medium_to_Pinecone.py took 0.064 seconds
[2025-11-22T23:59:40.089+0000] {processor.py:186} INFO - Started process (PID=3056) to work on /opt/airflow/dags/Medium_to_Pinecone.py
[2025-11-22T23:59:40.091+0000] {processor.py:914} INFO - Processing file /opt/airflow/dags/Medium_to_Pinecone.py for tasks to queue
[2025-11-22T23:59:40.093+0000] {logging_mixin.py:190} INFO - [2025-11-22T23:59:40.093+0000] {dagbag.py:587} INFO - Filling up the DagBag from /opt/airflow/dags/Medium_to_Pinecone.py
[2025-11-22T23:59:40.107+0000] {logging_mixin.py:190} INFO - [2025-11-22T23:59:40.104+0000] {dagbag.py:386} ERROR - Failed to import: /opt/airflow/dags/Medium_to_Pinecone.py
Traceback (most recent call last):
  File "/home/airflow/.local/lib/python3.12/site-packages/airflow/models/dagbag.py", line 382, in parse
    loader.exec_module(new_module)
  File "<frozen importlib._bootstrap_external>", line 995, in exec_module
  File "<frozen importlib._bootstrap>", line 488, in _call_with_frames_removed
  File "/opt/airflow/dags/Medium_to_Pinecone.py", line 12, in <module>
    from sentence_transformers import SentenceTransformer
ModuleNotFoundError: No module named 'sentence_transformers'
[2025-11-22T23:59:40.108+0000] {processor.py:927} WARNING - No viable dags retrieved from /opt/airflow/dags/Medium_to_Pinecone.py
[2025-11-22T23:59:40.148+0000] {processor.py:208} INFO - Processing /opt/airflow/dags/Medium_to_Pinecone.py took 0.071 seconds
