[2025-11-22T23:49:53.327+0000] {processor.py:186} INFO - Started process (PID=2286) to work on /opt/airflow/dags/stock_etl_yfinance.py
[2025-11-22T23:49:53.329+0000] {processor.py:914} INFO - Processing file /opt/airflow/dags/stock_etl_yfinance.py for tasks to queue
[2025-11-22T23:49:53.333+0000] {logging_mixin.py:190} INFO - [2025-11-22T23:49:53.332+0000] {dagbag.py:587} INFO - Filling up the DagBag from /opt/airflow/dags/stock_etl_yfinance.py
[2025-11-22T23:49:54.241+0000] {processor.py:925} INFO - DAG(s) 'stock_etl_yfinance' retrieved from /opt/airflow/dags/stock_etl_yfinance.py
[2025-11-22T23:49:54.408+0000] {logging_mixin.py:190} INFO - [2025-11-22T23:49:54.407+0000] {override.py:1900} INFO - Created Permission View: can read on DAG:stock_etl_yfinance
[2025-11-22T23:49:54.427+0000] {logging_mixin.py:190} INFO - [2025-11-22T23:49:54.427+0000] {override.py:1900} INFO - Created Permission View: can delete on DAG:stock_etl_yfinance
[2025-11-22T23:49:54.470+0000] {logging_mixin.py:190} INFO - [2025-11-22T23:49:54.469+0000] {override.py:1900} INFO - Created Permission View: can edit on DAG:stock_etl_yfinance
[2025-11-22T23:49:54.486+0000] {logging_mixin.py:190} INFO - [2025-11-22T23:49:54.485+0000] {override.py:1900} INFO - Created Permission View: can read on DAG Run:stock_etl_yfinance
[2025-11-22T23:49:54.502+0000] {logging_mixin.py:190} INFO - [2025-11-22T23:49:54.501+0000] {override.py:1900} INFO - Created Permission View: can delete on DAG Run:stock_etl_yfinance
[2025-11-22T23:49:54.516+0000] {logging_mixin.py:190} INFO - [2025-11-22T23:49:54.515+0000] {override.py:1900} INFO - Created Permission View: can create on DAG Run:stock_etl_yfinance
[2025-11-22T23:49:54.535+0000] {logging_mixin.py:190} INFO - [2025-11-22T23:49:54.534+0000] {override.py:1900} INFO - Created Permission View: menu access on DAG Run:stock_etl_yfinance
[2025-11-22T23:49:54.538+0000] {logging_mixin.py:190} INFO - [2025-11-22T23:49:54.537+0000] {dag.py:3229} INFO - Sync 1 DAGs
[2025-11-22T23:49:54.568+0000] {logging_mixin.py:190} INFO - [2025-11-22T23:49:54.567+0000] {dag.py:3252} INFO - Creating ORM DAG for stock_etl_yfinance
[2025-11-22T23:49:54.602+0000] {logging_mixin.py:190} INFO - [2025-11-22T23:49:54.601+0000] {dag.py:4156} INFO - Setting next_dagrun for stock_etl_yfinance to 2025-11-21 02:30:00+00:00, run_after=2025-11-22 02:30:00+00:00
[2025-11-22T23:49:54.644+0000] {processor.py:208} INFO - Processing /opt/airflow/dags/stock_etl_yfinance.py took 1.335 seconds
[2025-11-22T23:50:25.223+0000] {processor.py:186} INFO - Started process (PID=2329) to work on /opt/airflow/dags/stock_etl_yfinance.py
[2025-11-22T23:50:25.233+0000] {processor.py:914} INFO - Processing file /opt/airflow/dags/stock_etl_yfinance.py for tasks to queue
[2025-11-22T23:50:25.255+0000] {logging_mixin.py:190} INFO - [2025-11-22T23:50:25.251+0000] {dagbag.py:587} INFO - Filling up the DagBag from /opt/airflow/dags/stock_etl_yfinance.py
[2025-11-22T23:50:25.679+0000] {processor.py:925} INFO - DAG(s) 'stock_etl_yfinance' retrieved from /opt/airflow/dags/stock_etl_yfinance.py
[2025-11-22T23:50:25.702+0000] {logging_mixin.py:190} INFO - [2025-11-22T23:50:25.701+0000] {dag.py:3229} INFO - Sync 1 DAGs
[2025-11-22T23:50:26.227+0000] {logging_mixin.py:190} INFO - [2025-11-22T23:50:26.227+0000] {dag.py:4156} INFO - Setting next_dagrun for stock_etl_yfinance to 2025-11-21 02:30:00+00:00, run_after=2025-11-22 02:30:00+00:00
[2025-11-22T23:50:26.293+0000] {processor.py:208} INFO - Processing /opt/airflow/dags/stock_etl_yfinance.py took 1.104 seconds
[2025-11-22T23:50:56.622+0000] {processor.py:186} INFO - Started process (PID=2370) to work on /opt/airflow/dags/stock_etl_yfinance.py
[2025-11-22T23:50:56.624+0000] {processor.py:914} INFO - Processing file /opt/airflow/dags/stock_etl_yfinance.py for tasks to queue
[2025-11-22T23:50:56.627+0000] {logging_mixin.py:190} INFO - [2025-11-22T23:50:56.626+0000] {dagbag.py:587} INFO - Filling up the DagBag from /opt/airflow/dags/stock_etl_yfinance.py
[2025-11-22T23:50:57.317+0000] {processor.py:925} INFO - DAG(s) 'stock_etl_yfinance' retrieved from /opt/airflow/dags/stock_etl_yfinance.py
[2025-11-22T23:50:57.338+0000] {logging_mixin.py:190} INFO - [2025-11-22T23:50:57.337+0000] {dag.py:3229} INFO - Sync 1 DAGs
[2025-11-22T23:50:57.374+0000] {logging_mixin.py:190} INFO - [2025-11-22T23:50:57.374+0000] {dag.py:4156} INFO - Setting next_dagrun for stock_etl_yfinance to 2025-11-21 02:30:00+00:00, run_after=2025-11-22 02:30:00+00:00
[2025-11-22T23:50:57.403+0000] {processor.py:208} INFO - Processing /opt/airflow/dags/stock_etl_yfinance.py took 0.792 seconds
[2025-11-22T23:51:28.278+0000] {processor.py:186} INFO - Started process (PID=2411) to work on /opt/airflow/dags/stock_etl_yfinance.py
[2025-11-22T23:51:28.279+0000] {processor.py:914} INFO - Processing file /opt/airflow/dags/stock_etl_yfinance.py for tasks to queue
[2025-11-22T23:51:28.282+0000] {logging_mixin.py:190} INFO - [2025-11-22T23:51:28.281+0000] {dagbag.py:587} INFO - Filling up the DagBag from /opt/airflow/dags/stock_etl_yfinance.py
[2025-11-22T23:51:28.588+0000] {processor.py:925} INFO - DAG(s) 'stock_etl_yfinance' retrieved from /opt/airflow/dags/stock_etl_yfinance.py
[2025-11-22T23:51:28.627+0000] {logging_mixin.py:190} INFO - [2025-11-22T23:51:28.626+0000] {dag.py:3229} INFO - Sync 1 DAGs
[2025-11-22T23:51:29.202+0000] {logging_mixin.py:190} INFO - [2025-11-22T23:51:29.201+0000] {dag.py:4156} INFO - Setting next_dagrun for stock_etl_yfinance to 2025-11-21 02:30:00+00:00, run_after=2025-11-22 02:30:00+00:00
[2025-11-22T23:51:29.238+0000] {processor.py:208} INFO - Processing /opt/airflow/dags/stock_etl_yfinance.py took 0.973 seconds
[2025-11-22T23:51:59.627+0000] {processor.py:186} INFO - Started process (PID=2452) to work on /opt/airflow/dags/stock_etl_yfinance.py
[2025-11-22T23:51:59.629+0000] {processor.py:914} INFO - Processing file /opt/airflow/dags/stock_etl_yfinance.py for tasks to queue
[2025-11-22T23:51:59.632+0000] {logging_mixin.py:190} INFO - [2025-11-22T23:51:59.631+0000] {dagbag.py:587} INFO - Filling up the DagBag from /opt/airflow/dags/stock_etl_yfinance.py
[2025-11-22T23:52:00.265+0000] {processor.py:925} INFO - DAG(s) 'stock_etl_yfinance' retrieved from /opt/airflow/dags/stock_etl_yfinance.py
[2025-11-22T23:52:00.320+0000] {logging_mixin.py:190} INFO - [2025-11-22T23:52:00.318+0000] {dag.py:3229} INFO - Sync 1 DAGs
[2025-11-22T23:52:00.376+0000] {logging_mixin.py:190} INFO - [2025-11-22T23:52:00.376+0000] {dag.py:4156} INFO - Setting next_dagrun for stock_etl_yfinance to 2025-11-21 02:30:00+00:00, run_after=2025-11-22 02:30:00+00:00
[2025-11-22T23:52:00.414+0000] {processor.py:208} INFO - Processing /opt/airflow/dags/stock_etl_yfinance.py took 0.803 seconds
[2025-11-22T23:52:30.499+0000] {processor.py:186} INFO - Started process (PID=2491) to work on /opt/airflow/dags/stock_etl_yfinance.py
[2025-11-22T23:52:30.501+0000] {processor.py:914} INFO - Processing file /opt/airflow/dags/stock_etl_yfinance.py for tasks to queue
[2025-11-22T23:52:30.504+0000] {logging_mixin.py:190} INFO - [2025-11-22T23:52:30.504+0000] {dagbag.py:587} INFO - Filling up the DagBag from /opt/airflow/dags/stock_etl_yfinance.py
[2025-11-22T23:52:30.835+0000] {processor.py:925} INFO - DAG(s) 'stock_etl_yfinance' retrieved from /opt/airflow/dags/stock_etl_yfinance.py
[2025-11-22T23:52:30.861+0000] {logging_mixin.py:190} INFO - [2025-11-22T23:52:30.860+0000] {dag.py:3229} INFO - Sync 1 DAGs
[2025-11-22T23:52:31.190+0000] {logging_mixin.py:190} INFO - [2025-11-22T23:52:31.190+0000] {dag.py:4156} INFO - Setting next_dagrun for stock_etl_yfinance to 2025-11-21 02:30:00+00:00, run_after=2025-11-22 02:30:00+00:00
[2025-11-22T23:52:31.231+0000] {processor.py:208} INFO - Processing /opt/airflow/dags/stock_etl_yfinance.py took 0.744 seconds
[2025-11-22T23:53:01.847+0000] {processor.py:186} INFO - Started process (PID=2530) to work on /opt/airflow/dags/stock_etl_yfinance.py
[2025-11-22T23:53:01.849+0000] {processor.py:914} INFO - Processing file /opt/airflow/dags/stock_etl_yfinance.py for tasks to queue
[2025-11-22T23:53:01.852+0000] {logging_mixin.py:190} INFO - [2025-11-22T23:53:01.852+0000] {dagbag.py:587} INFO - Filling up the DagBag from /opt/airflow/dags/stock_etl_yfinance.py
[2025-11-22T23:53:02.251+0000] {processor.py:925} INFO - DAG(s) 'stock_etl_yfinance' retrieved from /opt/airflow/dags/stock_etl_yfinance.py
[2025-11-22T23:53:02.279+0000] {logging_mixin.py:190} INFO - [2025-11-22T23:53:02.278+0000] {dag.py:3229} INFO - Sync 1 DAGs
[2025-11-22T23:53:02.334+0000] {logging_mixin.py:190} INFO - [2025-11-22T23:53:02.334+0000] {dag.py:4156} INFO - Setting next_dagrun for stock_etl_yfinance to 2025-11-21 02:30:00+00:00, run_after=2025-11-22 02:30:00+00:00
[2025-11-22T23:53:02.373+0000] {processor.py:208} INFO - Processing /opt/airflow/dags/stock_etl_yfinance.py took 0.539 seconds
[2025-11-22T23:53:32.607+0000] {processor.py:186} INFO - Started process (PID=2570) to work on /opt/airflow/dags/stock_etl_yfinance.py
[2025-11-22T23:53:32.609+0000] {processor.py:914} INFO - Processing file /opt/airflow/dags/stock_etl_yfinance.py for tasks to queue
[2025-11-22T23:53:32.612+0000] {logging_mixin.py:190} INFO - [2025-11-22T23:53:32.611+0000] {dagbag.py:587} INFO - Filling up the DagBag from /opt/airflow/dags/stock_etl_yfinance.py
[2025-11-22T23:53:33.569+0000] {processor.py:925} INFO - DAG(s) 'stock_etl_yfinance' retrieved from /opt/airflow/dags/stock_etl_yfinance.py
[2025-11-22T23:53:33.631+0000] {logging_mixin.py:190} INFO - [2025-11-22T23:53:33.629+0000] {dag.py:3229} INFO - Sync 1 DAGs
[2025-11-22T23:53:33.751+0000] {logging_mixin.py:190} INFO - [2025-11-22T23:53:33.751+0000] {dag.py:4156} INFO - Setting next_dagrun for stock_etl_yfinance to 2025-11-21 02:30:00+00:00, run_after=2025-11-22 02:30:00+00:00
[2025-11-22T23:53:33.807+0000] {processor.py:208} INFO - Processing /opt/airflow/dags/stock_etl_yfinance.py took 1.214 seconds
[2025-11-22T23:54:04.399+0000] {processor.py:186} INFO - Started process (PID=2611) to work on /opt/airflow/dags/stock_etl_yfinance.py
[2025-11-22T23:54:04.402+0000] {processor.py:914} INFO - Processing file /opt/airflow/dags/stock_etl_yfinance.py for tasks to queue
[2025-11-22T23:54:04.406+0000] {logging_mixin.py:190} INFO - [2025-11-22T23:54:04.405+0000] {dagbag.py:587} INFO - Filling up the DagBag from /opt/airflow/dags/stock_etl_yfinance.py
[2025-11-22T23:54:05.058+0000] {processor.py:925} INFO - DAG(s) 'stock_etl_yfinance' retrieved from /opt/airflow/dags/stock_etl_yfinance.py
[2025-11-22T23:54:05.076+0000] {logging_mixin.py:190} INFO - [2025-11-22T23:54:05.076+0000] {dag.py:3229} INFO - Sync 1 DAGs
[2025-11-22T23:54:05.112+0000] {logging_mixin.py:190} INFO - [2025-11-22T23:54:05.112+0000] {dag.py:4156} INFO - Setting next_dagrun for stock_etl_yfinance to 2025-11-21 02:30:00+00:00, run_after=2025-11-22 02:30:00+00:00
[2025-11-22T23:54:05.142+0000] {processor.py:208} INFO - Processing /opt/airflow/dags/stock_etl_yfinance.py took 0.756 seconds
[2025-11-22T23:54:36.012+0000] {processor.py:186} INFO - Started process (PID=2657) to work on /opt/airflow/dags/stock_etl_yfinance.py
[2025-11-22T23:54:36.018+0000] {processor.py:914} INFO - Processing file /opt/airflow/dags/stock_etl_yfinance.py for tasks to queue
[2025-11-22T23:54:36.023+0000] {logging_mixin.py:190} INFO - [2025-11-22T23:54:36.022+0000] {dagbag.py:587} INFO - Filling up the DagBag from /opt/airflow/dags/stock_etl_yfinance.py
[2025-11-22T23:54:36.432+0000] {processor.py:925} INFO - DAG(s) 'stock_etl_yfinance' retrieved from /opt/airflow/dags/stock_etl_yfinance.py
[2025-11-22T23:54:36.467+0000] {logging_mixin.py:190} INFO - [2025-11-22T23:54:36.464+0000] {dag.py:3229} INFO - Sync 1 DAGs
[2025-11-22T23:54:36.972+0000] {logging_mixin.py:190} INFO - [2025-11-22T23:54:36.971+0000] {dag.py:4156} INFO - Setting next_dagrun for stock_etl_yfinance to 2025-11-21 02:30:00+00:00, run_after=2025-11-22 02:30:00+00:00
[2025-11-22T23:54:37.041+0000] {processor.py:208} INFO - Processing /opt/airflow/dags/stock_etl_yfinance.py took 1.046 seconds
[2025-11-22T23:55:07.602+0000] {processor.py:186} INFO - Started process (PID=2698) to work on /opt/airflow/dags/stock_etl_yfinance.py
[2025-11-22T23:55:07.606+0000] {processor.py:914} INFO - Processing file /opt/airflow/dags/stock_etl_yfinance.py for tasks to queue
[2025-11-22T23:55:07.609+0000] {logging_mixin.py:190} INFO - [2025-11-22T23:55:07.608+0000] {dagbag.py:587} INFO - Filling up the DagBag from /opt/airflow/dags/stock_etl_yfinance.py
[2025-11-22T23:55:08.236+0000] {processor.py:925} INFO - DAG(s) 'stock_etl_yfinance' retrieved from /opt/airflow/dags/stock_etl_yfinance.py
[2025-11-22T23:55:08.260+0000] {logging_mixin.py:190} INFO - [2025-11-22T23:55:08.258+0000] {dag.py:3229} INFO - Sync 1 DAGs
[2025-11-22T23:55:08.318+0000] {logging_mixin.py:190} INFO - [2025-11-22T23:55:08.318+0000] {dag.py:4156} INFO - Setting next_dagrun for stock_etl_yfinance to 2025-11-21 02:30:00+00:00, run_after=2025-11-22 02:30:00+00:00
[2025-11-22T23:55:08.353+0000] {processor.py:208} INFO - Processing /opt/airflow/dags/stock_etl_yfinance.py took 0.767 seconds
[2025-11-22T23:55:39.146+0000] {processor.py:186} INFO - Started process (PID=2739) to work on /opt/airflow/dags/stock_etl_yfinance.py
[2025-11-22T23:55:39.148+0000] {processor.py:914} INFO - Processing file /opt/airflow/dags/stock_etl_yfinance.py for tasks to queue
[2025-11-22T23:55:39.150+0000] {logging_mixin.py:190} INFO - [2025-11-22T23:55:39.150+0000] {dagbag.py:587} INFO - Filling up the DagBag from /opt/airflow/dags/stock_etl_yfinance.py
[2025-11-22T23:55:39.435+0000] {processor.py:925} INFO - DAG(s) 'stock_etl_yfinance' retrieved from /opt/airflow/dags/stock_etl_yfinance.py
[2025-11-22T23:55:39.690+0000] {logging_mixin.py:190} INFO - [2025-11-22T23:55:39.689+0000] {dag.py:3229} INFO - Sync 1 DAGs
[2025-11-22T23:55:39.730+0000] {logging_mixin.py:190} INFO - [2025-11-22T23:55:39.729+0000] {dag.py:4156} INFO - Setting next_dagrun for stock_etl_yfinance to 2025-11-21 02:30:00+00:00, run_after=2025-11-22 02:30:00+00:00
[2025-11-22T23:55:39.772+0000] {processor.py:208} INFO - Processing /opt/airflow/dags/stock_etl_yfinance.py took 0.637 seconds
[2025-11-22T23:56:10.454+0000] {processor.py:186} INFO - Started process (PID=2780) to work on /opt/airflow/dags/stock_etl_yfinance.py
[2025-11-22T23:56:10.456+0000] {processor.py:914} INFO - Processing file /opt/airflow/dags/stock_etl_yfinance.py for tasks to queue
[2025-11-22T23:56:10.460+0000] {logging_mixin.py:190} INFO - [2025-11-22T23:56:10.459+0000] {dagbag.py:587} INFO - Filling up the DagBag from /opt/airflow/dags/stock_etl_yfinance.py
[2025-11-22T23:56:11.063+0000] {processor.py:925} INFO - DAG(s) 'stock_etl_yfinance' retrieved from /opt/airflow/dags/stock_etl_yfinance.py
[2025-11-22T23:56:11.098+0000] {logging_mixin.py:190} INFO - [2025-11-22T23:56:11.097+0000] {dag.py:3229} INFO - Sync 1 DAGs
[2025-11-22T23:56:11.142+0000] {logging_mixin.py:190} INFO - [2025-11-22T23:56:11.141+0000] {dag.py:4156} INFO - Setting next_dagrun for stock_etl_yfinance to 2025-11-21 02:30:00+00:00, run_after=2025-11-22 02:30:00+00:00
[2025-11-22T23:56:11.175+0000] {processor.py:208} INFO - Processing /opt/airflow/dags/stock_etl_yfinance.py took 0.734 seconds
[2025-11-22T23:56:41.356+0000] {processor.py:186} INFO - Started process (PID=2820) to work on /opt/airflow/dags/stock_etl_yfinance.py
[2025-11-22T23:56:41.361+0000] {processor.py:914} INFO - Processing file /opt/airflow/dags/stock_etl_yfinance.py for tasks to queue
[2025-11-22T23:56:41.369+0000] {logging_mixin.py:190} INFO - [2025-11-22T23:56:41.369+0000] {dagbag.py:587} INFO - Filling up the DagBag from /opt/airflow/dags/stock_etl_yfinance.py
[2025-11-22T23:56:41.839+0000] {processor.py:925} INFO - DAG(s) 'stock_etl_yfinance' retrieved from /opt/airflow/dags/stock_etl_yfinance.py
[2025-11-22T23:56:42.408+0000] {logging_mixin.py:190} INFO - [2025-11-22T23:56:42.405+0000] {dag.py:3229} INFO - Sync 1 DAGs
[2025-11-22T23:56:42.479+0000] {logging_mixin.py:190} INFO - [2025-11-22T23:56:42.478+0000] {dag.py:4156} INFO - Setting next_dagrun for stock_etl_yfinance to 2025-11-21 02:30:00+00:00, run_after=2025-11-22 02:30:00+00:00
[2025-11-22T23:56:42.524+0000] {processor.py:208} INFO - Processing /opt/airflow/dags/stock_etl_yfinance.py took 1.181 seconds
[2025-11-22T23:57:12.752+0000] {processor.py:186} INFO - Started process (PID=2861) to work on /opt/airflow/dags/stock_etl_yfinance.py
[2025-11-22T23:57:12.754+0000] {processor.py:914} INFO - Processing file /opt/airflow/dags/stock_etl_yfinance.py for tasks to queue
[2025-11-22T23:57:12.758+0000] {logging_mixin.py:190} INFO - [2025-11-22T23:57:12.756+0000] {dagbag.py:587} INFO - Filling up the DagBag from /opt/airflow/dags/stock_etl_yfinance.py
[2025-11-22T23:57:13.365+0000] {processor.py:925} INFO - DAG(s) 'stock_etl_yfinance' retrieved from /opt/airflow/dags/stock_etl_yfinance.py
[2025-11-22T23:57:13.383+0000] {logging_mixin.py:190} INFO - [2025-11-22T23:57:13.383+0000] {dag.py:3229} INFO - Sync 1 DAGs
[2025-11-22T23:57:13.420+0000] {logging_mixin.py:190} INFO - [2025-11-22T23:57:13.420+0000] {dag.py:4156} INFO - Setting next_dagrun for stock_etl_yfinance to 2025-11-21 02:30:00+00:00, run_after=2025-11-22 02:30:00+00:00
[2025-11-22T23:57:13.449+0000] {processor.py:208} INFO - Processing /opt/airflow/dags/stock_etl_yfinance.py took 0.709 seconds
[2025-11-22T23:57:44.291+0000] {processor.py:186} INFO - Started process (PID=2902) to work on /opt/airflow/dags/stock_etl_yfinance.py
[2025-11-22T23:57:44.294+0000] {processor.py:914} INFO - Processing file /opt/airflow/dags/stock_etl_yfinance.py for tasks to queue
[2025-11-22T23:57:44.297+0000] {logging_mixin.py:190} INFO - [2025-11-22T23:57:44.296+0000] {dagbag.py:587} INFO - Filling up the DagBag from /opt/airflow/dags/stock_etl_yfinance.py
[2025-11-22T23:57:44.553+0000] {processor.py:925} INFO - DAG(s) 'stock_etl_yfinance' retrieved from /opt/airflow/dags/stock_etl_yfinance.py
[2025-11-22T23:57:44.878+0000] {logging_mixin.py:190} INFO - [2025-11-22T23:57:44.877+0000] {dag.py:3229} INFO - Sync 1 DAGs
[2025-11-22T23:57:44.916+0000] {logging_mixin.py:190} INFO - [2025-11-22T23:57:44.915+0000] {dag.py:4156} INFO - Setting next_dagrun for stock_etl_yfinance to 2025-11-21 02:30:00+00:00, run_after=2025-11-22 02:30:00+00:00
[2025-11-22T23:57:44.947+0000] {processor.py:208} INFO - Processing /opt/airflow/dags/stock_etl_yfinance.py took 0.667 seconds
[2025-11-22T23:58:15.659+0000] {processor.py:186} INFO - Started process (PID=2943) to work on /opt/airflow/dags/stock_etl_yfinance.py
[2025-11-22T23:58:15.661+0000] {processor.py:914} INFO - Processing file /opt/airflow/dags/stock_etl_yfinance.py for tasks to queue
[2025-11-22T23:58:15.663+0000] {logging_mixin.py:190} INFO - [2025-11-22T23:58:15.663+0000] {dagbag.py:587} INFO - Filling up the DagBag from /opt/airflow/dags/stock_etl_yfinance.py
[2025-11-22T23:58:16.153+0000] {processor.py:925} INFO - DAG(s) 'stock_etl_yfinance' retrieved from /opt/airflow/dags/stock_etl_yfinance.py
[2025-11-22T23:58:16.170+0000] {logging_mixin.py:190} INFO - [2025-11-22T23:58:16.169+0000] {dag.py:3229} INFO - Sync 1 DAGs
[2025-11-22T23:58:16.205+0000] {logging_mixin.py:190} INFO - [2025-11-22T23:58:16.205+0000] {dag.py:4156} INFO - Setting next_dagrun for stock_etl_yfinance to 2025-11-21 02:30:00+00:00, run_after=2025-11-22 02:30:00+00:00
[2025-11-22T23:58:16.235+0000] {processor.py:208} INFO - Processing /opt/airflow/dags/stock_etl_yfinance.py took 0.586 seconds
[2025-11-22T23:58:46.898+0000] {processor.py:186} INFO - Started process (PID=2984) to work on /opt/airflow/dags/stock_etl_yfinance.py
[2025-11-22T23:58:46.900+0000] {processor.py:914} INFO - Processing file /opt/airflow/dags/stock_etl_yfinance.py for tasks to queue
[2025-11-22T23:58:46.903+0000] {logging_mixin.py:190} INFO - [2025-11-22T23:58:46.902+0000] {dagbag.py:587} INFO - Filling up the DagBag from /opt/airflow/dags/stock_etl_yfinance.py
[2025-11-22T23:58:47.403+0000] {processor.py:925} INFO - DAG(s) 'stock_etl_yfinance' retrieved from /opt/airflow/dags/stock_etl_yfinance.py
[2025-11-22T23:58:47.423+0000] {logging_mixin.py:190} INFO - [2025-11-22T23:58:47.422+0000] {dag.py:3229} INFO - Sync 1 DAGs
[2025-11-22T23:58:47.456+0000] {logging_mixin.py:190} INFO - [2025-11-22T23:58:47.455+0000] {dag.py:4156} INFO - Setting next_dagrun for stock_etl_yfinance to 2025-11-21 02:30:00+00:00, run_after=2025-11-22 02:30:00+00:00
[2025-11-22T23:58:47.484+0000] {processor.py:208} INFO - Processing /opt/airflow/dags/stock_etl_yfinance.py took 0.596 seconds
[2025-11-22T23:59:18.376+0000] {processor.py:186} INFO - Started process (PID=3025) to work on /opt/airflow/dags/stock_etl_yfinance.py
[2025-11-22T23:59:18.378+0000] {processor.py:914} INFO - Processing file /opt/airflow/dags/stock_etl_yfinance.py for tasks to queue
[2025-11-22T23:59:18.380+0000] {logging_mixin.py:190} INFO - [2025-11-22T23:59:18.380+0000] {dagbag.py:587} INFO - Filling up the DagBag from /opt/airflow/dags/stock_etl_yfinance.py
[2025-11-22T23:59:18.939+0000] {processor.py:925} INFO - DAG(s) 'stock_etl_yfinance' retrieved from /opt/airflow/dags/stock_etl_yfinance.py
[2025-11-22T23:59:18.956+0000] {logging_mixin.py:190} INFO - [2025-11-22T23:59:18.955+0000] {dag.py:3229} INFO - Sync 1 DAGs
[2025-11-22T23:59:18.992+0000] {logging_mixin.py:190} INFO - [2025-11-22T23:59:18.991+0000] {dag.py:4156} INFO - Setting next_dagrun for stock_etl_yfinance to 2025-11-21 02:30:00+00:00, run_after=2025-11-22 02:30:00+00:00
[2025-11-22T23:59:19.032+0000] {processor.py:208} INFO - Processing /opt/airflow/dags/stock_etl_yfinance.py took 0.670 seconds
[2025-11-22T23:59:49.203+0000] {processor.py:186} INFO - Started process (PID=3071) to work on /opt/airflow/dags/stock_etl_yfinance.py
[2025-11-22T23:59:49.205+0000] {processor.py:914} INFO - Processing file /opt/airflow/dags/stock_etl_yfinance.py for tasks to queue
[2025-11-22T23:59:49.207+0000] {logging_mixin.py:190} INFO - [2025-11-22T23:59:49.207+0000] {dagbag.py:587} INFO - Filling up the DagBag from /opt/airflow/dags/stock_etl_yfinance.py
[2025-11-22T23:59:49.805+0000] {processor.py:925} INFO - DAG(s) 'stock_etl_yfinance' retrieved from /opt/airflow/dags/stock_etl_yfinance.py
[2025-11-22T23:59:49.822+0000] {logging_mixin.py:190} INFO - [2025-11-22T23:59:49.821+0000] {dag.py:3229} INFO - Sync 1 DAGs
[2025-11-22T23:59:49.857+0000] {logging_mixin.py:190} INFO - [2025-11-22T23:59:49.856+0000] {dag.py:4156} INFO - Setting next_dagrun for stock_etl_yfinance to 2025-11-21 02:30:00+00:00, run_after=2025-11-22 02:30:00+00:00
[2025-11-22T23:59:49.884+0000] {processor.py:208} INFO - Processing /opt/airflow/dags/stock_etl_yfinance.py took 0.697 seconds
