[2025-10-07T20:04:07.191+0000] {local_task_job_runner.py:123} INFO - ::group::Pre task execution logs
[2025-10-07T20:04:07.230+0000] {taskinstance.py:2612} INFO - Dependencies all met for dep_context=non-requeueable deps ti=<TaskInstance: Stock_Forecasting_DAG.predict manual__2025-10-07T20:02:00.869222+00:00 [queued]>
[2025-10-07T20:04:07.251+0000] {taskinstance.py:2612} INFO - Dependencies all met for dep_context=requeueable deps ti=<TaskInstance: Stock_Forecasting_DAG.predict manual__2025-10-07T20:02:00.869222+00:00 [queued]>
[2025-10-07T20:04:07.254+0000] {taskinstance.py:2865} INFO - Starting attempt 1 of 1
[2025-10-07T20:04:07.279+0000] {taskinstance.py:2888} INFO - Executing <Task(_PythonDecoratedOperator): predict> on 2025-10-07 20:02:00.869222+00:00
[2025-10-07T20:04:07.320+0000] {standard_task_runner.py:104} INFO - Running: ['***', 'tasks', 'run', 'Stock_Forecasting_DAG', 'predict', 'manual__2025-10-07T20:02:00.869222+00:00', '--job-id', '154', '--raw', '--subdir', 'DAGS_FOLDER/lab1.py', '--cfg-path', '/tmp/tmpiw13qtn4']
[2025-10-07T20:04:07.323+0000] {standard_task_runner.py:105} INFO - Job 154: Subtask predict
[2025-10-07T20:04:07.319+0000] {logging_mixin.py:190} WARNING - /home/***/.local/lib/python3.12/site-packages/***/task/task_runner/standard_task_runner.py:70 DeprecationWarning: This process (pid=876) is multi-threaded, use of fork() may lead to deadlocks in the child.
[2025-10-07T20:04:07.327+0000] {standard_task_runner.py:72} INFO - Started process 879 to run task
[2025-10-07T20:04:07.531+0000] {task_command.py:467} INFO - Running <TaskInstance: Stock_Forecasting_DAG.predict manual__2025-10-07T20:02:00.869222+00:00 [running]> on host 055b0adf81a0
[2025-10-07T20:04:07.813+0000] {taskinstance.py:3131} INFO - Exporting env vars: AIRFLOW_CTX_DAG_OWNER='***' AIRFLOW_CTX_DAG_ID='Stock_Forecasting_DAG' AIRFLOW_CTX_TASK_ID='predict' AIRFLOW_CTX_EXECUTION_DATE='2025-10-07T20:02:00.869222+00:00' AIRFLOW_CTX_TRY_NUMBER='1' AIRFLOW_CTX_DAG_RUN_ID='manual__2025-10-07T20:02:00.869222+00:00'
[2025-10-07T20:04:07.816+0000] {taskinstance.py:731} INFO - ::endgroup::
[2025-10-07T20:04:31.484+0000] {cursor.py:1156} INFO - Number of results in first chunk: 1
[2025-10-07T20:04:31.785+0000] {cursor.py:1156} INFO - Number of results in first chunk: 1
[2025-10-07T20:04:33.634+0000] {cursor.py:1156} INFO - Number of results in first chunk: 1
[2025-10-07T20:04:33.636+0000] {python.py:240} INFO - Done. Returned value was: None
[2025-10-07T20:04:33.664+0000] {taskinstance.py:340} INFO - ::group::Post task execution logs
[2025-10-07T20:04:33.667+0000] {taskinstance.py:352} INFO - Marking task as SUCCESS. dag_id=Stock_Forecasting_DAG, task_id=predict, run_id=manual__2025-10-07T20:02:00.869222+00:00, execution_date=20251007T200200, start_date=20251007T200407, end_date=20251007T200433
[2025-10-07T20:04:33.767+0000] {local_task_job_runner.py:266} INFO - Task exited with return code 0
[2025-10-07T20:04:33.812+0000] {taskinstance.py:3900} INFO - 0 downstream tasks scheduled from follow-on schedule check
[2025-10-07T20:04:33.816+0000] {local_task_job_runner.py:245} INFO - ::endgroup::
