[2025-11-25T05:53:30.006+0000] {local_task_job_runner.py:123} INFO - ::group::Pre task execution logs
[2025-11-25T05:53:30.057+0000] {taskinstance.py:2612} INFO - Dependencies all met for dep_context=non-requeueable deps ti=<TaskInstance: Stock_ETL.verify_etl manual__2025-11-25T05:53:25.261865+00:00 [queued]>
[2025-11-25T05:53:30.090+0000] {taskinstance.py:2612} INFO - Dependencies all met for dep_context=requeueable deps ti=<TaskInstance: Stock_ETL.verify_etl manual__2025-11-25T05:53:25.261865+00:00 [queued]>
[2025-11-25T05:53:30.093+0000] {taskinstance.py:2865} INFO - Starting attempt 1 of 1
[2025-11-25T05:53:30.144+0000] {taskinstance.py:2888} INFO - Executing <Task(_PythonDecoratedOperator): verify_etl> on 2025-11-25 05:53:25.261865+00:00
[2025-11-25T05:53:30.168+0000] {logging_mixin.py:190} WARNING - /home/***/.local/lib/python3.12/site-packages/***/task/task_runner/standard_task_runner.py:70 DeprecationWarning: This process (pid=6519) is multi-threaded, use of fork() may lead to deadlocks in the child.
[2025-11-25T05:53:30.174+0000] {standard_task_runner.py:72} INFO - Started process 6525 to run task
[2025-11-25T05:53:30.198+0000] {standard_task_runner.py:104} INFO - Running: ['***', 'tasks', 'run', 'Stock_ETL', 'verify_etl', 'manual__2025-11-25T05:53:25.261865+00:00', '--job-id', '150', '--raw', '--subdir', 'DAGS_FOLDER/stock_etl_yfinance.py', '--cfg-path', '/tmp/tmpw6xf1z4w']
[2025-11-25T05:53:30.206+0000] {standard_task_runner.py:105} INFO - Job 150: Subtask verify_etl
[2025-11-25T05:53:30.340+0000] {task_command.py:467} INFO - Running <TaskInstance: Stock_ETL.verify_etl manual__2025-11-25T05:53:25.261865+00:00 [running]> on host 70371839f9d1
[2025-11-25T05:53:30.556+0000] {taskinstance.py:3131} INFO - Exporting env vars: AIRFLOW_CTX_DAG_OWNER='***' AIRFLOW_CTX_DAG_ID='Stock_ETL' AIRFLOW_CTX_TASK_ID='verify_etl' AIRFLOW_CTX_EXECUTION_DATE='2025-11-25T05:53:25.261865+00:00' AIRFLOW_CTX_TRY_NUMBER='1' AIRFLOW_CTX_DAG_RUN_ID='manual__2025-11-25T05:53:25.261865+00:00'
[2025-11-25T05:53:30.558+0000] {taskinstance.py:731} INFO - ::endgroup::
[2025-11-25T05:53:30.608+0000] {base.py:84} INFO - Retrieving connection 'snowflake_conn'
[2025-11-25T05:53:30.611+0000] {connection.py:399} INFO - Snowflake Connector for Python Version: 3.10.0, Python Version: 3.12.5, Platform: Linux-6.12.54-linuxkit-x86_64-with-glibc2.36
[2025-11-25T05:53:30.614+0000] {connection.py:1239} INFO - This connection is in OCSP Fail Open Mode. TLS Certificates would be checked for validity and revocation status. Any other Certificate Revocation related exceptions or OCSP Responder failures would be disregarded in favor of connectivity.
[2025-11-25T05:53:31.282+0000] {cursor.py:1149} INFO - Number of results in first chunk: 1
[2025-11-25T05:53:31.285+0000] {python.py:240} INFO - Done. Returned value was: None
[2025-11-25T05:53:31.310+0000] {taskinstance.py:340} INFO - ::group::Post task execution logs
[2025-11-25T05:53:31.311+0000] {taskinstance.py:352} INFO - Marking task as SUCCESS. dag_id=Stock_ETL, task_id=verify_etl, run_id=manual__2025-11-25T05:53:25.261865+00:00, execution_date=20251125T055325, start_date=20251125T055330, end_date=20251125T055331
[2025-11-25T05:53:31.430+0000] {local_task_job_runner.py:266} INFO - Task exited with return code 0
[2025-11-25T05:53:31.491+0000] {taskinstance.py:3900} INFO - 1 downstream tasks scheduled from follow-on schedule check
[2025-11-25T05:53:31.495+0000] {local_task_job_runner.py:245} INFO - ::endgroup::
