[2025-10-05T03:08:05.872+0000] {local_task_job_runner.py:123} INFO - ::group::Pre task execution logs
[2025-10-05T03:08:05.899+0000] {taskinstance.py:2612} INFO - Dependencies all met for dep_context=non-requeueable deps ti=<TaskInstance: AlphaVantage_to_Snowflake.load_to_snowflake manual__2025-10-05T03:07:54.794506+00:00 [queued]>
[2025-10-05T03:08:05.915+0000] {taskinstance.py:2612} INFO - Dependencies all met for dep_context=requeueable deps ti=<TaskInstance: AlphaVantage_to_Snowflake.load_to_snowflake manual__2025-10-05T03:07:54.794506+00:00 [queued]>
[2025-10-05T03:08:05.916+0000] {taskinstance.py:2865} INFO - Starting attempt 1 of 1
[2025-10-05T03:08:05.940+0000] {taskinstance.py:2888} INFO - Executing <Task(_PythonDecoratedOperator): load_to_snowflake> on 2025-10-05 03:07:54.794506+00:00
[2025-10-05T03:08:05.959+0000] {logging_mixin.py:190} WARNING - /home/***/.local/lib/python3.12/site-packages/***/task/task_runner/standard_task_runner.py:70 DeprecationWarning: This process (pid=490) is multi-threaded, use of fork() may lead to deadlocks in the child.
[2025-10-05T03:08:05.960+0000] {standard_task_runner.py:104} INFO - Running: ['***', 'tasks', 'run', 'AlphaVantage_to_Snowflake', 'load_to_snowflake', 'manual__2025-10-05T03:07:54.794506+00:00', '--job-id', '8', '--raw', '--subdir', 'DAGS_FOLDER/__pycache__/hw5_final.py', '--cfg-path', '/tmp/tmpo7jcomp8']
[2025-10-05T03:08:05.962+0000] {standard_task_runner.py:105} INFO - Job 8: Subtask load_to_snowflake
[2025-10-05T03:08:05.962+0000] {standard_task_runner.py:72} INFO - Started process 493 to run task
[2025-10-05T03:08:06.082+0000] {task_command.py:467} INFO - Running <TaskInstance: AlphaVantage_to_Snowflake.load_to_snowflake manual__2025-10-05T03:07:54.794506+00:00 [running]> on host 84656391f7f8
[2025-10-05T03:08:06.357+0000] {taskinstance.py:3131} INFO - Exporting env vars: AIRFLOW_CTX_DAG_OWNER='***' AIRFLOW_CTX_DAG_ID='AlphaVantage_to_Snowflake' AIRFLOW_CTX_TASK_ID='load_to_snowflake' AIRFLOW_CTX_EXECUTION_DATE='2025-10-05T03:07:54.794506+00:00' AIRFLOW_CTX_TRY_NUMBER='1' AIRFLOW_CTX_DAG_RUN_ID='manual__2025-10-05T03:07:54.794506+00:00'
[2025-10-05T03:08:06.360+0000] {taskinstance.py:731} INFO - ::endgroup::
[2025-10-05T03:08:07.809+0000] {cursor.py:1156} INFO - Number of results in first chunk: 1
[2025-10-05T03:08:07.991+0000] {cursor.py:1156} INFO - Number of results in first chunk: 1
[2025-10-05T03:09:01.449+0000] {cursor.py:1156} INFO - Number of results in first chunk: 1
[2025-10-05T03:09:01.453+0000] {python.py:240} INFO - Done. Returned value was: None
[2025-10-05T03:09:01.488+0000] {taskinstance.py:340} INFO - ::group::Post task execution logs
[2025-10-05T03:09:01.489+0000] {taskinstance.py:352} INFO - Marking task as SUCCESS. dag_id=AlphaVantage_to_Snowflake, task_id=load_to_snowflake, run_id=manual__2025-10-05T03:07:54.794506+00:00, execution_date=20251005T030754, start_date=20251005T030805, end_date=20251005T030901
[2025-10-05T03:09:01.564+0000] {local_task_job_runner.py:266} INFO - Task exited with return code 0
[2025-10-05T03:09:01.597+0000] {taskinstance.py:3900} INFO - 0 downstream tasks scheduled from follow-on schedule check
[2025-10-05T03:09:01.600+0000] {local_task_job_runner.py:245} INFO - ::endgroup::
