[2025-11-25T02:30:22.797+0000] {local_task_job_runner.py:123} INFO - ::group::Pre task execution logs
[2025-11-25T02:30:22.824+0000] {taskinstance.py:2612} INFO - Dependencies all met for dep_context=non-requeueable deps ti=<TaskInstance: stock_elt_dbt.dbt_run manual__2025-11-25T02:30:15.727870+00:00 [queued]>
[2025-11-25T02:30:22.841+0000] {taskinstance.py:2612} INFO - Dependencies all met for dep_context=requeueable deps ti=<TaskInstance: stock_elt_dbt.dbt_run manual__2025-11-25T02:30:15.727870+00:00 [queued]>
[2025-11-25T02:30:22.842+0000] {taskinstance.py:2865} INFO - Starting attempt 1 of 1
[2025-11-25T02:30:22.863+0000] {taskinstance.py:2888} INFO - Executing <Task(BashOperator): dbt_run> on 2025-11-25 02:30:15.727870+00:00
[2025-11-25T02:30:22.876+0000] {standard_task_runner.py:104} INFO - Running: ['***', 'tasks', 'run', 'stock_elt_dbt', 'dbt_run', 'manual__2025-11-25T02:30:15.727870+00:00', '--job-id', '133', '--raw', '--subdir', 'DAGS_FOLDER/stock_elt_dbt.py', '--cfg-path', '/tmp/tmp4yvfk81l']
[2025-11-25T02:30:22.880+0000] {standard_task_runner.py:105} INFO - Job 133: Subtask dbt_run
[2025-11-25T02:30:22.885+0000] {logging_mixin.py:190} WARNING - /home/***/.local/lib/python3.12/site-packages/***/task/task_runner/standard_task_runner.py:70 DeprecationWarning: This process (pid=17030) is multi-threaded, use of fork() may lead to deadlocks in the child.
[2025-11-25T02:30:22.886+0000] {standard_task_runner.py:72} INFO - Started process 17031 to run task
[2025-11-25T02:30:22.954+0000] {task_command.py:467} INFO - Running <TaskInstance: stock_elt_dbt.dbt_run manual__2025-11-25T02:30:15.727870+00:00 [running]> on host 638b31fa7dcc
[2025-11-25T02:30:23.082+0000] {taskinstance.py:3131} INFO - Exporting env vars: AIRFLOW_CTX_DAG_OWNER='***' AIRFLOW_CTX_DAG_ID='stock_elt_dbt' AIRFLOW_CTX_TASK_ID='dbt_run' AIRFLOW_CTX_EXECUTION_DATE='2025-11-25T02:30:15.727870+00:00' AIRFLOW_CTX_TRY_NUMBER='1' AIRFLOW_CTX_DAG_RUN_ID='manual__2025-11-25T02:30:15.727870+00:00'
[2025-11-25T02:30:23.083+0000] {taskinstance.py:731} INFO - ::endgroup::
[2025-11-25T02:30:23.107+0000] {subprocess.py:63} INFO - Tmp dir root location: /tmp
[2025-11-25T02:30:23.108+0000] {subprocess.py:75} INFO - Running command: ['/usr/bin/bash', '-c', 'cd /opt/***/dbt/stock_analytics && if [ -x /home/***/.local/bin/dbt ]; then DBT_BIN=/home/***/.local/bin/dbt; elif command -v dbt >/dev/null 2>&1; then DBT_BIN="$(command -v dbt)"; else DBT_BIN="python -m dbt.cli.main"; fi; $DBT_BIN run --target prod --profiles-dir "$DBT_PROFILES_DIR"']
[2025-11-25T02:30:23.121+0000] {subprocess.py:86} INFO - Output:
[2025-11-25T02:30:26.343+0000] {subprocess.py:93} INFO - [0m02:30:26  Running with dbt=1.8.8
[2025-11-25T02:30:28.243+0000] {subprocess.py:93} INFO - [0m02:30:28  Registered adapter: snowflake=1.8.4
[2025-11-25T02:30:28.879+0000] {subprocess.py:93} INFO - [0m02:30:28  Found 4 models, 1 snapshot, 6 data tests, 1 source, 454 macros
[2025-11-25T02:30:28.884+0000] {subprocess.py:93} INFO - [0m02:30:28
[2025-11-25T02:30:30.982+0000] {subprocess.py:93} INFO - [0m02:30:30  Concurrency: 1 threads (target='prod')
[2025-11-25T02:30:30.985+0000] {subprocess.py:93} INFO - [0m02:30:30
[2025-11-25T02:30:31.013+0000] {subprocess.py:93} INFO - [0m02:30:31  1 of 4 START sql view model ANALYTICS_ANALYTICS.stg_market_data ................ [RUN]
[2025-11-25T02:30:32.214+0000] {subprocess.py:93} INFO - [0m02:30:32  1 of 4 OK created sql view model ANALYTICS_ANALYTICS.stg_market_data ........... [[32mSUCCESS 1[0m in 1.19s]
[2025-11-25T02:30:32.223+0000] {subprocess.py:93} INFO - [0m02:30:32  2 of 4 START sql table model ANALYTICS_ANALYTICS.dim_calendar .................. [RUN]
[2025-11-25T02:30:34.602+0000] {subprocess.py:93} INFO - [0m02:30:34  2 of 4 OK created sql table model ANALYTICS_ANALYTICS.dim_calendar ............. [[32mSUCCESS 1[0m in 2.37s]
[2025-11-25T02:30:34.607+0000] {subprocess.py:93} INFO - [0m02:30:34  3 of 4 START sql table model ANALYTICS_ANALYTICS.fact_prices ................... [RUN]
[2025-11-25T02:30:36.103+0000] {subprocess.py:93} INFO - [0m02:30:36  3 of 4 OK created sql table model ANALYTICS_ANALYTICS.fact_prices .............. [[32mSUCCESS 1[0m in 1.49s]
[2025-11-25T02:30:36.111+0000] {subprocess.py:93} INFO - [0m02:30:36  4 of 4 START sql table model ANALYTICS_ANALYTICS.indicators_ma_rsi ............. [RUN]
[2025-11-25T02:30:37.834+0000] {subprocess.py:93} INFO - [0m02:30:37  4 of 4 OK created sql table model ANALYTICS_ANALYTICS.indicators_ma_rsi ........ [[32mSUCCESS 1[0m in 1.72s]
[2025-11-25T02:30:37.844+0000] {subprocess.py:93} INFO - [0m02:30:37
[2025-11-25T02:30:37.845+0000] {subprocess.py:93} INFO - [0m02:30:37  Finished running 1 view model, 3 table models in 0 hours 0 minutes and 8.96 seconds (8.96s).
[2025-11-25T02:30:37.932+0000] {subprocess.py:93} INFO - [0m02:30:37
[2025-11-25T02:30:37.934+0000] {subprocess.py:93} INFO - [0m02:30:37  [32mCompleted successfully[0m
[2025-11-25T02:30:37.937+0000] {subprocess.py:93} INFO - [0m02:30:37
[2025-11-25T02:30:37.938+0000] {subprocess.py:93} INFO - [0m02:30:37  Done. PASS=4 WARN=0 ERROR=0 SKIP=0 TOTAL=4
[2025-11-25T02:30:38.866+0000] {subprocess.py:97} INFO - Command exited with return code 0
[2025-11-25T02:30:38.908+0000] {taskinstance.py:340} INFO - ::group::Post task execution logs
[2025-11-25T02:30:38.909+0000] {taskinstance.py:352} INFO - Marking task as SUCCESS. dag_id=stock_elt_dbt, task_id=dbt_run, run_id=manual__2025-11-25T02:30:15.727870+00:00, execution_date=20251125T023015, start_date=20251125T023022, end_date=20251125T023038
[2025-11-25T02:30:38.972+0000] {local_task_job_runner.py:266} INFO - Task exited with return code 0
[2025-11-25T02:30:39.013+0000] {taskinstance.py:3900} INFO - 1 downstream tasks scheduled from follow-on schedule check
[2025-11-25T02:30:39.017+0000] {local_task_job_runner.py:245} INFO - ::endgroup::
