[2025-11-25T03:38:34.614+0000] {local_task_job_runner.py:123} INFO - ::group::Pre task execution logs
[2025-11-25T03:38:34.683+0000] {taskinstance.py:2612} INFO - Dependencies all met for dep_context=non-requeueable deps ti=<TaskInstance: stock_elt_dbt.dbt_deps scheduled__2025-11-24T03:15:00+00:00 [queued]>
[2025-11-25T03:38:34.708+0000] {taskinstance.py:2612} INFO - Dependencies all met for dep_context=requeueable deps ti=<TaskInstance: stock_elt_dbt.dbt_deps scheduled__2025-11-24T03:15:00+00:00 [queued]>
[2025-11-25T03:38:34.709+0000] {taskinstance.py:2865} INFO - Starting attempt 1 of 1
[2025-11-25T03:38:34.755+0000] {taskinstance.py:2888} INFO - Executing <Task(BashOperator): dbt_deps> on 2025-11-24 03:15:00+00:00
[2025-11-25T03:38:34.800+0000] {standard_task_runner.py:104} INFO - Running: ['***', 'tasks', 'run', 'stock_elt_dbt', 'dbt_deps', 'scheduled__2025-11-24T03:15:00+00:00', '--job-id', '138', '--raw', '--subdir', 'DAGS_FOLDER/stock_elt_dbt.py', '--cfg-path', '/tmp/tmp66irmqy4']
[2025-11-25T03:38:34.809+0000] {standard_task_runner.py:105} INFO - Job 138: Subtask dbt_deps
[2025-11-25T03:38:34.814+0000] {logging_mixin.py:190} WARNING - /home/***/.local/lib/python3.12/site-packages/***/task/task_runner/standard_task_runner.py:70 DeprecationWarning: This process (pid=1833) is multi-threaded, use of fork() may lead to deadlocks in the child.
[2025-11-25T03:38:34.818+0000] {standard_task_runner.py:72} INFO - Started process 1849 to run task
[2025-11-25T03:38:35.019+0000] {task_command.py:467} INFO - Running <TaskInstance: stock_elt_dbt.dbt_deps scheduled__2025-11-24T03:15:00+00:00 [running]> on host aa68d9ae9a5f
[2025-11-25T03:38:35.314+0000] {taskinstance.py:3131} INFO - Exporting env vars: AIRFLOW_CTX_DAG_OWNER='***' AIRFLOW_CTX_DAG_ID='stock_elt_dbt' AIRFLOW_CTX_TASK_ID='dbt_deps' AIRFLOW_CTX_EXECUTION_DATE='2025-11-24T03:15:00+00:00' AIRFLOW_CTX_TRY_NUMBER='1' AIRFLOW_CTX_DAG_RUN_ID='scheduled__2025-11-24T03:15:00+00:00'
[2025-11-25T03:38:35.317+0000] {taskinstance.py:731} INFO - ::endgroup::
[2025-11-25T03:38:35.372+0000] {subprocess.py:63} INFO - Tmp dir root location: /tmp
[2025-11-25T03:38:35.374+0000] {subprocess.py:75} INFO - Running command: ['/usr/bin/bash', '-c', 'cd /opt/***/dbt/stock_analytics\n    export DBT_PROFILES_DIR=/opt/***/dbt\n\n    if [ -x /home/***/.local/bin/dbt ]; then\n      DBT_BIN=/home/***/.local/bin/dbt\n    elif command -v dbt >/dev/null 2>&1; then\n      DBT_BIN="$(command -v dbt)"\n    else\n      DBT_BIN="python -m dbt.cli.main"\n    fi\n\n    $DBT_BIN deps --profiles-dir "$DBT_PROFILES_DIR"']
[2025-11-25T03:38:35.401+0000] {subprocess.py:86} INFO - Output:
[2025-11-25T03:38:45.338+0000] {subprocess.py:93} INFO - [0m03:38:45  Running with dbt=1.8.8
[2025-11-25T03:38:48.170+0000] {subprocess.py:93} INFO - [0m03:38:48  Warning: No packages were found in packages.yml
[2025-11-25T03:38:48.188+0000] {subprocess.py:93} INFO - [0m03:38:48  Warning: No packages were found in packages.yml
[2025-11-25T03:38:49.823+0000] {subprocess.py:97} INFO - Command exited with return code 0
[2025-11-25T03:38:49.992+0000] {taskinstance.py:340} INFO - ::group::Post task execution logs
[2025-11-25T03:38:50.000+0000] {taskinstance.py:352} INFO - Marking task as SUCCESS. dag_id=stock_elt_dbt, task_id=dbt_deps, run_id=scheduled__2025-11-24T03:15:00+00:00, execution_date=20251124T031500, start_date=20251125T033834, end_date=20251125T033849
[2025-11-25T03:38:50.127+0000] {local_task_job_runner.py:266} INFO - Task exited with return code 0
[2025-11-25T03:38:50.185+0000] {local_task_job_runner.py:245} INFO - ::endgroup::
