[2025-11-25T06:11:52.113+0000] {local_task_job_runner.py:123} INFO - ::group::Pre task execution logs
[2025-11-25T06:11:52.139+0000] {taskinstance.py:2612} INFO - Dependencies all met for dep_context=non-requeueable deps ti=<TaskInstance: ETL_DAG1.load_to_snowflake scheduled__2025-11-24T02:30:00+00:00 [queued]>
[2025-11-25T06:11:52.162+0000] {taskinstance.py:2612} INFO - Dependencies all met for dep_context=requeueable deps ti=<TaskInstance: ETL_DAG1.load_to_snowflake scheduled__2025-11-24T02:30:00+00:00 [queued]>
[2025-11-25T06:11:52.167+0000] {taskinstance.py:2865} INFO - Starting attempt 1 of 1
[2025-11-25T06:11:52.327+0000] {taskinstance.py:2888} INFO - Executing <Task(_PythonDecoratedOperator): load_to_snowflake> on 2025-11-24 02:30:00+00:00
[2025-11-25T06:11:52.345+0000] {standard_task_runner.py:104} INFO - Running: ['***', 'tasks', 'run', 'ETL_DAG1', 'load_to_snowflake', 'scheduled__2025-11-24T02:30:00+00:00', '--job-id', '155', '--raw', '--subdir', 'DAGS_FOLDER/stock_etl_yfinance.py', '--cfg-path', '/tmp/tmpq6hh9yye']
[2025-11-25T06:11:52.351+0000] {standard_task_runner.py:105} INFO - Job 155: Subtask load_to_snowflake
[2025-11-25T06:11:52.350+0000] {logging_mixin.py:190} WARNING - /home/***/.local/lib/python3.12/site-packages/***/task/task_runner/standard_task_runner.py:70 DeprecationWarning: This process (pid=8000) is multi-threaded, use of fork() may lead to deadlocks in the child.
[2025-11-25T06:11:52.352+0000] {standard_task_runner.py:72} INFO - Started process 8003 to run task
[2025-11-25T06:11:52.527+0000] {task_command.py:467} INFO - Running <TaskInstance: ETL_DAG1.load_to_snowflake scheduled__2025-11-24T02:30:00+00:00 [running]> on host 70371839f9d1
[2025-11-25T06:11:52.671+0000] {taskinstance.py:3131} INFO - Exporting env vars: AIRFLOW_CTX_DAG_OWNER='***' AIRFLOW_CTX_DAG_ID='ETL_DAG1' AIRFLOW_CTX_TASK_ID='load_to_snowflake' AIRFLOW_CTX_EXECUTION_DATE='2025-11-24T02:30:00+00:00' AIRFLOW_CTX_TRY_NUMBER='1' AIRFLOW_CTX_DAG_RUN_ID='scheduled__2025-11-24T02:30:00+00:00'
[2025-11-25T06:11:52.673+0000] {taskinstance.py:731} INFO - ::endgroup::
[2025-11-25T06:11:52.694+0000] {base.py:84} INFO - Retrieving connection 'snowflake_conn'
[2025-11-25T06:11:52.696+0000] {connection.py:399} INFO - Snowflake Connector for Python Version: 3.10.0, Python Version: 3.12.5, Platform: Linux-6.12.54-linuxkit-x86_64-with-glibc2.36
[2025-11-25T06:11:52.697+0000] {connection.py:1239} INFO - This connection is in OCSP Fail Open Mode. TLS Certificates would be checked for validity and revocation status. Any other Certificate Revocation related exceptions or OCSP Responder failures would be disregarded in favor of connectivity.
[2025-11-25T06:11:53.604+0000] {cursor.py:1149} INFO - Number of results in first chunk: 1
[2025-11-25T06:11:53.845+0000] {cursor.py:1149} INFO - Number of results in first chunk: 1
[2025-11-25T06:11:54.186+0000] {cursor.py:1149} INFO - Number of results in first chunk: 1
[2025-11-25T06:11:54.188+0000] {python.py:240} INFO - Done. Returned value was: None
[2025-11-25T06:11:54.208+0000] {taskinstance.py:340} INFO - ::group::Post task execution logs
[2025-11-25T06:11:54.209+0000] {taskinstance.py:352} INFO - Marking task as SUCCESS. dag_id=ETL_DAG1, task_id=load_to_snowflake, run_id=scheduled__2025-11-24T02:30:00+00:00, execution_date=20251124T023000, start_date=20251125T061152, end_date=20251125T061154
[2025-11-25T06:11:54.285+0000] {local_task_job_runner.py:266} INFO - Task exited with return code 0
[2025-11-25T06:11:54.323+0000] {taskinstance.py:3900} INFO - 1 downstream tasks scheduled from follow-on schedule check
[2025-11-25T06:11:54.326+0000] {local_task_job_runner.py:245} INFO - ::endgroup::
