[2025-11-23T21:23:35.755+0000] {processor.py:186} INFO - Started process (PID=313) to work on /opt/airflow/dags/dag_stock_dbt.py
[2025-11-23T21:23:35.759+0000] {processor.py:914} INFO - Processing file /opt/airflow/dags/dag_stock_dbt.py for tasks to queue
[2025-11-23T21:23:35.769+0000] {logging_mixin.py:190} INFO - [2025-11-23T21:23:35.768+0000] {dagbag.py:587} INFO - Filling up the DagBag from /opt/airflow/dags/dag_stock_dbt.py
[2025-11-23T21:23:35.971+0000] {processor.py:925} INFO - DAG(s) 'stock_elt_dbt' retrieved from /opt/airflow/dags/dag_stock_dbt.py
[2025-11-23T21:23:36.787+0000] {logging_mixin.py:190} INFO - [2025-11-23T21:23:36.786+0000] {override.py:1900} INFO - Created Permission View: can edit on DAG:stock_elt_dbt
[2025-11-23T21:23:36.818+0000] {logging_mixin.py:190} INFO - [2025-11-23T21:23:36.817+0000] {override.py:1900} INFO - Created Permission View: can delete on DAG:stock_elt_dbt
[2025-11-23T21:23:36.837+0000] {logging_mixin.py:190} INFO - [2025-11-23T21:23:36.836+0000] {override.py:1900} INFO - Created Permission View: can read on DAG:stock_elt_dbt
[2025-11-23T21:23:36.863+0000] {logging_mixin.py:190} INFO - [2025-11-23T21:23:36.862+0000] {override.py:1900} INFO - Created Permission View: can delete on DAG Run:stock_elt_dbt
[2025-11-23T21:23:36.889+0000] {logging_mixin.py:190} INFO - [2025-11-23T21:23:36.888+0000] {override.py:1900} INFO - Created Permission View: menu access on DAG Run:stock_elt_dbt
[2025-11-23T21:23:36.912+0000] {logging_mixin.py:190} INFO - [2025-11-23T21:23:36.910+0000] {override.py:1900} INFO - Created Permission View: can create on DAG Run:stock_elt_dbt
[2025-11-23T21:23:36.939+0000] {logging_mixin.py:190} INFO - [2025-11-23T21:23:36.938+0000] {override.py:1900} INFO - Created Permission View: can read on DAG Run:stock_elt_dbt
[2025-11-23T21:23:36.942+0000] {logging_mixin.py:190} INFO - [2025-11-23T21:23:36.941+0000] {dag.py:3229} INFO - Sync 1 DAGs
[2025-11-23T21:23:37.001+0000] {logging_mixin.py:190} INFO - [2025-11-23T21:23:37.000+0000] {dag.py:3252} INFO - Creating ORM DAG for stock_elt_dbt
[2025-11-23T21:23:37.052+0000] {logging_mixin.py:190} INFO - [2025-11-23T21:23:37.052+0000] {dag.py:4156} INFO - Setting next_dagrun for stock_elt_dbt to 2025-11-22 02:45:00+00:00, run_after=2025-11-23 02:45:00+00:00
[2025-11-23T21:23:37.143+0000] {processor.py:208} INFO - Processing /opt/airflow/dags/dag_stock_dbt.py took 1.415 seconds
[2025-11-23T21:24:13.180+0000] {processor.py:186} INFO - Started process (PID=360) to work on /opt/airflow/dags/dag_stock_dbt.py
[2025-11-23T21:24:13.183+0000] {processor.py:914} INFO - Processing file /opt/airflow/dags/dag_stock_dbt.py for tasks to queue
[2025-11-23T21:24:13.194+0000] {logging_mixin.py:190} INFO - [2025-11-23T21:24:13.193+0000] {dagbag.py:587} INFO - Filling up the DagBag from /opt/airflow/dags/dag_stock_dbt.py
[2025-11-23T21:24:13.314+0000] {processor.py:925} INFO - DAG(s) 'stock_elt_dbt' retrieved from /opt/airflow/dags/dag_stock_dbt.py
[2025-11-23T21:24:13.357+0000] {logging_mixin.py:190} INFO - [2025-11-23T21:24:13.357+0000] {dag.py:3229} INFO - Sync 1 DAGs
[2025-11-23T21:24:13.435+0000] {logging_mixin.py:190} INFO - [2025-11-23T21:24:13.434+0000] {dag.py:4156} INFO - Setting next_dagrun for stock_elt_dbt to 2025-11-22 02:45:00+00:00, run_after=2025-11-23 02:45:00+00:00
[2025-11-23T21:24:13.480+0000] {processor.py:208} INFO - Processing /opt/airflow/dags/dag_stock_dbt.py took 0.324 seconds
[2025-11-23T21:24:43.624+0000] {processor.py:186} INFO - Started process (PID=411) to work on /opt/airflow/dags/dag_stock_dbt.py
[2025-11-23T21:24:43.627+0000] {processor.py:914} INFO - Processing file /opt/airflow/dags/dag_stock_dbt.py for tasks to queue
[2025-11-23T21:24:43.631+0000] {logging_mixin.py:190} INFO - [2025-11-23T21:24:43.630+0000] {dagbag.py:587} INFO - Filling up the DagBag from /opt/airflow/dags/dag_stock_dbt.py
[2025-11-23T21:24:43.722+0000] {processor.py:925} INFO - DAG(s) 'stock_elt_dbt' retrieved from /opt/airflow/dags/dag_stock_dbt.py
[2025-11-23T21:24:43.754+0000] {logging_mixin.py:190} INFO - [2025-11-23T21:24:43.753+0000] {dag.py:3229} INFO - Sync 1 DAGs
[2025-11-23T21:24:43.809+0000] {logging_mixin.py:190} INFO - [2025-11-23T21:24:43.808+0000] {dag.py:4156} INFO - Setting next_dagrun for stock_elt_dbt to 2025-11-22 02:45:00+00:00, run_after=2025-11-23 02:45:00+00:00
[2025-11-23T21:24:43.847+0000] {processor.py:208} INFO - Processing /opt/airflow/dags/dag_stock_dbt.py took 0.244 seconds
[2025-11-23T21:25:13.976+0000] {processor.py:186} INFO - Started process (PID=452) to work on /opt/airflow/dags/dag_stock_dbt.py
[2025-11-23T21:25:13.978+0000] {processor.py:914} INFO - Processing file /opt/airflow/dags/dag_stock_dbt.py for tasks to queue
[2025-11-23T21:25:13.985+0000] {logging_mixin.py:190} INFO - [2025-11-23T21:25:13.984+0000] {dagbag.py:587} INFO - Filling up the DagBag from /opt/airflow/dags/dag_stock_dbt.py
[2025-11-23T21:25:14.074+0000] {processor.py:925} INFO - DAG(s) 'stock_elt_dbt' retrieved from /opt/airflow/dags/dag_stock_dbt.py
[2025-11-23T21:25:14.120+0000] {logging_mixin.py:190} INFO - [2025-11-23T21:25:14.119+0000] {dag.py:3229} INFO - Sync 1 DAGs
[2025-11-23T21:25:14.197+0000] {logging_mixin.py:190} INFO - [2025-11-23T21:25:14.196+0000] {dag.py:4156} INFO - Setting next_dagrun for stock_elt_dbt to 2025-11-22 02:45:00+00:00, run_after=2025-11-23 02:45:00+00:00
[2025-11-23T21:25:14.250+0000] {processor.py:208} INFO - Processing /opt/airflow/dags/dag_stock_dbt.py took 0.292 seconds
[2025-11-23T21:25:44.394+0000] {processor.py:186} INFO - Started process (PID=494) to work on /opt/airflow/dags/dag_stock_dbt.py
[2025-11-23T21:25:44.397+0000] {processor.py:914} INFO - Processing file /opt/airflow/dags/dag_stock_dbt.py for tasks to queue
[2025-11-23T21:25:44.405+0000] {logging_mixin.py:190} INFO - [2025-11-23T21:25:44.404+0000] {dagbag.py:587} INFO - Filling up the DagBag from /opt/airflow/dags/dag_stock_dbt.py
[2025-11-23T21:25:44.543+0000] {processor.py:925} INFO - DAG(s) 'stock_elt_dbt' retrieved from /opt/airflow/dags/dag_stock_dbt.py
[2025-11-23T21:25:44.580+0000] {logging_mixin.py:190} INFO - [2025-11-23T21:25:44.580+0000] {dag.py:3229} INFO - Sync 1 DAGs
[2025-11-23T21:25:44.628+0000] {logging_mixin.py:190} INFO - [2025-11-23T21:25:44.627+0000] {dag.py:4156} INFO - Setting next_dagrun for stock_elt_dbt to 2025-11-22 02:45:00+00:00, run_after=2025-11-23 02:45:00+00:00
[2025-11-23T21:25:44.663+0000] {processor.py:208} INFO - Processing /opt/airflow/dags/dag_stock_dbt.py took 0.287 seconds
[2025-11-23T21:26:14.878+0000] {processor.py:186} INFO - Started process (PID=542) to work on /opt/airflow/dags/dag_stock_dbt.py
[2025-11-23T21:26:14.880+0000] {processor.py:914} INFO - Processing file /opt/airflow/dags/dag_stock_dbt.py for tasks to queue
[2025-11-23T21:26:14.884+0000] {logging_mixin.py:190} INFO - [2025-11-23T21:26:14.883+0000] {dagbag.py:587} INFO - Filling up the DagBag from /opt/airflow/dags/dag_stock_dbt.py
[2025-11-23T21:26:14.972+0000] {processor.py:925} INFO - DAG(s) 'stock_elt_dbt' retrieved from /opt/airflow/dags/dag_stock_dbt.py
[2025-11-23T21:26:15.005+0000] {logging_mixin.py:190} INFO - [2025-11-23T21:26:15.004+0000] {dag.py:3229} INFO - Sync 1 DAGs
[2025-11-23T21:26:15.064+0000] {logging_mixin.py:190} INFO - [2025-11-23T21:26:15.064+0000] {dag.py:4156} INFO - Setting next_dagrun for stock_elt_dbt to 2025-11-22 02:45:00+00:00, run_after=2025-11-23 02:45:00+00:00
[2025-11-23T21:26:15.102+0000] {processor.py:208} INFO - Processing /opt/airflow/dags/dag_stock_dbt.py took 0.235 seconds
[2025-11-23T21:26:45.937+0000] {processor.py:186} INFO - Started process (PID=583) to work on /opt/airflow/dags/dag_stock_dbt.py
[2025-11-23T21:26:45.939+0000] {processor.py:914} INFO - Processing file /opt/airflow/dags/dag_stock_dbt.py for tasks to queue
[2025-11-23T21:26:45.943+0000] {logging_mixin.py:190} INFO - [2025-11-23T21:26:45.943+0000] {dagbag.py:587} INFO - Filling up the DagBag from /opt/airflow/dags/dag_stock_dbt.py
[2025-11-23T21:26:46.003+0000] {processor.py:925} INFO - DAG(s) 'stock_elt_dbt' retrieved from /opt/airflow/dags/dag_stock_dbt.py
[2025-11-23T21:26:46.025+0000] {logging_mixin.py:190} INFO - [2025-11-23T21:26:46.024+0000] {dag.py:3229} INFO - Sync 1 DAGs
[2025-11-23T21:26:46.068+0000] {logging_mixin.py:190} INFO - [2025-11-23T21:26:46.068+0000] {dag.py:4156} INFO - Setting next_dagrun for stock_elt_dbt to 2025-11-22 02:45:00+00:00, run_after=2025-11-23 02:45:00+00:00
[2025-11-23T21:26:46.116+0000] {processor.py:208} INFO - Processing /opt/airflow/dags/dag_stock_dbt.py took 0.189 seconds
[2025-11-23T21:27:16.414+0000] {processor.py:186} INFO - Started process (PID=624) to work on /opt/airflow/dags/dag_stock_dbt.py
[2025-11-23T21:27:16.417+0000] {processor.py:914} INFO - Processing file /opt/airflow/dags/dag_stock_dbt.py for tasks to queue
[2025-11-23T21:27:16.423+0000] {logging_mixin.py:190} INFO - [2025-11-23T21:27:16.422+0000] {dagbag.py:587} INFO - Filling up the DagBag from /opt/airflow/dags/dag_stock_dbt.py
[2025-11-23T21:27:16.503+0000] {processor.py:925} INFO - DAG(s) 'stock_elt_dbt' retrieved from /opt/airflow/dags/dag_stock_dbt.py
[2025-11-23T21:27:16.534+0000] {logging_mixin.py:190} INFO - [2025-11-23T21:27:16.534+0000] {dag.py:3229} INFO - Sync 1 DAGs
[2025-11-23T21:27:16.575+0000] {logging_mixin.py:190} INFO - [2025-11-23T21:27:16.574+0000] {dag.py:4156} INFO - Setting next_dagrun for stock_elt_dbt to 2025-11-22 02:45:00+00:00, run_after=2025-11-23 02:45:00+00:00
[2025-11-23T21:27:16.606+0000] {processor.py:208} INFO - Processing /opt/airflow/dags/dag_stock_dbt.py took 0.205 seconds
[2025-11-23T21:27:46.693+0000] {processor.py:186} INFO - Started process (PID=670) to work on /opt/airflow/dags/dag_stock_dbt.py
[2025-11-23T21:27:46.695+0000] {processor.py:914} INFO - Processing file /opt/airflow/dags/dag_stock_dbt.py for tasks to queue
[2025-11-23T21:27:46.699+0000] {logging_mixin.py:190} INFO - [2025-11-23T21:27:46.698+0000] {dagbag.py:587} INFO - Filling up the DagBag from /opt/airflow/dags/dag_stock_dbt.py
[2025-11-23T21:27:46.758+0000] {processor.py:925} INFO - DAG(s) 'stock_elt_dbt' retrieved from /opt/airflow/dags/dag_stock_dbt.py
[2025-11-23T21:27:46.779+0000] {logging_mixin.py:190} INFO - [2025-11-23T21:27:46.779+0000] {dag.py:3229} INFO - Sync 1 DAGs
[2025-11-23T21:27:46.818+0000] {logging_mixin.py:190} INFO - [2025-11-23T21:27:46.817+0000] {dag.py:4156} INFO - Setting next_dagrun for stock_elt_dbt to 2025-11-22 02:45:00+00:00, run_after=2025-11-23 02:45:00+00:00
[2025-11-23T21:27:46.849+0000] {processor.py:208} INFO - Processing /opt/airflow/dags/dag_stock_dbt.py took 0.167 seconds
[2025-11-23T21:38:19.361+0000] {processor.py:186} INFO - Started process (PID=707) to work on /opt/airflow/dags/dag_stock_dbt.py
[2025-11-23T21:38:19.365+0000] {processor.py:914} INFO - Processing file /opt/airflow/dags/dag_stock_dbt.py for tasks to queue
[2025-11-23T21:38:19.397+0000] {logging_mixin.py:190} INFO - [2025-11-23T21:38:19.396+0000] {dagbag.py:587} INFO - Filling up the DagBag from /opt/airflow/dags/dag_stock_dbt.py
[2025-11-23T21:38:19.573+0000] {processor.py:925} INFO - DAG(s) 'stock_elt_dbt' retrieved from /opt/airflow/dags/dag_stock_dbt.py
[2025-11-23T21:38:19.748+0000] {logging_mixin.py:190} INFO - [2025-11-23T21:38:19.748+0000] {dag.py:3229} INFO - Sync 1 DAGs
[2025-11-23T21:38:19.830+0000] {logging_mixin.py:190} INFO - [2025-11-23T21:38:19.830+0000] {dag.py:4156} INFO - Setting next_dagrun for stock_elt_dbt to 2025-11-22 02:45:00+00:00, run_after=2025-11-23 02:45:00+00:00
[2025-11-23T21:38:19.899+0000] {processor.py:208} INFO - Processing /opt/airflow/dags/dag_stock_dbt.py took 0.577 seconds
[2025-11-23T21:38:50.603+0000] {processor.py:186} INFO - Started process (PID=750) to work on /opt/airflow/dags/dag_stock_dbt.py
[2025-11-23T21:38:50.606+0000] {processor.py:914} INFO - Processing file /opt/airflow/dags/dag_stock_dbt.py for tasks to queue
[2025-11-23T21:38:50.614+0000] {logging_mixin.py:190} INFO - [2025-11-23T21:38:50.613+0000] {dagbag.py:587} INFO - Filling up the DagBag from /opt/airflow/dags/dag_stock_dbt.py
[2025-11-23T21:38:50.724+0000] {processor.py:925} INFO - DAG(s) 'stock_elt_dbt' retrieved from /opt/airflow/dags/dag_stock_dbt.py
[2025-11-23T21:38:50.764+0000] {logging_mixin.py:190} INFO - [2025-11-23T21:38:50.764+0000] {dag.py:3229} INFO - Sync 1 DAGs
[2025-11-23T21:38:50.829+0000] {logging_mixin.py:190} INFO - [2025-11-23T21:38:50.829+0000] {dag.py:4156} INFO - Setting next_dagrun for stock_elt_dbt to 2025-11-22 02:45:00+00:00, run_after=2025-11-23 02:45:00+00:00
[2025-11-23T21:38:50.882+0000] {processor.py:208} INFO - Processing /opt/airflow/dags/dag_stock_dbt.py took 0.295 seconds
[2025-11-23T21:39:21.268+0000] {processor.py:186} INFO - Started process (PID=790) to work on /opt/airflow/dags/dag_stock_dbt.py
[2025-11-23T21:39:21.271+0000] {processor.py:914} INFO - Processing file /opt/airflow/dags/dag_stock_dbt.py for tasks to queue
[2025-11-23T21:39:21.283+0000] {logging_mixin.py:190} INFO - [2025-11-23T21:39:21.282+0000] {dagbag.py:587} INFO - Filling up the DagBag from /opt/airflow/dags/dag_stock_dbt.py
[2025-11-23T21:39:21.452+0000] {processor.py:925} INFO - DAG(s) 'stock_elt_dbt' retrieved from /opt/airflow/dags/dag_stock_dbt.py
[2025-11-23T21:39:21.492+0000] {logging_mixin.py:190} INFO - [2025-11-23T21:39:21.491+0000] {dag.py:3229} INFO - Sync 1 DAGs
[2025-11-23T21:39:21.549+0000] {logging_mixin.py:190} INFO - [2025-11-23T21:39:21.549+0000] {dag.py:4156} INFO - Setting next_dagrun for stock_elt_dbt to 2025-11-22 02:45:00+00:00, run_after=2025-11-23 02:45:00+00:00
[2025-11-23T21:39:21.592+0000] {processor.py:208} INFO - Processing /opt/airflow/dags/dag_stock_dbt.py took 0.343 seconds
[2025-11-23T21:39:52.374+0000] {processor.py:186} INFO - Started process (PID=832) to work on /opt/airflow/dags/dag_stock_dbt.py
[2025-11-23T21:39:52.382+0000] {processor.py:914} INFO - Processing file /opt/airflow/dags/dag_stock_dbt.py for tasks to queue
[2025-11-23T21:39:52.387+0000] {logging_mixin.py:190} INFO - [2025-11-23T21:39:52.387+0000] {dagbag.py:587} INFO - Filling up the DagBag from /opt/airflow/dags/dag_stock_dbt.py
[2025-11-23T21:39:52.497+0000] {processor.py:925} INFO - DAG(s) 'stock_elt_dbt' retrieved from /opt/airflow/dags/dag_stock_dbt.py
[2025-11-23T21:39:52.541+0000] {logging_mixin.py:190} INFO - [2025-11-23T21:39:52.541+0000] {dag.py:3229} INFO - Sync 1 DAGs
[2025-11-23T21:39:52.593+0000] {logging_mixin.py:190} INFO - [2025-11-23T21:39:52.593+0000] {dag.py:4156} INFO - Setting next_dagrun for stock_elt_dbt to 2025-11-22 02:45:00+00:00, run_after=2025-11-23 02:45:00+00:00
[2025-11-23T21:39:52.636+0000] {processor.py:208} INFO - Processing /opt/airflow/dags/dag_stock_dbt.py took 0.279 seconds
[2025-11-23T21:40:23.577+0000] {processor.py:186} INFO - Started process (PID=878) to work on /opt/airflow/dags/dag_stock_dbt.py
[2025-11-23T21:40:23.580+0000] {processor.py:914} INFO - Processing file /opt/airflow/dags/dag_stock_dbt.py for tasks to queue
[2025-11-23T21:40:23.584+0000] {logging_mixin.py:190} INFO - [2025-11-23T21:40:23.584+0000] {dagbag.py:587} INFO - Filling up the DagBag from /opt/airflow/dags/dag_stock_dbt.py
[2025-11-23T21:40:23.644+0000] {processor.py:925} INFO - DAG(s) 'stock_elt_dbt' retrieved from /opt/airflow/dags/dag_stock_dbt.py
[2025-11-23T21:40:23.669+0000] {logging_mixin.py:190} INFO - [2025-11-23T21:40:23.669+0000] {dag.py:3229} INFO - Sync 1 DAGs
[2025-11-23T21:40:23.713+0000] {logging_mixin.py:190} INFO - [2025-11-23T21:40:23.712+0000] {dag.py:4156} INFO - Setting next_dagrun for stock_elt_dbt to 2025-11-22 02:45:00+00:00, run_after=2025-11-23 02:45:00+00:00
[2025-11-23T21:40:23.742+0000] {processor.py:208} INFO - Processing /opt/airflow/dags/dag_stock_dbt.py took 0.174 seconds
[2025-11-23T21:40:53.889+0000] {processor.py:186} INFO - Started process (PID=919) to work on /opt/airflow/dags/dag_stock_dbt.py
[2025-11-23T21:40:53.890+0000] {processor.py:914} INFO - Processing file /opt/airflow/dags/dag_stock_dbt.py for tasks to queue
[2025-11-23T21:40:53.895+0000] {logging_mixin.py:190} INFO - [2025-11-23T21:40:53.894+0000] {dagbag.py:587} INFO - Filling up the DagBag from /opt/airflow/dags/dag_stock_dbt.py
[2025-11-23T21:40:53.966+0000] {processor.py:925} INFO - DAG(s) 'stock_elt_dbt' retrieved from /opt/airflow/dags/dag_stock_dbt.py
[2025-11-23T21:40:53.990+0000] {logging_mixin.py:190} INFO - [2025-11-23T21:40:53.989+0000] {dag.py:3229} INFO - Sync 1 DAGs
[2025-11-23T21:40:54.033+0000] {logging_mixin.py:190} INFO - [2025-11-23T21:40:54.032+0000] {dag.py:4156} INFO - Setting next_dagrun for stock_elt_dbt to 2025-11-22 02:45:00+00:00, run_after=2025-11-23 02:45:00+00:00
[2025-11-23T21:40:54.068+0000] {processor.py:208} INFO - Processing /opt/airflow/dags/dag_stock_dbt.py took 0.190 seconds
[2025-11-23T21:41:24.754+0000] {processor.py:186} INFO - Started process (PID=960) to work on /opt/airflow/dags/dag_stock_dbt.py
[2025-11-23T21:41:24.756+0000] {processor.py:914} INFO - Processing file /opt/airflow/dags/dag_stock_dbt.py for tasks to queue
[2025-11-23T21:41:24.761+0000] {logging_mixin.py:190} INFO - [2025-11-23T21:41:24.760+0000] {dagbag.py:587} INFO - Filling up the DagBag from /opt/airflow/dags/dag_stock_dbt.py
[2025-11-23T21:41:24.850+0000] {processor.py:925} INFO - DAG(s) 'stock_elt_dbt' retrieved from /opt/airflow/dags/dag_stock_dbt.py
[2025-11-23T21:41:24.879+0000] {logging_mixin.py:190} INFO - [2025-11-23T21:41:24.878+0000] {dag.py:3229} INFO - Sync 1 DAGs
[2025-11-23T21:41:24.939+0000] {logging_mixin.py:190} INFO - [2025-11-23T21:41:24.938+0000] {dag.py:4156} INFO - Setting next_dagrun for stock_elt_dbt to 2025-11-22 02:45:00+00:00, run_after=2025-11-23 02:45:00+00:00
[2025-11-23T21:41:24.976+0000] {processor.py:208} INFO - Processing /opt/airflow/dags/dag_stock_dbt.py took 0.235 seconds
[2025-11-23T21:41:55.913+0000] {processor.py:186} INFO - Started process (PID=1001) to work on /opt/airflow/dags/dag_stock_dbt.py
[2025-11-23T21:41:55.916+0000] {processor.py:914} INFO - Processing file /opt/airflow/dags/dag_stock_dbt.py for tasks to queue
[2025-11-23T21:41:55.925+0000] {logging_mixin.py:190} INFO - [2025-11-23T21:41:55.923+0000] {dagbag.py:587} INFO - Filling up the DagBag from /opt/airflow/dags/dag_stock_dbt.py
[2025-11-23T21:41:56.120+0000] {processor.py:925} INFO - DAG(s) 'stock_elt_dbt' retrieved from /opt/airflow/dags/dag_stock_dbt.py
[2025-11-23T21:41:56.162+0000] {logging_mixin.py:190} INFO - [2025-11-23T21:41:56.162+0000] {dag.py:3229} INFO - Sync 1 DAGs
[2025-11-23T21:41:56.242+0000] {logging_mixin.py:190} INFO - [2025-11-23T21:41:56.239+0000] {dag.py:4156} INFO - Setting next_dagrun for stock_elt_dbt to 2025-11-22 02:45:00+00:00, run_after=2025-11-23 02:45:00+00:00
[2025-11-23T21:41:56.335+0000] {processor.py:208} INFO - Processing /opt/airflow/dags/dag_stock_dbt.py took 0.453 seconds
[2025-11-23T21:42:27.069+0000] {processor.py:186} INFO - Started process (PID=1042) to work on /opt/airflow/dags/dag_stock_dbt.py
[2025-11-23T21:42:27.071+0000] {processor.py:914} INFO - Processing file /opt/airflow/dags/dag_stock_dbt.py for tasks to queue
[2025-11-23T21:42:27.076+0000] {logging_mixin.py:190} INFO - [2025-11-23T21:42:27.075+0000] {dagbag.py:587} INFO - Filling up the DagBag from /opt/airflow/dags/dag_stock_dbt.py
[2025-11-23T21:42:27.148+0000] {processor.py:925} INFO - DAG(s) 'stock_elt_dbt' retrieved from /opt/airflow/dags/dag_stock_dbt.py
[2025-11-23T21:42:27.177+0000] {logging_mixin.py:190} INFO - [2025-11-23T21:42:27.176+0000] {dag.py:3229} INFO - Sync 1 DAGs
[2025-11-23T21:42:27.253+0000] {logging_mixin.py:190} INFO - [2025-11-23T21:42:27.252+0000] {dag.py:4156} INFO - Setting next_dagrun for stock_elt_dbt to 2025-11-22 02:45:00+00:00, run_after=2025-11-23 02:45:00+00:00
[2025-11-23T21:42:27.305+0000] {processor.py:208} INFO - Processing /opt/airflow/dags/dag_stock_dbt.py took 0.249 seconds
[2025-11-23T21:42:57.594+0000] {processor.py:186} INFO - Started process (PID=1088) to work on /opt/airflow/dags/dag_stock_dbt.py
[2025-11-23T21:42:57.596+0000] {processor.py:914} INFO - Processing file /opt/airflow/dags/dag_stock_dbt.py for tasks to queue
[2025-11-23T21:42:57.601+0000] {logging_mixin.py:190} INFO - [2025-11-23T21:42:57.600+0000] {dagbag.py:587} INFO - Filling up the DagBag from /opt/airflow/dags/dag_stock_dbt.py
[2025-11-23T21:42:57.669+0000] {processor.py:925} INFO - DAG(s) 'stock_elt_dbt' retrieved from /opt/airflow/dags/dag_stock_dbt.py
[2025-11-23T21:42:57.698+0000] {logging_mixin.py:190} INFO - [2025-11-23T21:42:57.698+0000] {dag.py:3229} INFO - Sync 1 DAGs
[2025-11-23T21:42:57.749+0000] {logging_mixin.py:190} INFO - [2025-11-23T21:42:57.748+0000] {dag.py:4156} INFO - Setting next_dagrun for stock_elt_dbt to 2025-11-22 02:45:00+00:00, run_after=2025-11-23 02:45:00+00:00
[2025-11-23T21:42:57.787+0000] {processor.py:208} INFO - Processing /opt/airflow/dags/dag_stock_dbt.py took 0.204 seconds
[2025-11-23T21:43:28.023+0000] {processor.py:186} INFO - Started process (PID=1124) to work on /opt/airflow/dags/dag_stock_dbt.py
[2025-11-23T21:43:28.026+0000] {processor.py:914} INFO - Processing file /opt/airflow/dags/dag_stock_dbt.py for tasks to queue
[2025-11-23T21:43:28.033+0000] {logging_mixin.py:190} INFO - [2025-11-23T21:43:28.032+0000] {dagbag.py:587} INFO - Filling up the DagBag from /opt/airflow/dags/dag_stock_dbt.py
[2025-11-23T21:43:28.149+0000] {processor.py:925} INFO - DAG(s) 'stock_elt_dbt' retrieved from /opt/airflow/dags/dag_stock_dbt.py
[2025-11-23T21:43:28.180+0000] {logging_mixin.py:190} INFO - [2025-11-23T21:43:28.180+0000] {dag.py:3229} INFO - Sync 1 DAGs
[2025-11-23T21:43:28.245+0000] {logging_mixin.py:190} INFO - [2025-11-23T21:43:28.245+0000] {dag.py:4156} INFO - Setting next_dagrun for stock_elt_dbt to 2025-11-22 02:45:00+00:00, run_after=2025-11-23 02:45:00+00:00
[2025-11-23T21:43:28.298+0000] {processor.py:208} INFO - Processing /opt/airflow/dags/dag_stock_dbt.py took 0.294 seconds
[2025-11-23T21:43:58.634+0000] {processor.py:186} INFO - Started process (PID=1164) to work on /opt/airflow/dags/dag_stock_dbt.py
[2025-11-23T21:43:58.642+0000] {processor.py:914} INFO - Processing file /opt/airflow/dags/dag_stock_dbt.py for tasks to queue
[2025-11-23T21:43:58.726+0000] {logging_mixin.py:190} INFO - [2025-11-23T21:43:58.721+0000] {dagbag.py:587} INFO - Filling up the DagBag from /opt/airflow/dags/dag_stock_dbt.py
[2025-11-23T21:43:59.013+0000] {processor.py:925} INFO - DAG(s) 'stock_elt_dbt' retrieved from /opt/airflow/dags/dag_stock_dbt.py
[2025-11-23T21:43:59.105+0000] {logging_mixin.py:190} INFO - [2025-11-23T21:43:59.097+0000] {dag.py:3229} INFO - Sync 1 DAGs
[2025-11-23T21:43:59.288+0000] {logging_mixin.py:190} INFO - [2025-11-23T21:43:59.287+0000] {dag.py:4156} INFO - Setting next_dagrun for stock_elt_dbt to 2025-11-22 02:45:00+00:00, run_after=2025-11-23 02:45:00+00:00
[2025-11-23T21:43:59.390+0000] {processor.py:208} INFO - Processing /opt/airflow/dags/dag_stock_dbt.py took 0.795 seconds
