[2025-11-23T00:00:20.497+0000] {processor.py:186} INFO - Started process (PID=3111) to work on /opt/airflow/dags/stock_etl_yfinance.py
[2025-11-23T00:00:20.503+0000] {processor.py:914} INFO - Processing file /opt/airflow/dags/stock_etl_yfinance.py for tasks to queue
[2025-11-23T00:00:20.512+0000] {logging_mixin.py:190} INFO - [2025-11-23T00:00:20.507+0000] {dagbag.py:587} INFO - Filling up the DagBag from /opt/airflow/dags/stock_etl_yfinance.py
[2025-11-23T00:00:21.063+0000] {processor.py:925} INFO - DAG(s) 'stock_etl_yfinance' retrieved from /opt/airflow/dags/stock_etl_yfinance.py
[2025-11-23T00:00:21.083+0000] {logging_mixin.py:190} INFO - [2025-11-23T00:00:21.082+0000] {dag.py:3229} INFO - Sync 1 DAGs
[2025-11-23T00:00:21.141+0000] {logging_mixin.py:190} INFO - [2025-11-23T00:00:21.140+0000] {dag.py:4156} INFO - Setting next_dagrun for stock_etl_yfinance to 2025-11-21 02:30:00+00:00, run_after=2025-11-22 02:30:00+00:00
[2025-11-23T00:00:21.184+0000] {processor.py:208} INFO - Processing /opt/airflow/dags/stock_etl_yfinance.py took 0.708 seconds
[2025-11-23T00:00:51.321+0000] {processor.py:186} INFO - Started process (PID=3155) to work on /opt/airflow/dags/stock_etl_yfinance.py
[2025-11-23T00:00:51.323+0000] {processor.py:914} INFO - Processing file /opt/airflow/dags/stock_etl_yfinance.py for tasks to queue
[2025-11-23T00:00:51.326+0000] {logging_mixin.py:190} INFO - [2025-11-23T00:00:51.325+0000] {dagbag.py:587} INFO - Filling up the DagBag from /opt/airflow/dags/stock_etl_yfinance.py
[2025-11-23T00:00:52.024+0000] {processor.py:925} INFO - DAG(s) 'stock_etl_yfinance' retrieved from /opt/airflow/dags/stock_etl_yfinance.py
[2025-11-23T00:00:52.098+0000] {logging_mixin.py:190} INFO - [2025-11-23T00:00:52.093+0000] {dag.py:3229} INFO - Sync 1 DAGs
[2025-11-23T00:00:52.249+0000] {logging_mixin.py:190} INFO - [2025-11-23T00:00:52.249+0000] {dag.py:4156} INFO - Setting next_dagrun for stock_etl_yfinance to 2025-11-21 02:30:00+00:00, run_after=2025-11-22 02:30:00+00:00
[2025-11-23T00:00:52.307+0000] {processor.py:208} INFO - Processing /opt/airflow/dags/stock_etl_yfinance.py took 1.001 seconds
[2025-11-23T00:01:22.454+0000] {processor.py:186} INFO - Started process (PID=3203) to work on /opt/airflow/dags/stock_etl_yfinance.py
[2025-11-23T00:01:22.457+0000] {processor.py:914} INFO - Processing file /opt/airflow/dags/stock_etl_yfinance.py for tasks to queue
[2025-11-23T00:01:22.468+0000] {logging_mixin.py:190} INFO - [2025-11-23T00:01:22.461+0000] {dagbag.py:587} INFO - Filling up the DagBag from /opt/airflow/dags/stock_etl_yfinance.py
[2025-11-23T00:01:23.552+0000] {processor.py:925} INFO - DAG(s) 'stock_etl_yfinance' retrieved from /opt/airflow/dags/stock_etl_yfinance.py
[2025-11-23T00:01:23.589+0000] {logging_mixin.py:190} INFO - [2025-11-23T00:01:23.587+0000] {dag.py:3229} INFO - Sync 1 DAGs
[2025-11-23T00:01:23.779+0000] {logging_mixin.py:190} INFO - [2025-11-23T00:01:23.778+0000] {dag.py:4156} INFO - Setting next_dagrun for stock_etl_yfinance to 2025-11-21 02:30:00+00:00, run_after=2025-11-22 02:30:00+00:00
[2025-11-23T00:01:23.867+0000] {processor.py:208} INFO - Processing /opt/airflow/dags/stock_etl_yfinance.py took 1.446 seconds
[2025-11-23T02:01:41.099+0000] {processor.py:186} INFO - Started process (PID=3224) to work on /opt/airflow/dags/stock_etl_yfinance.py
[2025-11-23T02:01:41.102+0000] {processor.py:914} INFO - Processing file /opt/airflow/dags/stock_etl_yfinance.py for tasks to queue
[2025-11-23T02:01:41.114+0000] {logging_mixin.py:190} INFO - [2025-11-23T02:01:41.113+0000] {dagbag.py:587} INFO - Filling up the DagBag from /opt/airflow/dags/stock_etl_yfinance.py
[2025-11-23T02:01:42.949+0000] {processor.py:925} INFO - DAG(s) 'stock_etl_yfinance' retrieved from /opt/airflow/dags/stock_etl_yfinance.py
[2025-11-23T02:01:43.038+0000] {logging_mixin.py:190} INFO - [2025-11-23T02:01:43.037+0000] {dag.py:3229} INFO - Sync 1 DAGs
[2025-11-23T02:01:43.108+0000] {logging_mixin.py:190} INFO - [2025-11-23T02:01:43.107+0000] {dag.py:4156} INFO - Setting next_dagrun for stock_etl_yfinance to 2025-11-21 02:30:00+00:00, run_after=2025-11-22 02:30:00+00:00
[2025-11-23T02:01:43.158+0000] {processor.py:208} INFO - Processing /opt/airflow/dags/stock_etl_yfinance.py took 2.227 seconds
[2025-11-23T02:02:14.518+0000] {processor.py:186} INFO - Started process (PID=3277) to work on /opt/airflow/dags/stock_etl_yfinance.py
[2025-11-23T02:02:14.553+0000] {processor.py:914} INFO - Processing file /opt/airflow/dags/stock_etl_yfinance.py for tasks to queue
[2025-11-23T02:02:14.565+0000] {logging_mixin.py:190} INFO - [2025-11-23T02:02:14.561+0000] {dagbag.py:587} INFO - Filling up the DagBag from /opt/airflow/dags/stock_etl_yfinance.py
[2025-11-23T02:02:17.397+0000] {processor.py:925} INFO - DAG(s) 'stock_etl_yfinance' retrieved from /opt/airflow/dags/stock_etl_yfinance.py
[2025-11-23T02:02:17.555+0000] {logging_mixin.py:190} INFO - [2025-11-23T02:02:17.552+0000] {dag.py:3229} INFO - Sync 1 DAGs
[2025-11-23T02:02:17.949+0000] {logging_mixin.py:190} INFO - [2025-11-23T02:02:17.948+0000] {dag.py:4156} INFO - Setting next_dagrun for stock_etl_yfinance to 2025-11-21 02:30:00+00:00, run_after=2025-11-22 02:30:00+00:00
[2025-11-23T02:02:18.617+0000] {processor.py:208} INFO - Processing /opt/airflow/dags/stock_etl_yfinance.py took 4.255 seconds
[2025-11-23T02:53:16.650+0000] {processor.py:186} INFO - Started process (PID=3307) to work on /opt/airflow/dags/stock_etl_yfinance.py
[2025-11-23T02:53:16.657+0000] {processor.py:914} INFO - Processing file /opt/airflow/dags/stock_etl_yfinance.py for tasks to queue
[2025-11-23T02:53:16.668+0000] {logging_mixin.py:190} INFO - [2025-11-23T02:53:16.665+0000] {dagbag.py:587} INFO - Filling up the DagBag from /opt/airflow/dags/stock_etl_yfinance.py
[2025-11-23T02:53:20.280+0000] {processor.py:925} INFO - DAG(s) 'stock_etl_yfinance' retrieved from /opt/airflow/dags/stock_etl_yfinance.py
[2025-11-23T02:53:20.471+0000] {logging_mixin.py:190} INFO - [2025-11-23T02:53:20.459+0000] {dag.py:3229} INFO - Sync 1 DAGs
[2025-11-23T02:53:20.705+0000] {logging_mixin.py:190} INFO - [2025-11-23T02:53:20.704+0000] {dag.py:4156} INFO - Setting next_dagrun for stock_etl_yfinance to 2025-11-22 02:30:00+00:00, run_after=2025-11-23 02:30:00+00:00
[2025-11-23T02:53:20.991+0000] {processor.py:208} INFO - Processing /opt/airflow/dags/stock_etl_yfinance.py took 4.415 seconds
[2025-11-23T02:53:51.761+0000] {processor.py:186} INFO - Started process (PID=3360) to work on /opt/airflow/dags/stock_etl_yfinance.py
[2025-11-23T02:53:51.763+0000] {processor.py:914} INFO - Processing file /opt/airflow/dags/stock_etl_yfinance.py for tasks to queue
[2025-11-23T02:53:51.769+0000] {logging_mixin.py:190} INFO - [2025-11-23T02:53:51.767+0000] {dagbag.py:587} INFO - Filling up the DagBag from /opt/airflow/dags/stock_etl_yfinance.py
[2025-11-23T02:53:52.459+0000] {processor.py:925} INFO - DAG(s) 'stock_etl_yfinance' retrieved from /opt/airflow/dags/stock_etl_yfinance.py
[2025-11-23T02:53:52.492+0000] {logging_mixin.py:190} INFO - [2025-11-23T02:53:52.491+0000] {dag.py:3229} INFO - Sync 1 DAGs
[2025-11-23T02:53:52.553+0000] {logging_mixin.py:190} INFO - [2025-11-23T02:53:52.552+0000] {dag.py:4156} INFO - Setting next_dagrun for stock_etl_yfinance to 2025-11-22 02:30:00+00:00, run_after=2025-11-23 02:30:00+00:00
[2025-11-23T02:53:52.613+0000] {processor.py:208} INFO - Processing /opt/airflow/dags/stock_etl_yfinance.py took 0.869 seconds
[2025-11-23T02:54:23.525+0000] {processor.py:186} INFO - Started process (PID=3406) to work on /opt/airflow/dags/stock_etl_yfinance.py
[2025-11-23T02:54:23.526+0000] {processor.py:914} INFO - Processing file /opt/airflow/dags/stock_etl_yfinance.py for tasks to queue
[2025-11-23T02:54:23.529+0000] {logging_mixin.py:190} INFO - [2025-11-23T02:54:23.528+0000] {dagbag.py:587} INFO - Filling up the DagBag from /opt/airflow/dags/stock_etl_yfinance.py
[2025-11-23T02:54:23.870+0000] {processor.py:925} INFO - DAG(s) 'stock_etl_yfinance' retrieved from /opt/airflow/dags/stock_etl_yfinance.py
[2025-11-23T02:54:23.922+0000] {logging_mixin.py:190} INFO - [2025-11-23T02:54:23.921+0000] {dag.py:3229} INFO - Sync 1 DAGs
[2025-11-23T02:54:23.969+0000] {logging_mixin.py:190} INFO - [2025-11-23T02:54:23.968+0000] {dag.py:4156} INFO - Setting next_dagrun for stock_etl_yfinance to 2025-11-22 02:30:00+00:00, run_after=2025-11-23 02:30:00+00:00
[2025-11-23T02:54:24.002+0000] {processor.py:208} INFO - Processing /opt/airflow/dags/stock_etl_yfinance.py took 0.488 seconds
[2025-11-23T02:54:54.457+0000] {processor.py:186} INFO - Started process (PID=3446) to work on /opt/airflow/dags/stock_etl_yfinance.py
[2025-11-23T02:54:54.459+0000] {processor.py:914} INFO - Processing file /opt/airflow/dags/stock_etl_yfinance.py for tasks to queue
[2025-11-23T02:54:54.462+0000] {logging_mixin.py:190} INFO - [2025-11-23T02:54:54.461+0000] {dagbag.py:587} INFO - Filling up the DagBag from /opt/airflow/dags/stock_etl_yfinance.py
[2025-11-23T02:54:54.765+0000] {processor.py:925} INFO - DAG(s) 'stock_etl_yfinance' retrieved from /opt/airflow/dags/stock_etl_yfinance.py
[2025-11-23T02:54:54.788+0000] {logging_mixin.py:190} INFO - [2025-11-23T02:54:54.787+0000] {dag.py:3229} INFO - Sync 1 DAGs
[2025-11-23T02:54:54.829+0000] {logging_mixin.py:190} INFO - [2025-11-23T02:54:54.828+0000] {dag.py:4156} INFO - Setting next_dagrun for stock_etl_yfinance to 2025-11-22 02:30:00+00:00, run_after=2025-11-23 02:30:00+00:00
[2025-11-23T02:54:54.863+0000] {processor.py:208} INFO - Processing /opt/airflow/dags/stock_etl_yfinance.py took 0.416 seconds
[2025-11-23T02:55:25.717+0000] {processor.py:186} INFO - Started process (PID=3485) to work on /opt/airflow/dags/stock_etl_yfinance.py
[2025-11-23T02:55:25.720+0000] {processor.py:914} INFO - Processing file /opt/airflow/dags/stock_etl_yfinance.py for tasks to queue
[2025-11-23T02:55:25.724+0000] {logging_mixin.py:190} INFO - [2025-11-23T02:55:25.723+0000] {dagbag.py:587} INFO - Filling up the DagBag from /opt/airflow/dags/stock_etl_yfinance.py
[2025-11-23T02:55:26.132+0000] {processor.py:925} INFO - DAG(s) 'stock_etl_yfinance' retrieved from /opt/airflow/dags/stock_etl_yfinance.py
[2025-11-23T02:55:26.160+0000] {logging_mixin.py:190} INFO - [2025-11-23T02:55:26.159+0000] {dag.py:3229} INFO - Sync 1 DAGs
[2025-11-23T02:55:26.223+0000] {logging_mixin.py:190} INFO - [2025-11-23T02:55:26.222+0000] {dag.py:4156} INFO - Setting next_dagrun for stock_etl_yfinance to 2025-11-22 02:30:00+00:00, run_after=2025-11-23 02:30:00+00:00
[2025-11-23T02:55:26.269+0000] {processor.py:208} INFO - Processing /opt/airflow/dags/stock_etl_yfinance.py took 0.568 seconds
[2025-11-23T02:55:56.858+0000] {processor.py:186} INFO - Started process (PID=3523) to work on /opt/airflow/dags/stock_etl_yfinance.py
[2025-11-23T02:55:56.861+0000] {processor.py:914} INFO - Processing file /opt/airflow/dags/stock_etl_yfinance.py for tasks to queue
[2025-11-23T02:55:56.863+0000] {logging_mixin.py:190} INFO - [2025-11-23T02:55:56.862+0000] {dagbag.py:587} INFO - Filling up the DagBag from /opt/airflow/dags/stock_etl_yfinance.py
[2025-11-23T02:55:57.182+0000] {processor.py:925} INFO - DAG(s) 'stock_etl_yfinance' retrieved from /opt/airflow/dags/stock_etl_yfinance.py
[2025-11-23T02:55:57.207+0000] {logging_mixin.py:190} INFO - [2025-11-23T02:55:57.206+0000] {dag.py:3229} INFO - Sync 1 DAGs
[2025-11-23T02:55:57.251+0000] {logging_mixin.py:190} INFO - [2025-11-23T02:55:57.251+0000] {dag.py:4156} INFO - Setting next_dagrun for stock_etl_yfinance to 2025-11-22 02:30:00+00:00, run_after=2025-11-23 02:30:00+00:00
[2025-11-23T02:55:57.279+0000] {processor.py:208} INFO - Processing /opt/airflow/dags/stock_etl_yfinance.py took 0.433 seconds
[2025-11-23T03:25:06.829+0000] {processor.py:186} INFO - Started process (PID=3551) to work on /opt/airflow/dags/stock_etl_yfinance.py
[2025-11-23T03:25:06.837+0000] {processor.py:914} INFO - Processing file /opt/airflow/dags/stock_etl_yfinance.py for tasks to queue
[2025-11-23T03:25:06.853+0000] {logging_mixin.py:190} INFO - [2025-11-23T03:25:06.849+0000] {dagbag.py:587} INFO - Filling up the DagBag from /opt/airflow/dags/stock_etl_yfinance.py
[2025-11-23T03:25:07.430+0000] {processor.py:925} INFO - DAG(s) 'stock_etl_yfinance' retrieved from /opt/airflow/dags/stock_etl_yfinance.py
[2025-11-23T03:25:07.471+0000] {logging_mixin.py:190} INFO - [2025-11-23T03:25:07.470+0000] {dag.py:3229} INFO - Sync 1 DAGs
[2025-11-23T03:25:07.542+0000] {logging_mixin.py:190} INFO - [2025-11-23T03:25:07.541+0000] {dag.py:4156} INFO - Setting next_dagrun for stock_etl_yfinance to 2025-11-22 02:30:00+00:00, run_after=2025-11-23 02:30:00+00:00
[2025-11-23T03:25:07.578+0000] {processor.py:208} INFO - Processing /opt/airflow/dags/stock_etl_yfinance.py took 0.779 seconds
[2025-11-23T03:25:37.747+0000] {processor.py:186} INFO - Started process (PID=3602) to work on /opt/airflow/dags/stock_etl_yfinance.py
[2025-11-23T03:25:37.748+0000] {processor.py:914} INFO - Processing file /opt/airflow/dags/stock_etl_yfinance.py for tasks to queue
[2025-11-23T03:25:37.752+0000] {logging_mixin.py:190} INFO - [2025-11-23T03:25:37.752+0000] {dagbag.py:587} INFO - Filling up the DagBag from /opt/airflow/dags/stock_etl_yfinance.py
[2025-11-23T03:25:37.999+0000] {processor.py:925} INFO - DAG(s) 'stock_etl_yfinance' retrieved from /opt/airflow/dags/stock_etl_yfinance.py
[2025-11-23T03:25:38.026+0000] {logging_mixin.py:190} INFO - [2025-11-23T03:25:38.025+0000] {dag.py:3229} INFO - Sync 1 DAGs
[2025-11-23T03:25:38.067+0000] {logging_mixin.py:190} INFO - [2025-11-23T03:25:38.066+0000] {dag.py:4156} INFO - Setting next_dagrun for stock_etl_yfinance to 2025-11-22 02:30:00+00:00, run_after=2025-11-23 02:30:00+00:00
[2025-11-23T03:25:38.097+0000] {processor.py:208} INFO - Processing /opt/airflow/dags/stock_etl_yfinance.py took 0.361 seconds
[2025-11-23T03:26:09.030+0000] {processor.py:186} INFO - Started process (PID=3643) to work on /opt/airflow/dags/stock_etl_yfinance.py
[2025-11-23T03:26:09.032+0000] {processor.py:914} INFO - Processing file /opt/airflow/dags/stock_etl_yfinance.py for tasks to queue
[2025-11-23T03:26:09.037+0000] {logging_mixin.py:190} INFO - [2025-11-23T03:26:09.036+0000] {dagbag.py:587} INFO - Filling up the DagBag from /opt/airflow/dags/stock_etl_yfinance.py
[2025-11-23T03:26:09.322+0000] {processor.py:925} INFO - DAG(s) 'stock_etl_yfinance' retrieved from /opt/airflow/dags/stock_etl_yfinance.py
[2025-11-23T03:26:09.349+0000] {logging_mixin.py:190} INFO - [2025-11-23T03:26:09.348+0000] {dag.py:3229} INFO - Sync 1 DAGs
[2025-11-23T03:26:09.393+0000] {logging_mixin.py:190} INFO - [2025-11-23T03:26:09.393+0000] {dag.py:4156} INFO - Setting next_dagrun for stock_etl_yfinance to 2025-11-22 02:30:00+00:00, run_after=2025-11-23 02:30:00+00:00
[2025-11-23T03:26:09.428+0000] {processor.py:208} INFO - Processing /opt/airflow/dags/stock_etl_yfinance.py took 0.410 seconds
[2025-11-23T03:26:39.972+0000] {processor.py:186} INFO - Started process (PID=3684) to work on /opt/airflow/dags/stock_etl_yfinance.py
[2025-11-23T03:26:39.974+0000] {processor.py:914} INFO - Processing file /opt/airflow/dags/stock_etl_yfinance.py for tasks to queue
[2025-11-23T03:26:39.979+0000] {logging_mixin.py:190} INFO - [2025-11-23T03:26:39.978+0000] {dagbag.py:587} INFO - Filling up the DagBag from /opt/airflow/dags/stock_etl_yfinance.py
[2025-11-23T03:26:40.270+0000] {processor.py:925} INFO - DAG(s) 'stock_etl_yfinance' retrieved from /opt/airflow/dags/stock_etl_yfinance.py
[2025-11-23T03:26:40.291+0000] {logging_mixin.py:190} INFO - [2025-11-23T03:26:40.290+0000] {dag.py:3229} INFO - Sync 1 DAGs
[2025-11-23T03:26:40.324+0000] {logging_mixin.py:190} INFO - [2025-11-23T03:26:40.324+0000] {dag.py:4156} INFO - Setting next_dagrun for stock_etl_yfinance to 2025-11-22 02:30:00+00:00, run_after=2025-11-23 02:30:00+00:00
[2025-11-23T03:26:40.353+0000] {processor.py:208} INFO - Processing /opt/airflow/dags/stock_etl_yfinance.py took 0.392 seconds
[2025-11-23T03:27:10.500+0000] {processor.py:186} INFO - Started process (PID=3730) to work on /opt/airflow/dags/stock_etl_yfinance.py
[2025-11-23T03:27:10.501+0000] {processor.py:914} INFO - Processing file /opt/airflow/dags/stock_etl_yfinance.py for tasks to queue
[2025-11-23T03:27:10.506+0000] {logging_mixin.py:190} INFO - [2025-11-23T03:27:10.506+0000] {dagbag.py:587} INFO - Filling up the DagBag from /opt/airflow/dags/stock_etl_yfinance.py
[2025-11-23T03:27:10.764+0000] {processor.py:925} INFO - DAG(s) 'stock_etl_yfinance' retrieved from /opt/airflow/dags/stock_etl_yfinance.py
[2025-11-23T03:27:10.786+0000] {logging_mixin.py:190} INFO - [2025-11-23T03:27:10.785+0000] {dag.py:3229} INFO - Sync 1 DAGs
[2025-11-23T03:27:10.822+0000] {logging_mixin.py:190} INFO - [2025-11-23T03:27:10.822+0000] {dag.py:4156} INFO - Setting next_dagrun for stock_etl_yfinance to 2025-11-22 02:30:00+00:00, run_after=2025-11-23 02:30:00+00:00
[2025-11-23T03:27:10.854+0000] {processor.py:208} INFO - Processing /opt/airflow/dags/stock_etl_yfinance.py took 0.366 seconds
[2025-11-23T03:27:41.631+0000] {processor.py:186} INFO - Started process (PID=3771) to work on /opt/airflow/dags/stock_etl_yfinance.py
[2025-11-23T03:27:41.633+0000] {processor.py:914} INFO - Processing file /opt/airflow/dags/stock_etl_yfinance.py for tasks to queue
[2025-11-23T03:27:41.637+0000] {logging_mixin.py:190} INFO - [2025-11-23T03:27:41.636+0000] {dagbag.py:587} INFO - Filling up the DagBag from /opt/airflow/dags/stock_etl_yfinance.py
[2025-11-23T03:27:41.898+0000] {processor.py:925} INFO - DAG(s) 'stock_etl_yfinance' retrieved from /opt/airflow/dags/stock_etl_yfinance.py
[2025-11-23T03:27:41.920+0000] {logging_mixin.py:190} INFO - [2025-11-23T03:27:41.919+0000] {dag.py:3229} INFO - Sync 1 DAGs
[2025-11-23T03:27:41.954+0000] {logging_mixin.py:190} INFO - [2025-11-23T03:27:41.953+0000] {dag.py:4156} INFO - Setting next_dagrun for stock_etl_yfinance to 2025-11-22 02:30:00+00:00, run_after=2025-11-23 02:30:00+00:00
[2025-11-23T03:27:41.982+0000] {processor.py:208} INFO - Processing /opt/airflow/dags/stock_etl_yfinance.py took 0.361 seconds
[2025-11-23T03:28:12.645+0000] {processor.py:186} INFO - Started process (PID=3811) to work on /opt/airflow/dags/stock_etl_yfinance.py
[2025-11-23T03:28:12.647+0000] {processor.py:914} INFO - Processing file /opt/airflow/dags/stock_etl_yfinance.py for tasks to queue
[2025-11-23T03:28:12.657+0000] {logging_mixin.py:190} INFO - [2025-11-23T03:28:12.657+0000] {dagbag.py:587} INFO - Filling up the DagBag from /opt/airflow/dags/stock_etl_yfinance.py
[2025-11-23T03:28:13.503+0000] {processor.py:925} INFO - DAG(s) 'stock_etl_yfinance' retrieved from /opt/airflow/dags/stock_etl_yfinance.py
[2025-11-23T03:28:13.567+0000] {logging_mixin.py:190} INFO - [2025-11-23T03:28:13.566+0000] {dag.py:3229} INFO - Sync 1 DAGs
[2025-11-23T03:28:13.639+0000] {logging_mixin.py:190} INFO - [2025-11-23T03:28:13.638+0000] {dag.py:4156} INFO - Setting next_dagrun for stock_etl_yfinance to 2025-11-22 02:30:00+00:00, run_after=2025-11-23 02:30:00+00:00
[2025-11-23T03:28:13.702+0000] {processor.py:208} INFO - Processing /opt/airflow/dags/stock_etl_yfinance.py took 1.073 seconds
[2025-11-23T03:28:43.796+0000] {processor.py:186} INFO - Started process (PID=3852) to work on /opt/airflow/dags/stock_etl_yfinance.py
[2025-11-23T03:28:43.798+0000] {processor.py:914} INFO - Processing file /opt/airflow/dags/stock_etl_yfinance.py for tasks to queue
[2025-11-23T03:28:43.802+0000] {logging_mixin.py:190} INFO - [2025-11-23T03:28:43.801+0000] {dagbag.py:587} INFO - Filling up the DagBag from /opt/airflow/dags/stock_etl_yfinance.py
[2025-11-23T03:28:44.044+0000] {processor.py:925} INFO - DAG(s) 'stock_etl_yfinance' retrieved from /opt/airflow/dags/stock_etl_yfinance.py
[2025-11-23T03:28:44.066+0000] {logging_mixin.py:190} INFO - [2025-11-23T03:28:44.065+0000] {dag.py:3229} INFO - Sync 1 DAGs
[2025-11-23T03:28:44.099+0000] {logging_mixin.py:190} INFO - [2025-11-23T03:28:44.099+0000] {dag.py:4156} INFO - Setting next_dagrun for stock_etl_yfinance to 2025-11-22 02:30:00+00:00, run_after=2025-11-23 02:30:00+00:00
[2025-11-23T03:28:44.128+0000] {processor.py:208} INFO - Processing /opt/airflow/dags/stock_etl_yfinance.py took 0.343 seconds
[2025-11-23T03:29:14.459+0000] {processor.py:186} INFO - Started process (PID=3893) to work on /opt/airflow/dags/stock_etl_yfinance.py
[2025-11-23T03:29:14.461+0000] {processor.py:914} INFO - Processing file /opt/airflow/dags/stock_etl_yfinance.py for tasks to queue
[2025-11-23T03:29:14.465+0000] {logging_mixin.py:190} INFO - [2025-11-23T03:29:14.465+0000] {dagbag.py:587} INFO - Filling up the DagBag from /opt/airflow/dags/stock_etl_yfinance.py
[2025-11-23T03:29:14.716+0000] {processor.py:925} INFO - DAG(s) 'stock_etl_yfinance' retrieved from /opt/airflow/dags/stock_etl_yfinance.py
[2025-11-23T03:29:14.738+0000] {logging_mixin.py:190} INFO - [2025-11-23T03:29:14.737+0000] {dag.py:3229} INFO - Sync 1 DAGs
[2025-11-23T03:29:14.773+0000] {logging_mixin.py:190} INFO - [2025-11-23T03:29:14.773+0000] {dag.py:4156} INFO - Setting next_dagrun for stock_etl_yfinance to 2025-11-22 02:30:00+00:00, run_after=2025-11-23 02:30:00+00:00
[2025-11-23T03:29:14.804+0000] {processor.py:208} INFO - Processing /opt/airflow/dags/stock_etl_yfinance.py took 0.355 seconds
[2025-11-23T03:29:45.379+0000] {processor.py:186} INFO - Started process (PID=3934) to work on /opt/airflow/dags/stock_etl_yfinance.py
[2025-11-23T03:29:45.382+0000] {processor.py:914} INFO - Processing file /opt/airflow/dags/stock_etl_yfinance.py for tasks to queue
[2025-11-23T03:29:45.386+0000] {logging_mixin.py:190} INFO - [2025-11-23T03:29:45.385+0000] {dagbag.py:587} INFO - Filling up the DagBag from /opt/airflow/dags/stock_etl_yfinance.py
[2025-11-23T05:29:23.561+0000] {logging_mixin.py:190} INFO - [2025-11-23T05:29:23.559+0000] {timeout.py:68} ERROR - Process timed out, PID: 3934
[2025-11-23T05:29:56.843+0000] {processor.py:186} INFO - Started process (PID=3983) to work on /opt/airflow/dags/stock_etl_yfinance.py
[2025-11-23T05:29:56.853+0000] {processor.py:914} INFO - Processing file /opt/airflow/dags/stock_etl_yfinance.py for tasks to queue
[2025-11-23T05:29:56.874+0000] {logging_mixin.py:190} INFO - [2025-11-23T05:29:56.871+0000] {dagbag.py:587} INFO - Filling up the DagBag from /opt/airflow/dags/stock_etl_yfinance.py
[2025-11-23T05:29:58.272+0000] {processor.py:925} INFO - DAG(s) 'stock_etl_yfinance' retrieved from /opt/airflow/dags/stock_etl_yfinance.py
[2025-11-23T05:29:58.383+0000] {logging_mixin.py:190} INFO - [2025-11-23T05:29:58.378+0000] {dag.py:3229} INFO - Sync 1 DAGs
[2025-11-23T05:29:58.622+0000] {logging_mixin.py:190} INFO - [2025-11-23T05:29:58.620+0000] {dag.py:4156} INFO - Setting next_dagrun for stock_etl_yfinance to 2025-11-22 02:30:00+00:00, run_after=2025-11-23 02:30:00+00:00
[2025-11-23T05:29:58.749+0000] {processor.py:208} INFO - Processing /opt/airflow/dags/stock_etl_yfinance.py took 1.956 seconds
[2025-11-23T06:02:26.427+0000] {processor.py:186} INFO - Started process (PID=4025) to work on /opt/airflow/dags/stock_etl_yfinance.py
[2025-11-23T06:02:26.435+0000] {processor.py:914} INFO - Processing file /opt/airflow/dags/stock_etl_yfinance.py for tasks to queue
[2025-11-23T06:02:26.465+0000] {logging_mixin.py:190} INFO - [2025-11-23T06:02:26.464+0000] {dagbag.py:587} INFO - Filling up the DagBag from /opt/airflow/dags/stock_etl_yfinance.py
[2025-11-23T06:02:27.402+0000] {processor.py:925} INFO - DAG(s) 'stock_etl_yfinance' retrieved from /opt/airflow/dags/stock_etl_yfinance.py
[2025-11-23T06:02:27.542+0000] {logging_mixin.py:190} INFO - [2025-11-23T06:02:27.540+0000] {dag.py:3229} INFO - Sync 1 DAGs
[2025-11-23T06:02:27.604+0000] {logging_mixin.py:190} INFO - [2025-11-23T06:02:27.603+0000] {dag.py:4156} INFO - Setting next_dagrun for stock_etl_yfinance to 2025-11-22 02:30:00+00:00, run_after=2025-11-23 02:30:00+00:00
[2025-11-23T06:02:27.644+0000] {processor.py:208} INFO - Processing /opt/airflow/dags/stock_etl_yfinance.py took 1.253 seconds
[2025-11-23T06:02:58.131+0000] {processor.py:186} INFO - Started process (PID=4063) to work on /opt/airflow/dags/stock_etl_yfinance.py
[2025-11-23T06:02:58.137+0000] {processor.py:914} INFO - Processing file /opt/airflow/dags/stock_etl_yfinance.py for tasks to queue
[2025-11-23T06:02:58.157+0000] {logging_mixin.py:190} INFO - [2025-11-23T06:02:58.154+0000] {dagbag.py:587} INFO - Filling up the DagBag from /opt/airflow/dags/stock_etl_yfinance.py
[2025-11-23T06:02:59.678+0000] {processor.py:925} INFO - DAG(s) 'stock_etl_yfinance' retrieved from /opt/airflow/dags/stock_etl_yfinance.py
[2025-11-23T06:02:59.789+0000] {logging_mixin.py:190} INFO - [2025-11-23T06:02:59.785+0000] {dag.py:3229} INFO - Sync 1 DAGs
[2025-11-23T06:02:59.943+0000] {logging_mixin.py:190} INFO - [2025-11-23T06:02:59.943+0000] {dag.py:4156} INFO - Setting next_dagrun for stock_etl_yfinance to 2025-11-22 02:30:00+00:00, run_after=2025-11-23 02:30:00+00:00
[2025-11-23T06:03:00.137+0000] {processor.py:208} INFO - Processing /opt/airflow/dags/stock_etl_yfinance.py took 2.071 seconds
[2025-11-23T06:30:28.916+0000] {processor.py:186} INFO - Started process (PID=4098) to work on /opt/airflow/dags/stock_etl_yfinance.py
[2025-11-23T06:30:28.918+0000] {processor.py:914} INFO - Processing file /opt/airflow/dags/stock_etl_yfinance.py for tasks to queue
[2025-11-23T06:30:28.926+0000] {logging_mixin.py:190} INFO - [2025-11-23T06:30:28.925+0000] {dagbag.py:587} INFO - Filling up the DagBag from /opt/airflow/dags/stock_etl_yfinance.py
[2025-11-23T06:30:29.648+0000] {processor.py:925} INFO - DAG(s) 'stock_etl_yfinance' retrieved from /opt/airflow/dags/stock_etl_yfinance.py
[2025-11-23T06:30:29.703+0000] {logging_mixin.py:190} INFO - [2025-11-23T06:30:29.702+0000] {dag.py:3229} INFO - Sync 1 DAGs
[2025-11-23T06:30:29.779+0000] {logging_mixin.py:190} INFO - [2025-11-23T06:30:29.778+0000] {dag.py:4156} INFO - Setting next_dagrun for stock_etl_yfinance to 2025-11-22 02:30:00+00:00, run_after=2025-11-23 02:30:00+00:00
[2025-11-23T06:30:29.827+0000] {processor.py:208} INFO - Processing /opt/airflow/dags/stock_etl_yfinance.py took 0.926 seconds
[2025-11-23T07:31:31.057+0000] {processor.py:186} INFO - Started process (PID=4139) to work on /opt/airflow/dags/stock_etl_yfinance.py
[2025-11-23T07:31:31.062+0000] {processor.py:914} INFO - Processing file /opt/airflow/dags/stock_etl_yfinance.py for tasks to queue
[2025-11-23T07:31:31.067+0000] {logging_mixin.py:190} INFO - [2025-11-23T07:31:31.066+0000] {dagbag.py:587} INFO - Filling up the DagBag from /opt/airflow/dags/stock_etl_yfinance.py
[2025-11-23T07:31:31.881+0000] {processor.py:925} INFO - DAG(s) 'stock_etl_yfinance' retrieved from /opt/airflow/dags/stock_etl_yfinance.py
[2025-11-23T07:31:31.927+0000] {logging_mixin.py:190} INFO - [2025-11-23T07:31:31.924+0000] {dag.py:3229} INFO - Sync 1 DAGs
[2025-11-23T07:31:32.027+0000] {logging_mixin.py:190} INFO - [2025-11-23T07:31:32.026+0000] {dag.py:4156} INFO - Setting next_dagrun for stock_etl_yfinance to 2025-11-22 02:30:00+00:00, run_after=2025-11-23 02:30:00+00:00
[2025-11-23T07:31:32.078+0000] {processor.py:208} INFO - Processing /opt/airflow/dags/stock_etl_yfinance.py took 1.050 seconds
[2025-11-23T08:32:32.406+0000] {processor.py:186} INFO - Started process (PID=4180) to work on /opt/airflow/dags/stock_etl_yfinance.py
[2025-11-23T08:32:32.422+0000] {processor.py:914} INFO - Processing file /opt/airflow/dags/stock_etl_yfinance.py for tasks to queue
[2025-11-23T08:32:32.439+0000] {logging_mixin.py:190} INFO - [2025-11-23T08:32:32.438+0000] {dagbag.py:587} INFO - Filling up the DagBag from /opt/airflow/dags/stock_etl_yfinance.py
[2025-11-23T08:32:33.588+0000] {processor.py:925} INFO - DAG(s) 'stock_etl_yfinance' retrieved from /opt/airflow/dags/stock_etl_yfinance.py
[2025-11-23T08:32:33.658+0000] {logging_mixin.py:190} INFO - [2025-11-23T08:32:33.657+0000] {dag.py:3229} INFO - Sync 1 DAGs
[2025-11-23T08:32:33.732+0000] {logging_mixin.py:190} INFO - [2025-11-23T08:32:33.732+0000] {dag.py:4156} INFO - Setting next_dagrun for stock_etl_yfinance to 2025-11-22 02:30:00+00:00, run_after=2025-11-23 02:30:00+00:00
[2025-11-23T08:32:33.811+0000] {processor.py:208} INFO - Processing /opt/airflow/dags/stock_etl_yfinance.py took 1.428 seconds
[2025-11-23T08:33:04.004+0000] {processor.py:186} INFO - Started process (PID=4221) to work on /opt/airflow/dags/stock_etl_yfinance.py
[2025-11-23T08:33:04.010+0000] {processor.py:914} INFO - Processing file /opt/airflow/dags/stock_etl_yfinance.py for tasks to queue
[2025-11-23T08:33:04.019+0000] {logging_mixin.py:190} INFO - [2025-11-23T08:33:04.016+0000] {dagbag.py:587} INFO - Filling up the DagBag from /opt/airflow/dags/stock_etl_yfinance.py
[2025-11-23T08:33:06.438+0000] {processor.py:925} INFO - DAG(s) 'stock_etl_yfinance' retrieved from /opt/airflow/dags/stock_etl_yfinance.py
[2025-11-23T08:33:06.876+0000] {logging_mixin.py:190} INFO - [2025-11-23T08:33:06.873+0000] {dag.py:3229} INFO - Sync 1 DAGs
[2025-11-23T08:33:07.263+0000] {logging_mixin.py:190} INFO - [2025-11-23T08:33:07.261+0000] {dag.py:4156} INFO - Setting next_dagrun for stock_etl_yfinance to 2025-11-22 02:30:00+00:00, run_after=2025-11-23 02:30:00+00:00
[2025-11-23T08:33:07.683+0000] {processor.py:208} INFO - Processing /opt/airflow/dags/stock_etl_yfinance.py took 3.727 seconds
[2025-11-23T09:33:34.880+0000] {processor.py:186} INFO - Started process (PID=4265) to work on /opt/airflow/dags/stock_etl_yfinance.py
[2025-11-23T09:33:34.883+0000] {processor.py:914} INFO - Processing file /opt/airflow/dags/stock_etl_yfinance.py for tasks to queue
[2025-11-23T09:33:34.901+0000] {logging_mixin.py:190} INFO - [2025-11-23T09:33:34.898+0000] {dagbag.py:587} INFO - Filling up the DagBag from /opt/airflow/dags/stock_etl_yfinance.py
[2025-11-23T09:33:35.989+0000] {processor.py:925} INFO - DAG(s) 'stock_etl_yfinance' retrieved from /opt/airflow/dags/stock_etl_yfinance.py
[2025-11-23T09:33:36.265+0000] {logging_mixin.py:190} INFO - [2025-11-23T09:33:36.264+0000] {dag.py:3229} INFO - Sync 1 DAGs
[2025-11-23T09:33:36.394+0000] {logging_mixin.py:190} INFO - [2025-11-23T09:33:36.393+0000] {dag.py:4156} INFO - Setting next_dagrun for stock_etl_yfinance to 2025-11-22 02:30:00+00:00, run_after=2025-11-23 02:30:00+00:00
[2025-11-23T09:33:36.453+0000] {processor.py:208} INFO - Processing /opt/airflow/dags/stock_etl_yfinance.py took 1.592 seconds
[2025-11-23T09:49:39.546+0000] {processor.py:186} INFO - Started process (PID=4320) to work on /opt/airflow/dags/stock_etl_yfinance.py
[2025-11-23T09:49:39.552+0000] {processor.py:914} INFO - Processing file /opt/airflow/dags/stock_etl_yfinance.py for tasks to queue
[2025-11-23T09:49:39.560+0000] {logging_mixin.py:190} INFO - [2025-11-23T09:49:39.559+0000] {dagbag.py:587} INFO - Filling up the DagBag from /opt/airflow/dags/stock_etl_yfinance.py
[2025-11-23T09:49:39.957+0000] {processor.py:925} INFO - DAG(s) 'stock_etl_yfinance' retrieved from /opt/airflow/dags/stock_etl_yfinance.py
[2025-11-23T09:49:40.007+0000] {logging_mixin.py:190} INFO - [2025-11-23T09:49:40.005+0000] {dag.py:3229} INFO - Sync 1 DAGs
[2025-11-23T09:49:40.094+0000] {logging_mixin.py:190} INFO - [2025-11-23T09:49:40.093+0000] {dag.py:4156} INFO - Setting next_dagrun for stock_etl_yfinance to 2025-11-22 02:30:00+00:00, run_after=2025-11-23 02:30:00+00:00
[2025-11-23T09:49:40.144+0000] {processor.py:208} INFO - Processing /opt/airflow/dags/stock_etl_yfinance.py took 0.617 seconds
[2025-11-23T09:50:10.360+0000] {processor.py:186} INFO - Started process (PID=4358) to work on /opt/airflow/dags/stock_etl_yfinance.py
[2025-11-23T09:50:10.363+0000] {processor.py:914} INFO - Processing file /opt/airflow/dags/stock_etl_yfinance.py for tasks to queue
[2025-11-23T09:50:10.369+0000] {logging_mixin.py:190} INFO - [2025-11-23T09:50:10.368+0000] {dagbag.py:587} INFO - Filling up the DagBag from /opt/airflow/dags/stock_etl_yfinance.py
[2025-11-23T09:50:10.867+0000] {processor.py:925} INFO - DAG(s) 'stock_etl_yfinance' retrieved from /opt/airflow/dags/stock_etl_yfinance.py
[2025-11-23T09:50:10.904+0000] {logging_mixin.py:190} INFO - [2025-11-23T09:50:10.903+0000] {dag.py:3229} INFO - Sync 1 DAGs
[2025-11-23T09:50:10.971+0000] {logging_mixin.py:190} INFO - [2025-11-23T09:50:10.970+0000] {dag.py:4156} INFO - Setting next_dagrun for stock_etl_yfinance to 2025-11-22 02:30:00+00:00, run_after=2025-11-23 02:30:00+00:00
[2025-11-23T09:50:11.021+0000] {processor.py:208} INFO - Processing /opt/airflow/dags/stock_etl_yfinance.py took 0.677 seconds
[2025-11-23T09:50:42.012+0000] {processor.py:186} INFO - Started process (PID=4407) to work on /opt/airflow/dags/stock_etl_yfinance.py
[2025-11-23T09:50:42.015+0000] {processor.py:914} INFO - Processing file /opt/airflow/dags/stock_etl_yfinance.py for tasks to queue
[2025-11-23T09:50:42.023+0000] {logging_mixin.py:190} INFO - [2025-11-23T09:50:42.021+0000] {dagbag.py:587} INFO - Filling up the DagBag from /opt/airflow/dags/stock_etl_yfinance.py
[2025-11-23T09:50:42.593+0000] {processor.py:925} INFO - DAG(s) 'stock_etl_yfinance' retrieved from /opt/airflow/dags/stock_etl_yfinance.py
[2025-11-23T09:50:42.713+0000] {logging_mixin.py:190} INFO - [2025-11-23T09:50:42.711+0000] {dag.py:3229} INFO - Sync 1 DAGs
[2025-11-23T09:50:42.778+0000] {logging_mixin.py:190} INFO - [2025-11-23T09:50:42.777+0000] {dag.py:4156} INFO - Setting next_dagrun for stock_etl_yfinance to 2025-11-22 02:30:00+00:00, run_after=2025-11-23 02:30:00+00:00
[2025-11-23T09:50:42.825+0000] {processor.py:208} INFO - Processing /opt/airflow/dags/stock_etl_yfinance.py took 0.828 seconds
[2025-11-23T21:52:31.528+0000] {processor.py:186} INFO - Started process (PID=317) to work on /opt/airflow/dags/stock_etl_yfinance.py
[2025-11-23T21:52:31.534+0000] {processor.py:914} INFO - Processing file /opt/airflow/dags/stock_etl_yfinance.py for tasks to queue
[2025-11-23T21:52:31.561+0000] {logging_mixin.py:190} INFO - [2025-11-23T21:52:31.558+0000] {dagbag.py:587} INFO - Filling up the DagBag from /opt/airflow/dags/stock_etl_yfinance.py
[2025-11-23T21:52:32.934+0000] {processor.py:925} INFO - DAG(s) 'stock_etl_yfinance' retrieved from /opt/airflow/dags/stock_etl_yfinance.py
[2025-11-23T21:52:34.268+0000] {logging_mixin.py:190} INFO - [2025-11-23T21:52:34.266+0000] {override.py:1900} INFO - Created Permission View: can delete on DAG:stock_etl_yfinance
[2025-11-23T21:52:34.368+0000] {logging_mixin.py:190} INFO - [2025-11-23T21:52:34.367+0000] {override.py:1900} INFO - Created Permission View: can read on DAG:stock_etl_yfinance
[2025-11-23T21:52:34.385+0000] {logging_mixin.py:190} INFO - [2025-11-23T21:52:34.384+0000] {override.py:1900} INFO - Created Permission View: can edit on DAG:stock_etl_yfinance
[2025-11-23T21:52:34.408+0000] {logging_mixin.py:190} INFO - [2025-11-23T21:52:34.407+0000] {override.py:1900} INFO - Created Permission View: menu access on DAG Run:stock_etl_yfinance
[2025-11-23T21:52:34.455+0000] {logging_mixin.py:190} INFO - [2025-11-23T21:52:34.455+0000] {override.py:1900} INFO - Created Permission View: can read on DAG Run:stock_etl_yfinance
[2025-11-23T21:52:34.495+0000] {logging_mixin.py:190} INFO - [2025-11-23T21:52:34.495+0000] {override.py:1900} INFO - Created Permission View: can create on DAG Run:stock_etl_yfinance
[2025-11-23T21:52:34.518+0000] {logging_mixin.py:190} INFO - [2025-11-23T21:52:34.517+0000] {override.py:1900} INFO - Created Permission View: can delete on DAG Run:stock_etl_yfinance
[2025-11-23T21:52:34.520+0000] {logging_mixin.py:190} INFO - [2025-11-23T21:52:34.519+0000] {dag.py:3229} INFO - Sync 1 DAGs
[2025-11-23T21:52:34.573+0000] {logging_mixin.py:190} INFO - [2025-11-23T21:52:34.573+0000] {dag.py:3252} INFO - Creating ORM DAG for stock_etl_yfinance
[2025-11-23T21:52:34.643+0000] {logging_mixin.py:190} INFO - [2025-11-23T21:52:34.642+0000] {dag.py:4156} INFO - Setting next_dagrun for stock_etl_yfinance to 2025-11-22 02:30:00+00:00, run_after=2025-11-23 02:30:00+00:00
[2025-11-23T21:52:34.758+0000] {processor.py:208} INFO - Processing /opt/airflow/dags/stock_etl_yfinance.py took 3.257 seconds
[2025-11-23T21:53:04.923+0000] {processor.py:186} INFO - Started process (PID=378) to work on /opt/airflow/dags/stock_etl_yfinance.py
[2025-11-23T21:53:04.924+0000] {processor.py:914} INFO - Processing file /opt/airflow/dags/stock_etl_yfinance.py for tasks to queue
[2025-11-23T21:53:04.930+0000] {logging_mixin.py:190} INFO - [2025-11-23T21:53:04.929+0000] {dagbag.py:587} INFO - Filling up the DagBag from /opt/airflow/dags/stock_etl_yfinance.py
[2025-11-23T21:53:06.469+0000] {processor.py:925} INFO - DAG(s) 'stock_etl_yfinance' retrieved from /opt/airflow/dags/stock_etl_yfinance.py
[2025-11-23T21:53:06.516+0000] {logging_mixin.py:190} INFO - [2025-11-23T21:53:06.515+0000] {dag.py:3229} INFO - Sync 1 DAGs
[2025-11-23T21:53:06.626+0000] {logging_mixin.py:190} INFO - [2025-11-23T21:53:06.624+0000] {dag.py:4156} INFO - Setting next_dagrun for stock_etl_yfinance to 2025-11-22 02:30:00+00:00, run_after=2025-11-23 02:30:00+00:00
[2025-11-23T21:53:06.705+0000] {processor.py:208} INFO - Processing /opt/airflow/dags/stock_etl_yfinance.py took 1.797 seconds
[2025-11-23T21:53:36.977+0000] {processor.py:186} INFO - Started process (PID=428) to work on /opt/airflow/dags/stock_etl_yfinance.py
[2025-11-23T21:53:36.980+0000] {processor.py:914} INFO - Processing file /opt/airflow/dags/stock_etl_yfinance.py for tasks to queue
[2025-11-23T21:53:37.010+0000] {logging_mixin.py:190} INFO - [2025-11-23T21:53:37.009+0000] {dagbag.py:587} INFO - Filling up the DagBag from /opt/airflow/dags/stock_etl_yfinance.py
[2025-11-23T21:53:38.063+0000] {processor.py:925} INFO - DAG(s) 'stock_etl_yfinance' retrieved from /opt/airflow/dags/stock_etl_yfinance.py
[2025-11-23T21:53:38.135+0000] {logging_mixin.py:190} INFO - [2025-11-23T21:53:38.134+0000] {dag.py:3229} INFO - Sync 1 DAGs
[2025-11-23T21:53:38.261+0000] {logging_mixin.py:190} INFO - [2025-11-23T21:53:38.260+0000] {dag.py:4156} INFO - Setting next_dagrun for stock_etl_yfinance to 2025-11-22 02:30:00+00:00, run_after=2025-11-23 02:30:00+00:00
[2025-11-23T21:53:38.319+0000] {processor.py:208} INFO - Processing /opt/airflow/dags/stock_etl_yfinance.py took 1.381 seconds
[2025-11-23T21:54:08.409+0000] {processor.py:186} INFO - Started process (PID=479) to work on /opt/airflow/dags/stock_etl_yfinance.py
[2025-11-23T21:54:08.412+0000] {processor.py:914} INFO - Processing file /opt/airflow/dags/stock_etl_yfinance.py for tasks to queue
[2025-11-23T21:54:08.416+0000] {logging_mixin.py:190} INFO - [2025-11-23T21:54:08.416+0000] {dagbag.py:587} INFO - Filling up the DagBag from /opt/airflow/dags/stock_etl_yfinance.py
[2025-11-23T21:54:08.968+0000] {processor.py:925} INFO - DAG(s) 'stock_etl_yfinance' retrieved from /opt/airflow/dags/stock_etl_yfinance.py
[2025-11-23T21:54:09.017+0000] {logging_mixin.py:190} INFO - [2025-11-23T21:54:09.016+0000] {dag.py:3229} INFO - Sync 1 DAGs
[2025-11-23T21:54:09.067+0000] {logging_mixin.py:190} INFO - [2025-11-23T21:54:09.067+0000] {dag.py:4156} INFO - Setting next_dagrun for stock_etl_yfinance to 2025-11-22 02:30:00+00:00, run_after=2025-11-23 02:30:00+00:00
[2025-11-23T21:54:09.107+0000] {processor.py:208} INFO - Processing /opt/airflow/dags/stock_etl_yfinance.py took 0.715 seconds
[2025-11-23T21:54:39.462+0000] {processor.py:186} INFO - Started process (PID=519) to work on /opt/airflow/dags/stock_etl_yfinance.py
[2025-11-23T21:54:39.464+0000] {processor.py:914} INFO - Processing file /opt/airflow/dags/stock_etl_yfinance.py for tasks to queue
[2025-11-23T21:54:39.468+0000] {logging_mixin.py:190} INFO - [2025-11-23T21:54:39.468+0000] {dagbag.py:587} INFO - Filling up the DagBag from /opt/airflow/dags/stock_etl_yfinance.py
[2025-11-23T21:54:39.770+0000] {processor.py:925} INFO - DAG(s) 'stock_etl_yfinance' retrieved from /opt/airflow/dags/stock_etl_yfinance.py
[2025-11-23T21:54:39.806+0000] {logging_mixin.py:190} INFO - [2025-11-23T21:54:39.805+0000] {dag.py:3229} INFO - Sync 1 DAGs
[2025-11-23T21:54:39.853+0000] {logging_mixin.py:190} INFO - [2025-11-23T21:54:39.852+0000] {dag.py:4156} INFO - Setting next_dagrun for stock_etl_yfinance to 2025-11-22 02:30:00+00:00, run_after=2025-11-23 02:30:00+00:00
[2025-11-23T21:54:39.902+0000] {processor.py:208} INFO - Processing /opt/airflow/dags/stock_etl_yfinance.py took 0.451 seconds
[2025-11-23T21:55:10.140+0000] {processor.py:186} INFO - Started process (PID=560) to work on /opt/airflow/dags/stock_etl_yfinance.py
[2025-11-23T21:55:10.142+0000] {processor.py:914} INFO - Processing file /opt/airflow/dags/stock_etl_yfinance.py for tasks to queue
[2025-11-23T21:55:10.147+0000] {logging_mixin.py:190} INFO - [2025-11-23T21:55:10.146+0000] {dagbag.py:587} INFO - Filling up the DagBag from /opt/airflow/dags/stock_etl_yfinance.py
[2025-11-23T21:55:10.706+0000] {processor.py:925} INFO - DAG(s) 'stock_etl_yfinance' retrieved from /opt/airflow/dags/stock_etl_yfinance.py
[2025-11-23T21:55:10.746+0000] {logging_mixin.py:190} INFO - [2025-11-23T21:55:10.745+0000] {dag.py:3229} INFO - Sync 1 DAGs
[2025-11-23T21:55:10.818+0000] {logging_mixin.py:190} INFO - [2025-11-23T21:55:10.818+0000] {dag.py:4156} INFO - Setting next_dagrun for stock_etl_yfinance to 2025-11-22 02:30:00+00:00, run_after=2025-11-23 02:30:00+00:00
[2025-11-23T21:55:10.869+0000] {processor.py:208} INFO - Processing /opt/airflow/dags/stock_etl_yfinance.py took 0.742 seconds
[2025-11-23T21:55:41.111+0000] {processor.py:186} INFO - Started process (PID=601) to work on /opt/airflow/dags/stock_etl_yfinance.py
[2025-11-23T21:55:41.113+0000] {processor.py:914} INFO - Processing file /opt/airflow/dags/stock_etl_yfinance.py for tasks to queue
[2025-11-23T21:55:41.119+0000] {logging_mixin.py:190} INFO - [2025-11-23T21:55:41.119+0000] {dagbag.py:587} INFO - Filling up the DagBag from /opt/airflow/dags/stock_etl_yfinance.py
[2025-11-23T21:55:41.604+0000] {processor.py:925} INFO - DAG(s) 'stock_etl_yfinance' retrieved from /opt/airflow/dags/stock_etl_yfinance.py
[2025-11-23T21:55:41.635+0000] {logging_mixin.py:190} INFO - [2025-11-23T21:55:41.634+0000] {dag.py:3229} INFO - Sync 1 DAGs
[2025-11-23T21:55:41.684+0000] {logging_mixin.py:190} INFO - [2025-11-23T21:55:41.684+0000] {dag.py:4156} INFO - Setting next_dagrun for stock_etl_yfinance to 2025-11-22 02:30:00+00:00, run_after=2025-11-23 02:30:00+00:00
[2025-11-23T21:55:41.735+0000] {processor.py:208} INFO - Processing /opt/airflow/dags/stock_etl_yfinance.py took 0.645 seconds
[2025-11-23T21:56:12.309+0000] {processor.py:186} INFO - Started process (PID=647) to work on /opt/airflow/dags/stock_etl_yfinance.py
[2025-11-23T21:56:12.312+0000] {processor.py:914} INFO - Processing file /opt/airflow/dags/stock_etl_yfinance.py for tasks to queue
[2025-11-23T21:56:12.329+0000] {logging_mixin.py:190} INFO - [2025-11-23T21:56:12.328+0000] {dagbag.py:587} INFO - Filling up the DagBag from /opt/airflow/dags/stock_etl_yfinance.py
[2025-11-23T21:56:12.731+0000] {processor.py:925} INFO - DAG(s) 'stock_etl_yfinance' retrieved from /opt/airflow/dags/stock_etl_yfinance.py
[2025-11-23T21:56:12.762+0000] {logging_mixin.py:190} INFO - [2025-11-23T21:56:12.761+0000] {dag.py:3229} INFO - Sync 1 DAGs
[2025-11-23T21:56:12.820+0000] {logging_mixin.py:190} INFO - [2025-11-23T21:56:12.819+0000] {dag.py:4156} INFO - Setting next_dagrun for stock_etl_yfinance to 2025-11-22 02:30:00+00:00, run_after=2025-11-23 02:30:00+00:00
[2025-11-23T21:56:12.851+0000] {processor.py:208} INFO - Processing /opt/airflow/dags/stock_etl_yfinance.py took 0.574 seconds
[2025-11-23T21:56:43.801+0000] {processor.py:186} INFO - Started process (PID=693) to work on /opt/airflow/dags/stock_etl_yfinance.py
[2025-11-23T21:56:43.802+0000] {processor.py:914} INFO - Processing file /opt/airflow/dags/stock_etl_yfinance.py for tasks to queue
[2025-11-23T21:56:43.808+0000] {logging_mixin.py:190} INFO - [2025-11-23T21:56:43.807+0000] {dagbag.py:587} INFO - Filling up the DagBag from /opt/airflow/dags/stock_etl_yfinance.py
[2025-11-23T21:56:44.288+0000] {processor.py:925} INFO - DAG(s) 'stock_etl_yfinance' retrieved from /opt/airflow/dags/stock_etl_yfinance.py
[2025-11-23T21:56:44.310+0000] {logging_mixin.py:190} INFO - [2025-11-23T21:56:44.309+0000] {dag.py:3229} INFO - Sync 1 DAGs
[2025-11-23T21:56:44.348+0000] {logging_mixin.py:190} INFO - [2025-11-23T21:56:44.348+0000] {dag.py:4156} INFO - Setting next_dagrun for stock_etl_yfinance to 2025-11-22 02:30:00+00:00, run_after=2025-11-23 02:30:00+00:00
[2025-11-23T21:56:44.382+0000] {processor.py:208} INFO - Processing /opt/airflow/dags/stock_etl_yfinance.py took 0.592 seconds
[2025-11-23T21:57:14.635+0000] {processor.py:186} INFO - Started process (PID=733) to work on /opt/airflow/dags/stock_etl_yfinance.py
[2025-11-23T21:57:14.640+0000] {processor.py:914} INFO - Processing file /opt/airflow/dags/stock_etl_yfinance.py for tasks to queue
[2025-11-23T21:57:14.649+0000] {logging_mixin.py:190} INFO - [2025-11-23T21:57:14.648+0000] {dagbag.py:587} INFO - Filling up the DagBag from /opt/airflow/dags/stock_etl_yfinance.py
[2025-11-23T21:57:15.021+0000] {processor.py:925} INFO - DAG(s) 'stock_etl_yfinance' retrieved from /opt/airflow/dags/stock_etl_yfinance.py
[2025-11-23T21:57:15.048+0000] {logging_mixin.py:190} INFO - [2025-11-23T21:57:15.047+0000] {dag.py:3229} INFO - Sync 1 DAGs
[2025-11-23T21:57:15.110+0000] {logging_mixin.py:190} INFO - [2025-11-23T21:57:15.110+0000] {dag.py:4156} INFO - Setting next_dagrun for stock_etl_yfinance to 2025-11-22 02:30:00+00:00, run_after=2025-11-23 02:30:00+00:00
[2025-11-23T21:57:15.152+0000] {processor.py:208} INFO - Processing /opt/airflow/dags/stock_etl_yfinance.py took 0.536 seconds
[2025-11-23T21:57:45.526+0000] {processor.py:186} INFO - Started process (PID=774) to work on /opt/airflow/dags/stock_etl_yfinance.py
[2025-11-23T21:57:45.529+0000] {processor.py:914} INFO - Processing file /opt/airflow/dags/stock_etl_yfinance.py for tasks to queue
[2025-11-23T21:57:45.540+0000] {logging_mixin.py:190} INFO - [2025-11-23T21:57:45.539+0000] {dagbag.py:587} INFO - Filling up the DagBag from /opt/airflow/dags/stock_etl_yfinance.py
[2025-11-23T21:57:46.039+0000] {processor.py:925} INFO - DAG(s) 'stock_etl_yfinance' retrieved from /opt/airflow/dags/stock_etl_yfinance.py
[2025-11-23T21:57:46.075+0000] {logging_mixin.py:190} INFO - [2025-11-23T21:57:46.073+0000] {dag.py:3229} INFO - Sync 1 DAGs
[2025-11-23T21:57:46.134+0000] {logging_mixin.py:190} INFO - [2025-11-23T21:57:46.134+0000] {dag.py:4156} INFO - Setting next_dagrun for stock_etl_yfinance to 2025-11-22 02:30:00+00:00, run_after=2025-11-23 02:30:00+00:00
[2025-11-23T21:57:46.178+0000] {processor.py:208} INFO - Processing /opt/airflow/dags/stock_etl_yfinance.py took 0.669 seconds
[2025-11-23T21:58:16.434+0000] {processor.py:186} INFO - Started process (PID=815) to work on /opt/airflow/dags/stock_etl_yfinance.py
[2025-11-23T21:58:16.436+0000] {processor.py:914} INFO - Processing file /opt/airflow/dags/stock_etl_yfinance.py for tasks to queue
[2025-11-23T21:58:16.440+0000] {logging_mixin.py:190} INFO - [2025-11-23T21:58:16.440+0000] {dagbag.py:587} INFO - Filling up the DagBag from /opt/airflow/dags/stock_etl_yfinance.py
[2025-11-23T21:58:16.754+0000] {processor.py:925} INFO - DAG(s) 'stock_etl_yfinance' retrieved from /opt/airflow/dags/stock_etl_yfinance.py
[2025-11-23T21:58:16.780+0000] {logging_mixin.py:190} INFO - [2025-11-23T21:58:16.779+0000] {dag.py:3229} INFO - Sync 1 DAGs
[2025-11-23T21:58:16.827+0000] {logging_mixin.py:190} INFO - [2025-11-23T21:58:16.826+0000] {dag.py:4156} INFO - Setting next_dagrun for stock_etl_yfinance to 2025-11-22 02:30:00+00:00, run_after=2025-11-23 02:30:00+00:00
[2025-11-23T21:58:16.884+0000] {processor.py:208} INFO - Processing /opt/airflow/dags/stock_etl_yfinance.py took 0.461 seconds
[2025-11-23T21:58:47.074+0000] {processor.py:186} INFO - Started process (PID=856) to work on /opt/airflow/dags/stock_etl_yfinance.py
[2025-11-23T21:58:47.077+0000] {processor.py:914} INFO - Processing file /opt/airflow/dags/stock_etl_yfinance.py for tasks to queue
[2025-11-23T21:58:47.081+0000] {logging_mixin.py:190} INFO - [2025-11-23T21:58:47.080+0000] {dagbag.py:587} INFO - Filling up the DagBag from /opt/airflow/dags/stock_etl_yfinance.py
[2025-11-23T21:58:47.444+0000] {processor.py:925} INFO - DAG(s) 'stock_etl_yfinance' retrieved from /opt/airflow/dags/stock_etl_yfinance.py
[2025-11-23T21:58:47.470+0000] {logging_mixin.py:190} INFO - [2025-11-23T21:58:47.469+0000] {dag.py:3229} INFO - Sync 1 DAGs
[2025-11-23T21:58:47.526+0000] {logging_mixin.py:190} INFO - [2025-11-23T21:58:47.526+0000] {dag.py:4156} INFO - Setting next_dagrun for stock_etl_yfinance to 2025-11-22 02:30:00+00:00, run_after=2025-11-23 02:30:00+00:00
[2025-11-23T21:58:47.564+0000] {processor.py:208} INFO - Processing /opt/airflow/dags/stock_etl_yfinance.py took 0.506 seconds
[2025-11-23T21:59:17.771+0000] {processor.py:186} INFO - Started process (PID=897) to work on /opt/airflow/dags/stock_etl_yfinance.py
[2025-11-23T21:59:17.780+0000] {processor.py:914} INFO - Processing file /opt/airflow/dags/stock_etl_yfinance.py for tasks to queue
[2025-11-23T21:59:17.789+0000] {logging_mixin.py:190} INFO - [2025-11-23T21:59:17.787+0000] {dagbag.py:587} INFO - Filling up the DagBag from /opt/airflow/dags/stock_etl_yfinance.py
[2025-11-23T21:59:18.543+0000] {processor.py:925} INFO - DAG(s) 'stock_etl_yfinance' retrieved from /opt/airflow/dags/stock_etl_yfinance.py
[2025-11-23T21:59:18.577+0000] {logging_mixin.py:190} INFO - [2025-11-23T21:59:18.577+0000] {dag.py:3229} INFO - Sync 1 DAGs
[2025-11-23T21:59:18.650+0000] {logging_mixin.py:190} INFO - [2025-11-23T21:59:18.649+0000] {dag.py:4156} INFO - Setting next_dagrun for stock_etl_yfinance to 2025-11-22 02:30:00+00:00, run_after=2025-11-23 02:30:00+00:00
[2025-11-23T21:59:18.736+0000] {processor.py:208} INFO - Processing /opt/airflow/dags/stock_etl_yfinance.py took 0.985 seconds
[2025-11-23T21:59:49.010+0000] {processor.py:186} INFO - Started process (PID=937) to work on /opt/airflow/dags/stock_etl_yfinance.py
[2025-11-23T21:59:49.012+0000] {processor.py:914} INFO - Processing file /opt/airflow/dags/stock_etl_yfinance.py for tasks to queue
[2025-11-23T21:59:49.023+0000] {logging_mixin.py:190} INFO - [2025-11-23T21:59:49.019+0000] {dagbag.py:587} INFO - Filling up the DagBag from /opt/airflow/dags/stock_etl_yfinance.py
[2025-11-23T21:59:49.610+0000] {processor.py:925} INFO - DAG(s) 'stock_etl_yfinance' retrieved from /opt/airflow/dags/stock_etl_yfinance.py
[2025-11-23T21:59:49.666+0000] {logging_mixin.py:190} INFO - [2025-11-23T21:59:49.665+0000] {dag.py:3229} INFO - Sync 1 DAGs
[2025-11-23T21:59:49.735+0000] {logging_mixin.py:190} INFO - [2025-11-23T21:59:49.734+0000] {dag.py:4156} INFO - Setting next_dagrun for stock_etl_yfinance to 2025-11-22 02:30:00+00:00, run_after=2025-11-23 02:30:00+00:00
[2025-11-23T21:59:49.794+0000] {processor.py:208} INFO - Processing /opt/airflow/dags/stock_etl_yfinance.py took 0.813 seconds
[2025-11-23T22:00:20.079+0000] {processor.py:186} INFO - Started process (PID=978) to work on /opt/airflow/dags/stock_etl_yfinance.py
[2025-11-23T22:00:20.082+0000] {processor.py:914} INFO - Processing file /opt/airflow/dags/stock_etl_yfinance.py for tasks to queue
[2025-11-23T22:00:20.086+0000] {logging_mixin.py:190} INFO - [2025-11-23T22:00:20.086+0000] {dagbag.py:587} INFO - Filling up the DagBag from /opt/airflow/dags/stock_etl_yfinance.py
[2025-11-23T22:00:20.426+0000] {processor.py:925} INFO - DAG(s) 'stock_etl_yfinance' retrieved from /opt/airflow/dags/stock_etl_yfinance.py
[2025-11-23T22:00:20.449+0000] {logging_mixin.py:190} INFO - [2025-11-23T22:00:20.448+0000] {dag.py:3229} INFO - Sync 1 DAGs
[2025-11-23T22:00:20.488+0000] {logging_mixin.py:190} INFO - [2025-11-23T22:00:20.488+0000] {dag.py:4156} INFO - Setting next_dagrun for stock_etl_yfinance to 2025-11-22 02:30:00+00:00, run_after=2025-11-23 02:30:00+00:00
[2025-11-23T22:00:20.519+0000] {processor.py:208} INFO - Processing /opt/airflow/dags/stock_etl_yfinance.py took 0.450 seconds
[2025-11-23T22:00:51.283+0000] {processor.py:186} INFO - Started process (PID=1019) to work on /opt/airflow/dags/stock_etl_yfinance.py
[2025-11-23T22:00:51.285+0000] {processor.py:914} INFO - Processing file /opt/airflow/dags/stock_etl_yfinance.py for tasks to queue
[2025-11-23T22:00:51.292+0000] {logging_mixin.py:190} INFO - [2025-11-23T22:00:51.292+0000] {dagbag.py:587} INFO - Filling up the DagBag from /opt/airflow/dags/stock_etl_yfinance.py
[2025-11-23T22:00:51.758+0000] {processor.py:925} INFO - DAG(s) 'stock_etl_yfinance' retrieved from /opt/airflow/dags/stock_etl_yfinance.py
[2025-11-23T22:00:51.786+0000] {logging_mixin.py:190} INFO - [2025-11-23T22:00:51.786+0000] {dag.py:3229} INFO - Sync 1 DAGs
[2025-11-23T22:00:51.840+0000] {logging_mixin.py:190} INFO - [2025-11-23T22:00:51.839+0000] {dag.py:4156} INFO - Setting next_dagrun for stock_etl_yfinance to 2025-11-22 02:30:00+00:00, run_after=2025-11-23 02:30:00+00:00
[2025-11-23T22:00:51.876+0000] {processor.py:208} INFO - Processing /opt/airflow/dags/stock_etl_yfinance.py took 0.614 seconds
[2025-11-23T22:01:22.116+0000] {processor.py:186} INFO - Started process (PID=1060) to work on /opt/airflow/dags/stock_etl_yfinance.py
[2025-11-23T22:01:22.118+0000] {processor.py:914} INFO - Processing file /opt/airflow/dags/stock_etl_yfinance.py for tasks to queue
[2025-11-23T22:01:22.123+0000] {logging_mixin.py:190} INFO - [2025-11-23T22:01:22.122+0000] {dagbag.py:587} INFO - Filling up the DagBag from /opt/airflow/dags/stock_etl_yfinance.py
[2025-11-23T22:01:22.380+0000] {processor.py:925} INFO - DAG(s) 'stock_etl_yfinance' retrieved from /opt/airflow/dags/stock_etl_yfinance.py
[2025-11-23T22:01:22.410+0000] {logging_mixin.py:190} INFO - [2025-11-23T22:01:22.409+0000] {dag.py:3229} INFO - Sync 1 DAGs
[2025-11-23T22:01:22.453+0000] {logging_mixin.py:190} INFO - [2025-11-23T22:01:22.452+0000] {dag.py:4156} INFO - Setting next_dagrun for stock_etl_yfinance to 2025-11-22 02:30:00+00:00, run_after=2025-11-23 02:30:00+00:00
[2025-11-23T22:01:22.483+0000] {processor.py:208} INFO - Processing /opt/airflow/dags/stock_etl_yfinance.py took 0.378 seconds
[2025-11-23T22:01:52.584+0000] {processor.py:186} INFO - Started process (PID=1101) to work on /opt/airflow/dags/stock_etl_yfinance.py
[2025-11-23T22:01:52.585+0000] {processor.py:914} INFO - Processing file /opt/airflow/dags/stock_etl_yfinance.py for tasks to queue
[2025-11-23T22:01:52.590+0000] {logging_mixin.py:190} INFO - [2025-11-23T22:01:52.589+0000] {dagbag.py:587} INFO - Filling up the DagBag from /opt/airflow/dags/stock_etl_yfinance.py
[2025-11-23T22:01:52.858+0000] {processor.py:925} INFO - DAG(s) 'stock_etl_yfinance' retrieved from /opt/airflow/dags/stock_etl_yfinance.py
[2025-11-23T22:01:52.880+0000] {logging_mixin.py:190} INFO - [2025-11-23T22:01:52.879+0000] {dag.py:3229} INFO - Sync 1 DAGs
[2025-11-23T22:01:52.922+0000] {logging_mixin.py:190} INFO - [2025-11-23T22:01:52.922+0000] {dag.py:4156} INFO - Setting next_dagrun for stock_etl_yfinance to 2025-11-22 02:30:00+00:00, run_after=2025-11-23 02:30:00+00:00
[2025-11-23T22:01:52.954+0000] {processor.py:208} INFO - Processing /opt/airflow/dags/stock_etl_yfinance.py took 0.380 seconds
[2025-11-23T22:02:23.048+0000] {processor.py:186} INFO - Started process (PID=1142) to work on /opt/airflow/dags/stock_etl_yfinance.py
[2025-11-23T22:02:23.049+0000] {processor.py:914} INFO - Processing file /opt/airflow/dags/stock_etl_yfinance.py for tasks to queue
[2025-11-23T22:02:23.054+0000] {logging_mixin.py:190} INFO - [2025-11-23T22:02:23.053+0000] {dagbag.py:587} INFO - Filling up the DagBag from /opt/airflow/dags/stock_etl_yfinance.py
[2025-11-23T22:02:23.304+0000] {processor.py:925} INFO - DAG(s) 'stock_etl_yfinance' retrieved from /opt/airflow/dags/stock_etl_yfinance.py
[2025-11-23T22:02:23.326+0000] {logging_mixin.py:190} INFO - [2025-11-23T22:02:23.325+0000] {dag.py:3229} INFO - Sync 1 DAGs
[2025-11-23T22:02:23.368+0000] {logging_mixin.py:190} INFO - [2025-11-23T22:02:23.367+0000] {dag.py:4156} INFO - Setting next_dagrun for stock_etl_yfinance to 2025-11-22 02:30:00+00:00, run_after=2025-11-23 02:30:00+00:00
[2025-11-23T22:02:23.400+0000] {processor.py:208} INFO - Processing /opt/airflow/dags/stock_etl_yfinance.py took 0.363 seconds
[2025-11-23T22:02:53.516+0000] {processor.py:186} INFO - Started process (PID=1183) to work on /opt/airflow/dags/stock_etl_yfinance.py
[2025-11-23T22:02:53.518+0000] {processor.py:914} INFO - Processing file /opt/airflow/dags/stock_etl_yfinance.py for tasks to queue
[2025-11-23T22:02:53.523+0000] {logging_mixin.py:190} INFO - [2025-11-23T22:02:53.522+0000] {dagbag.py:587} INFO - Filling up the DagBag from /opt/airflow/dags/stock_etl_yfinance.py
[2025-11-23T22:02:53.789+0000] {processor.py:925} INFO - DAG(s) 'stock_etl_yfinance' retrieved from /opt/airflow/dags/stock_etl_yfinance.py
[2025-11-23T22:02:53.811+0000] {logging_mixin.py:190} INFO - [2025-11-23T22:02:53.810+0000] {dag.py:3229} INFO - Sync 1 DAGs
[2025-11-23T22:02:53.853+0000] {logging_mixin.py:190} INFO - [2025-11-23T22:02:53.853+0000] {dag.py:4156} INFO - Setting next_dagrun for stock_etl_yfinance to 2025-11-22 02:30:00+00:00, run_after=2025-11-23 02:30:00+00:00
[2025-11-23T22:02:53.897+0000] {processor.py:208} INFO - Processing /opt/airflow/dags/stock_etl_yfinance.py took 0.392 seconds
[2025-11-23T22:03:24.639+0000] {processor.py:186} INFO - Started process (PID=1224) to work on /opt/airflow/dags/stock_etl_yfinance.py
[2025-11-23T22:03:24.642+0000] {processor.py:914} INFO - Processing file /opt/airflow/dags/stock_etl_yfinance.py for tasks to queue
[2025-11-23T22:03:24.647+0000] {logging_mixin.py:190} INFO - [2025-11-23T22:03:24.647+0000] {dagbag.py:587} INFO - Filling up the DagBag from /opt/airflow/dags/stock_etl_yfinance.py
[2025-11-23T22:03:24.907+0000] {processor.py:925} INFO - DAG(s) 'stock_etl_yfinance' retrieved from /opt/airflow/dags/stock_etl_yfinance.py
[2025-11-23T22:03:24.934+0000] {logging_mixin.py:190} INFO - [2025-11-23T22:03:24.933+0000] {dag.py:3229} INFO - Sync 1 DAGs
[2025-11-23T22:03:24.978+0000] {logging_mixin.py:190} INFO - [2025-11-23T22:03:24.978+0000] {dag.py:4156} INFO - Setting next_dagrun for stock_etl_yfinance to 2025-11-22 02:30:00+00:00, run_after=2025-11-23 02:30:00+00:00
[2025-11-23T22:03:25.009+0000] {processor.py:208} INFO - Processing /opt/airflow/dags/stock_etl_yfinance.py took 0.381 seconds
[2025-11-23T22:03:55.084+0000] {processor.py:186} INFO - Started process (PID=1265) to work on /opt/airflow/dags/stock_etl_yfinance.py
[2025-11-23T22:03:55.085+0000] {processor.py:914} INFO - Processing file /opt/airflow/dags/stock_etl_yfinance.py for tasks to queue
[2025-11-23T22:03:55.090+0000] {logging_mixin.py:190} INFO - [2025-11-23T22:03:55.089+0000] {dagbag.py:587} INFO - Filling up the DagBag from /opt/airflow/dags/stock_etl_yfinance.py
[2025-11-23T22:03:55.350+0000] {processor.py:925} INFO - DAG(s) 'stock_etl_yfinance' retrieved from /opt/airflow/dags/stock_etl_yfinance.py
[2025-11-23T22:03:55.372+0000] {logging_mixin.py:190} INFO - [2025-11-23T22:03:55.371+0000] {dag.py:3229} INFO - Sync 1 DAGs
[2025-11-23T22:03:55.414+0000] {logging_mixin.py:190} INFO - [2025-11-23T22:03:55.414+0000] {dag.py:4156} INFO - Setting next_dagrun for stock_etl_yfinance to 2025-11-22 02:30:00+00:00, run_after=2025-11-23 02:30:00+00:00
[2025-11-23T22:03:55.445+0000] {processor.py:208} INFO - Processing /opt/airflow/dags/stock_etl_yfinance.py took 0.372 seconds
[2025-11-23T22:04:25.541+0000] {processor.py:186} INFO - Started process (PID=1306) to work on /opt/airflow/dags/stock_etl_yfinance.py
[2025-11-23T22:04:25.543+0000] {processor.py:914} INFO - Processing file /opt/airflow/dags/stock_etl_yfinance.py for tasks to queue
[2025-11-23T22:04:25.547+0000] {logging_mixin.py:190} INFO - [2025-11-23T22:04:25.546+0000] {dagbag.py:587} INFO - Filling up the DagBag from /opt/airflow/dags/stock_etl_yfinance.py
[2025-11-23T22:04:25.808+0000] {processor.py:925} INFO - DAG(s) 'stock_etl_yfinance' retrieved from /opt/airflow/dags/stock_etl_yfinance.py
[2025-11-23T22:04:25.840+0000] {logging_mixin.py:190} INFO - [2025-11-23T22:04:25.839+0000] {dag.py:3229} INFO - Sync 1 DAGs
[2025-11-23T22:04:25.893+0000] {logging_mixin.py:190} INFO - [2025-11-23T22:04:25.893+0000] {dag.py:4156} INFO - Setting next_dagrun for stock_etl_yfinance to 2025-11-22 02:30:00+00:00, run_after=2025-11-23 02:30:00+00:00
[2025-11-23T22:04:25.928+0000] {processor.py:208} INFO - Processing /opt/airflow/dags/stock_etl_yfinance.py took 0.397 seconds
[2025-11-23T22:04:56.386+0000] {processor.py:186} INFO - Started process (PID=1342) to work on /opt/airflow/dags/stock_etl_yfinance.py
[2025-11-23T22:04:56.392+0000] {processor.py:914} INFO - Processing file /opt/airflow/dags/stock_etl_yfinance.py for tasks to queue
[2025-11-23T22:04:56.404+0000] {logging_mixin.py:190} INFO - [2025-11-23T22:04:56.402+0000] {dagbag.py:587} INFO - Filling up the DagBag from /opt/airflow/dags/stock_etl_yfinance.py
[2025-11-23T22:04:56.862+0000] {processor.py:925} INFO - DAG(s) 'stock_etl_yfinance' retrieved from /opt/airflow/dags/stock_etl_yfinance.py
[2025-11-23T22:04:56.896+0000] {logging_mixin.py:190} INFO - [2025-11-23T22:04:56.895+0000] {dag.py:3229} INFO - Sync 1 DAGs
[2025-11-23T22:04:56.944+0000] {logging_mixin.py:190} INFO - [2025-11-23T22:04:56.944+0000] {dag.py:4156} INFO - Setting next_dagrun for stock_etl_yfinance to 2025-11-22 02:30:00+00:00, run_after=2025-11-23 02:30:00+00:00
[2025-11-23T22:04:56.984+0000] {processor.py:208} INFO - Processing /opt/airflow/dags/stock_etl_yfinance.py took 0.622 seconds
[2025-11-23T22:05:27.343+0000] {processor.py:186} INFO - Started process (PID=1383) to work on /opt/airflow/dags/stock_etl_yfinance.py
[2025-11-23T22:05:27.358+0000] {processor.py:914} INFO - Processing file /opt/airflow/dags/stock_etl_yfinance.py for tasks to queue
[2025-11-23T22:05:27.365+0000] {logging_mixin.py:190} INFO - [2025-11-23T22:05:27.364+0000] {dagbag.py:587} INFO - Filling up the DagBag from /opt/airflow/dags/stock_etl_yfinance.py
[2025-11-23T22:05:27.896+0000] {processor.py:925} INFO - DAG(s) 'stock_etl_yfinance' retrieved from /opt/airflow/dags/stock_etl_yfinance.py
[2025-11-23T22:05:27.935+0000] {logging_mixin.py:190} INFO - [2025-11-23T22:05:27.934+0000] {dag.py:3229} INFO - Sync 1 DAGs
[2025-11-23T22:05:27.984+0000] {logging_mixin.py:190} INFO - [2025-11-23T22:05:27.983+0000] {dag.py:4156} INFO - Setting next_dagrun for stock_etl_yfinance to 2025-11-22 02:30:00+00:00, run_after=2025-11-23 02:30:00+00:00
[2025-11-23T22:05:28.020+0000] {processor.py:208} INFO - Processing /opt/airflow/dags/stock_etl_yfinance.py took 0.704 seconds
[2025-11-23T22:05:58.169+0000] {processor.py:186} INFO - Started process (PID=1424) to work on /opt/airflow/dags/stock_etl_yfinance.py
[2025-11-23T22:05:58.175+0000] {processor.py:914} INFO - Processing file /opt/airflow/dags/stock_etl_yfinance.py for tasks to queue
[2025-11-23T22:05:58.186+0000] {logging_mixin.py:190} INFO - [2025-11-23T22:05:58.185+0000] {dagbag.py:587} INFO - Filling up the DagBag from /opt/airflow/dags/stock_etl_yfinance.py
[2025-11-23T22:05:58.628+0000] {processor.py:925} INFO - DAG(s) 'stock_etl_yfinance' retrieved from /opt/airflow/dags/stock_etl_yfinance.py
[2025-11-23T22:05:58.681+0000] {logging_mixin.py:190} INFO - [2025-11-23T22:05:58.678+0000] {dag.py:3229} INFO - Sync 1 DAGs
[2025-11-23T22:05:58.800+0000] {logging_mixin.py:190} INFO - [2025-11-23T22:05:58.798+0000] {dag.py:4156} INFO - Setting next_dagrun for stock_etl_yfinance to 2025-11-22 02:30:00+00:00, run_after=2025-11-23 02:30:00+00:00
[2025-11-23T22:05:58.890+0000] {processor.py:208} INFO - Processing /opt/airflow/dags/stock_etl_yfinance.py took 0.741 seconds
[2025-11-23T22:06:29.334+0000] {processor.py:186} INFO - Started process (PID=1469) to work on /opt/airflow/dags/stock_etl_yfinance.py
[2025-11-23T22:06:29.335+0000] {processor.py:914} INFO - Processing file /opt/airflow/dags/stock_etl_yfinance.py for tasks to queue
[2025-11-23T22:06:29.341+0000] {logging_mixin.py:190} INFO - [2025-11-23T22:06:29.340+0000] {dagbag.py:587} INFO - Filling up the DagBag from /opt/airflow/dags/stock_etl_yfinance.py
[2025-11-23T22:06:29.669+0000] {processor.py:925} INFO - DAG(s) 'stock_etl_yfinance' retrieved from /opt/airflow/dags/stock_etl_yfinance.py
[2025-11-23T22:06:29.697+0000] {logging_mixin.py:190} INFO - [2025-11-23T22:06:29.696+0000] {dag.py:3229} INFO - Sync 1 DAGs
[2025-11-23T22:06:29.744+0000] {logging_mixin.py:190} INFO - [2025-11-23T22:06:29.744+0000] {dag.py:4156} INFO - Setting next_dagrun for stock_etl_yfinance to 2025-11-22 02:30:00+00:00, run_after=2025-11-23 02:30:00+00:00
[2025-11-23T22:06:29.794+0000] {processor.py:208} INFO - Processing /opt/airflow/dags/stock_etl_yfinance.py took 0.475 seconds
[2025-11-23T22:07:00.154+0000] {processor.py:186} INFO - Started process (PID=1510) to work on /opt/airflow/dags/stock_etl_yfinance.py
[2025-11-23T22:07:00.158+0000] {processor.py:914} INFO - Processing file /opt/airflow/dags/stock_etl_yfinance.py for tasks to queue
[2025-11-23T22:07:00.164+0000] {logging_mixin.py:190} INFO - [2025-11-23T22:07:00.163+0000] {dagbag.py:587} INFO - Filling up the DagBag from /opt/airflow/dags/stock_etl_yfinance.py
[2025-11-23T22:07:00.569+0000] {processor.py:925} INFO - DAG(s) 'stock_etl_yfinance' retrieved from /opt/airflow/dags/stock_etl_yfinance.py
[2025-11-23T22:07:00.605+0000] {logging_mixin.py:190} INFO - [2025-11-23T22:07:00.604+0000] {dag.py:3229} INFO - Sync 1 DAGs
[2025-11-23T22:07:00.705+0000] {logging_mixin.py:190} INFO - [2025-11-23T22:07:00.704+0000] {dag.py:4156} INFO - Setting next_dagrun for stock_etl_yfinance to 2025-11-22 02:30:00+00:00, run_after=2025-11-23 02:30:00+00:00
[2025-11-23T22:07:00.825+0000] {processor.py:208} INFO - Processing /opt/airflow/dags/stock_etl_yfinance.py took 0.685 seconds
[2025-11-23T22:07:31.148+0000] {processor.py:186} INFO - Started process (PID=1551) to work on /opt/airflow/dags/stock_etl_yfinance.py
[2025-11-23T22:07:31.150+0000] {processor.py:914} INFO - Processing file /opt/airflow/dags/stock_etl_yfinance.py for tasks to queue
[2025-11-23T22:07:31.154+0000] {logging_mixin.py:190} INFO - [2025-11-23T22:07:31.153+0000] {dagbag.py:587} INFO - Filling up the DagBag from /opt/airflow/dags/stock_etl_yfinance.py
[2025-11-23T22:07:31.577+0000] {processor.py:925} INFO - DAG(s) 'stock_etl_yfinance' retrieved from /opt/airflow/dags/stock_etl_yfinance.py
[2025-11-23T22:07:31.612+0000] {logging_mixin.py:190} INFO - [2025-11-23T22:07:31.611+0000] {dag.py:3229} INFO - Sync 1 DAGs
[2025-11-23T22:07:31.662+0000] {logging_mixin.py:190} INFO - [2025-11-23T22:07:31.662+0000] {dag.py:4156} INFO - Setting next_dagrun for stock_etl_yfinance to 2025-11-22 02:30:00+00:00, run_after=2025-11-23 02:30:00+00:00
[2025-11-23T22:07:31.712+0000] {processor.py:208} INFO - Processing /opt/airflow/dags/stock_etl_yfinance.py took 0.577 seconds
[2025-11-23T22:08:01.931+0000] {processor.py:186} INFO - Started process (PID=1589) to work on /opt/airflow/dags/stock_etl_yfinance.py
[2025-11-23T22:08:01.935+0000] {processor.py:914} INFO - Processing file /opt/airflow/dags/stock_etl_yfinance.py for tasks to queue
[2025-11-23T22:08:01.945+0000] {logging_mixin.py:190} INFO - [2025-11-23T22:08:01.942+0000] {dagbag.py:587} INFO - Filling up the DagBag from /opt/airflow/dags/stock_etl_yfinance.py
[2025-11-23T22:08:02.333+0000] {processor.py:925} INFO - DAG(s) 'stock_etl_yfinance' retrieved from /opt/airflow/dags/stock_etl_yfinance.py
[2025-11-23T22:08:02.372+0000] {logging_mixin.py:190} INFO - [2025-11-23T22:08:02.370+0000] {dag.py:3229} INFO - Sync 1 DAGs
[2025-11-23T22:08:02.450+0000] {logging_mixin.py:190} INFO - [2025-11-23T22:08:02.450+0000] {dag.py:4156} INFO - Setting next_dagrun for stock_etl_yfinance to 2025-11-22 02:30:00+00:00, run_after=2025-11-23 02:30:00+00:00
[2025-11-23T22:08:02.495+0000] {processor.py:208} INFO - Processing /opt/airflow/dags/stock_etl_yfinance.py took 0.583 seconds
[2025-11-23T22:08:33.003+0000] {processor.py:186} INFO - Started process (PID=1632) to work on /opt/airflow/dags/stock_etl_yfinance.py
[2025-11-23T22:08:33.005+0000] {processor.py:914} INFO - Processing file /opt/airflow/dags/stock_etl_yfinance.py for tasks to queue
[2025-11-23T22:08:33.010+0000] {logging_mixin.py:190} INFO - [2025-11-23T22:08:33.009+0000] {dagbag.py:587} INFO - Filling up the DagBag from /opt/airflow/dags/stock_etl_yfinance.py
[2025-11-23T22:08:33.367+0000] {processor.py:925} INFO - DAG(s) 'stock_etl_yfinance' retrieved from /opt/airflow/dags/stock_etl_yfinance.py
[2025-11-23T22:08:33.400+0000] {logging_mixin.py:190} INFO - [2025-11-23T22:08:33.399+0000] {dag.py:3229} INFO - Sync 1 DAGs
[2025-11-23T22:08:33.450+0000] {logging_mixin.py:190} INFO - [2025-11-23T22:08:33.450+0000] {dag.py:4156} INFO - Setting next_dagrun for stock_etl_yfinance to 2025-11-22 02:30:00+00:00, run_after=2025-11-23 02:30:00+00:00
[2025-11-23T22:08:33.483+0000] {processor.py:208} INFO - Processing /opt/airflow/dags/stock_etl_yfinance.py took 0.491 seconds
[2025-11-23T22:09:03.557+0000] {processor.py:186} INFO - Started process (PID=1668) to work on /opt/airflow/dags/stock_etl_yfinance.py
[2025-11-23T22:09:03.559+0000] {processor.py:914} INFO - Processing file /opt/airflow/dags/stock_etl_yfinance.py for tasks to queue
[2025-11-23T22:09:03.566+0000] {logging_mixin.py:190} INFO - [2025-11-23T22:09:03.566+0000] {dagbag.py:587} INFO - Filling up the DagBag from /opt/airflow/dags/stock_etl_yfinance.py
[2025-11-23T22:09:03.993+0000] {processor.py:925} INFO - DAG(s) 'stock_etl_yfinance' retrieved from /opt/airflow/dags/stock_etl_yfinance.py
[2025-11-23T22:09:04.040+0000] {logging_mixin.py:190} INFO - [2025-11-23T22:09:04.038+0000] {dag.py:3229} INFO - Sync 1 DAGs
[2025-11-23T22:09:04.089+0000] {logging_mixin.py:190} INFO - [2025-11-23T22:09:04.088+0000] {dag.py:4156} INFO - Setting next_dagrun for stock_etl_yfinance to 2025-11-22 02:30:00+00:00, run_after=2025-11-23 02:30:00+00:00
[2025-11-23T22:09:04.122+0000] {processor.py:208} INFO - Processing /opt/airflow/dags/stock_etl_yfinance.py took 0.579 seconds
[2025-11-23T22:09:34.212+0000] {processor.py:186} INFO - Started process (PID=1708) to work on /opt/airflow/dags/stock_etl_yfinance.py
[2025-11-23T22:09:34.215+0000] {processor.py:914} INFO - Processing file /opt/airflow/dags/stock_etl_yfinance.py for tasks to queue
[2025-11-23T22:09:34.222+0000] {logging_mixin.py:190} INFO - [2025-11-23T22:09:34.221+0000] {dagbag.py:587} INFO - Filling up the DagBag from /opt/airflow/dags/stock_etl_yfinance.py
[2025-11-23T22:09:34.631+0000] {processor.py:925} INFO - DAG(s) 'stock_etl_yfinance' retrieved from /opt/airflow/dags/stock_etl_yfinance.py
[2025-11-23T22:09:34.671+0000] {logging_mixin.py:190} INFO - [2025-11-23T22:09:34.670+0000] {dag.py:3229} INFO - Sync 1 DAGs
[2025-11-23T22:09:34.723+0000] {logging_mixin.py:190} INFO - [2025-11-23T22:09:34.723+0000] {dag.py:4156} INFO - Setting next_dagrun for stock_etl_yfinance to 2025-11-22 02:30:00+00:00, run_after=2025-11-23 02:30:00+00:00
[2025-11-23T22:09:34.762+0000] {processor.py:208} INFO - Processing /opt/airflow/dags/stock_etl_yfinance.py took 0.570 seconds
[2025-11-23T22:10:05.167+0000] {processor.py:186} INFO - Started process (PID=1754) to work on /opt/airflow/dags/stock_etl_yfinance.py
[2025-11-23T22:10:05.169+0000] {processor.py:914} INFO - Processing file /opt/airflow/dags/stock_etl_yfinance.py for tasks to queue
[2025-11-23T22:10:05.174+0000] {logging_mixin.py:190} INFO - [2025-11-23T22:10:05.174+0000] {dagbag.py:587} INFO - Filling up the DagBag from /opt/airflow/dags/stock_etl_yfinance.py
[2025-11-23T22:10:05.507+0000] {processor.py:925} INFO - DAG(s) 'stock_etl_yfinance' retrieved from /opt/airflow/dags/stock_etl_yfinance.py
[2025-11-23T22:10:05.532+0000] {logging_mixin.py:190} INFO - [2025-11-23T22:10:05.532+0000] {dag.py:3229} INFO - Sync 1 DAGs
[2025-11-23T22:10:05.578+0000] {logging_mixin.py:190} INFO - [2025-11-23T22:10:05.577+0000] {dag.py:4156} INFO - Setting next_dagrun for stock_etl_yfinance to 2025-11-22 02:30:00+00:00, run_after=2025-11-23 02:30:00+00:00
[2025-11-23T22:10:05.617+0000] {processor.py:208} INFO - Processing /opt/airflow/dags/stock_etl_yfinance.py took 0.462 seconds
[2025-11-23T22:10:35.979+0000] {processor.py:186} INFO - Started process (PID=1795) to work on /opt/airflow/dags/stock_etl_yfinance.py
[2025-11-23T22:10:35.981+0000] {processor.py:914} INFO - Processing file /opt/airflow/dags/stock_etl_yfinance.py for tasks to queue
[2025-11-23T22:10:35.987+0000] {logging_mixin.py:190} INFO - [2025-11-23T22:10:35.986+0000] {dagbag.py:587} INFO - Filling up the DagBag from /opt/airflow/dags/stock_etl_yfinance.py
[2025-11-23T22:10:36.471+0000] {processor.py:925} INFO - DAG(s) 'stock_etl_yfinance' retrieved from /opt/airflow/dags/stock_etl_yfinance.py
[2025-11-23T22:10:36.510+0000] {logging_mixin.py:190} INFO - [2025-11-23T22:10:36.509+0000] {dag.py:3229} INFO - Sync 1 DAGs
[2025-11-23T22:10:36.577+0000] {logging_mixin.py:190} INFO - [2025-11-23T22:10:36.576+0000] {dag.py:4156} INFO - Setting next_dagrun for stock_etl_yfinance to 2025-11-22 02:30:00+00:00, run_after=2025-11-23 02:30:00+00:00
[2025-11-23T22:10:36.614+0000] {processor.py:208} INFO - Processing /opt/airflow/dags/stock_etl_yfinance.py took 0.652 seconds
[2025-11-23T22:11:06.811+0000] {processor.py:186} INFO - Started process (PID=1834) to work on /opt/airflow/dags/stock_etl_yfinance.py
[2025-11-23T22:11:06.814+0000] {processor.py:914} INFO - Processing file /opt/airflow/dags/stock_etl_yfinance.py for tasks to queue
[2025-11-23T22:11:06.820+0000] {logging_mixin.py:190} INFO - [2025-11-23T22:11:06.819+0000] {dagbag.py:587} INFO - Filling up the DagBag from /opt/airflow/dags/stock_etl_yfinance.py
[2025-11-23T22:11:09.305+0000] {processor.py:925} INFO - DAG(s) 'stock_etl_yfinance' retrieved from /opt/airflow/dags/stock_etl_yfinance.py
[2025-11-23T22:11:09.368+0000] {logging_mixin.py:190} INFO - [2025-11-23T22:11:09.366+0000] {dag.py:3229} INFO - Sync 1 DAGs
[2025-11-23T22:11:09.462+0000] {logging_mixin.py:190} INFO - [2025-11-23T22:11:09.461+0000] {dag.py:4156} INFO - Setting next_dagrun for stock_etl_yfinance to 2025-11-22 02:30:00+00:00, run_after=2025-11-23 02:30:00+00:00
[2025-11-23T22:11:09.512+0000] {processor.py:208} INFO - Processing /opt/airflow/dags/stock_etl_yfinance.py took 2.713 seconds
[2025-11-23T22:11:40.049+0000] {processor.py:186} INFO - Started process (PID=1878) to work on /opt/airflow/dags/stock_etl_yfinance.py
[2025-11-23T22:11:40.053+0000] {processor.py:914} INFO - Processing file /opt/airflow/dags/stock_etl_yfinance.py for tasks to queue
[2025-11-23T22:11:40.074+0000] {logging_mixin.py:190} INFO - [2025-11-23T22:11:40.073+0000] {dagbag.py:587} INFO - Filling up the DagBag from /opt/airflow/dags/stock_etl_yfinance.py
[2025-11-23T22:11:40.558+0000] {processor.py:925} INFO - DAG(s) 'stock_etl_yfinance' retrieved from /opt/airflow/dags/stock_etl_yfinance.py
[2025-11-23T22:11:40.587+0000] {logging_mixin.py:190} INFO - [2025-11-23T22:11:40.586+0000] {dag.py:3229} INFO - Sync 1 DAGs
[2025-11-23T22:11:40.639+0000] {logging_mixin.py:190} INFO - [2025-11-23T22:11:40.639+0000] {dag.py:4156} INFO - Setting next_dagrun for stock_etl_yfinance to 2025-11-22 02:30:00+00:00, run_after=2025-11-23 02:30:00+00:00
[2025-11-23T22:11:40.674+0000] {processor.py:208} INFO - Processing /opt/airflow/dags/stock_etl_yfinance.py took 0.656 seconds
[2025-11-23T22:12:10.927+0000] {processor.py:186} INFO - Started process (PID=1919) to work on /opt/airflow/dags/stock_etl_yfinance.py
[2025-11-23T22:12:10.931+0000] {processor.py:914} INFO - Processing file /opt/airflow/dags/stock_etl_yfinance.py for tasks to queue
[2025-11-23T22:12:10.939+0000] {logging_mixin.py:190} INFO - [2025-11-23T22:12:10.938+0000] {dagbag.py:587} INFO - Filling up the DagBag from /opt/airflow/dags/stock_etl_yfinance.py
[2025-11-23T22:12:11.863+0000] {processor.py:925} INFO - DAG(s) 'stock_etl_yfinance' retrieved from /opt/airflow/dags/stock_etl_yfinance.py
[2025-11-23T22:12:11.891+0000] {logging_mixin.py:190} INFO - [2025-11-23T22:12:11.890+0000] {dag.py:3229} INFO - Sync 1 DAGs
[2025-11-23T22:12:11.952+0000] {logging_mixin.py:190} INFO - [2025-11-23T22:12:11.952+0000] {dag.py:4156} INFO - Setting next_dagrun for stock_etl_yfinance to 2025-11-22 02:30:00+00:00, run_after=2025-11-23 02:30:00+00:00
[2025-11-23T22:12:11.990+0000] {processor.py:208} INFO - Processing /opt/airflow/dags/stock_etl_yfinance.py took 1.081 seconds
[2025-11-23T22:12:42.370+0000] {processor.py:186} INFO - Started process (PID=1966) to work on /opt/airflow/dags/stock_etl_yfinance.py
[2025-11-23T22:12:42.373+0000] {processor.py:914} INFO - Processing file /opt/airflow/dags/stock_etl_yfinance.py for tasks to queue
[2025-11-23T22:12:42.377+0000] {logging_mixin.py:190} INFO - [2025-11-23T22:12:42.377+0000] {dagbag.py:587} INFO - Filling up the DagBag from /opt/airflow/dags/stock_etl_yfinance.py
[2025-11-23T22:12:42.699+0000] {processor.py:925} INFO - DAG(s) 'stock_etl_yfinance' retrieved from /opt/airflow/dags/stock_etl_yfinance.py
[2025-11-23T22:12:42.723+0000] {logging_mixin.py:190} INFO - [2025-11-23T22:12:42.722+0000] {dag.py:3229} INFO - Sync 1 DAGs
[2025-11-23T22:12:42.765+0000] {logging_mixin.py:190} INFO - [2025-11-23T22:12:42.765+0000] {dag.py:4156} INFO - Setting next_dagrun for stock_etl_yfinance to 2025-11-22 02:30:00+00:00, run_after=2025-11-23 02:30:00+00:00
[2025-11-23T22:12:42.798+0000] {processor.py:208} INFO - Processing /opt/airflow/dags/stock_etl_yfinance.py took 0.440 seconds
[2025-11-23T22:13:12.993+0000] {processor.py:186} INFO - Started process (PID=2009) to work on /opt/airflow/dags/stock_etl_yfinance.py
[2025-11-23T22:13:12.995+0000] {processor.py:914} INFO - Processing file /opt/airflow/dags/stock_etl_yfinance.py for tasks to queue
[2025-11-23T22:13:13.001+0000] {logging_mixin.py:190} INFO - [2025-11-23T22:13:13.000+0000] {dagbag.py:587} INFO - Filling up the DagBag from /opt/airflow/dags/stock_etl_yfinance.py
[2025-11-23T22:13:13.526+0000] {processor.py:925} INFO - DAG(s) 'stock_etl_yfinance' retrieved from /opt/airflow/dags/stock_etl_yfinance.py
[2025-11-23T22:13:13.563+0000] {logging_mixin.py:190} INFO - [2025-11-23T22:13:13.562+0000] {dag.py:3229} INFO - Sync 1 DAGs
[2025-11-23T22:13:13.619+0000] {logging_mixin.py:190} INFO - [2025-11-23T22:13:13.619+0000] {dag.py:4156} INFO - Setting next_dagrun for stock_etl_yfinance to 2025-11-22 02:30:00+00:00, run_after=2025-11-23 02:30:00+00:00
[2025-11-23T22:13:13.655+0000] {processor.py:208} INFO - Processing /opt/airflow/dags/stock_etl_yfinance.py took 0.673 seconds
[2025-11-23T22:13:43.820+0000] {processor.py:186} INFO - Started process (PID=2047) to work on /opt/airflow/dags/stock_etl_yfinance.py
[2025-11-23T22:13:43.823+0000] {processor.py:914} INFO - Processing file /opt/airflow/dags/stock_etl_yfinance.py for tasks to queue
[2025-11-23T22:13:43.865+0000] {logging_mixin.py:190} INFO - [2025-11-23T22:13:43.864+0000] {dagbag.py:587} INFO - Filling up the DagBag from /opt/airflow/dags/stock_etl_yfinance.py
[2025-11-23T22:13:44.697+0000] {processor.py:925} INFO - DAG(s) 'stock_etl_yfinance' retrieved from /opt/airflow/dags/stock_etl_yfinance.py
[2025-11-23T22:13:45.251+0000] {logging_mixin.py:190} INFO - [2025-11-23T22:13:45.250+0000] {dag.py:3229} INFO - Sync 1 DAGs
[2025-11-23T22:13:45.339+0000] {logging_mixin.py:190} INFO - [2025-11-23T22:13:45.339+0000] {dag.py:4156} INFO - Setting next_dagrun for stock_etl_yfinance to 2025-11-22 02:30:00+00:00, run_after=2025-11-23 02:30:00+00:00
[2025-11-23T22:13:45.380+0000] {processor.py:208} INFO - Processing /opt/airflow/dags/stock_etl_yfinance.py took 1.582 seconds
[2025-11-23T22:14:15.851+0000] {processor.py:186} INFO - Started process (PID=2089) to work on /opt/airflow/dags/stock_etl_yfinance.py
[2025-11-23T22:14:15.853+0000] {processor.py:914} INFO - Processing file /opt/airflow/dags/stock_etl_yfinance.py for tasks to queue
[2025-11-23T22:14:15.857+0000] {logging_mixin.py:190} INFO - [2025-11-23T22:14:15.856+0000] {dagbag.py:587} INFO - Filling up the DagBag from /opt/airflow/dags/stock_etl_yfinance.py
[2025-11-23T22:14:16.380+0000] {processor.py:925} INFO - DAG(s) 'stock_etl_yfinance' retrieved from /opt/airflow/dags/stock_etl_yfinance.py
[2025-11-23T22:14:16.401+0000] {logging_mixin.py:190} INFO - [2025-11-23T22:14:16.400+0000] {dag.py:3229} INFO - Sync 1 DAGs
[2025-11-23T22:14:16.437+0000] {logging_mixin.py:190} INFO - [2025-11-23T22:14:16.436+0000] {dag.py:4156} INFO - Setting next_dagrun for stock_etl_yfinance to 2025-11-22 02:30:00+00:00, run_after=2025-11-23 02:30:00+00:00
[2025-11-23T22:14:16.466+0000] {processor.py:208} INFO - Processing /opt/airflow/dags/stock_etl_yfinance.py took 0.625 seconds
[2025-11-23T22:14:46.747+0000] {processor.py:186} INFO - Started process (PID=2130) to work on /opt/airflow/dags/stock_etl_yfinance.py
[2025-11-23T22:14:46.749+0000] {processor.py:914} INFO - Processing file /opt/airflow/dags/stock_etl_yfinance.py for tasks to queue
[2025-11-23T22:14:46.753+0000] {logging_mixin.py:190} INFO - [2025-11-23T22:14:46.752+0000] {dagbag.py:587} INFO - Filling up the DagBag from /opt/airflow/dags/stock_etl_yfinance.py
[2025-11-23T22:14:47.009+0000] {processor.py:925} INFO - DAG(s) 'stock_etl_yfinance' retrieved from /opt/airflow/dags/stock_etl_yfinance.py
[2025-11-23T22:14:47.033+0000] {logging_mixin.py:190} INFO - [2025-11-23T22:14:47.032+0000] {dag.py:3229} INFO - Sync 1 DAGs
[2025-11-23T22:14:47.311+0000] {logging_mixin.py:190} INFO - [2025-11-23T22:14:47.311+0000] {dag.py:4156} INFO - Setting next_dagrun for stock_etl_yfinance to 2025-11-22 02:30:00+00:00, run_after=2025-11-23 02:30:00+00:00
[2025-11-23T22:14:47.345+0000] {processor.py:208} INFO - Processing /opt/airflow/dags/stock_etl_yfinance.py took 0.608 seconds
[2025-11-23T22:15:17.672+0000] {processor.py:186} INFO - Started process (PID=2166) to work on /opt/airflow/dags/stock_etl_yfinance.py
[2025-11-23T22:15:17.674+0000] {processor.py:914} INFO - Processing file /opt/airflow/dags/stock_etl_yfinance.py for tasks to queue
[2025-11-23T22:15:17.680+0000] {logging_mixin.py:190} INFO - [2025-11-23T22:15:17.679+0000] {dagbag.py:587} INFO - Filling up the DagBag from /opt/airflow/dags/stock_etl_yfinance.py
[2025-11-23T22:15:18.506+0000] {processor.py:925} INFO - DAG(s) 'stock_etl_yfinance' retrieved from /opt/airflow/dags/stock_etl_yfinance.py
[2025-11-23T22:15:18.549+0000] {logging_mixin.py:190} INFO - [2025-11-23T22:15:18.547+0000] {dag.py:3229} INFO - Sync 1 DAGs
[2025-11-23T22:15:18.625+0000] {logging_mixin.py:190} INFO - [2025-11-23T22:15:18.624+0000] {dag.py:4156} INFO - Setting next_dagrun for stock_etl_yfinance to 2025-11-22 02:30:00+00:00, run_after=2025-11-23 02:30:00+00:00
[2025-11-23T22:15:18.665+0000] {processor.py:208} INFO - Processing /opt/airflow/dags/stock_etl_yfinance.py took 1.006 seconds
[2025-11-23T22:15:48.801+0000] {processor.py:186} INFO - Started process (PID=2207) to work on /opt/airflow/dags/stock_etl_yfinance.py
[2025-11-23T22:15:48.802+0000] {processor.py:914} INFO - Processing file /opt/airflow/dags/stock_etl_yfinance.py for tasks to queue
[2025-11-23T22:15:48.806+0000] {logging_mixin.py:190} INFO - [2025-11-23T22:15:48.806+0000] {dagbag.py:587} INFO - Filling up the DagBag from /opt/airflow/dags/stock_etl_yfinance.py
[2025-11-23T22:15:49.339+0000] {processor.py:925} INFO - DAG(s) 'stock_etl_yfinance' retrieved from /opt/airflow/dags/stock_etl_yfinance.py
[2025-11-23T22:15:49.361+0000] {logging_mixin.py:190} INFO - [2025-11-23T22:15:49.360+0000] {dag.py:3229} INFO - Sync 1 DAGs
[2025-11-23T22:15:49.406+0000] {logging_mixin.py:190} INFO - [2025-11-23T22:15:49.405+0000] {dag.py:4156} INFO - Setting next_dagrun for stock_etl_yfinance to 2025-11-22 02:30:00+00:00, run_after=2025-11-23 02:30:00+00:00
[2025-11-23T22:15:49.432+0000] {processor.py:208} INFO - Processing /opt/airflow/dags/stock_etl_yfinance.py took 0.640 seconds
[2025-11-23T22:28:27.694+0000] {processor.py:186} INFO - Started process (PID=2223) to work on /opt/airflow/dags/stock_etl_yfinance.py
[2025-11-23T22:28:27.707+0000] {processor.py:914} INFO - Processing file /opt/airflow/dags/stock_etl_yfinance.py for tasks to queue
[2025-11-23T22:28:27.729+0000] {logging_mixin.py:190} INFO - [2025-11-23T22:28:27.725+0000] {dagbag.py:587} INFO - Filling up the DagBag from /opt/airflow/dags/stock_etl_yfinance.py
[2025-11-23T22:28:28.614+0000] {processor.py:925} INFO - DAG(s) 'stock_etl_yfinance' retrieved from /opt/airflow/dags/stock_etl_yfinance.py
[2025-11-23T22:28:28.673+0000] {logging_mixin.py:190} INFO - [2025-11-23T22:28:28.670+0000] {dag.py:3229} INFO - Sync 1 DAGs
[2025-11-23T22:28:29.418+0000] {logging_mixin.py:190} INFO - [2025-11-23T22:28:29.417+0000] {dag.py:4156} INFO - Setting next_dagrun for stock_etl_yfinance to 2025-11-22 02:30:00+00:00, run_after=2025-11-23 02:30:00+00:00
[2025-11-23T22:28:29.467+0000] {processor.py:208} INFO - Processing /opt/airflow/dags/stock_etl_yfinance.py took 1.829 seconds
[2025-11-23T22:33:45.041+0000] {processor.py:186} INFO - Started process (PID=2278) to work on /opt/airflow/dags/stock_etl_yfinance.py
[2025-11-23T22:33:45.051+0000] {processor.py:914} INFO - Processing file /opt/airflow/dags/stock_etl_yfinance.py for tasks to queue
[2025-11-23T22:33:45.075+0000] {logging_mixin.py:190} INFO - [2025-11-23T22:33:45.073+0000] {dagbag.py:587} INFO - Filling up the DagBag from /opt/airflow/dags/stock_etl_yfinance.py
[2025-11-23T22:33:46.778+0000] {processor.py:925} INFO - DAG(s) 'stock_etl_yfinance' retrieved from /opt/airflow/dags/stock_etl_yfinance.py
[2025-11-23T22:33:46.871+0000] {logging_mixin.py:190} INFO - [2025-11-23T22:33:46.869+0000] {dag.py:3229} INFO - Sync 1 DAGs
[2025-11-23T22:33:46.920+0000] {logging_mixin.py:190} INFO - [2025-11-23T22:33:46.920+0000] {dag.py:4156} INFO - Setting next_dagrun for stock_etl_yfinance to 2025-11-22 02:30:00+00:00, run_after=2025-11-23 02:30:00+00:00
[2025-11-23T22:33:46.958+0000] {processor.py:208} INFO - Processing /opt/airflow/dags/stock_etl_yfinance.py took 1.941 seconds
[2025-11-23T22:34:17.054+0000] {processor.py:186} INFO - Started process (PID=2332) to work on /opt/airflow/dags/stock_etl_yfinance.py
[2025-11-23T22:34:17.056+0000] {processor.py:914} INFO - Processing file /opt/airflow/dags/stock_etl_yfinance.py for tasks to queue
[2025-11-23T22:34:17.061+0000] {logging_mixin.py:190} INFO - [2025-11-23T22:34:17.061+0000] {dagbag.py:587} INFO - Filling up the DagBag from /opt/airflow/dags/stock_etl_yfinance.py
[2025-11-23T22:34:17.492+0000] {processor.py:925} INFO - DAG(s) 'stock_etl_yfinance' retrieved from /opt/airflow/dags/stock_etl_yfinance.py
[2025-11-23T22:34:17.519+0000] {logging_mixin.py:190} INFO - [2025-11-23T22:34:17.518+0000] {dag.py:3229} INFO - Sync 1 DAGs
[2025-11-23T22:34:17.573+0000] {logging_mixin.py:190} INFO - [2025-11-23T22:34:17.572+0000] {dag.py:4156} INFO - Setting next_dagrun for stock_etl_yfinance to 2025-11-22 02:30:00+00:00, run_after=2025-11-23 02:30:00+00:00
[2025-11-23T22:34:17.603+0000] {processor.py:208} INFO - Processing /opt/airflow/dags/stock_etl_yfinance.py took 0.562 seconds
[2025-11-23T22:34:48.117+0000] {processor.py:186} INFO - Started process (PID=2373) to work on /opt/airflow/dags/stock_etl_yfinance.py
[2025-11-23T22:34:48.119+0000] {processor.py:914} INFO - Processing file /opt/airflow/dags/stock_etl_yfinance.py for tasks to queue
[2025-11-23T22:34:48.123+0000] {logging_mixin.py:190} INFO - [2025-11-23T22:34:48.122+0000] {dagbag.py:587} INFO - Filling up the DagBag from /opt/airflow/dags/stock_etl_yfinance.py
[2025-11-23T22:34:48.415+0000] {processor.py:925} INFO - DAG(s) 'stock_etl_yfinance' retrieved from /opt/airflow/dags/stock_etl_yfinance.py
[2025-11-23T22:34:48.447+0000] {logging_mixin.py:190} INFO - [2025-11-23T22:34:48.446+0000] {dag.py:3229} INFO - Sync 1 DAGs
[2025-11-23T22:34:48.500+0000] {logging_mixin.py:190} INFO - [2025-11-23T22:34:48.500+0000] {dag.py:4156} INFO - Setting next_dagrun for stock_etl_yfinance to 2025-11-22 02:30:00+00:00, run_after=2025-11-23 02:30:00+00:00
[2025-11-23T22:34:48.544+0000] {processor.py:208} INFO - Processing /opt/airflow/dags/stock_etl_yfinance.py took 0.438 seconds
[2025-11-23T22:35:18.781+0000] {processor.py:186} INFO - Started process (PID=2413) to work on /opt/airflow/dags/stock_etl_yfinance.py
[2025-11-23T22:35:18.796+0000] {processor.py:914} INFO - Processing file /opt/airflow/dags/stock_etl_yfinance.py for tasks to queue
[2025-11-23T22:35:18.806+0000] {logging_mixin.py:190} INFO - [2025-11-23T22:35:18.804+0000] {dagbag.py:587} INFO - Filling up the DagBag from /opt/airflow/dags/stock_etl_yfinance.py
[2025-11-23T22:35:19.289+0000] {processor.py:925} INFO - DAG(s) 'stock_etl_yfinance' retrieved from /opt/airflow/dags/stock_etl_yfinance.py
[2025-11-23T22:35:19.311+0000] {logging_mixin.py:190} INFO - [2025-11-23T22:35:19.310+0000] {dag.py:3229} INFO - Sync 1 DAGs
[2025-11-23T22:35:19.360+0000] {logging_mixin.py:190} INFO - [2025-11-23T22:35:19.360+0000] {dag.py:4156} INFO - Setting next_dagrun for stock_etl_yfinance to 2025-11-22 02:30:00+00:00, run_after=2025-11-23 02:30:00+00:00
[2025-11-23T22:35:19.404+0000] {processor.py:208} INFO - Processing /opt/airflow/dags/stock_etl_yfinance.py took 0.670 seconds
[2025-11-23T22:35:50.049+0000] {processor.py:186} INFO - Started process (PID=2455) to work on /opt/airflow/dags/stock_etl_yfinance.py
[2025-11-23T22:35:50.053+0000] {processor.py:914} INFO - Processing file /opt/airflow/dags/stock_etl_yfinance.py for tasks to queue
[2025-11-23T22:35:50.062+0000] {logging_mixin.py:190} INFO - [2025-11-23T22:35:50.061+0000] {dagbag.py:587} INFO - Filling up the DagBag from /opt/airflow/dags/stock_etl_yfinance.py
[2025-11-23T22:35:50.531+0000] {processor.py:925} INFO - DAG(s) 'stock_etl_yfinance' retrieved from /opt/airflow/dags/stock_etl_yfinance.py
[2025-11-23T22:35:50.567+0000] {logging_mixin.py:190} INFO - [2025-11-23T22:35:50.566+0000] {dag.py:3229} INFO - Sync 1 DAGs
[2025-11-23T22:35:50.637+0000] {logging_mixin.py:190} INFO - [2025-11-23T22:35:50.636+0000] {dag.py:4156} INFO - Setting next_dagrun for stock_etl_yfinance to 2025-11-22 02:30:00+00:00, run_after=2025-11-23 02:30:00+00:00
[2025-11-23T22:35:50.697+0000] {processor.py:208} INFO - Processing /opt/airflow/dags/stock_etl_yfinance.py took 0.667 seconds
[2025-11-23T22:36:20.892+0000] {processor.py:186} INFO - Started process (PID=2501) to work on /opt/airflow/dags/stock_etl_yfinance.py
[2025-11-23T22:36:20.899+0000] {processor.py:914} INFO - Processing file /opt/airflow/dags/stock_etl_yfinance.py for tasks to queue
[2025-11-23T22:36:20.910+0000] {logging_mixin.py:190} INFO - [2025-11-23T22:36:20.909+0000] {dagbag.py:587} INFO - Filling up the DagBag from /opt/airflow/dags/stock_etl_yfinance.py
[2025-11-23T22:36:21.630+0000] {processor.py:925} INFO - DAG(s) 'stock_etl_yfinance' retrieved from /opt/airflow/dags/stock_etl_yfinance.py
[2025-11-23T22:36:21.686+0000] {logging_mixin.py:190} INFO - [2025-11-23T22:36:21.685+0000] {dag.py:3229} INFO - Sync 1 DAGs
[2025-11-23T22:36:21.766+0000] {logging_mixin.py:190} INFO - [2025-11-23T22:36:21.765+0000] {dag.py:4156} INFO - Setting next_dagrun for stock_etl_yfinance to 2025-11-22 02:30:00+00:00, run_after=2025-11-23 02:30:00+00:00
[2025-11-23T22:36:21.823+0000] {processor.py:208} INFO - Processing /opt/airflow/dags/stock_etl_yfinance.py took 0.960 seconds
[2025-11-23T22:36:51.910+0000] {processor.py:186} INFO - Started process (PID=2542) to work on /opt/airflow/dags/stock_etl_yfinance.py
[2025-11-23T22:36:51.912+0000] {processor.py:914} INFO - Processing file /opt/airflow/dags/stock_etl_yfinance.py for tasks to queue
[2025-11-23T22:36:51.916+0000] {logging_mixin.py:190} INFO - [2025-11-23T22:36:51.916+0000] {dagbag.py:587} INFO - Filling up the DagBag from /opt/airflow/dags/stock_etl_yfinance.py
[2025-11-23T22:36:52.180+0000] {processor.py:925} INFO - DAG(s) 'stock_etl_yfinance' retrieved from /opt/airflow/dags/stock_etl_yfinance.py
[2025-11-23T22:36:52.209+0000] {logging_mixin.py:190} INFO - [2025-11-23T22:36:52.207+0000] {dag.py:3229} INFO - Sync 1 DAGs
[2025-11-23T22:36:52.250+0000] {logging_mixin.py:190} INFO - [2025-11-23T22:36:52.249+0000] {dag.py:4156} INFO - Setting next_dagrun for stock_etl_yfinance to 2025-11-22 02:30:00+00:00, run_after=2025-11-23 02:30:00+00:00
[2025-11-23T22:36:52.285+0000] {processor.py:208} INFO - Processing /opt/airflow/dags/stock_etl_yfinance.py took 0.385 seconds
[2025-11-23T22:37:22.552+0000] {processor.py:186} INFO - Started process (PID=2588) to work on /opt/airflow/dags/stock_etl_yfinance.py
[2025-11-23T22:37:22.554+0000] {processor.py:914} INFO - Processing file /opt/airflow/dags/stock_etl_yfinance.py for tasks to queue
[2025-11-23T22:37:22.558+0000] {logging_mixin.py:190} INFO - [2025-11-23T22:37:22.558+0000] {dagbag.py:587} INFO - Filling up the DagBag from /opt/airflow/dags/stock_etl_yfinance.py
[2025-11-23T22:37:22.824+0000] {processor.py:925} INFO - DAG(s) 'stock_etl_yfinance' retrieved from /opt/airflow/dags/stock_etl_yfinance.py
[2025-11-23T22:37:22.845+0000] {logging_mixin.py:190} INFO - [2025-11-23T22:37:22.844+0000] {dag.py:3229} INFO - Sync 1 DAGs
[2025-11-23T22:37:22.878+0000] {logging_mixin.py:190} INFO - [2025-11-23T22:37:22.878+0000] {dag.py:4156} INFO - Setting next_dagrun for stock_etl_yfinance to 2025-11-22 02:30:00+00:00, run_after=2025-11-23 02:30:00+00:00
[2025-11-23T22:37:22.908+0000] {processor.py:208} INFO - Processing /opt/airflow/dags/stock_etl_yfinance.py took 0.367 seconds
[2025-11-23T22:37:53.792+0000] {processor.py:186} INFO - Started process (PID=2634) to work on /opt/airflow/dags/stock_etl_yfinance.py
[2025-11-23T22:37:53.793+0000] {processor.py:914} INFO - Processing file /opt/airflow/dags/stock_etl_yfinance.py for tasks to queue
[2025-11-23T22:37:53.798+0000] {logging_mixin.py:190} INFO - [2025-11-23T22:37:53.797+0000] {dagbag.py:587} INFO - Filling up the DagBag from /opt/airflow/dags/stock_etl_yfinance.py
[2025-11-23T22:37:54.096+0000] {processor.py:925} INFO - DAG(s) 'stock_etl_yfinance' retrieved from /opt/airflow/dags/stock_etl_yfinance.py
[2025-11-23T22:37:54.121+0000] {logging_mixin.py:190} INFO - [2025-11-23T22:37:54.120+0000] {dag.py:3229} INFO - Sync 1 DAGs
[2025-11-23T22:37:54.157+0000] {logging_mixin.py:190} INFO - [2025-11-23T22:37:54.156+0000] {dag.py:4156} INFO - Setting next_dagrun for stock_etl_yfinance to 2025-11-22 02:30:00+00:00, run_after=2025-11-23 02:30:00+00:00
[2025-11-23T22:37:54.189+0000] {processor.py:208} INFO - Processing /opt/airflow/dags/stock_etl_yfinance.py took 0.408 seconds
[2025-11-23T22:38:25.073+0000] {processor.py:186} INFO - Started process (PID=2675) to work on /opt/airflow/dags/stock_etl_yfinance.py
[2025-11-23T22:38:25.075+0000] {processor.py:914} INFO - Processing file /opt/airflow/dags/stock_etl_yfinance.py for tasks to queue
[2025-11-23T22:38:25.079+0000] {logging_mixin.py:190} INFO - [2025-11-23T22:38:25.079+0000] {dagbag.py:587} INFO - Filling up the DagBag from /opt/airflow/dags/stock_etl_yfinance.py
[2025-11-23T22:38:25.333+0000] {processor.py:925} INFO - DAG(s) 'stock_etl_yfinance' retrieved from /opt/airflow/dags/stock_etl_yfinance.py
[2025-11-23T22:38:25.354+0000] {logging_mixin.py:190} INFO - [2025-11-23T22:38:25.353+0000] {dag.py:3229} INFO - Sync 1 DAGs
[2025-11-23T22:38:25.387+0000] {logging_mixin.py:190} INFO - [2025-11-23T22:38:25.387+0000] {dag.py:4156} INFO - Setting next_dagrun for stock_etl_yfinance to 2025-11-22 02:30:00+00:00, run_after=2025-11-23 02:30:00+00:00
[2025-11-23T22:38:25.417+0000] {processor.py:208} INFO - Processing /opt/airflow/dags/stock_etl_yfinance.py took 0.355 seconds
[2025-11-23T22:38:56.197+0000] {processor.py:186} INFO - Started process (PID=2716) to work on /opt/airflow/dags/stock_etl_yfinance.py
[2025-11-23T22:38:56.211+0000] {processor.py:914} INFO - Processing file /opt/airflow/dags/stock_etl_yfinance.py for tasks to queue
[2025-11-23T22:38:56.222+0000] {logging_mixin.py:190} INFO - [2025-11-23T22:38:56.221+0000] {dagbag.py:587} INFO - Filling up the DagBag from /opt/airflow/dags/stock_etl_yfinance.py
[2025-11-23T22:38:57.113+0000] {processor.py:925} INFO - DAG(s) 'stock_etl_yfinance' retrieved from /opt/airflow/dags/stock_etl_yfinance.py
[2025-11-23T22:38:57.149+0000] {logging_mixin.py:190} INFO - [2025-11-23T22:38:57.148+0000] {dag.py:3229} INFO - Sync 1 DAGs
[2025-11-23T22:38:57.205+0000] {logging_mixin.py:190} INFO - [2025-11-23T22:38:57.205+0000] {dag.py:4156} INFO - Setting next_dagrun for stock_etl_yfinance to 2025-11-22 02:30:00+00:00, run_after=2025-11-23 02:30:00+00:00
[2025-11-23T22:38:57.248+0000] {processor.py:208} INFO - Processing /opt/airflow/dags/stock_etl_yfinance.py took 1.072 seconds
