[2025-11-25T03:39:56.828+0000] {local_task_job_runner.py:123} INFO - ::group::Pre task execution logs
[2025-11-25T03:39:57.106+0000] {taskinstance.py:2612} INFO - Dependencies all met for dep_context=non-requeueable deps ti=<TaskInstance: stock_elt_dbt.dbt_snapshot scheduled__2025-11-24T03:15:00+00:00 [queued]>
[2025-11-25T03:39:57.177+0000] {taskinstance.py:2612} INFO - Dependencies all met for dep_context=requeueable deps ti=<TaskInstance: stock_elt_dbt.dbt_snapshot scheduled__2025-11-24T03:15:00+00:00 [queued]>
[2025-11-25T03:39:57.180+0000] {taskinstance.py:2865} INFO - Starting attempt 1 of 1
[2025-11-25T03:39:57.286+0000] {taskinstance.py:2888} INFO - Executing <Task(BashOperator): dbt_snapshot> on 2025-11-24 03:15:00+00:00
[2025-11-25T03:39:57.340+0000] {standard_task_runner.py:104} INFO - Running: ['***', 'tasks', 'run', 'stock_elt_dbt', 'dbt_snapshot', 'scheduled__2025-11-24T03:15:00+00:00', '--job-id', '140', '--raw', '--subdir', 'DAGS_FOLDER/stock_elt_dbt.py', '--cfg-path', '/tmp/tmp_p2_e09k']
[2025-11-25T03:39:57.359+0000] {standard_task_runner.py:105} INFO - Job 140: Subtask dbt_snapshot
[2025-11-25T03:39:57.372+0000] {logging_mixin.py:190} WARNING - /home/***/.local/lib/python3.12/site-packages/***/task/task_runner/standard_task_runner.py:70 DeprecationWarning: This process (pid=1965) is multi-threaded, use of fork() may lead to deadlocks in the child.
[2025-11-25T03:39:57.377+0000] {standard_task_runner.py:72} INFO - Started process 1966 to run task
[2025-11-25T03:39:57.805+0000] {task_command.py:467} INFO - Running <TaskInstance: stock_elt_dbt.dbt_snapshot scheduled__2025-11-24T03:15:00+00:00 [running]> on host aa68d9ae9a5f
[2025-11-25T03:39:58.557+0000] {taskinstance.py:3131} INFO - Exporting env vars: AIRFLOW_CTX_DAG_OWNER='***' AIRFLOW_CTX_DAG_ID='stock_elt_dbt' AIRFLOW_CTX_TASK_ID='dbt_snapshot' AIRFLOW_CTX_EXECUTION_DATE='2025-11-24T03:15:00+00:00' AIRFLOW_CTX_TRY_NUMBER='1' AIRFLOW_CTX_DAG_RUN_ID='scheduled__2025-11-24T03:15:00+00:00'
[2025-11-25T03:39:58.562+0000] {taskinstance.py:731} INFO - ::endgroup::
[2025-11-25T03:39:58.668+0000] {subprocess.py:63} INFO - Tmp dir root location: /tmp
[2025-11-25T03:39:58.673+0000] {subprocess.py:75} INFO - Running command: ['/usr/bin/bash', '-c', 'cd /opt/***/dbt/stock_analytics\n    export DBT_PROFILES_DIR=/opt/***/dbt\n\n    if [ -x /home/***/.local/bin/dbt ]; then\n      DBT_BIN=/home/***/.local/bin/dbt\n    elif command -v dbt >/dev/null 2>&1; then\n      DBT_BIN="$(command -v dbt)"\n    else\n      DBT_BIN="python -m dbt.cli.main"\n    fi\n\n    $DBT_BIN snapshot --target prod --profiles-dir "$DBT_PROFILES_DIR"']
[2025-11-25T03:39:58.721+0000] {subprocess.py:86} INFO - Output:
[2025-11-25T03:40:24.902+0000] {subprocess.py:93} INFO - [0m03:40:24  Running with dbt=1.8.8
[2025-11-25T03:40:41.693+0000] {subprocess.py:93} INFO - [0m03:40:41  Registered adapter: snowflake=1.8.4
[2025-11-25T03:40:47.086+0000] {subprocess.py:93} INFO - [0m03:40:47  Found 4 models, 1 snapshot, 7 data tests, 1 source, 454 macros
[2025-11-25T03:40:47.117+0000] {subprocess.py:93} INFO - [0m03:40:47
[2025-11-25T03:40:50.097+0000] {subprocess.py:93} INFO - [0m03:40:50  Concurrency: 4 threads (target='prod')
[2025-11-25T03:40:50.106+0000] {subprocess.py:93} INFO - [0m03:40:50
[2025-11-25T03:40:50.197+0000] {subprocess.py:93} INFO - [0m03:40:50  1 of 1 START snapshot ANALYTICS.snap_market_data ............................... [RUN]
[2025-11-25T03:40:57.644+0000] {subprocess.py:93} INFO - [0m03:40:57  1 of 1 OK snapshotted ANALYTICS.snap_market_data ............................... [[32mSUCCESS 0[0m in 7.43s]
[2025-11-25T03:40:57.692+0000] {subprocess.py:93} INFO - [0m03:40:57
[2025-11-25T03:40:57.698+0000] {subprocess.py:93} INFO - [0m03:40:57  Finished running 1 snapshot in 0 hours 0 minutes and 10.57 seconds (10.57s).
[2025-11-25T03:40:58.146+0000] {subprocess.py:93} INFO - [0m03:40:58
[2025-11-25T03:40:58.154+0000] {subprocess.py:93} INFO - [0m03:40:58  [32mCompleted successfully[0m
[2025-11-25T03:40:58.162+0000] {subprocess.py:93} INFO - [0m03:40:58
[2025-11-25T03:40:58.169+0000] {subprocess.py:93} INFO - [0m03:40:58  Done. PASS=1 WARN=0 ERROR=0 SKIP=0 TOTAL=1
[2025-11-25T03:41:00.757+0000] {subprocess.py:97} INFO - Command exited with return code 0
[2025-11-25T03:41:00.955+0000] {taskinstance.py:340} INFO - ::group::Post task execution logs
[2025-11-25T03:41:00.958+0000] {taskinstance.py:352} INFO - Marking task as SUCCESS. dag_id=stock_elt_dbt, task_id=dbt_snapshot, run_id=scheduled__2025-11-24T03:15:00+00:00, execution_date=20251124T031500, start_date=20251125T033957, end_date=20251125T034100
[2025-11-25T03:41:01.124+0000] {local_task_job_runner.py:266} INFO - Task exited with return code 0
[2025-11-25T03:41:01.465+0000] {taskinstance.py:3900} INFO - 1 downstream tasks scheduled from follow-on schedule check
[2025-11-25T03:41:01.498+0000] {local_task_job_runner.py:245} INFO - ::endgroup::
