[2025-11-24T09:22:13.847+0000] {local_task_job_runner.py:123} INFO - ::group::Pre task execution logs
[2025-11-24T09:22:13.886+0000] {taskinstance.py:2612} INFO - Dependencies all met for dep_context=non-requeueable deps ti=<TaskInstance: stock_elt_dbt.dbt_check manual__2025-11-24T09:22:12.429986+00:00 [queued]>
[2025-11-24T09:22:13.902+0000] {taskinstance.py:2612} INFO - Dependencies all met for dep_context=requeueable deps ti=<TaskInstance: stock_elt_dbt.dbt_check manual__2025-11-24T09:22:12.429986+00:00 [queued]>
[2025-11-24T09:22:13.903+0000] {taskinstance.py:2865} INFO - Starting attempt 1 of 1
[2025-11-24T09:22:13.933+0000] {taskinstance.py:2888} INFO - Executing <Task(BashOperator): dbt_check> on 2025-11-24 09:22:12.429986+00:00
[2025-11-24T09:22:13.947+0000] {standard_task_runner.py:104} INFO - Running: ['***', 'tasks', 'run', 'stock_elt_dbt', 'dbt_check', 'manual__2025-11-24T09:22:12.429986+00:00', '--job-id', '97', '--raw', '--subdir', 'DAGS_FOLDER/stock_elt_dbt.py', '--cfg-path', '/tmp/tmpjbeh8d18']
[2025-11-24T09:22:13.954+0000] {standard_task_runner.py:105} INFO - Job 97: Subtask dbt_check
[2025-11-24T09:22:13.958+0000] {logging_mixin.py:190} WARNING - /home/***/.local/lib/python3.12/site-packages/***/task/task_runner/standard_task_runner.py:70 DeprecationWarning: This process (pid=1087) is multi-threaded, use of fork() may lead to deadlocks in the child.
[2025-11-24T09:22:13.961+0000] {standard_task_runner.py:72} INFO - Started process 1089 to run task
[2025-11-24T09:22:14.049+0000] {task_command.py:467} INFO - Running <TaskInstance: stock_elt_dbt.dbt_check manual__2025-11-24T09:22:12.429986+00:00 [running]> on host 638b31fa7dcc
[2025-11-24T09:22:14.226+0000] {taskinstance.py:3131} INFO - Exporting env vars: AIRFLOW_CTX_DAG_OWNER='***' AIRFLOW_CTX_DAG_ID='stock_elt_dbt' AIRFLOW_CTX_TASK_ID='dbt_check' AIRFLOW_CTX_EXECUTION_DATE='2025-11-24T09:22:12.429986+00:00' AIRFLOW_CTX_TRY_NUMBER='1' AIRFLOW_CTX_DAG_RUN_ID='manual__2025-11-24T09:22:12.429986+00:00'
[2025-11-24T09:22:14.227+0000] {taskinstance.py:731} INFO - ::endgroup::
[2025-11-24T09:22:14.253+0000] {subprocess.py:63} INFO - Tmp dir root location: /tmp
[2025-11-24T09:22:14.256+0000] {subprocess.py:75} INFO - Running command: ['/usr/bin/bash', '-c', 'set -x; echo "PYTHON:" $(which python); python -c "import dbt, dbt.cli.main as m; print(\'dbt:\', dbt.__version__)" ; which dbt ; dbt --version']
[2025-11-24T09:22:14.277+0000] {subprocess.py:86} INFO - Output:
[2025-11-24T09:22:14.280+0000] {subprocess.py:93} INFO - ++ which python
[2025-11-24T09:22:14.283+0000] {subprocess.py:93} INFO - + echo PYTHON: /home/***/.local/bin/python
[2025-11-24T09:22:14.284+0000] {subprocess.py:93} INFO - PYTHON: /home/***/.local/bin/python
[2025-11-24T09:22:14.285+0000] {subprocess.py:93} INFO - + python -c 'import dbt, dbt.cli.main as m; print('\''dbt:'\'', dbt.__version__)'
[2025-11-24T09:22:18.624+0000] {subprocess.py:93} INFO - Traceback (most recent call last):
[2025-11-24T09:22:18.625+0000] {subprocess.py:93} INFO -   File "<string>", line 1, in <module>
[2025-11-24T09:22:18.627+0000] {subprocess.py:93} INFO - AttributeError: module 'dbt' has no attribute '__version__'
[2025-11-24T09:22:19.070+0000] {subprocess.py:93} INFO - + which dbt
[2025-11-24T09:22:19.074+0000] {subprocess.py:93} INFO - /home/***/.local/bin/dbt
[2025-11-24T09:22:19.075+0000] {subprocess.py:93} INFO - + dbt --version
[2025-11-24T09:22:24.064+0000] {subprocess.py:93} INFO - Core:
[2025-11-24T09:22:24.065+0000] {subprocess.py:93} INFO -   - installed: 1.8.8
[2025-11-24T09:22:24.066+0000] {subprocess.py:93} INFO -   - latest:    1.10.15 - Update available!
[2025-11-24T09:22:24.067+0000] {subprocess.py:93} INFO - 
[2025-11-24T09:22:24.068+0000] {subprocess.py:93} INFO -   Your version of dbt-core is out of date!
[2025-11-24T09:22:24.068+0000] {subprocess.py:93} INFO -   You can find instructions for upgrading here:
[2025-11-24T09:22:24.069+0000] {subprocess.py:93} INFO -   https://docs.getdbt.com/docs/installation
[2025-11-24T09:22:24.070+0000] {subprocess.py:93} INFO - 
[2025-11-24T09:22:24.072+0000] {subprocess.py:93} INFO - Plugins:
[2025-11-24T09:22:24.073+0000] {subprocess.py:93} INFO -   - snowflake: 1.8.4 - Update available!
[2025-11-24T09:22:24.074+0000] {subprocess.py:93} INFO - 
[2025-11-24T09:22:24.075+0000] {subprocess.py:93} INFO -   At least one plugin is out of date or incompatible with dbt-core.
[2025-11-24T09:22:24.075+0000] {subprocess.py:93} INFO -   You can find instructions for upgrading here:
[2025-11-24T09:22:24.077+0000] {subprocess.py:93} INFO -   https://docs.getdbt.com/docs/installation
[2025-11-24T09:22:24.078+0000] {subprocess.py:93} INFO - 
[2025-11-24T09:22:24.079+0000] {subprocess.py:93} INFO - 
[2025-11-24T09:22:24.618+0000] {subprocess.py:97} INFO - Command exited with return code 0
[2025-11-24T09:22:24.662+0000] {taskinstance.py:340} INFO - ::group::Post task execution logs
[2025-11-24T09:22:24.663+0000] {taskinstance.py:352} INFO - Marking task as SUCCESS. dag_id=stock_elt_dbt, task_id=dbt_check, run_id=manual__2025-11-24T09:22:12.429986+00:00, execution_date=20251124T092212, start_date=20251124T092213, end_date=20251124T092224
[2025-11-24T09:22:24.713+0000] {local_task_job_runner.py:266} INFO - Task exited with return code 0
[2025-11-24T09:22:24.728+0000] {local_task_job_runner.py:245} INFO - ::endgroup::
