[2025-11-24T08:32:25.911+0000] {local_task_job_runner.py:123} INFO - ::group::Pre task execution logs
[2025-11-24T08:32:26.027+0000] {taskinstance.py:2612} INFO - Dependencies all met for dep_context=non-requeueable deps ti=<TaskInstance: stock_elt_dbt.dbt_snapshot manual__2025-11-24T08:32:23.170716+00:00 [queued]>
[2025-11-24T08:32:26.087+0000] {taskinstance.py:2612} INFO - Dependencies all met for dep_context=requeueable deps ti=<TaskInstance: stock_elt_dbt.dbt_snapshot manual__2025-11-24T08:32:23.170716+00:00 [queued]>
[2025-11-24T08:32:26.091+0000] {taskinstance.py:2865} INFO - Starting attempt 1 of 1
[2025-11-24T08:32:26.178+0000] {taskinstance.py:2888} INFO - Executing <Task(BashOperator): dbt_snapshot> on 2025-11-24 08:32:23.170716+00:00
[2025-11-24T08:32:26.215+0000] {standard_task_runner.py:104} INFO - Running: ['***', 'tasks', 'run', 'stock_elt_dbt', 'dbt_snapshot', 'manual__2025-11-24T08:32:23.170716+00:00', '--job-id', '80', '--raw', '--subdir', 'DAGS_FOLDER/stock_elt_dbt.py', '--cfg-path', '/tmp/tmpm0j5fcni']
[2025-11-24T08:32:26.238+0000] {standard_task_runner.py:105} INFO - Job 80: Subtask dbt_snapshot
[2025-11-24T08:32:26.252+0000] {logging_mixin.py:190} WARNING - /home/***/.local/lib/python3.12/site-packages/***/task/task_runner/standard_task_runner.py:70 DeprecationWarning: This process (pid=570) is multi-threaded, use of fork() may lead to deadlocks in the child.
[2025-11-24T08:32:26.262+0000] {standard_task_runner.py:72} INFO - Started process 578 to run task
[2025-11-24T08:32:26.461+0000] {task_command.py:467} INFO - Running <TaskInstance: stock_elt_dbt.dbt_snapshot manual__2025-11-24T08:32:23.170716+00:00 [running]> on host c8099c57df18
[2025-11-24T08:32:26.844+0000] {taskinstance.py:3131} INFO - Exporting env vars: AIRFLOW_CTX_DAG_OWNER='***' AIRFLOW_CTX_DAG_ID='stock_elt_dbt' AIRFLOW_CTX_TASK_ID='dbt_snapshot' AIRFLOW_CTX_EXECUTION_DATE='2025-11-24T08:32:23.170716+00:00' AIRFLOW_CTX_TRY_NUMBER='1' AIRFLOW_CTX_DAG_RUN_ID='manual__2025-11-24T08:32:23.170716+00:00'
[2025-11-24T08:32:26.847+0000] {taskinstance.py:731} INFO - ::endgroup::
[2025-11-24T08:32:26.900+0000] {subprocess.py:63} INFO - Tmp dir root location: /tmp
[2025-11-24T08:32:26.906+0000] {subprocess.py:75} INFO - Running command: ['/usr/bin/bash', '-c', 'cd /opt/***/dbt/stock_analytics && if [ -x /home/***/.local/bin/dbt ]; then DBT_BIN=/home/***/.local/bin/dbt; elif command -v dbt >/dev/null 2>&1; then DBT_BIN="$(command -v dbt)"; else DBT_BIN="python -m dbt.cli.main"; fi; $DBT_BIN snapshot --target prod']
[2025-11-24T08:32:26.926+0000] {subprocess.py:86} INFO - Output:
[2025-11-24T08:32:32.914+0000] {subprocess.py:93} INFO - [0m08:32:32  Running with dbt=1.8.8
[2025-11-24T08:32:32.926+0000] {subprocess.py:93} INFO - [0m08:32:32  Encountered an error:
[2025-11-24T08:32:32.927+0000] {subprocess.py:93} INFO - Runtime Error
[2025-11-24T08:32:32.928+0000] {subprocess.py:93} INFO -   Could not find profile named 'stock_analytics'
[2025-11-24T08:32:33.757+0000] {subprocess.py:97} INFO - Command exited with return code 2
[2025-11-24T08:32:33.786+0000] {taskinstance.py:3310} ERROR - Task failed with exception
Traceback (most recent call last):
  File "/home/airflow/.local/lib/python3.12/site-packages/airflow/models/taskinstance.py", line 767, in _execute_task
    result = _execute_callable(context=context, **execute_callable_kwargs)
             ^^^^^^^^^^^^^^^^^^^^^^^^^^^^^^^^^^^^^^^^^^^^^^^^^^^^^^^^^^^^^
  File "/home/airflow/.local/lib/python3.12/site-packages/airflow/models/taskinstance.py", line 733, in _execute_callable
    return ExecutionCallableRunner(
           ^^^^^^^^^^^^^^^^^^^^^^^^
  File "/home/airflow/.local/lib/python3.12/site-packages/airflow/utils/operator_helpers.py", line 252, in run
    return self.func(*args, **kwargs)
           ^^^^^^^^^^^^^^^^^^^^^^^^^^
  File "/home/airflow/.local/lib/python3.12/site-packages/airflow/models/baseoperator.py", line 406, in wrapper
    return func(self, *args, **kwargs)
           ^^^^^^^^^^^^^^^^^^^^^^^^^^^
  File "/home/airflow/.local/lib/python3.12/site-packages/airflow/operators/bash.py", line 249, in execute
    raise AirflowException(
airflow.exceptions.AirflowException: Bash command failed. The command returned a non-zero exit code 2.
[2025-11-24T08:32:33.796+0000] {taskinstance.py:1225} INFO - Marking task as FAILED. dag_id=stock_elt_dbt, task_id=dbt_snapshot, run_id=manual__2025-11-24T08:32:23.170716+00:00, execution_date=20251124T083223, start_date=20251124T083226, end_date=20251124T083233
[2025-11-24T08:32:33.824+0000] {taskinstance.py:340} INFO - ::group::Post task execution logs
[2025-11-24T08:32:33.825+0000] {standard_task_runner.py:124} ERROR - Failed to execute job 80 for task dbt_snapshot (Bash command failed. The command returned a non-zero exit code 2.; 578)
Traceback (most recent call last):
  File "/home/airflow/.local/lib/python3.12/site-packages/airflow/task/task_runner/standard_task_runner.py", line 117, in _start_by_fork
    ret = args.func(args, dag=self.dag)
          ^^^^^^^^^^^^^^^^^^^^^^^^^^^^^
  File "/home/airflow/.local/lib/python3.12/site-packages/airflow/cli/cli_config.py", line 49, in command
    return func(*args, **kwargs)
           ^^^^^^^^^^^^^^^^^^^^^
  File "/home/airflow/.local/lib/python3.12/site-packages/airflow/utils/cli.py", line 115, in wrapper
    return f(*args, **kwargs)
           ^^^^^^^^^^^^^^^^^^
  File "/home/airflow/.local/lib/python3.12/site-packages/airflow/cli/commands/task_command.py", line 483, in task_run
    task_return_code = _run_task_by_selected_method(args, _dag, ti)
                       ^^^^^^^^^^^^^^^^^^^^^^^^^^^^^^^^^^^^^^^^^^^^
  File "/home/airflow/.local/lib/python3.12/site-packages/airflow/cli/commands/task_command.py", line 256, in _run_task_by_selected_method
    return _run_raw_task(args, ti)
           ^^^^^^^^^^^^^^^^^^^^^^^
  File "/home/airflow/.local/lib/python3.12/site-packages/airflow/cli/commands/task_command.py", line 341, in _run_raw_task
    return ti._run_raw_task(
           ^^^^^^^^^^^^^^^^^
  File "/home/airflow/.local/lib/python3.12/site-packages/airflow/utils/session.py", line 97, in wrapper
    return func(*args, session=session, **kwargs)
           ^^^^^^^^^^^^^^^^^^^^^^^^^^^^^^^^^^^^^^
  File "/home/airflow/.local/lib/python3.12/site-packages/airflow/models/taskinstance.py", line 3004, in _run_raw_task
    return _run_raw_task(
           ^^^^^^^^^^^^^^
  File "/home/airflow/.local/lib/python3.12/site-packages/airflow/models/taskinstance.py", line 273, in _run_raw_task
    TaskInstance._execute_task_with_callbacks(
  File "/home/airflow/.local/lib/python3.12/site-packages/airflow/models/taskinstance.py", line 3158, in _execute_task_with_callbacks
    result = self._execute_task(context, task_orig)
             ^^^^^^^^^^^^^^^^^^^^^^^^^^^^^^^^^^^^^^
  File "/home/airflow/.local/lib/python3.12/site-packages/airflow/models/taskinstance.py", line 3182, in _execute_task
    return _execute_task(self, context, task_orig)
           ^^^^^^^^^^^^^^^^^^^^^^^^^^^^^^^^^^^^^^^
  File "/home/airflow/.local/lib/python3.12/site-packages/airflow/models/taskinstance.py", line 767, in _execute_task
    result = _execute_callable(context=context, **execute_callable_kwargs)
             ^^^^^^^^^^^^^^^^^^^^^^^^^^^^^^^^^^^^^^^^^^^^^^^^^^^^^^^^^^^^^
  File "/home/airflow/.local/lib/python3.12/site-packages/airflow/models/taskinstance.py", line 733, in _execute_callable
    return ExecutionCallableRunner(
           ^^^^^^^^^^^^^^^^^^^^^^^^
  File "/home/airflow/.local/lib/python3.12/site-packages/airflow/utils/operator_helpers.py", line 252, in run
    return self.func(*args, **kwargs)
           ^^^^^^^^^^^^^^^^^^^^^^^^^^
  File "/home/airflow/.local/lib/python3.12/site-packages/airflow/models/baseoperator.py", line 406, in wrapper
    return func(self, *args, **kwargs)
           ^^^^^^^^^^^^^^^^^^^^^^^^^^^
  File "/home/airflow/.local/lib/python3.12/site-packages/airflow/operators/bash.py", line 249, in execute
    raise AirflowException(
airflow.exceptions.AirflowException: Bash command failed. The command returned a non-zero exit code 2.
[2025-11-24T08:32:33.859+0000] {local_task_job_runner.py:266} INFO - Task exited with return code 1
[2025-11-24T08:32:33.907+0000] {taskinstance.py:3900} INFO - 0 downstream tasks scheduled from follow-on schedule check
[2025-11-24T08:32:33.915+0000] {local_task_job_runner.py:245} INFO - ::endgroup::
