[2025-10-06T03:00:08.506+0000] {local_task_job_runner.py:123} INFO - ::group::Pre task execution logs
[2025-10-06T03:00:08.540+0000] {taskinstance.py:2612} INFO - Dependencies all met for dep_context=non-requeueable deps ti=<TaskInstance: Stock_Forecasting_DAG.wait_for_etl_completion scheduled__2025-10-05T03:00:00+00:00 [queued]>
[2025-10-06T03:00:08.563+0000] {taskinstance.py:2612} INFO - Dependencies all met for dep_context=requeueable deps ti=<TaskInstance: Stock_Forecasting_DAG.wait_for_etl_completion scheduled__2025-10-05T03:00:00+00:00 [queued]>
[2025-10-06T03:00:08.564+0000] {taskinstance.py:2865} INFO - Starting attempt 1 of 1
[2025-10-06T03:00:08.595+0000] {taskinstance.py:2888} INFO - Executing <Task(ExternalTaskSensor): wait_for_etl_completion> on 2025-10-05 03:00:00+00:00
[2025-10-06T03:00:08.615+0000] {logging_mixin.py:190} WARNING - /home/***/.local/lib/python3.12/site-packages/***/task/task_runner/standard_task_runner.py:70 DeprecationWarning: This process (pid=4360) is multi-threaded, use of fork() may lead to deadlocks in the child.
[2025-10-06T03:00:08.618+0000] {standard_task_runner.py:104} INFO - Running: ['***', 'tasks', 'run', 'Stock_Forecasting_DAG', 'wait_for_etl_completion', 'scheduled__2025-10-05T03:00:00+00:00', '--job-id', '23', '--raw', '--subdir', 'DAGS_FOLDER/lab1.py', '--cfg-path', '/tmp/tmpx6l_637m']
[2025-10-06T03:00:08.620+0000] {standard_task_runner.py:105} INFO - Job 23: Subtask wait_for_etl_completion
[2025-10-06T03:00:08.620+0000] {standard_task_runner.py:72} INFO - Started process 4363 to run task
[2025-10-06T03:00:08.725+0000] {task_command.py:467} INFO - Running <TaskInstance: Stock_Forecasting_DAG.wait_for_etl_completion scheduled__2025-10-05T03:00:00+00:00 [running]> on host 84656391f7f8
[2025-10-06T03:00:08.925+0000] {taskinstance.py:3131} INFO - Exporting env vars: AIRFLOW_CTX_DAG_OWNER='***' AIRFLOW_CTX_DAG_ID='Stock_Forecasting_DAG' AIRFLOW_CTX_TASK_ID='wait_for_etl_completion' AIRFLOW_CTX_EXECUTION_DATE='2025-10-05T03:00:00+00:00' AIRFLOW_CTX_TRY_NUMBER='1' AIRFLOW_CTX_DAG_RUN_ID='scheduled__2025-10-05T03:00:00+00:00'
[2025-10-06T03:00:08.929+0000] {taskinstance.py:731} INFO - ::endgroup::
[2025-10-06T03:00:08.934+0000] {baseoperator.py:405} WARNING - ExternalTaskSensor.execute cannot be called outside TaskInstance!
[2025-10-06T03:00:08.935+0000] {external_task.py:274} INFO - Poking for DAG 'ETL_DAG' on 2025-10-05T03:00:00+00:00 ... 
[2025-10-06T03:00:08.939+0000] {logging_mixin.py:190} WARNING - /home/***/.local/lib/python3.12/site-packages/***/utils/session.py:97 DeprecationWarning: This method is deprecated and will be removed in future.
[2025-10-06T03:01:08.959+0000] {external_task.py:274} INFO - Poking for DAG 'ETL_DAG' on 2025-10-05T03:00:00+00:00 ... 
[2025-10-06T03:02:08.983+0000] {external_task.py:274} INFO - Poking for DAG 'ETL_DAG' on 2025-10-05T03:00:00+00:00 ... 
[2025-10-06T03:03:09.012+0000] {external_task.py:274} INFO - Poking for DAG 'ETL_DAG' on 2025-10-05T03:00:00+00:00 ... 
[2025-10-06T03:04:09.034+0000] {external_task.py:274} INFO - Poking for DAG 'ETL_DAG' on 2025-10-05T03:00:00+00:00 ... 
[2025-10-06T03:05:09.056+0000] {external_task.py:274} INFO - Poking for DAG 'ETL_DAG' on 2025-10-05T03:00:00+00:00 ... 
[2025-10-06T03:06:09.076+0000] {external_task.py:274} INFO - Poking for DAG 'ETL_DAG' on 2025-10-05T03:00:00+00:00 ... 
[2025-10-06T03:07:09.097+0000] {external_task.py:274} INFO - Poking for DAG 'ETL_DAG' on 2025-10-05T03:00:00+00:00 ... 
[2025-10-06T03:08:09.115+0000] {external_task.py:274} INFO - Poking for DAG 'ETL_DAG' on 2025-10-05T03:00:00+00:00 ... 
[2025-10-06T03:09:09.148+0000] {external_task.py:274} INFO - Poking for DAG 'ETL_DAG' on 2025-10-05T03:00:00+00:00 ... 
[2025-10-06T03:10:09.171+0000] {external_task.py:274} INFO - Poking for DAG 'ETL_DAG' on 2025-10-05T03:00:00+00:00 ... 
[2025-10-06T03:11:09.191+0000] {external_task.py:274} INFO - Poking for DAG 'ETL_DAG' on 2025-10-05T03:00:00+00:00 ... 
[2025-10-06T03:12:09.215+0000] {external_task.py:274} INFO - Poking for DAG 'ETL_DAG' on 2025-10-05T03:00:00+00:00 ... 
[2025-10-06T03:13:09.238+0000] {external_task.py:274} INFO - Poking for DAG 'ETL_DAG' on 2025-10-05T03:00:00+00:00 ... 
[2025-10-06T03:14:09.256+0000] {external_task.py:274} INFO - Poking for DAG 'ETL_DAG' on 2025-10-05T03:00:00+00:00 ... 
[2025-10-06T03:15:09.276+0000] {external_task.py:274} INFO - Poking for DAG 'ETL_DAG' on 2025-10-05T03:00:00+00:00 ... 
[2025-10-06T03:16:09.295+0000] {external_task.py:274} INFO - Poking for DAG 'ETL_DAG' on 2025-10-05T03:00:00+00:00 ... 
[2025-10-06T03:17:09.313+0000] {external_task.py:274} INFO - Poking for DAG 'ETL_DAG' on 2025-10-05T03:00:00+00:00 ... 
[2025-10-06T03:18:09.330+0000] {external_task.py:274} INFO - Poking for DAG 'ETL_DAG' on 2025-10-05T03:00:00+00:00 ... 
[2025-10-06T03:19:09.346+0000] {external_task.py:274} INFO - Poking for DAG 'ETL_DAG' on 2025-10-05T03:00:00+00:00 ... 
[2025-10-06T03:20:09.367+0000] {external_task.py:274} INFO - Poking for DAG 'ETL_DAG' on 2025-10-05T03:00:00+00:00 ... 
[2025-10-06T03:21:09.380+0000] {external_task.py:274} INFO - Poking for DAG 'ETL_DAG' on 2025-10-05T03:00:00+00:00 ... 
[2025-10-06T03:22:09.395+0000] {external_task.py:274} INFO - Poking for DAG 'ETL_DAG' on 2025-10-05T03:00:00+00:00 ... 
[2025-10-06T03:23:09.413+0000] {external_task.py:274} INFO - Poking for DAG 'ETL_DAG' on 2025-10-05T03:00:00+00:00 ... 
[2025-10-06T03:24:09.432+0000] {external_task.py:274} INFO - Poking for DAG 'ETL_DAG' on 2025-10-05T03:00:00+00:00 ... 
[2025-10-06T03:25:09.461+0000] {external_task.py:274} INFO - Poking for DAG 'ETL_DAG' on 2025-10-05T03:00:00+00:00 ... 
[2025-10-06T03:26:09.482+0000] {external_task.py:274} INFO - Poking for DAG 'ETL_DAG' on 2025-10-05T03:00:00+00:00 ... 
[2025-10-06T03:27:09.500+0000] {external_task.py:274} INFO - Poking for DAG 'ETL_DAG' on 2025-10-05T03:00:00+00:00 ... 
[2025-10-06T03:28:09.520+0000] {external_task.py:274} INFO - Poking for DAG 'ETL_DAG' on 2025-10-05T03:00:00+00:00 ... 
[2025-10-06T03:29:09.540+0000] {external_task.py:274} INFO - Poking for DAG 'ETL_DAG' on 2025-10-05T03:00:00+00:00 ... 
[2025-10-06T03:30:09.554+0000] {external_task.py:274} INFO - Poking for DAG 'ETL_DAG' on 2025-10-05T03:00:00+00:00 ... 
[2025-10-06T03:31:09.566+0000] {external_task.py:274} INFO - Poking for DAG 'ETL_DAG' on 2025-10-05T03:00:00+00:00 ... 
[2025-10-06T03:32:09.585+0000] {external_task.py:274} INFO - Poking for DAG 'ETL_DAG' on 2025-10-05T03:00:00+00:00 ... 
[2025-10-06T03:33:09.730+0000] {external_task.py:274} INFO - Poking for DAG 'ETL_DAG' on 2025-10-05T03:00:00+00:00 ... 
[2025-10-06T03:34:09.748+0000] {external_task.py:274} INFO - Poking for DAG 'ETL_DAG' on 2025-10-05T03:00:00+00:00 ... 
[2025-10-06T03:35:09.767+0000] {external_task.py:274} INFO - Poking for DAG 'ETL_DAG' on 2025-10-05T03:00:00+00:00 ... 
[2025-10-06T03:36:09.788+0000] {external_task.py:274} INFO - Poking for DAG 'ETL_DAG' on 2025-10-05T03:00:00+00:00 ... 
[2025-10-06T03:37:09.806+0000] {external_task.py:274} INFO - Poking for DAG 'ETL_DAG' on 2025-10-05T03:00:00+00:00 ... 
[2025-10-06T03:38:09.819+0000] {external_task.py:274} INFO - Poking for DAG 'ETL_DAG' on 2025-10-05T03:00:00+00:00 ... 
[2025-10-06T03:39:09.837+0000] {external_task.py:274} INFO - Poking for DAG 'ETL_DAG' on 2025-10-05T03:00:00+00:00 ... 
[2025-10-06T03:40:09.852+0000] {external_task.py:274} INFO - Poking for DAG 'ETL_DAG' on 2025-10-05T03:00:00+00:00 ... 
[2025-10-06T03:41:09.873+0000] {external_task.py:274} INFO - Poking for DAG 'ETL_DAG' on 2025-10-05T03:00:00+00:00 ... 
[2025-10-06T03:42:09.890+0000] {external_task.py:274} INFO - Poking for DAG 'ETL_DAG' on 2025-10-05T03:00:00+00:00 ... 
[2025-10-06T03:43:09.906+0000] {external_task.py:274} INFO - Poking for DAG 'ETL_DAG' on 2025-10-05T03:00:00+00:00 ... 
[2025-10-06T03:44:09.924+0000] {external_task.py:274} INFO - Poking for DAG 'ETL_DAG' on 2025-10-05T03:00:00+00:00 ... 
[2025-10-06T03:45:09.941+0000] {external_task.py:274} INFO - Poking for DAG 'ETL_DAG' on 2025-10-05T03:00:00+00:00 ... 
[2025-10-06T03:46:09.962+0000] {external_task.py:274} INFO - Poking for DAG 'ETL_DAG' on 2025-10-05T03:00:00+00:00 ... 
[2025-10-06T03:47:09.980+0000] {external_task.py:274} INFO - Poking for DAG 'ETL_DAG' on 2025-10-05T03:00:00+00:00 ... 
[2025-10-06T03:48:09.993+0000] {external_task.py:274} INFO - Poking for DAG 'ETL_DAG' on 2025-10-05T03:00:00+00:00 ... 
[2025-10-06T03:49:09.889+0000] {external_task.py:274} INFO - Poking for DAG 'ETL_DAG' on 2025-10-05T03:00:00+00:00 ... 
[2025-10-06T03:50:10.035+0000] {external_task.py:274} INFO - Poking for DAG 'ETL_DAG' on 2025-10-05T03:00:00+00:00 ... 
[2025-10-06T03:51:10.060+0000] {external_task.py:274} INFO - Poking for DAG 'ETL_DAG' on 2025-10-05T03:00:00+00:00 ... 
[2025-10-06T03:52:10.103+0000] {external_task.py:274} INFO - Poking for DAG 'ETL_DAG' on 2025-10-05T03:00:00+00:00 ... 
[2025-10-06T03:53:10.119+0000] {external_task.py:274} INFO - Poking for DAG 'ETL_DAG' on 2025-10-05T03:00:00+00:00 ... 
[2025-10-06T03:54:10.130+0000] {external_task.py:274} INFO - Poking for DAG 'ETL_DAG' on 2025-10-05T03:00:00+00:00 ... 
[2025-10-06T03:55:10.150+0000] {external_task.py:274} INFO - Poking for DAG 'ETL_DAG' on 2025-10-05T03:00:00+00:00 ... 
[2025-10-06T03:56:10.170+0000] {external_task.py:274} INFO - Poking for DAG 'ETL_DAG' on 2025-10-05T03:00:00+00:00 ... 
[2025-10-06T03:57:10.232+0000] {external_task.py:274} INFO - Poking for DAG 'ETL_DAG' on 2025-10-05T03:00:00+00:00 ... 
[2025-10-06T03:58:10.265+0000] {external_task.py:274} INFO - Poking for DAG 'ETL_DAG' on 2025-10-05T03:00:00+00:00 ... 
[2025-10-06T03:59:10.279+0000] {external_task.py:274} INFO - Poking for DAG 'ETL_DAG' on 2025-10-05T03:00:00+00:00 ... 
[2025-10-06T04:00:10.299+0000] {external_task.py:274} INFO - Poking for DAG 'ETL_DAG' on 2025-10-05T03:00:00+00:00 ... 
[2025-10-06T04:00:10.479+0000] {taskinstance.py:3310} ERROR - Task failed with exception
Traceback (most recent call last):
  File "/home/airflow/.local/lib/python3.12/site-packages/airflow/models/taskinstance.py", line 767, in _execute_task
    result = _execute_callable(context=context, **execute_callable_kwargs)
             ^^^^^^^^^^^^^^^^^^^^^^^^^^^^^^^^^^^^^^^^^^^^^^^^^^^^^^^^^^^^^
  File "/home/airflow/.local/lib/python3.12/site-packages/airflow/models/taskinstance.py", line 733, in _execute_callable
    return ExecutionCallableRunner(
           ^^^^^^^^^^^^^^^^^^^^^^^^
  File "/home/airflow/.local/lib/python3.12/site-packages/airflow/utils/operator_helpers.py", line 252, in run
    return self.func(*args, **kwargs)
           ^^^^^^^^^^^^^^^^^^^^^^^^^^
  File "/home/airflow/.local/lib/python3.12/site-packages/airflow/models/baseoperator.py", line 406, in wrapper
    return func(self, *args, **kwargs)
           ^^^^^^^^^^^^^^^^^^^^^^^^^^^
  File "/home/airflow/.local/lib/python3.12/site-packages/airflow/sensors/external_task.py", line 348, in execute
    super().execute(context)
  File "/home/airflow/.local/lib/python3.12/site-packages/airflow/models/baseoperator.py", line 406, in wrapper
    return func(self, *args, **kwargs)
           ^^^^^^^^^^^^^^^^^^^^^^^^^^^
  File "/home/airflow/.local/lib/python3.12/site-packages/airflow/sensors/base.py", line 323, in execute
    raise AirflowSensorTimeout(message)
airflow.exceptions.AirflowSensorTimeout: Sensor has timed out; run duration of 3601.5496509130026 seconds exceeds the specified timeout of 3600.0.
[2025-10-06T04:00:10.844+0000] {taskinstance.py:1225} INFO - Immediate failure requested. Marking task as FAILED. dag_id=Stock_Forecasting_DAG, task_id=wait_for_etl_completion, run_id=scheduled__2025-10-05T03:00:00+00:00, execution_date=20251005T030000, start_date=20251006T030008, end_date=20251006T040010
[2025-10-06T04:00:11.048+0000] {taskinstance.py:340} INFO - ::group::Post task execution logs
[2025-10-06T04:00:11.060+0000] {standard_task_runner.py:124} ERROR - Failed to execute job 23 for task wait_for_etl_completion (Sensor has timed out; run duration of 3601.5496509130026 seconds exceeds the specified timeout of 3600.0.; 4363)
Traceback (most recent call last):
  File "/home/airflow/.local/lib/python3.12/site-packages/airflow/task/task_runner/standard_task_runner.py", line 117, in _start_by_fork
    ret = args.func(args, dag=self.dag)
          ^^^^^^^^^^^^^^^^^^^^^^^^^^^^^
  File "/home/airflow/.local/lib/python3.12/site-packages/airflow/cli/cli_config.py", line 49, in command
    return func(*args, **kwargs)
           ^^^^^^^^^^^^^^^^^^^^^
  File "/home/airflow/.local/lib/python3.12/site-packages/airflow/utils/cli.py", line 115, in wrapper
    return f(*args, **kwargs)
           ^^^^^^^^^^^^^^^^^^
  File "/home/airflow/.local/lib/python3.12/site-packages/airflow/cli/commands/task_command.py", line 483, in task_run
    task_return_code = _run_task_by_selected_method(args, _dag, ti)
                       ^^^^^^^^^^^^^^^^^^^^^^^^^^^^^^^^^^^^^^^^^^^^
  File "/home/airflow/.local/lib/python3.12/site-packages/airflow/cli/commands/task_command.py", line 256, in _run_task_by_selected_method
    return _run_raw_task(args, ti)
           ^^^^^^^^^^^^^^^^^^^^^^^
  File "/home/airflow/.local/lib/python3.12/site-packages/airflow/cli/commands/task_command.py", line 341, in _run_raw_task
    return ti._run_raw_task(
           ^^^^^^^^^^^^^^^^^
  File "/home/airflow/.local/lib/python3.12/site-packages/airflow/utils/session.py", line 97, in wrapper
    return func(*args, session=session, **kwargs)
           ^^^^^^^^^^^^^^^^^^^^^^^^^^^^^^^^^^^^^^
  File "/home/airflow/.local/lib/python3.12/site-packages/airflow/models/taskinstance.py", line 3004, in _run_raw_task
    return _run_raw_task(
           ^^^^^^^^^^^^^^
  File "/home/airflow/.local/lib/python3.12/site-packages/airflow/models/taskinstance.py", line 273, in _run_raw_task
    TaskInstance._execute_task_with_callbacks(
  File "/home/airflow/.local/lib/python3.12/site-packages/airflow/models/taskinstance.py", line 3158, in _execute_task_with_callbacks
    result = self._execute_task(context, task_orig)
             ^^^^^^^^^^^^^^^^^^^^^^^^^^^^^^^^^^^^^^
  File "/home/airflow/.local/lib/python3.12/site-packages/airflow/models/taskinstance.py", line 3182, in _execute_task
    return _execute_task(self, context, task_orig)
           ^^^^^^^^^^^^^^^^^^^^^^^^^^^^^^^^^^^^^^^
  File "/home/airflow/.local/lib/python3.12/site-packages/airflow/models/taskinstance.py", line 767, in _execute_task
    result = _execute_callable(context=context, **execute_callable_kwargs)
             ^^^^^^^^^^^^^^^^^^^^^^^^^^^^^^^^^^^^^^^^^^^^^^^^^^^^^^^^^^^^^
  File "/home/airflow/.local/lib/python3.12/site-packages/airflow/models/taskinstance.py", line 733, in _execute_callable
    return ExecutionCallableRunner(
           ^^^^^^^^^^^^^^^^^^^^^^^^
  File "/home/airflow/.local/lib/python3.12/site-packages/airflow/utils/operator_helpers.py", line 252, in run
    return self.func(*args, **kwargs)
           ^^^^^^^^^^^^^^^^^^^^^^^^^^
  File "/home/airflow/.local/lib/python3.12/site-packages/airflow/models/baseoperator.py", line 406, in wrapper
    return func(self, *args, **kwargs)
           ^^^^^^^^^^^^^^^^^^^^^^^^^^^
  File "/home/airflow/.local/lib/python3.12/site-packages/airflow/sensors/external_task.py", line 348, in execute
    super().execute(context)
  File "/home/airflow/.local/lib/python3.12/site-packages/airflow/models/baseoperator.py", line 406, in wrapper
    return func(self, *args, **kwargs)
           ^^^^^^^^^^^^^^^^^^^^^^^^^^^
  File "/home/airflow/.local/lib/python3.12/site-packages/airflow/sensors/base.py", line 323, in execute
    raise AirflowSensorTimeout(message)
airflow.exceptions.AirflowSensorTimeout: Sensor has timed out; run duration of 3601.5496509130026 seconds exceeds the specified timeout of 3600.0.
[2025-10-06T04:00:11.169+0000] {local_task_job_runner.py:266} INFO - Task exited with return code 1
[2025-10-06T04:00:11.263+0000] {taskinstance.py:3925} ERROR - Error scheduling downstream tasks. Skipping it as this is entirely optional optimisation. There might be various reasons for it, please take a look at the stack trace to figure out if the root cause can be diagnosed and fixed. See the issue https://github.com/apache/***/issues/39717 for details and an example problem. If you would like to get help in solving root cause, open discussion with all details with your managed service support or in Airflow repository.
Traceback (most recent call last):
  File "/home/airflow/.local/lib/python3.12/site-packages/airflow/models/taskinstance.py", line 3921, in schedule_downstream_tasks
    return TaskInstance._schedule_downstream_tasks(
           ^^^^^^^^^^^^^^^^^^^^^^^^^^^^^^^^^^^^^^^^
  File "/home/airflow/.local/lib/python3.12/site-packages/airflow/utils/session.py", line 94, in wrapper
    return func(*args, **kwargs)
           ^^^^^^^^^^^^^^^^^^^^^
  File "/home/airflow/.local/lib/python3.12/site-packages/airflow/models/taskinstance.py", line 3870, in _schedule_downstream_tasks
    partial_dag = task.dag.partial_subset(
                  ^^^^^^^^^^^^^^^^^^^^^^^^
  File "/home/airflow/.local/lib/python3.12/site-packages/airflow/models/dag.py", line 2664, in partial_subset
    t.task_id: _deepcopy_task(t)
               ^^^^^^^^^^^^^^^^^
  File "/home/airflow/.local/lib/python3.12/site-packages/airflow/models/dag.py", line 2661, in _deepcopy_task
    return copy.deepcopy(t, memo)
           ^^^^^^^^^^^^^^^^^^^^^^
  File "/usr/local/lib/python3.12/copy.py", line 143, in deepcopy
    y = copier(memo)
        ^^^^^^^^^^^^
  File "/home/airflow/.local/lib/python3.12/site-packages/airflow/models/baseoperator.py", line 1388, in __deepcopy__
    setattr(result, k, copy.deepcopy(v, memo))
                       ^^^^^^^^^^^^^^^^^^^^^^
  File "/usr/local/lib/python3.12/copy.py", line 136, in deepcopy
    y = copier(x, memo)
        ^^^^^^^^^^^^^^^
  File "/usr/local/lib/python3.12/copy.py", line 221, in _deepcopy_dict
    y[deepcopy(key, memo)] = deepcopy(value, memo)
                             ^^^^^^^^^^^^^^^^^^^^^
  File "/usr/local/lib/python3.12/copy.py", line 136, in deepcopy
    y = copier(x, memo)
        ^^^^^^^^^^^^^^^
  File "/usr/local/lib/python3.12/copy.py", line 201, in _deepcopy_tuple
    y = [deepcopy(a, memo) for a in x]
         ^^^^^^^^^^^^^^^^^
  File "/usr/local/lib/python3.12/copy.py", line 162, in deepcopy
    y = _reconstruct(x, memo, *rv)
        ^^^^^^^^^^^^^^^^^^^^^^^^^^
  File "/usr/local/lib/python3.12/copy.py", line 259, in _reconstruct
    state = deepcopy(state, memo)
            ^^^^^^^^^^^^^^^^^^^^^
  File "/usr/local/lib/python3.12/copy.py", line 136, in deepcopy
    y = copier(x, memo)
        ^^^^^^^^^^^^^^^
  File "/usr/local/lib/python3.12/copy.py", line 221, in _deepcopy_dict
    y[deepcopy(key, memo)] = deepcopy(value, memo)
                             ^^^^^^^^^^^^^^^^^^^^^
  File "/usr/local/lib/python3.12/copy.py", line 162, in deepcopy
    y = _reconstruct(x, memo, *rv)
        ^^^^^^^^^^^^^^^^^^^^^^^^^^
  File "/usr/local/lib/python3.12/copy.py", line 259, in _reconstruct
    state = deepcopy(state, memo)
            ^^^^^^^^^^^^^^^^^^^^^
  File "/usr/local/lib/python3.12/copy.py", line 136, in deepcopy
    y = copier(x, memo)
        ^^^^^^^^^^^^^^^
  File "/usr/local/lib/python3.12/copy.py", line 221, in _deepcopy_dict
    y[deepcopy(key, memo)] = deepcopy(value, memo)
                             ^^^^^^^^^^^^^^^^^^^^^
  File "/usr/local/lib/python3.12/copy.py", line 151, in deepcopy
    rv = reductor(4)
         ^^^^^^^^^^^
TypeError: cannot pickle '_thread.lock' object
[2025-10-06T04:00:11.291+0000] {local_task_job_runner.py:245} INFO - ::endgroup::
