[2025-11-25T06:14:56.990+0000] {local_task_job_runner.py:123} INFO - ::group::Pre task execution logs
[2025-11-25T06:14:57.023+0000] {taskinstance.py:2612} INFO - Dependencies all met for dep_context=non-requeueable deps ti=<TaskInstance: stock_elt_dbt.dbt_snapshot manual__2025-11-25T06:14:27.070122+00:00 [queued]>
[2025-11-25T06:14:57.039+0000] {taskinstance.py:2612} INFO - Dependencies all met for dep_context=requeueable deps ti=<TaskInstance: stock_elt_dbt.dbt_snapshot manual__2025-11-25T06:14:27.070122+00:00 [queued]>
[2025-11-25T06:14:57.040+0000] {taskinstance.py:2865} INFO - Starting attempt 1 of 1
[2025-11-25T06:14:57.062+0000] {taskinstance.py:2888} INFO - Executing <Task(BashOperator): dbt_snapshot> on 2025-11-25 06:14:27.070122+00:00
[2025-11-25T06:14:57.082+0000] {standard_task_runner.py:104} INFO - Running: ['***', 'tasks', 'run', 'stock_elt_dbt', 'dbt_snapshot', 'manual__2025-11-25T06:14:27.070122+00:00', '--job-id', '163', '--raw', '--subdir', 'DAGS_FOLDER/stock_elt_dbt.py', '--cfg-path', '/tmp/tmpp8gbrdrs']
[2025-11-25T06:14:57.087+0000] {standard_task_runner.py:105} INFO - Job 163: Subtask dbt_snapshot
[2025-11-25T06:14:57.091+0000] {logging_mixin.py:190} WARNING - /home/***/.local/lib/python3.12/site-packages/***/task/task_runner/standard_task_runner.py:70 DeprecationWarning: This process (pid=8304) is multi-threaded, use of fork() may lead to deadlocks in the child.
[2025-11-25T06:14:57.094+0000] {standard_task_runner.py:72} INFO - Started process 8305 to run task
[2025-11-25T06:14:57.167+0000] {task_command.py:467} INFO - Running <TaskInstance: stock_elt_dbt.dbt_snapshot manual__2025-11-25T06:14:27.070122+00:00 [running]> on host 70371839f9d1
[2025-11-25T06:14:57.334+0000] {taskinstance.py:3131} INFO - Exporting env vars: AIRFLOW_CTX_DAG_OWNER='***' AIRFLOW_CTX_DAG_ID='stock_elt_dbt' AIRFLOW_CTX_TASK_ID='dbt_snapshot' AIRFLOW_CTX_EXECUTION_DATE='2025-11-25T06:14:27.070122+00:00' AIRFLOW_CTX_TRY_NUMBER='1' AIRFLOW_CTX_DAG_RUN_ID='manual__2025-11-25T06:14:27.070122+00:00'
[2025-11-25T06:14:57.336+0000] {taskinstance.py:731} INFO - ::endgroup::
[2025-11-25T06:14:57.363+0000] {subprocess.py:63} INFO - Tmp dir root location: /tmp
[2025-11-25T06:14:57.364+0000] {subprocess.py:75} INFO - Running command: ['/usr/bin/bash', '-c', 'cd /opt/***/dbt/stock_analytics\n    export DBT_PROFILES_DIR=/opt/***/dbt\n\n    if [ -x /home/***/.local/bin/dbt ]; then\n      DBT_BIN=/home/***/.local/bin/dbt\n    elif command -v dbt >/dev/null 2>&1; then\n      DBT_BIN="$(command -v dbt)"\n    else\n      DBT_BIN="python -m dbt.cli.main"\n    fi\n\n    $DBT_BIN snapshot --target prod --profiles-dir "$DBT_PROFILES_DIR"']
[2025-11-25T06:14:57.379+0000] {subprocess.py:86} INFO - Output:
[2025-11-25T06:15:01.210+0000] {subprocess.py:93} INFO - [0m06:15:01  Running with dbt=1.8.8
[2025-11-25T06:15:03.084+0000] {subprocess.py:93} INFO - [0m06:15:03  Registered adapter: snowflake=1.8.4
[2025-11-25T06:15:03.834+0000] {subprocess.py:93} INFO - [0m06:15:03  Found 4 models, 1 snapshot, 7 data tests, 1 source, 454 macros
[2025-11-25T06:15:03.840+0000] {subprocess.py:93} INFO - [0m06:15:03
[2025-11-25T06:15:05.248+0000] {subprocess.py:93} INFO - [0m06:15:05  Concurrency: 4 threads (target='prod')
[2025-11-25T06:15:05.250+0000] {subprocess.py:93} INFO - [0m06:15:05
[2025-11-25T06:15:05.272+0000] {subprocess.py:93} INFO - [0m06:15:05  1 of 1 START snapshot ANALYTICS.snap_market_data ............................... [RUN]
[2025-11-25T06:15:09.832+0000] {subprocess.py:93} INFO - [0m06:15:09  1 of 1 OK snapshotted ANALYTICS.snap_market_data ............................... [[32mSUCCESS 0[0m in 4.55s]
[2025-11-25T06:15:09.843+0000] {subprocess.py:93} INFO - [0m06:15:09
[2025-11-25T06:15:09.845+0000] {subprocess.py:93} INFO - [0m06:15:09  Finished running 1 snapshot in 0 hours 0 minutes and 6.00 seconds (6.00s).
[2025-11-25T06:15:09.930+0000] {subprocess.py:93} INFO - [0m06:15:09
[2025-11-25T06:15:09.931+0000] {subprocess.py:93} INFO - [0m06:15:09  [32mCompleted successfully[0m
[2025-11-25T06:15:09.932+0000] {subprocess.py:93} INFO - [0m06:15:09
[2025-11-25T06:15:09.934+0000] {subprocess.py:93} INFO - [0m06:15:09  Done. PASS=1 WARN=0 ERROR=0 SKIP=0 TOTAL=1
[2025-11-25T06:15:10.900+0000] {subprocess.py:97} INFO - Command exited with return code 0
[2025-11-25T06:15:10.939+0000] {taskinstance.py:340} INFO - ::group::Post task execution logs
[2025-11-25T06:15:10.940+0000] {taskinstance.py:352} INFO - Marking task as SUCCESS. dag_id=stock_elt_dbt, task_id=dbt_snapshot, run_id=manual__2025-11-25T06:14:27.070122+00:00, execution_date=20251125T061427, start_date=20251125T061457, end_date=20251125T061510
[2025-11-25T06:15:10.978+0000] {local_task_job_runner.py:266} INFO - Task exited with return code 0
[2025-11-25T06:15:11.015+0000] {taskinstance.py:3900} INFO - 1 downstream tasks scheduled from follow-on schedule check
[2025-11-25T06:15:11.019+0000] {local_task_job_runner.py:245} INFO - ::endgroup::
