[2025-11-25T06:14:28.573+0000] {local_task_job_runner.py:123} INFO - ::group::Pre task execution logs
[2025-11-25T06:14:28.604+0000] {taskinstance.py:2612} INFO - Dependencies all met for dep_context=non-requeueable deps ti=<TaskInstance: stock_elt_dbt.dbt_deps manual__2025-11-25T06:14:27.070122+00:00 [queued]>
[2025-11-25T06:14:28.623+0000] {taskinstance.py:2612} INFO - Dependencies all met for dep_context=requeueable deps ti=<TaskInstance: stock_elt_dbt.dbt_deps manual__2025-11-25T06:14:27.070122+00:00 [queued]>
[2025-11-25T06:14:28.624+0000] {taskinstance.py:2865} INFO - Starting attempt 1 of 1
[2025-11-25T06:14:28.647+0000] {taskinstance.py:2888} INFO - Executing <Task(BashOperator): dbt_deps> on 2025-11-25 06:14:27.070122+00:00
[2025-11-25T06:14:28.666+0000] {standard_task_runner.py:104} INFO - Running: ['***', 'tasks', 'run', 'stock_elt_dbt', 'dbt_deps', 'manual__2025-11-25T06:14:27.070122+00:00', '--job-id', '161', '--raw', '--subdir', 'DAGS_FOLDER/stock_elt_dbt.py', '--cfg-path', '/tmp/tmpqjhj7gvs']
[2025-11-25T06:14:28.670+0000] {standard_task_runner.py:105} INFO - Job 161: Subtask dbt_deps
[2025-11-25T06:14:28.673+0000] {logging_mixin.py:190} WARNING - /home/***/.local/lib/python3.12/site-packages/***/task/task_runner/standard_task_runner.py:70 DeprecationWarning: This process (pid=8240) is multi-threaded, use of fork() may lead to deadlocks in the child.
[2025-11-25T06:14:28.675+0000] {standard_task_runner.py:72} INFO - Started process 8241 to run task
[2025-11-25T06:14:28.743+0000] {task_command.py:467} INFO - Running <TaskInstance: stock_elt_dbt.dbt_deps manual__2025-11-25T06:14:27.070122+00:00 [running]> on host 70371839f9d1
[2025-11-25T06:14:28.943+0000] {taskinstance.py:3131} INFO - Exporting env vars: AIRFLOW_CTX_DAG_OWNER='***' AIRFLOW_CTX_DAG_ID='stock_elt_dbt' AIRFLOW_CTX_TASK_ID='dbt_deps' AIRFLOW_CTX_EXECUTION_DATE='2025-11-25T06:14:27.070122+00:00' AIRFLOW_CTX_TRY_NUMBER='1' AIRFLOW_CTX_DAG_RUN_ID='manual__2025-11-25T06:14:27.070122+00:00'
[2025-11-25T06:14:28.946+0000] {taskinstance.py:731} INFO - ::endgroup::
[2025-11-25T06:14:28.977+0000] {subprocess.py:63} INFO - Tmp dir root location: /tmp
[2025-11-25T06:14:28.978+0000] {subprocess.py:75} INFO - Running command: ['/usr/bin/bash', '-c', 'cd /opt/***/dbt/stock_analytics\n    export DBT_PROFILES_DIR=/opt/***/dbt\n\n    if [ -x /home/***/.local/bin/dbt ]; then\n      DBT_BIN=/home/***/.local/bin/dbt\n    elif command -v dbt >/dev/null 2>&1; then\n      DBT_BIN="$(command -v dbt)"\n    else\n      DBT_BIN="python -m dbt.cli.main"\n    fi\n\n    $DBT_BIN deps --profiles-dir "$DBT_PROFILES_DIR"']
[2025-11-25T06:14:29.000+0000] {subprocess.py:86} INFO - Output:
[2025-11-25T06:14:35.917+0000] {subprocess.py:93} INFO - [0m06:14:35  Running with dbt=1.8.8
[2025-11-25T06:14:36.664+0000] {subprocess.py:93} INFO - [0m06:14:36  Warning: No packages were found in packages.yml
[2025-11-25T06:14:36.672+0000] {subprocess.py:93} INFO - [0m06:14:36  Warning: No packages were found in packages.yml
[2025-11-25T06:14:37.579+0000] {subprocess.py:97} INFO - Command exited with return code 0
[2025-11-25T06:14:37.631+0000] {taskinstance.py:340} INFO - ::group::Post task execution logs
[2025-11-25T06:14:37.632+0000] {taskinstance.py:352} INFO - Marking task as SUCCESS. dag_id=stock_elt_dbt, task_id=dbt_deps, run_id=manual__2025-11-25T06:14:27.070122+00:00, execution_date=20251125T061427, start_date=20251125T061428, end_date=20251125T061437
[2025-11-25T06:14:37.717+0000] {local_task_job_runner.py:266} INFO - Task exited with return code 0
[2025-11-25T06:14:37.771+0000] {taskinstance.py:3900} INFO - 1 downstream tasks scheduled from follow-on schedule check
[2025-11-25T06:14:37.774+0000] {local_task_job_runner.py:245} INFO - ::endgroup::
