[2025-10-28T19:30:19.818+0000] {local_task_job_runner.py:123} INFO - ::group::Pre task execution logs
[2025-10-28T19:30:19.874+0000] {taskinstance.py:2612} INFO - Dependencies all met for dep_context=non-requeueable deps ti=<TaskInstance: Stock_Forecasting_DAG.predict scheduled__2025-10-27T03:00:00+00:00 [queued]>
[2025-10-28T19:30:19.918+0000] {taskinstance.py:2612} INFO - Dependencies all met for dep_context=requeueable deps ti=<TaskInstance: Stock_Forecasting_DAG.predict scheduled__2025-10-27T03:00:00+00:00 [queued]>
[2025-10-28T19:30:19.922+0000] {taskinstance.py:2865} INFO - Starting attempt 1 of 1
[2025-10-28T19:30:20.032+0000] {taskinstance.py:2888} INFO - Executing <Task(_PythonDecoratedOperator): predict> on 2025-10-27 03:00:00+00:00
[2025-10-28T19:30:20.093+0000] {logging_mixin.py:190} WARNING - /home/***/.local/lib/python3.12/site-packages/***/task/task_runner/standard_task_runner.py:70 DeprecationWarning: This process (pid=501) is multi-threaded, use of fork() may lead to deadlocks in the child.
[2025-10-28T19:30:20.112+0000] {standard_task_runner.py:72} INFO - Started process 520 to run task
[2025-10-28T19:30:20.196+0000] {standard_task_runner.py:104} INFO - Running: ['***', 'tasks', 'run', 'Stock_Forecasting_DAG', 'predict', 'scheduled__2025-10-27T03:00:00+00:00', '--job-id', '171', '--raw', '--subdir', 'DAGS_FOLDER/lab1.py', '--cfg-path', '/tmp/tmpr4jgiyxu']
[2025-10-28T19:30:20.298+0000] {standard_task_runner.py:105} INFO - Job 171: Subtask predict
[2025-10-28T19:30:20.762+0000] {task_command.py:467} INFO - Running <TaskInstance: Stock_Forecasting_DAG.predict scheduled__2025-10-27T03:00:00+00:00 [running]> on host f515708a0f95
[2025-10-28T19:30:21.329+0000] {taskinstance.py:3131} INFO - Exporting env vars: AIRFLOW_CTX_DAG_OWNER='***' AIRFLOW_CTX_DAG_ID='Stock_Forecasting_DAG' AIRFLOW_CTX_TASK_ID='predict' AIRFLOW_CTX_EXECUTION_DATE='2025-10-27T03:00:00+00:00' AIRFLOW_CTX_TRY_NUMBER='1' AIRFLOW_CTX_DAG_RUN_ID='scheduled__2025-10-27T03:00:00+00:00'
[2025-10-28T19:30:21.344+0000] {taskinstance.py:731} INFO - ::endgroup::
[2025-10-28T19:30:50.597+0000] {cursor.py:1156} INFO - Number of results in first chunk: 1
[2025-10-28T19:30:50.919+0000] {cursor.py:1156} INFO - Number of results in first chunk: 1
[2025-10-28T19:30:52.146+0000] {cursor.py:1156} INFO - Number of results in first chunk: 1
[2025-10-28T19:30:52.154+0000] {python.py:240} INFO - Done. Returned value was: None
[2025-10-28T19:30:52.280+0000] {taskinstance.py:340} INFO - ::group::Post task execution logs
[2025-10-28T19:30:52.288+0000] {taskinstance.py:352} INFO - Marking task as SUCCESS. dag_id=Stock_Forecasting_DAG, task_id=predict, run_id=scheduled__2025-10-27T03:00:00+00:00, execution_date=20251027T030000, start_date=20251028T193019, end_date=20251028T193052
[2025-10-28T19:30:52.751+0000] {local_task_job_runner.py:266} INFO - Task exited with return code 0
[2025-10-28T19:30:52.895+0000] {taskinstance.py:3900} INFO - 0 downstream tasks scheduled from follow-on schedule check
[2025-10-28T19:30:52.996+0000] {local_task_job_runner.py:245} INFO - ::endgroup::
