[2025-11-24T02:14:54.267+0000] {local_task_job_runner.py:123} INFO - ::group::Pre task execution logs
[2025-11-24T02:14:54.293+0000] {taskinstance.py:2612} INFO - Dependencies all met for dep_context=non-requeueable deps ti=<TaskInstance: stock_etl_yfinance.load_to_snowflake manual__2025-11-24T02:14:23.042048+00:00 [queued]>
[2025-11-24T02:14:54.309+0000] {taskinstance.py:2612} INFO - Dependencies all met for dep_context=requeueable deps ti=<TaskInstance: stock_etl_yfinance.load_to_snowflake manual__2025-11-24T02:14:23.042048+00:00 [queued]>
[2025-11-24T02:14:54.310+0000] {taskinstance.py:2865} INFO - Starting attempt 1 of 2
[2025-11-24T02:14:54.331+0000] {taskinstance.py:2888} INFO - Executing <Task(_PythonDecoratedOperator): load_to_snowflake> on 2025-11-24 02:14:23.042048+00:00
[2025-11-24T02:14:54.345+0000] {logging_mixin.py:190} WARNING - /home/***/.local/lib/python3.12/site-packages/***/task/task_runner/standard_task_runner.py:70 DeprecationWarning: This process (pid=4025) is multi-threaded, use of fork() may lead to deadlocks in the child.
[2025-11-24T02:14:54.345+0000] {standard_task_runner.py:104} INFO - Running: ['***', 'tasks', 'run', 'stock_etl_yfinance', 'load_to_snowflake', 'manual__2025-11-24T02:14:23.042048+00:00', '--job-id', '8', '--raw', '--subdir', 'DAGS_FOLDER/stock_etl_yfinance.py', '--cfg-path', '/tmp/tmp3m4hdqsy']
[2025-11-24T02:14:54.347+0000] {standard_task_runner.py:72} INFO - Started process 4028 to run task
[2025-11-24T02:14:54.347+0000] {standard_task_runner.py:105} INFO - Job 8: Subtask load_to_snowflake
[2025-11-24T02:14:54.425+0000] {task_command.py:467} INFO - Running <TaskInstance: stock_etl_yfinance.load_to_snowflake manual__2025-11-24T02:14:23.042048+00:00 [running]> on host dc467a0567ff
[2025-11-24T02:14:54.578+0000] {taskinstance.py:3131} INFO - Exporting env vars: AIRFLOW_CTX_DAG_OWNER='lab2' AIRFLOW_CTX_DAG_ID='stock_etl_yfinance' AIRFLOW_CTX_TASK_ID='load_to_snowflake' AIRFLOW_CTX_EXECUTION_DATE='2025-11-24T02:14:23.042048+00:00' AIRFLOW_CTX_TRY_NUMBER='1' AIRFLOW_CTX_DAG_RUN_ID='manual__2025-11-24T02:14:23.042048+00:00'
[2025-11-24T02:14:54.580+0000] {taskinstance.py:731} INFO - ::endgroup::
[2025-11-24T02:14:54.600+0000] {base.py:84} INFO - Retrieving connection 'snowflake_conn'
[2025-11-24T02:14:54.602+0000] {connection.py:399} INFO - Snowflake Connector for Python Version: 3.10.0, Python Version: 3.12.5, Platform: Linux-6.12.54-linuxkit-x86_64-with-glibc2.36
[2025-11-24T02:14:54.603+0000] {connection.py:1239} INFO - This connection is in OCSP Fail Open Mode. TLS Certificates would be checked for validity and revocation status. Any other Certificate Revocation related exceptions or OCSP Responder failures would be disregarded in favor of connectivity.
[2025-11-24T02:14:55.835+0000] {cursor.py:1149} INFO - Number of results in first chunk: 1
[2025-11-24T02:14:55.839+0000] {python.py:240} INFO - Done. Returned value was: no-records
[2025-11-24T02:14:55.908+0000] {taskinstance.py:340} INFO - ::group::Post task execution logs
[2025-11-24T02:14:55.909+0000] {taskinstance.py:352} INFO - Marking task as SUCCESS. dag_id=stock_etl_yfinance, task_id=load_to_snowflake, run_id=manual__2025-11-24T02:14:23.042048+00:00, execution_date=20251124T021423, start_date=20251124T021454, end_date=20251124T021455
[2025-11-24T02:14:55.976+0000] {local_task_job_runner.py:266} INFO - Task exited with return code 0
[2025-11-24T02:14:56.059+0000] {taskinstance.py:3900} INFO - 0 downstream tasks scheduled from follow-on schedule check
[2025-11-24T02:14:56.071+0000] {local_task_job_runner.py:245} INFO - ::endgroup::
