[2025-11-24T09:15:52.327+0000] {local_task_job_runner.py:123} INFO - ::group::Pre task execution logs
[2025-11-24T09:15:52.365+0000] {taskinstance.py:2612} INFO - Dependencies all met for dep_context=non-requeueable deps ti=<TaskInstance: stock_etl_yfinance.extract manual__2025-11-24T09:15:35.674086+00:00 [queued]>
[2025-11-24T09:15:52.397+0000] {taskinstance.py:2612} INFO - Dependencies all met for dep_context=requeueable deps ti=<TaskInstance: stock_etl_yfinance.extract manual__2025-11-24T09:15:35.674086+00:00 [queued]>
[2025-11-24T09:15:52.400+0000] {taskinstance.py:2865} INFO - Starting attempt 1 of 1
[2025-11-24T09:15:52.444+0000] {taskinstance.py:2888} INFO - Executing <Task(_PythonDecoratedOperator): extract> on 2025-11-24 09:15:35.674086+00:00
[2025-11-24T09:15:52.490+0000] {standard_task_runner.py:104} INFO - Running: ['***', 'tasks', 'run', 'stock_etl_yfinance', 'extract', 'manual__2025-11-24T09:15:35.674086+00:00', '--job-id', '85', '--raw', '--subdir', 'DAGS_FOLDER/stock_etl_yfinance.py', '--cfg-path', '/tmp/tmpcm4gwmy3']
[2025-11-24T09:15:52.498+0000] {logging_mixin.py:190} WARNING - /home/***/.local/lib/python3.12/site-packages/***/task/task_runner/standard_task_runner.py:70 DeprecationWarning: This process (pid=496) is multi-threaded, use of fork() may lead to deadlocks in the child.
[2025-11-24T09:15:52.500+0000] {standard_task_runner.py:105} INFO - Job 85: Subtask extract
[2025-11-24T09:15:52.501+0000] {standard_task_runner.py:72} INFO - Started process 537 to run task
[2025-11-24T09:15:52.629+0000] {task_command.py:467} INFO - Running <TaskInstance: stock_etl_yfinance.extract manual__2025-11-24T09:15:35.674086+00:00 [running]> on host 638b31fa7dcc
[2025-11-24T09:15:53.297+0000] {taskinstance.py:3131} INFO - Exporting env vars: AIRFLOW_CTX_DAG_OWNER='***' AIRFLOW_CTX_DAG_ID='stock_etl_yfinance' AIRFLOW_CTX_TASK_ID='extract' AIRFLOW_CTX_EXECUTION_DATE='2025-11-24T09:15:35.674086+00:00' AIRFLOW_CTX_TRY_NUMBER='1' AIRFLOW_CTX_DAG_RUN_ID='manual__2025-11-24T09:15:35.674086+00:00'
[2025-11-24T09:15:53.305+0000] {taskinstance.py:731} INFO - ::endgroup::
[2025-11-24T09:15:54.503+0000] {base.py:128} ERROR - Failed to get ticker 'AMZN' reason: Expecting value: line 1 column 1 (char 0)
[2025-11-24T09:15:54.850+0000] {history.py:244} ERROR - $AMZN: possibly delisted; no price data found  (period=180d)
[2025-11-24T09:15:55.208+0000] {base.py:128} ERROR - Failed to get ticker 'META' reason: Expecting value: line 1 column 1 (char 0)
[2025-11-24T09:15:55.545+0000] {history.py:244} ERROR - $META: possibly delisted; no price data found  (period=180d)
[2025-11-24T09:15:55.547+0000] {python.py:240} INFO - Done. Returned value was: []
[2025-11-24T09:15:55.590+0000] {taskinstance.py:340} INFO - ::group::Post task execution logs
[2025-11-24T09:15:55.591+0000] {taskinstance.py:352} INFO - Marking task as SUCCESS. dag_id=stock_etl_yfinance, task_id=extract, run_id=manual__2025-11-24T09:15:35.674086+00:00, execution_date=20251124T091535, start_date=20251124T091552, end_date=20251124T091555
[2025-11-24T09:15:55.639+0000] {local_task_job_runner.py:266} INFO - Task exited with return code 0
[2025-11-24T09:15:55.687+0000] {taskinstance.py:3900} INFO - 1 downstream tasks scheduled from follow-on schedule check
[2025-11-24T09:15:55.690+0000] {local_task_job_runner.py:245} INFO - ::endgroup::
