[2025-11-24T09:16:10.023+0000] {local_task_job_runner.py:123} INFO - ::group::Pre task execution logs
[2025-11-24T09:16:10.134+0000] {taskinstance.py:2612} INFO - Dependencies all met for dep_context=non-requeueable deps ti=<TaskInstance: stock_elt_dbt.dbt_check manual__2025-11-24T09:16:07.458795+00:00 [queued]>
[2025-11-24T09:16:10.495+0000] {taskinstance.py:2612} INFO - Dependencies all met for dep_context=requeueable deps ti=<TaskInstance: stock_elt_dbt.dbt_check manual__2025-11-24T09:16:07.458795+00:00 [queued]>
[2025-11-24T09:16:10.499+0000] {taskinstance.py:2865} INFO - Starting attempt 1 of 1
[2025-11-24T09:16:10.555+0000] {taskinstance.py:2888} INFO - Executing <Task(BashOperator): dbt_check> on 2025-11-24 09:16:07.458795+00:00
[2025-11-24T09:16:10.693+0000] {standard_task_runner.py:104} INFO - Running: ['***', 'tasks', 'run', 'stock_elt_dbt', 'dbt_check', 'manual__2025-11-24T09:16:07.458795+00:00', '--job-id', '89', '--raw', '--subdir', 'DAGS_FOLDER/stock_elt_dbt.py', '--cfg-path', '/tmp/tmpjq6u3qr7']
[2025-11-24T09:16:10.699+0000] {standard_task_runner.py:105} INFO - Job 89: Subtask dbt_check
[2025-11-24T09:16:10.715+0000] {logging_mixin.py:190} WARNING - /home/***/.local/lib/python3.12/site-packages/***/task/task_runner/standard_task_runner.py:70 DeprecationWarning: This process (pid=556) is multi-threaded, use of fork() may lead to deadlocks in the child.
[2025-11-24T09:16:10.716+0000] {standard_task_runner.py:72} INFO - Started process 558 to run task
[2025-11-24T09:16:10.820+0000] {task_command.py:467} INFO - Running <TaskInstance: stock_elt_dbt.dbt_check manual__2025-11-24T09:16:07.458795+00:00 [running]> on host 638b31fa7dcc
[2025-11-24T09:16:11.038+0000] {taskinstance.py:3131} INFO - Exporting env vars: AIRFLOW_CTX_DAG_OWNER='***' AIRFLOW_CTX_DAG_ID='stock_elt_dbt' AIRFLOW_CTX_TASK_ID='dbt_check' AIRFLOW_CTX_EXECUTION_DATE='2025-11-24T09:16:07.458795+00:00' AIRFLOW_CTX_TRY_NUMBER='1' AIRFLOW_CTX_DAG_RUN_ID='manual__2025-11-24T09:16:07.458795+00:00'
[2025-11-24T09:16:11.039+0000] {taskinstance.py:731} INFO - ::endgroup::
[2025-11-24T09:16:11.083+0000] {subprocess.py:63} INFO - Tmp dir root location: /tmp
[2025-11-24T09:16:11.085+0000] {subprocess.py:75} INFO - Running command: ['/usr/bin/bash', '-c', 'set -x; echo "PYTHON:" $(which python); python -c "import dbt, dbt.cli.main as m; print(\'dbt:\', dbt.__version__)" ; which dbt ; dbt --version']
[2025-11-24T09:16:11.105+0000] {subprocess.py:86} INFO - Output:
[2025-11-24T09:16:11.116+0000] {subprocess.py:93} INFO - ++ which python
[2025-11-24T09:16:11.124+0000] {subprocess.py:93} INFO - + echo PYTHON: /home/***/.local/bin/python
[2025-11-24T09:16:11.126+0000] {subprocess.py:93} INFO - PYTHON: /home/***/.local/bin/python
[2025-11-24T09:16:11.127+0000] {subprocess.py:93} INFO - + python -c 'import dbt, dbt.cli.main as m; print('\''dbt:'\'', dbt.__version__)'
[2025-11-24T09:16:16.527+0000] {subprocess.py:93} INFO - Traceback (most recent call last):
[2025-11-24T09:16:16.528+0000] {subprocess.py:93} INFO -   File "<string>", line 1, in <module>
[2025-11-24T09:16:16.529+0000] {subprocess.py:93} INFO - AttributeError: module 'dbt' has no attribute '__version__'
[2025-11-24T09:16:16.930+0000] {subprocess.py:93} INFO - + which dbt
[2025-11-24T09:16:16.935+0000] {subprocess.py:93} INFO - /home/***/.local/bin/dbt
[2025-11-24T09:16:16.937+0000] {subprocess.py:93} INFO - + dbt --version
[2025-11-24T09:16:22.597+0000] {subprocess.py:93} INFO - Core:
[2025-11-24T09:16:22.598+0000] {subprocess.py:93} INFO -   - installed: 1.8.8
[2025-11-24T09:16:22.599+0000] {subprocess.py:93} INFO -   - latest:    1.10.15 - Update available!
[2025-11-24T09:16:22.600+0000] {subprocess.py:93} INFO - 
[2025-11-24T09:16:22.600+0000] {subprocess.py:93} INFO -   Your version of dbt-core is out of date!
[2025-11-24T09:16:22.601+0000] {subprocess.py:93} INFO -   You can find instructions for upgrading here:
[2025-11-24T09:16:22.602+0000] {subprocess.py:93} INFO -   https://docs.getdbt.com/docs/installation
[2025-11-24T09:16:22.603+0000] {subprocess.py:93} INFO - 
[2025-11-24T09:16:22.604+0000] {subprocess.py:93} INFO - Plugins:
[2025-11-24T09:16:22.606+0000] {subprocess.py:93} INFO -   - snowflake: 1.8.4 - Update available!
[2025-11-24T09:16:22.607+0000] {subprocess.py:93} INFO - 
[2025-11-24T09:16:22.610+0000] {subprocess.py:93} INFO -   At least one plugin is out of date or incompatible with dbt-core.
[2025-11-24T09:16:22.613+0000] {subprocess.py:93} INFO -   You can find instructions for upgrading here:
[2025-11-24T09:16:22.614+0000] {subprocess.py:93} INFO -   https://docs.getdbt.com/docs/installation
[2025-11-24T09:16:22.615+0000] {subprocess.py:93} INFO - 
[2025-11-24T09:16:22.616+0000] {subprocess.py:93} INFO - 
[2025-11-24T09:16:23.113+0000] {subprocess.py:97} INFO - Command exited with return code 0
[2025-11-24T09:16:23.154+0000] {taskinstance.py:340} INFO - ::group::Post task execution logs
[2025-11-24T09:16:23.155+0000] {taskinstance.py:352} INFO - Marking task as SUCCESS. dag_id=stock_elt_dbt, task_id=dbt_check, run_id=manual__2025-11-24T09:16:07.458795+00:00, execution_date=20251124T091607, start_date=20251124T091610, end_date=20251124T091623
[2025-11-24T09:16:23.188+0000] {local_task_job_runner.py:266} INFO - Task exited with return code 0
[2025-11-24T09:16:23.233+0000] {taskinstance.py:3900} INFO - 1 downstream tasks scheduled from follow-on schedule check
[2025-11-24T09:16:23.236+0000] {local_task_job_runner.py:245} INFO - ::endgroup::
