[2025-10-07T19:52:40.986+0000] {local_task_job_runner.py:123} INFO - ::group::Pre task execution logs
[2025-10-07T19:52:41.032+0000] {taskinstance.py:2612} INFO - Dependencies all met for dep_context=non-requeueable deps ti=<TaskInstance: ETL_DAG.load_to_snowflake manual__2025-10-07T19:52:03.140158+00:00 [queued]>
[2025-10-07T19:52:41.067+0000] {taskinstance.py:2612} INFO - Dependencies all met for dep_context=requeueable deps ti=<TaskInstance: ETL_DAG.load_to_snowflake manual__2025-10-07T19:52:03.140158+00:00 [queued]>
[2025-10-07T19:52:41.068+0000] {taskinstance.py:2865} INFO - Starting attempt 1 of 1
[2025-10-07T19:52:41.094+0000] {taskinstance.py:2888} INFO - Executing <Task(_PythonDecoratedOperator): load_to_snowflake> on 2025-10-07 19:52:03.140158+00:00
[2025-10-07T19:52:41.127+0000] {standard_task_runner.py:104} INFO - Running: ['***', 'tasks', 'run', 'ETL_DAG', 'load_to_snowflake', 'manual__2025-10-07T19:52:03.140158+00:00', '--job-id', '151', '--raw', '--subdir', 'DAGS_FOLDER/lab1.py', '--cfg-path', '/tmp/tmpbpp6c707']
[2025-10-07T19:52:41.130+0000] {standard_task_runner.py:105} INFO - Job 151: Subtask load_to_snowflake
[2025-10-07T19:52:41.123+0000] {logging_mixin.py:190} WARNING - /home/***/.local/lib/python3.12/site-packages/***/task/task_runner/standard_task_runner.py:70 DeprecationWarning: This process (pid=510) is multi-threaded, use of fork() may lead to deadlocks in the child.
[2025-10-07T19:52:41.133+0000] {standard_task_runner.py:72} INFO - Started process 513 to run task
[2025-10-07T19:52:41.296+0000] {task_command.py:467} INFO - Running <TaskInstance: ETL_DAG.load_to_snowflake manual__2025-10-07T19:52:03.140158+00:00 [running]> on host 055b0adf81a0
[2025-10-07T19:52:41.571+0000] {taskinstance.py:3131} INFO - Exporting env vars: AIRFLOW_CTX_DAG_OWNER='***' AIRFLOW_CTX_DAG_ID='ETL_DAG' AIRFLOW_CTX_TASK_ID='load_to_snowflake' AIRFLOW_CTX_EXECUTION_DATE='2025-10-07T19:52:03.140158+00:00' AIRFLOW_CTX_TRY_NUMBER='1' AIRFLOW_CTX_DAG_RUN_ID='manual__2025-10-07T19:52:03.140158+00:00'
[2025-10-07T19:52:41.575+0000] {taskinstance.py:731} INFO - ::endgroup::
[2025-10-07T19:52:42.927+0000] {cursor.py:1156} INFO - Number of results in first chunk: 1
[2025-10-07T19:52:43.019+0000] {cursor.py:1156} INFO - Number of results in first chunk: 1
[2025-10-07T19:52:43.178+0000] {cursor.py:1156} INFO - Number of results in first chunk: 1
[2025-10-07T19:52:43.358+0000] {cursor.py:1156} INFO - Number of results in first chunk: 1
[2025-10-07T19:57:45.900+0000] {cursor.py:1156} INFO - Number of results in first chunk: 1
[2025-10-07T19:57:46.043+0000] {python.py:240} INFO - Done. Returned value was: None
[2025-10-07T19:57:46.209+0000] {taskinstance.py:340} INFO - ::group::Post task execution logs
[2025-10-07T19:57:46.214+0000] {taskinstance.py:352} INFO - Marking task as SUCCESS. dag_id=ETL_DAG, task_id=load_to_snowflake, run_id=manual__2025-10-07T19:52:03.140158+00:00, execution_date=20251007T195203, start_date=20251007T195241, end_date=20251007T195746
[2025-10-07T19:57:46.519+0000] {local_task_job_runner.py:266} INFO - Task exited with return code 0
[2025-10-07T19:57:46.552+0000] {standard_task_runner.py:217} INFO - Process not found (most likely exited), stop collecting metrics
[2025-10-07T19:57:46.688+0000] {taskinstance.py:3900} INFO - 0 downstream tasks scheduled from follow-on schedule check
[2025-10-07T19:57:46.693+0000] {local_task_job_runner.py:245} INFO - ::endgroup::
