[2025-11-25T00:20:56.579+0000] {local_task_job_runner.py:123} INFO - ::group::Pre task execution logs
[2025-11-25T00:20:56.618+0000] {taskinstance.py:2612} INFO - Dependencies all met for dep_context=non-requeueable deps ti=<TaskInstance: stock_etl_yfinance.extract manual__2025-11-25T00:20:38.527274+00:00 [queued]>
[2025-11-25T00:20:56.639+0000] {taskinstance.py:2612} INFO - Dependencies all met for dep_context=requeueable deps ti=<TaskInstance: stock_etl_yfinance.extract manual__2025-11-25T00:20:38.527274+00:00 [queued]>
[2025-11-25T00:20:56.640+0000] {taskinstance.py:2865} INFO - Starting attempt 1 of 1
[2025-11-25T00:20:56.690+0000] {taskinstance.py:2888} INFO - Executing <Task(_PythonDecoratedOperator): extract> on 2025-11-25 00:20:38.527274+00:00
[2025-11-25T00:20:56.796+0000] {standard_task_runner.py:104} INFO - Running: ['***', 'tasks', 'run', 'stock_etl_yfinance', 'extract', 'manual__2025-11-25T00:20:38.527274+00:00', '--job-id', '122', '--raw', '--subdir', 'DAGS_FOLDER/stock_etl_yfinance.py', '--cfg-path', '/tmp/tmpl9duvvoz']
[2025-11-25T00:20:56.818+0000] {standard_task_runner.py:105} INFO - Job 122: Subtask extract
[2025-11-25T00:20:56.839+0000] {logging_mixin.py:190} WARNING - /home/***/.local/lib/python3.12/site-packages/***/task/task_runner/standard_task_runner.py:70 DeprecationWarning: This process (pid=9036) is multi-threaded, use of fork() may lead to deadlocks in the child.
[2025-11-25T00:20:56.842+0000] {standard_task_runner.py:72} INFO - Started process 9044 to run task
[2025-11-25T00:20:57.173+0000] {task_command.py:467} INFO - Running <TaskInstance: stock_etl_yfinance.extract manual__2025-11-25T00:20:38.527274+00:00 [running]> on host 638b31fa7dcc
[2025-11-25T00:20:57.753+0000] {taskinstance.py:3131} INFO - Exporting env vars: AIRFLOW_CTX_DAG_OWNER='***' AIRFLOW_CTX_DAG_ID='stock_etl_yfinance' AIRFLOW_CTX_TASK_ID='extract' AIRFLOW_CTX_EXECUTION_DATE='2025-11-25T00:20:38.527274+00:00' AIRFLOW_CTX_TRY_NUMBER='1' AIRFLOW_CTX_DAG_RUN_ID='manual__2025-11-25T00:20:38.527274+00:00'
[2025-11-25T00:20:57.771+0000] {taskinstance.py:731} INFO - ::endgroup::
[2025-11-25T00:20:58.699+0000] {base.py:128} ERROR - Failed to get ticker 'AMZN' reason: Expecting value: line 1 column 1 (char 0)
[2025-11-25T00:21:03.388+0000] {history.py:244} ERROR - $AMZN: possibly delisted; no price data found  (period=180d)
[2025-11-25T00:21:03.827+0000] {base.py:128} ERROR - Failed to get ticker 'META' reason: Expecting value: line 1 column 1 (char 0)
[2025-11-25T00:21:04.209+0000] {history.py:244} ERROR - $META: possibly delisted; no price data found  (period=180d)
[2025-11-25T00:21:04.210+0000] {python.py:240} INFO - Done. Returned value was: []
[2025-11-25T00:21:04.255+0000] {taskinstance.py:340} INFO - ::group::Post task execution logs
[2025-11-25T00:21:04.256+0000] {taskinstance.py:352} INFO - Marking task as SUCCESS. dag_id=stock_etl_yfinance, task_id=extract, run_id=manual__2025-11-25T00:20:38.527274+00:00, execution_date=20251125T002038, start_date=20251125T002056, end_date=20251125T002104
[2025-11-25T00:21:04.307+0000] {local_task_job_runner.py:266} INFO - Task exited with return code 0
[2025-11-25T00:21:04.355+0000] {taskinstance.py:3900} INFO - 1 downstream tasks scheduled from follow-on schedule check
[2025-11-25T00:21:04.358+0000] {local_task_job_runner.py:245} INFO - ::endgroup::
