[2025-10-05T23:29:22.177+0000] {local_task_job_runner.py:123} INFO - ::group::Pre task execution logs
[2025-10-05T23:29:22.208+0000] {taskinstance.py:2612} INFO - Dependencies all met for dep_context=non-requeueable deps ti=<TaskInstance: YFinance_to_Snowflake_and_Forecast.train_and_forecast manual__2025-10-05T23:25:56.402613+00:00 [queued]>
[2025-10-05T23:29:22.224+0000] {taskinstance.py:2612} INFO - Dependencies all met for dep_context=requeueable deps ti=<TaskInstance: YFinance_to_Snowflake_and_Forecast.train_and_forecast manual__2025-10-05T23:25:56.402613+00:00 [queued]>
[2025-10-05T23:29:22.225+0000] {taskinstance.py:2865} INFO - Starting attempt 1 of 1
[2025-10-05T23:29:22.248+0000] {taskinstance.py:2888} INFO - Executing <Task(_PythonDecoratedOperator): train_and_forecast> on 2025-10-05 23:25:56.402613+00:00
[2025-10-05T23:29:22.264+0000] {logging_mixin.py:190} WARNING - /home/***/.local/lib/python3.12/site-packages/***/task/task_runner/standard_task_runner.py:70 DeprecationWarning: This process (pid=2024) is multi-threaded, use of fork() may lead to deadlocks in the child.
[2025-10-05T23:29:22.265+0000] {standard_task_runner.py:104} INFO - Running: ['***', 'tasks', 'run', 'YFinance_to_Snowflake_and_Forecast', 'train_and_forecast', 'manual__2025-10-05T23:25:56.402613+00:00', '--job-id', '15', '--raw', '--subdir', 'DAGS_FOLDER/__pycache__/lab1.py', '--cfg-path', '/tmp/tmpf4c8yq6r']
[2025-10-05T23:29:22.267+0000] {standard_task_runner.py:72} INFO - Started process 2027 to run task
[2025-10-05T23:29:22.267+0000] {standard_task_runner.py:105} INFO - Job 15: Subtask train_and_forecast
[2025-10-05T23:29:22.405+0000] {task_command.py:467} INFO - Running <TaskInstance: YFinance_to_Snowflake_and_Forecast.train_and_forecast manual__2025-10-05T23:25:56.402613+00:00 [running]> on host 84656391f7f8
[2025-10-05T23:29:22.677+0000] {taskinstance.py:3131} INFO - Exporting env vars: AIRFLOW_CTX_DAG_OWNER='***' AIRFLOW_CTX_DAG_ID='YFinance_to_Snowflake_and_Forecast' AIRFLOW_CTX_TASK_ID='train_and_forecast' AIRFLOW_CTX_EXECUTION_DATE='2025-10-05T23:25:56.402613+00:00' AIRFLOW_CTX_TRY_NUMBER='1' AIRFLOW_CTX_DAG_RUN_ID='manual__2025-10-05T23:25:56.402613+00:00'
[2025-10-05T23:29:22.685+0000] {taskinstance.py:731} INFO - ::endgroup::
[2025-10-05T23:29:24.029+0000] {cursor.py:1156} INFO - Number of results in first chunk: 1
[2025-10-05T23:29:24.261+0000] {cursor.py:1156} INFO - Number of results in first chunk: 1
[2025-10-05T23:31:04.385+0000] {cursor.py:1156} INFO - Number of results in first chunk: 1
[2025-10-05T23:31:23.518+0000] {cursor.py:1156} INFO - Number of results in first chunk: 28
[2025-10-05T23:31:23.632+0000] {cursor.py:1156} INFO - Number of results in first chunk: 1
[2025-10-05T23:31:24.438+0000] {cursor.py:1156} INFO - Number of results in first chunk: 1
[2025-10-05T23:31:24.650+0000] {cursor.py:1156} INFO - Number of results in first chunk: 1
[2025-10-05T23:31:25.971+0000] {cursor.py:1156} INFO - Number of results in first chunk: 1
[2025-10-05T23:31:26.037+0000] {cursor.py:1156} INFO - Number of results in first chunk: 1
[2025-10-05T23:31:26.038+0000] {python.py:240} INFO - Done. Returned value was: None
[2025-10-05T23:31:26.065+0000] {taskinstance.py:340} INFO - ::group::Post task execution logs
[2025-10-05T23:31:26.066+0000] {taskinstance.py:352} INFO - Marking task as SUCCESS. dag_id=YFinance_to_Snowflake_and_Forecast, task_id=train_and_forecast, run_id=manual__2025-10-05T23:25:56.402613+00:00, execution_date=20251005T232556, start_date=20251005T232922, end_date=20251005T233126
[2025-10-05T23:31:26.128+0000] {local_task_job_runner.py:266} INFO - Task exited with return code 0
[2025-10-05T23:31:26.164+0000] {taskinstance.py:3900} INFO - 0 downstream tasks scheduled from follow-on schedule check
[2025-10-05T23:31:26.167+0000] {local_task_job_runner.py:245} INFO - ::endgroup::
