[2025-10-28T19:27:59.716+0000] {local_task_job_runner.py:123} INFO - ::group::Pre task execution logs
[2025-10-28T19:27:59.797+0000] {taskinstance.py:2612} INFO - Dependencies all met for dep_context=non-requeueable deps ti=<TaskInstance: ETL_DAG.load_to_snowflake scheduled__2025-10-27T02:30:00+00:00 [queued]>
[2025-10-28T19:27:59.822+0000] {taskinstance.py:2612} INFO - Dependencies all met for dep_context=requeueable deps ti=<TaskInstance: ETL_DAG.load_to_snowflake scheduled__2025-10-27T02:30:00+00:00 [queued]>
[2025-10-28T19:27:59.824+0000] {taskinstance.py:2865} INFO - Starting attempt 1 of 1
[2025-10-28T19:27:59.854+0000] {taskinstance.py:2888} INFO - Executing <Task(_PythonDecoratedOperator): load_to_snowflake> on 2025-10-27 02:30:00+00:00
[2025-10-28T19:27:59.881+0000] {logging_mixin.py:190} WARNING - /home/***/.local/lib/python3.12/site-packages/***/task/task_runner/standard_task_runner.py:70 DeprecationWarning: This process (pid=367) is multi-threaded, use of fork() may lead to deadlocks in the child.
[2025-10-28T19:27:59.887+0000] {standard_task_runner.py:72} INFO - Started process 387 to run task
[2025-10-28T19:27:59.882+0000] {standard_task_runner.py:104} INFO - Running: ['***', 'tasks', 'run', 'ETL_DAG', 'load_to_snowflake', 'scheduled__2025-10-27T02:30:00+00:00', '--job-id', '169', '--raw', '--subdir', 'DAGS_FOLDER/lab1.py', '--cfg-path', '/tmp/tmpfns_qila']
[2025-10-28T19:27:59.889+0000] {standard_task_runner.py:105} INFO - Job 169: Subtask load_to_snowflake
[2025-10-28T19:28:00.164+0000] {task_command.py:467} INFO - Running <TaskInstance: ETL_DAG.load_to_snowflake scheduled__2025-10-27T02:30:00+00:00 [running]> on host f515708a0f95
[2025-10-28T19:28:00.409+0000] {taskinstance.py:3131} INFO - Exporting env vars: AIRFLOW_CTX_DAG_OWNER='***' AIRFLOW_CTX_DAG_ID='ETL_DAG' AIRFLOW_CTX_TASK_ID='load_to_snowflake' AIRFLOW_CTX_EXECUTION_DATE='2025-10-27T02:30:00+00:00' AIRFLOW_CTX_TRY_NUMBER='1' AIRFLOW_CTX_DAG_RUN_ID='scheduled__2025-10-27T02:30:00+00:00'
[2025-10-28T19:28:00.412+0000] {taskinstance.py:731} INFO - ::endgroup::
[2025-10-28T19:28:00.885+0000] {cursor.py:1156} INFO - Number of results in first chunk: 1
[2025-10-28T19:28:01.005+0000] {cursor.py:1156} INFO - Number of results in first chunk: 1
[2025-10-28T19:28:01.247+0000] {cursor.py:1156} INFO - Number of results in first chunk: 1
[2025-10-28T19:28:01.414+0000] {cursor.py:1156} INFO - Number of results in first chunk: 1
[2025-10-28T19:40:12.520+0000] {cursor.py:1156} INFO - Number of results in first chunk: 1
[2025-10-28T19:40:12.678+0000] {python.py:240} INFO - Done. Returned value was: None
[2025-10-28T19:40:13.026+0000] {taskinstance.py:340} INFO - ::group::Post task execution logs
[2025-10-28T19:40:13.031+0000] {taskinstance.py:352} INFO - Marking task as SUCCESS. dag_id=ETL_DAG, task_id=load_to_snowflake, run_id=scheduled__2025-10-27T02:30:00+00:00, execution_date=20251027T023000, start_date=20251028T192759, end_date=20251028T194013
[2025-10-28T19:40:13.405+0000] {local_task_job_runner.py:266} INFO - Task exited with return code 0
[2025-10-28T19:40:14.031+0000] {taskinstance.py:3900} INFO - 0 downstream tasks scheduled from follow-on schedule check
[2025-10-28T19:40:14.066+0000] {local_task_job_runner.py:245} INFO - ::endgroup::
