[2025-10-06T20:59:28.555+0000] {local_task_job_runner.py:123} INFO - ::group::Pre task execution logs
[2025-10-06T20:59:28.591+0000] {taskinstance.py:2612} INFO - Dependencies all met for dep_context=non-requeueable deps ti=<TaskInstance: ETL_DAG.load_to_snowflake manual__2025-10-06T20:59:08.306133+00:00 [queued]>
[2025-10-06T20:59:28.620+0000] {taskinstance.py:2612} INFO - Dependencies all met for dep_context=requeueable deps ti=<TaskInstance: ETL_DAG.load_to_snowflake manual__2025-10-06T20:59:08.306133+00:00 [queued]>
[2025-10-06T20:59:28.621+0000] {taskinstance.py:2865} INFO - Starting attempt 1 of 1
[2025-10-06T20:59:28.686+0000] {taskinstance.py:2888} INFO - Executing <Task(_PythonDecoratedOperator): load_to_snowflake> on 2025-10-06 20:59:08.306133+00:00
[2025-10-06T20:59:28.724+0000] {standard_task_runner.py:104} INFO - Running: ['***', 'tasks', 'run', 'ETL_DAG', 'load_to_snowflake', 'manual__2025-10-06T20:59:08.306133+00:00', '--job-id', '129', '--raw', '--subdir', 'DAGS_FOLDER/lab1.py', '--cfg-path', '/tmp/tmpt33zf0wm']
[2025-10-06T20:59:28.727+0000] {standard_task_runner.py:105} INFO - Job 129: Subtask load_to_snowflake
[2025-10-06T20:59:28.723+0000] {logging_mixin.py:190} WARNING - /home/***/.local/lib/python3.12/site-packages/***/task/task_runner/standard_task_runner.py:70 DeprecationWarning: This process (pid=368) is multi-threaded, use of fork() may lead to deadlocks in the child.
[2025-10-06T20:59:28.732+0000] {standard_task_runner.py:72} INFO - Started process 377 to run task
[2025-10-06T20:59:28.915+0000] {task_command.py:467} INFO - Running <TaskInstance: ETL_DAG.load_to_snowflake manual__2025-10-06T20:59:08.306133+00:00 [running]> on host c1f8128106e6
[2025-10-06T20:59:29.149+0000] {taskinstance.py:3131} INFO - Exporting env vars: AIRFLOW_CTX_DAG_OWNER='***' AIRFLOW_CTX_DAG_ID='ETL_DAG' AIRFLOW_CTX_TASK_ID='load_to_snowflake' AIRFLOW_CTX_EXECUTION_DATE='2025-10-06T20:59:08.306133+00:00' AIRFLOW_CTX_TRY_NUMBER='1' AIRFLOW_CTX_DAG_RUN_ID='manual__2025-10-06T20:59:08.306133+00:00'
[2025-10-06T20:59:29.153+0000] {taskinstance.py:731} INFO - ::endgroup::
[2025-10-06T20:59:29.754+0000] {cursor.py:1156} INFO - Number of results in first chunk: 1
[2025-10-06T20:59:29.871+0000] {cursor.py:1156} INFO - Number of results in first chunk: 1
[2025-10-06T20:59:30.110+0000] {cursor.py:1156} INFO - Number of results in first chunk: 1
[2025-10-06T20:59:30.382+0000] {cursor.py:1156} INFO - Number of results in first chunk: 1
[2025-10-06T21:05:19.126+0000] {cursor.py:1156} INFO - Number of results in first chunk: 1
[2025-10-06T21:05:19.175+0000] {python.py:240} INFO - Done. Returned value was: None
[2025-10-06T21:05:19.322+0000] {taskinstance.py:340} INFO - ::group::Post task execution logs
[2025-10-06T21:05:19.324+0000] {taskinstance.py:352} INFO - Marking task as SUCCESS. dag_id=ETL_DAG, task_id=load_to_snowflake, run_id=manual__2025-10-06T20:59:08.306133+00:00, execution_date=20251006T205908, start_date=20251006T205928, end_date=20251006T210519
[2025-10-06T21:05:19.514+0000] {local_task_job_runner.py:266} INFO - Task exited with return code 0
[2025-10-06T21:05:19.596+0000] {taskinstance.py:3900} INFO - 0 downstream tasks scheduled from follow-on schedule check
[2025-10-06T21:05:19.601+0000] {local_task_job_runner.py:245} INFO - ::endgroup::
