[2025-11-24T20:30:05.924+0000] {local_task_job_runner.py:123} INFO - ::group::Pre task execution logs
[2025-11-24T20:30:05.961+0000] {taskinstance.py:2612} INFO - Dependencies all met for dep_context=non-requeueable deps ti=<TaskInstance: stock_elt_dbt.dbt_deps manual__2025-11-24T20:29:43.670784+00:00 [queued]>
[2025-11-24T20:30:05.977+0000] {taskinstance.py:2612} INFO - Dependencies all met for dep_context=requeueable deps ti=<TaskInstance: stock_elt_dbt.dbt_deps manual__2025-11-24T20:29:43.670784+00:00 [queued]>
[2025-11-24T20:30:05.978+0000] {taskinstance.py:2865} INFO - Starting attempt 1 of 1
[2025-11-24T20:30:06.016+0000] {taskinstance.py:2888} INFO - Executing <Task(BashOperator): dbt_deps> on 2025-11-24 20:29:43.670784+00:00
[2025-11-24T20:30:06.032+0000] {standard_task_runner.py:104} INFO - Running: ['***', 'tasks', 'run', 'stock_elt_dbt', 'dbt_deps', 'manual__2025-11-24T20:29:43.670784+00:00', '--job-id', '108', '--raw', '--subdir', 'DAGS_FOLDER/stock_elt_dbt.py', '--cfg-path', '/tmp/tmpa7md0rn_']
[2025-11-24T20:30:06.041+0000] {standard_task_runner.py:105} INFO - Job 108: Subtask dbt_deps
[2025-11-24T20:30:06.044+0000] {logging_mixin.py:190} WARNING - /home/***/.local/lib/python3.12/site-packages/***/task/task_runner/standard_task_runner.py:70 DeprecationWarning: This process (pid=1794) is multi-threaded, use of fork() may lead to deadlocks in the child.
[2025-11-24T20:30:06.046+0000] {standard_task_runner.py:72} INFO - Started process 1800 to run task
[2025-11-24T20:30:06.134+0000] {task_command.py:467} INFO - Running <TaskInstance: stock_elt_dbt.dbt_deps manual__2025-11-24T20:29:43.670784+00:00 [running]> on host 638b31fa7dcc
[2025-11-24T20:30:06.310+0000] {taskinstance.py:3131} INFO - Exporting env vars: AIRFLOW_CTX_DAG_OWNER='***' AIRFLOW_CTX_DAG_ID='stock_elt_dbt' AIRFLOW_CTX_TASK_ID='dbt_deps' AIRFLOW_CTX_EXECUTION_DATE='2025-11-24T20:29:43.670784+00:00' AIRFLOW_CTX_TRY_NUMBER='1' AIRFLOW_CTX_DAG_RUN_ID='manual__2025-11-24T20:29:43.670784+00:00'
[2025-11-24T20:30:06.311+0000] {taskinstance.py:731} INFO - ::endgroup::
[2025-11-24T20:30:06.350+0000] {subprocess.py:63} INFO - Tmp dir root location: /tmp
[2025-11-24T20:30:06.353+0000] {subprocess.py:75} INFO - Running command: ['/usr/bin/bash', '-c', 'cd /opt/***/dbt/stock_analytics && if [ -x /home/***/.local/bin/dbt ]; then DBT_BIN=/home/***/.local/bin/dbt; elif command -v dbt >/dev/nuldovcl 2>&1; then DBT_BIN="$(command -v dbt)"; else DBT_BIN="python -m dbt.cli.main"; fi; $DBT_BIN deps --profiles-dir "$DBT_PROFILES_DIR"']
[2025-11-24T20:30:06.373+0000] {subprocess.py:86} INFO - Output:
[2025-11-24T20:30:10.748+0000] {subprocess.py:93} INFO - [0m20:30:10  Running with dbt=1.8.8
[2025-11-24T20:30:11.084+0000] {subprocess.py:93} INFO - [0m20:30:11  Warning: No packages were found in packages.yml
[2025-11-24T20:30:11.096+0000] {subprocess.py:93} INFO - [0m20:30:11  Warning: No packages were found in packages.yml
[2025-11-24T20:30:11.907+0000] {subprocess.py:97} INFO - Command exited with return code 0
[2025-11-24T20:30:11.953+0000] {taskinstance.py:340} INFO - ::group::Post task execution logs
[2025-11-24T20:30:11.954+0000] {taskinstance.py:352} INFO - Marking task as SUCCESS. dag_id=stock_elt_dbt, task_id=dbt_deps, run_id=manual__2025-11-24T20:29:43.670784+00:00, execution_date=20251124T202943, start_date=20251124T203005, end_date=20251124T203011
[2025-11-24T20:30:12.005+0000] {local_task_job_runner.py:266} INFO - Task exited with return code 0
[2025-11-24T20:30:12.055+0000] {taskinstance.py:3900} INFO - 1 downstream tasks scheduled from follow-on schedule check
[2025-11-24T20:30:12.057+0000] {local_task_job_runner.py:245} INFO - ::endgroup::
